[0.012s] Invoking command in '/home/niraamay/isro/ros2_try/isro_ws/build/camera_feed_pub': CMAKE_PREFIX_PATH=${CMAKE_PREFIX_PATH}:/home/niraamay/isro/ros2_try/isro_ws/install/camera_pub:/opt/ros/humble /usr/bin/cmake /home/niraamay/isro/ros2_try/isro_ws/src/camera_feed_pub -DCMAKE_INSTALL_PREFIX=/home/niraamay/isro/ros2_try/isro_ws/install/camera_feed_pub
[0.150s] -- The C compiler identification is GNU 11.4.0
[0.302s] -- The CXX compiler identification is GNU 11.4.0
[0.313s] -- Detecting C compiler ABI info
[0.451s] -- Detecting C compiler ABI info - done
[0.471s] -- Check for working C compiler: /usr/bin/cc - skipped
[0.472s] -- Detecting C compile features
[0.474s] -- Detecting C compile features - done
[0.488s] -- Detecting CXX compiler ABI info
[0.625s] -- Detecting CXX compiler ABI info - done
[0.638s] -- Check for working CXX compiler: /usr/bin/c++ - skipped
[0.638s] -- Detecting CXX compile features
[0.639s] -- Detecting CXX compile features - done
[0.653s] -- Found ament_cmake: 1.3.11 (/opt/ros/humble/share/ament_cmake/cmake)
[0.951s] -- Found Python3: /usr/bin/python3 (found version "3.10.12") found components: Interpreter 
[1.136s] -- Found rclcpp: 16.0.11 (/opt/ros/humble/share/rclcpp/cmake)
[1.245s] -- Found rosidl_generator_c: 3.1.6 (/opt/ros/humble/share/rosidl_generator_c/cmake)
[1.258s] -- Found rosidl_adapter: 3.1.6 (/opt/ros/humble/share/rosidl_adapter/cmake)
[1.303s] -- Found rosidl_generator_cpp: 3.1.6 (/opt/ros/humble/share/rosidl_generator_cpp/cmake)
[1.334s] -- Using all available rosidl_typesupport_c: rosidl_typesupport_fastrtps_c;rosidl_typesupport_introspection_c
[1.366s] -- Using all available rosidl_typesupport_cpp: rosidl_typesupport_fastrtps_cpp;rosidl_typesupport_introspection_cpp
[1.435s] -- Found rmw_implementation_cmake: 6.1.2 (/opt/ros/humble/share/rmw_implementation_cmake/cmake)
[1.439s] -- Found rmw_fastrtps_cpp: 6.2.7 (/opt/ros/humble/share/rmw_fastrtps_cpp/cmake)
[1.540s] -- Found OpenSSL: /usr/lib/x86_64-linux-gnu/libcrypto.so (found version "3.0.2")  
[1.573s] -- Found FastRTPS: /opt/ros/humble/include  
[1.618s] -- Using RMW implementation 'rmw_fastrtps_cpp' as default
[1.631s] -- Looking for pthread.h
[1.704s] -- Looking for pthread.h - found
[1.704s] -- Performing Test CMAKE_HAVE_LIBC_PTHREAD
[1.777s] -- Performing Test CMAKE_HAVE_LIBC_PTHREAD - Success
[1.779s] -- Found Threads: TRUE  
[1.844s] -- Found image_transport: 3.1.11 (/opt/ros/humble/share/image_transport/cmake)
[1.934s] -- Found OpenCV: /usr (found version "4.5.4") 
[1.935s] -- Found cv_bridge: 3.2.1 (/opt/ros/humble/share/cv_bridge/cmake)
[2.015s] -- Configuring done
[2.020s] [31mCMake Error at CMakeLists.txt:12 (add_executable):
[2.020s]   Cannot find source file:
[2.020s] 
[2.020s]     src/webcam_publisher.cpp
[2.021s] 
[2.021s]   Tried extensions .c .C .c++ .cc .cpp .cxx .cu .mpp .m .M .mm .ixx .cppm .h
[2.021s]   .hh .h++ .hm .hpp .hxx .in .txx .f .F .for .f77 .f90 .f95 .f03 .hip .ispc
[2.021s] 
[2.021s] [0m
[2.022s] [31mCMake Error at CMakeLists.txt:12 (add_executable):
[2.022s]   No SOURCES given to target: webcam_publisher
[2.022s] 
[2.022s] [0m
[2.022s] [0mCMake Generate step failed.  Build files cannot be regenerated correctly.[0m
[2.034s] Invoked command in '/home/niraamay/isro/ros2_try/isro_ws/build/camera_feed_pub' returned '1': CMAKE_PREFIX_PATH=${CMAKE_PREFIX_PATH}:/home/niraamay/isro/ros2_try/isro_ws/install/camera_pub:/opt/ros/humble /usr/bin/cmake /home/niraamay/isro/ros2_try/isro_ws/src/camera_feed_pub -DCMAKE_INSTALL_PREFIX=/home/niraamay/isro/ros2_try/isro_ws/install/camera_feed_pub
