[0.297s] Invoking command in '/home/niraamay/isro/ros2_try/isro_ws/build/orbslam_pub': CMAKE_PREFIX_PATH=${CMAKE_PREFIX_PATH}:/home/niraamay/isro/ros2_try/isro_ws/install/camera_pub:/opt/ros/humble /usr/bin/cmake --build /home/niraamay/isro/ros2_try/isro_ws/build/orbslam_pub -- -j16 -l16
[0.340s] [35m[1mConsolidate compiler generated dependencies of target getpose[0m
[0.371s] [ 50%] [32mBuilding CXX object CMakeFiles/getpose.dir/src/orbslam_getpose.cpp.o[0m
[7.007s] [01m[K/home/niraamay/isro/ros2_try/isro_ws/src/orbslam_pub/src/orbslam_getpose.cpp:[m[K In member function ‘[01m[Kvoid PosePublisher::init()[m[K’:
[7.007s] [01m[K/home/niraamay/isro/ros2_try/isro_ws/src/orbslam_pub/src/orbslam_getpose.cpp:33:50:[m[K [01;31m[Kerror: [m[Kno matching function for call to ‘[01m[Kimage_transport::ImageTransport::subscribe(const char [22], int, std::_Bind_helper<false, void (PosePublisher::*)(const std::shared_ptr<const sensor_msgs::msg::Image_<std::allocator<void> > >&), PosePublisher*, const std::_Placeholder<1>&>::type, <brace-enclosed initializer list>, image_transport::TransportHints&)[m[K’
[7.007s]    33 |       subscription_ = [01;31m[Kimage_transport_->subscribe([m[K
[7.007s]       |                       [01;31m[K~~~~~~~~~~~~~~~~~~~~~~~~~~~^[m[K
[7.008s]    34 | [01;31m[K        "camera_feed/image_raw",  // Match the publisher's topic exactly[m[K
[7.008s]       |         [01;31m[K~~~~~~~~~~~~~~~~~~~~~~~~~~~~~~~~~~~~~~~~~~~~~~~~~~~~~~~~~~~~~~~~[m[K
[7.008s]    35 | [01;31m[K        1,  // Queue size[m[K
[7.008s]       |         [01;31m[K~~~~~~~~~~~~~~~~~[m[K                         
[7.008s]    36 | [01;31m[K        std::bind(&PosePublisher::image_callback, this, std::placeholders::_1),[m[K
[7.008s]       |         [01;31m[K~~~~~~~~~~~~~~~~~~~~~~~~~~~~~~~~~~~~~~~~~~~~~~~~~~~~~~~~~~~~~~~~~~~~~~~[m[K
[7.008s]    37 | [01;31m[K        {},  // Empty options[m[K
[7.008s]       |         [01;31m[K~~~~~~~~~~~~~~~~~~~~~[m[K                     
[7.008s]    38 | [01;31m[K        hints  // Use compressed transport[m[K
[7.008s]       |         [01;31m[K~~~~~~~~~~~~~~~~~~~~~~~~~~~~~~~~~~[m[K        
[7.008s]    39 | [01;31m[K      )[m[K;
[7.008s]       |       [01;31m[K~[m[K                                           
[7.008s] In file included from [01m[K/home/niraamay/isro/ros2_try/isro_ws/src/orbslam_pub/src/orbslam_getpose.cpp:12[m[K:
[7.008s] [01m[K/opt/ros/humble/include/image_transport/image_transport/image_transport.hpp:196:14:[m[K [01;36m[Knote: [m[Kcandidate: ‘[01m[Ktemplate<class T> image_transport::Subscriber image_transport::ImageTransport::subscribe(const string&, uint32_t, void (T::*)(const ImageConstPtr&), T*, const image_transport::TransportHints*)[m[K’
[7.008s]   196 |   Subscriber [01;36m[Ksubscribe[m[K(
[7.008s]       |              [01;36m[K^~~~~~~~~[m[K
[7.008s] [01m[K/opt/ros/humble/include/image_transport/image_transport/image_transport.hpp:196:14:[m[K [01;36m[Knote: [m[K  template argument deduction/substitution failed:
[7.008s] [01m[K/home/niraamay/isro/ros2_try/isro_ws/src/orbslam_pub/src/orbslam_getpose.cpp:33:50:[m[K [01;36m[Knote: [m[K  mismatched types ‘[01m[Kvoid (T::*)(const ImageConstPtr&)[m[K’ and ‘[01m[Kstd::_Bind<void (PosePublisher::*(PosePublisher*, std::_Placeholder<1>))(const std::shared_ptr<const sensor_msgs::msg::Image_<std::allocator<void> > >&)>[m[K’
[7.009s]    33 |       subscription_ = [01;36m[Kimage_transport_->subscribe([m[K
[7.009s]       |                       [01;36m[K~~~~~~~~~~~~~~~~~~~~~~~~~~~^[m[K
[7.009s]    34 | [01;36m[K        "camera_feed/image_raw",  // Match the publisher's topic exactly[m[K
[7.009s]       |         [01;36m[K~~~~~~~~~~~~~~~~~~~~~~~~~~~~~~~~~~~~~~~~~~~~~~~~~~~~~~~~~~~~~~~~[m[K
[7.009s]    35 | [01;36m[K        1,  // Queue size[m[K
[7.009s]       |         [01;36m[K~~~~~~~~~~~~~~~~~[m[K                         
[7.009s]    36 | [01;36m[K        std::bind(&PosePublisher::image_callback, this, std::placeholders::_1),[m[K
[7.009s]       |         [01;36m[K~~~~~~~~~~~~~~~~~~~~~~~~~~~~~~~~~~~~~~~~~~~~~~~~~~~~~~~~~~~~~~~~~~~~~~~[m[K
[7.009s]    37 | [01;36m[K        {},  // Empty options[m[K
[7.009s]       |         [01;36m[K~~~~~~~~~~~~~~~~~~~~~[m[K                     
[7.009s]    38 | [01;36m[K        hints  // Use compressed transport[m[K
[7.009s]       |         [01;36m[K~~~~~~~~~~~~~~~~~~~~~~~~~~~~~~~~~~[m[K        
[7.009s]    39 | [01;36m[K      )[m[K;
[7.009s]       |       [01;36m[K~[m[K                                           
[7.009s] In file included from [01m[K/home/niraamay/isro/ros2_try/isro_ws/src/orbslam_pub/src/orbslam_getpose.cpp:12[m[K:
[7.009s] [01m[K/opt/ros/humble/include/image_transport/image_transport/image_transport.hpp:210:14:[m[K [01;36m[Knote: [m[Kcandidate: ‘[01m[Ktemplate<class T> image_transport::Subscriber image_transport::ImageTransport::subscribe(const string&, uint32_t, void (T::*)(const ImageConstPtr&), T*, const image_transport::TransportHints*, rclcpp::SubscriptionOptions)[m[K’
[7.009s]   210 |   Subscriber [01;36m[Ksubscribe[m[K(
[7.009s]       |              [01;36m[K^~~~~~~~~[m[K
[7.009s] [01m[K/opt/ros/humble/include/image_transport/image_transport/image_transport.hpp:210:14:[m[K [01;36m[Knote: [m[K  template argument deduction/substitution failed:
[7.009s] [01m[K/home/niraamay/isro/ros2_try/isro_ws/src/orbslam_pub/src/orbslam_getpose.cpp:33:50:[m[K [01;36m[Knote: [m[K  mismatched types ‘[01m[Kvoid (T::*)(const ImageConstPtr&)[m[K’ and ‘[01m[Kstd::_Bind<void (PosePublisher::*(PosePublisher*, std::_Placeholder<1>))(const std::shared_ptr<const sensor_msgs::msg::Image_<std::allocator<void> > >&)>[m[K’
[7.009s]    33 |       subscription_ = [01;36m[Kimage_transport_->subscribe([m[K
[7.010s]       |                       [01;36m[K~~~~~~~~~~~~~~~~~~~~~~~~~~~^[m[K
[7.010s]    34 | [01;36m[K        "camera_feed/image_raw",  // Match the publisher's topic exactly[m[K
[7.010s]       |         [01;36m[K~~~~~~~~~~~~~~~~~~~~~~~~~~~~~~~~~~~~~~~~~~~~~~~~~~~~~~~~~~~~~~~~[m[K
[7.010s]    35 | [01;36m[K        1,  // Queue size[m[K
[7.010s]       |         [01;36m[K~~~~~~~~~~~~~~~~~[m[K                         
[7.010s]    36 | [01;36m[K        std::bind(&PosePublisher::image_callback, this, std::placeholders::_1),[m[K
[7.010s]       |         [01;36m[K~~~~~~~~~~~~~~~~~~~~~~~~~~~~~~~~~~~~~~~~~~~~~~~~~~~~~~~~~~~~~~~~~~~~~~~[m[K
[7.010s]    37 | [01;36m[K        {},  // Empty options[m[K
[7.010s]       |         [01;36m[K~~~~~~~~~~~~~~~~~~~~~[m[K                     
[7.010s]    38 | [01;36m[K        hints  // Use compressed transport[m[K
[7.010s]       |         [01;36m[K~~~~~~~~~~~~~~~~~~~~~~~~~~~~~~~~~~[m[K        
[7.010s]    39 | [01;36m[K      )[m[K;
[7.010s]       |       [01;36m[K~[m[K                                           
[7.010s] In file included from [01m[K/home/niraamay/isro/ros2_try/isro_ws/src/orbslam_pub/src/orbslam_getpose.cpp:12[m[K:
[7.010s] [01m[K/opt/ros/humble/include/image_transport/image_transport/image_transport.hpp:225:14:[m[K [01;36m[Knote: [m[Kcandidate: ‘[01m[Ktemplate<class T> image_transport::Subscriber image_transport::ImageTransport::subscribe(const string&, uint32_t, void (T::*)(const ImageConstPtr&), const std::shared_ptr<_Tp>&, const image_transport::TransportHints*)[m[K’
[7.010s]   225 |   Subscriber [01;36m[Ksubscribe[m[K(
[7.010s]       |              [01;36m[K^~~~~~~~~[m[K
[7.010s] [01m[K/opt/ros/humble/include/image_transport/image_transport/image_transport.hpp:225:14:[m[K [01;36m[Knote: [m[K  template argument deduction/substitution failed:
[7.010s] [01m[K/home/niraamay/isro/ros2_try/isro_ws/src/orbslam_pub/src/orbslam_getpose.cpp:33:50:[m[K [01;36m[Knote: [m[K  mismatched types ‘[01m[Kvoid (T::*)(const ImageConstPtr&)[m[K’ and ‘[01m[Kstd::_Bind<void (PosePublisher::*(PosePublisher*, std::_Placeholder<1>))(const std::shared_ptr<const sensor_msgs::msg::Image_<std::allocator<void> > >&)>[m[K’
[7.010s]    33 |       subscription_ = [01;36m[Kimage_transport_->subscribe([m[K
[7.010s]       |                       [01;36m[K~~~~~~~~~~~~~~~~~~~~~~~~~~~^[m[K
[7.011s]    34 | [01;36m[K        "camera_feed/image_raw",  // Match the publisher's topic exactly[m[K
[7.011s]       |         [01;36m[K~~~~~~~~~~~~~~~~~~~~~~~~~~~~~~~~~~~~~~~~~~~~~~~~~~~~~~~~~~~~~~~~[m[K
[7.011s]    35 | [01;36m[K        1,  // Queue size[m[K
[7.011s]       |         [01;36m[K~~~~~~~~~~~~~~~~~[m[K                         
[7.011s]    36 | [01;36m[K        std::bind(&PosePublisher::image_callback, this, std::placeholders::_1),[m[K
[7.011s]       |         [01;36m[K~~~~~~~~~~~~~~~~~~~~~~~~~~~~~~~~~~~~~~~~~~~~~~~~~~~~~~~~~~~~~~~~~~~~~~~[m[K
[7.011s]    37 | [01;36m[K        {},  // Empty options[m[K
[7.011s]       |         [01;36m[K~~~~~~~~~~~~~~~~~~~~~[m[K                     
[7.011s]    38 | [01;36m[K        hints  // Use compressed transport[m[K
[7.011s]       |         [01;36m[K~~~~~~~~~~~~~~~~~~~~~~~~~~~~~~~~~~[m[K        
[7.011s]    39 | [01;36m[K      )[m[K;
[7.011s]       |       [01;36m[K~[m[K                                           
[7.011s] In file included from [01m[K/home/niraamay/isro/ros2_try/isro_ws/src/orbslam_pub/src/orbslam_getpose.cpp:12[m[K:
[7.011s] [01m[K/opt/ros/humble/include/image_transport/image_transport/image_transport.hpp:240:14:[m[K [01;36m[Knote: [m[Kcandidate: ‘[01m[Ktemplate<class T> image_transport::Subscriber image_transport::ImageTransport::subscribe(const string&, uint32_t, void (T::*)(const ImageConstPtr&), const std::shared_ptr<_Tp>&, const image_transport::TransportHints*, rclcpp::SubscriptionOptions)[m[K’
[7.011s]   240 |   Subscriber [01;36m[Ksubscribe[m[K(
[7.011s]       |              [01;36m[K^~~~~~~~~[m[K
[7.011s] [01m[K/opt/ros/humble/include/image_transport/image_transport/image_transport.hpp:240:14:[m[K [01;36m[Knote: [m[K  template argument deduction/substitution failed:
[7.011s] [01m[K/home/niraamay/isro/ros2_try/isro_ws/src/orbslam_pub/src/orbslam_getpose.cpp:33:50:[m[K [01;36m[Knote: [m[K  mismatched types ‘[01m[Kvoid (T::*)(const ImageConstPtr&)[m[K’ and ‘[01m[Kstd::_Bind<void (PosePublisher::*(PosePublisher*, std::_Placeholder<1>))(const std::shared_ptr<const sensor_msgs::msg::Image_<std::allocator<void> > >&)>[m[K’
[7.011s]    33 |       subscription_ = [01;36m[Kimage_transport_->subscribe([m[K
[7.011s]       |                       [01;36m[K~~~~~~~~~~~~~~~~~~~~~~~~~~~^[m[K
[7.011s]    34 | [01;36m[K        "camera_feed/image_raw",  // Match the publisher's topic exactly[m[K
[7.012s]       |         [01;36m[K~~~~~~~~~~~~~~~~~~~~~~~~~~~~~~~~~~~~~~~~~~~~~~~~~~~~~~~~~~~~~~~~[m[K
[7.012s]    35 | [01;36m[K        1,  // Queue size[m[K
[7.012s]       |         [01;36m[K~~~~~~~~~~~~~~~~~[m[K                         
[7.012s]    36 | [01;36m[K        std::bind(&PosePublisher::image_callback, this, std::placeholders::_1),[m[K
[7.012s]       |         [01;36m[K~~~~~~~~~~~~~~~~~~~~~~~~~~~~~~~~~~~~~~~~~~~~~~~~~~~~~~~~~~~~~~~~~~~~~~~[m[K
[7.012s]    37 | [01;36m[K        {},  // Empty options[m[K
[7.012s]       |         [01;36m[K~~~~~~~~~~~~~~~~~~~~~[m[K                     
[7.012s]    38 | [01;36m[K        hints  // Use compressed transport[m[K
[7.012s]       |         [01;36m[K~~~~~~~~~~~~~~~~~~~~~~~~~~~~~~~~~~[m[K        
[7.012s]    39 | [01;36m[K      )[m[K;
[7.012s]       |       [01;36m[K~[m[K                                           
[7.012s] In file included from [01m[K/home/niraamay/isro/ros2_try/isro_ws/src/orbslam_pub/src/orbslam_getpose.cpp:12[m[K:
[7.012s] [01m[K/opt/ros/humble/include/image_transport/image_transport/image_transport.hpp:283:14:[m[K [01;36m[Knote: [m[Kcandidate: ‘[01m[Ktemplate<class T> image_transport::Subscriber image_transport::ImageTransport::subscribe(const string&, rmw_qos_profile_t, void (T::*)(const ImageConstPtr&), T*, const image_transport::TransportHints*, rclcpp::SubscriptionOptions)[m[K’
[7.012s]   283 |   Subscriber [01;36m[Ksubscribe[m[K(
[7.012s]       |              [01;36m[K^~~~~~~~~[m[K
[7.012s] [01m[K/opt/ros/humble/include/image_transport/image_transport/image_transport.hpp:283:14:[m[K [01;36m[Knote: [m[K  template argument deduction/substitution failed:
[7.012s] [01m[K/home/niraamay/isro/ros2_try/isro_ws/src/orbslam_pub/src/orbslam_getpose.cpp:33:50:[m[K [01;36m[Knote: [m[K  mismatched types ‘[01m[Kvoid (T::*)(const ImageConstPtr&)[m[K’ and ‘[01m[Kstd::_Bind<void (PosePublisher::*(PosePublisher*, std::_Placeholder<1>))(const std::shared_ptr<const sensor_msgs::msg::Image_<std::allocator<void> > >&)>[m[K’
[7.012s]    33 |       subscription_ = [01;36m[Kimage_transport_->subscribe([m[K
[7.012s]       |                       [01;36m[K~~~~~~~~~~~~~~~~~~~~~~~~~~~^[m[K
[7.012s]    34 | [01;36m[K        "camera_feed/image_raw",  // Match the publisher's topic exactly[m[K
[7.012s]       |         [01;36m[K~~~~~~~~~~~~~~~~~~~~~~~~~~~~~~~~~~~~~~~~~~~~~~~~~~~~~~~~~~~~~~~~[m[K
[7.012s]    35 | [01;36m[K        1,  // Queue size[m[K
[7.013s]       |         [01;36m[K~~~~~~~~~~~~~~~~~[m[K                         
[7.013s]    36 | [01;36m[K        std::bind(&PosePublisher::image_callback, this, std::placeholders::_1),[m[K
[7.013s]       |         [01;36m[K~~~~~~~~~~~~~~~~~~~~~~~~~~~~~~~~~~~~~~~~~~~~~~~~~~~~~~~~~~~~~~~~~~~~~~~[m[K
[7.013s]    37 | [01;36m[K        {},  // Empty options[m[K
[7.013s]       |         [01;36m[K~~~~~~~~~~~~~~~~~~~~~[m[K                     
[7.013s]    38 | [01;36m[K        hints  // Use compressed transport[m[K
[7.013s]       |         [01;36m[K~~~~~~~~~~~~~~~~~~~~~~~~~~~~~~~~~~[m[K        
[7.013s]    39 | [01;36m[K      )[m[K;
[7.013s]       |       [01;36m[K~[m[K                                           
[7.013s] In file included from [01m[K/home/niraamay/isro/ros2_try/isro_ws/src/orbslam_pub/src/orbslam_getpose.cpp:12[m[K:
[7.013s] [01m[K/opt/ros/humble/include/image_transport/image_transport/image_transport.hpp:298:14:[m[K [01;36m[Knote: [m[Kcandidate: ‘[01m[Ktemplate<class T> image_transport::Subscriber image_transport::ImageTransport::subscribe(const string&, rmw_qos_profile_t, void (T::*)(const ImageConstPtr&), const std::shared_ptr<_Tp>&, const image_transport::TransportHints*, rclcpp::SubscriptionOptions)[m[K’
[7.013s]   298 |   Subscriber [01;36m[Ksubscribe[m[K(
[7.013s]       |              [01;36m[K^~~~~~~~~[m[K
[7.013s] [01m[K/opt/ros/humble/include/image_transport/image_transport/image_transport.hpp:298:14:[m[K [01;36m[Knote: [m[K  template argument deduction/substitution failed:
[7.013s] [01m[K/home/niraamay/isro/ros2_try/isro_ws/src/orbslam_pub/src/orbslam_getpose.cpp:33:50:[m[K [01;36m[Knote: [m[K  mismatched types ‘[01m[Kvoid (T::*)(const ImageConstPtr&)[m[K’ and ‘[01m[Kstd::_Bind<void (PosePublisher::*(PosePublisher*, std::_Placeholder<1>))(const std::shared_ptr<const sensor_msgs::msg::Image_<std::allocator<void> > >&)>[m[K’
[7.013s]    33 |       subscription_ = [01;36m[Kimage_transport_->subscribe([m[K
[7.013s]       |                       [01;36m[K~~~~~~~~~~~~~~~~~~~~~~~~~~~^[m[K
[7.013s]    34 | [01;36m[K        "camera_feed/image_raw",  // Match the publisher's topic exactly[m[K
[7.013s]       |         [01;36m[K~~~~~~~~~~~~~~~~~~~~~~~~~~~~~~~~~~~~~~~~~~~~~~~~~~~~~~~~~~~~~~~~[m[K
[7.013s]    35 | [01;36m[K        1,  // Queue size[m[K
[7.013s]       |         [01;36m[K~~~~~~~~~~~~~~~~~[m[K                         
[7.014s]    36 | [01;36m[K        std::bind(&PosePublisher::image_callback, this, std::placeholders::_1),[m[K
[7.014s]       |         [01;36m[K~~~~~~~~~~~~~~~~~~~~~~~~~~~~~~~~~~~~~~~~~~~~~~~~~~~~~~~~~~~~~~~~~~~~~~~[m[K
[7.014s]    37 | [01;36m[K        {},  // Empty options[m[K
[7.014s]       |         [01;36m[K~~~~~~~~~~~~~~~~~~~~~[m[K                     
[7.014s]    38 | [01;36m[K        hints  // Use compressed transport[m[K
[7.014s]       |         [01;36m[K~~~~~~~~~~~~~~~~~~~~~~~~~~~~~~~~~~[m[K        
[7.014s]    39 | [01;36m[K      )[m[K;
[7.014s]       |       [01;36m[K~[m[K                                           
[7.014s] In file included from [01m[K/home/niraamay/isro/ros2_try/isro_ws/src/orbslam_pub/src/orbslam_getpose.cpp:12[m[K:
[7.014s] [01m[K/opt/ros/humble/include/image_transport/image_transport/image_transport.hpp:144:14:[m[K [01;36m[Knote: [m[Kcandidate: ‘[01m[Kimage_transport::Subscriber image_transport::ImageTransport::subscribe(const string&, uint32_t, const Callback&, const VoidPtr&, const image_transport::TransportHints*)[m[K’
[7.014s]   144 |   Subscriber [01;36m[Ksubscribe[m[K(
[7.014s]       |              [01;36m[K^~~~~~~~~[m[K
[7.014s] [01m[K/opt/ros/humble/include/image_transport/image_transport/image_transport.hpp:148:28:[m[K [01;36m[Knote: [m[K  no known conversion for argument 5 from ‘[01m[Kimage_transport::TransportHints[m[K’ to ‘[01m[Kconst image_transport::TransportHints*[m[K’
[7.014s]   148 |     [01;36m[Kconst TransportHints * transport_hints = nullptr[m[K);
[7.014s]       |     [01;36m[K~~~~~~~~~~~~~~~~~~~~~~~^~~~~~~~~~~~~~~~~~~~~~~~~[m[K
[7.014s] [01m[K/opt/ros/humble/include/image_transport/image_transport/image_transport.hpp:154:14:[m[K [01;36m[Knote: [m[Kcandidate: ‘[01m[Kimage_transport::Subscriber image_transport::ImageTransport::subscribe(const string&, uint32_t, const Callback&, const VoidPtr&, const image_transport::TransportHints*, rclcpp::SubscriptionOptions)[m[K’
[7.014s]   154 |   Subscriber [01;36m[Ksubscribe[m[K(
[7.014s]       |              [01;36m[K^~~~~~~~~[m[K
[7.014s] [01m[K/opt/ros/humble/include/image_transport/image_transport/image_transport.hpp:154:14:[m[K [01;36m[Knote: [m[K  candidate expects 6 arguments, 5 provided
[7.014s] [01m[K/opt/ros/humble/include/image_transport/image_transport/image_transport.hpp:165:14:[m[K [01;36m[Knote: [m[Kcandidate: ‘[01m[Kimage_transport::Subscriber image_transport::ImageTransport::subscribe(const string&, uint32_t, void (*)(const ImageConstPtr&), const image_transport::TransportHints*)[m[K’
[7.014s]   165 |   Subscriber [01;36m[Ksubscribe[m[K(
[7.015s]       |              [01;36m[K^~~~~~~~~[m[K
[7.015s] [01m[K/opt/ros/humble/include/image_transport/image_transport/image_transport.hpp:165:14:[m[K [01;36m[Knote: [m[K  candidate expects 4 arguments, 5 provided
[7.015s] [01m[K/opt/ros/humble/include/image_transport/image_transport/image_transport.hpp:180:14:[m[K [01;36m[Knote: [m[Kcandidate: ‘[01m[Kimage_transport::Subscriber image_transport::ImageTransport::subscribe(const string&, uint32_t, void (*)(const ImageConstPtr&), const image_transport::TransportHints*, rclcpp::SubscriptionOptions)[m[K’
[7.015s]   180 |   Subscriber [01;36m[Ksubscribe[m[K(
[7.015s]       |              [01;36m[K^~~~~~~~~[m[K
[7.015s] [01m[K/opt/ros/humble/include/image_transport/image_transport/image_transport.hpp:182:13:[m[K [01;36m[Knote: [m[K  no known conversion for argument 3 from ‘[01m[Kstd::_Bind_helper<false, void (PosePublisher::*)(const std::shared_ptr<const sensor_msgs::msg::Image_<std::allocator<void> > >&), PosePublisher*, const std::_Placeholder<1>&>::type[m[K’ to ‘[01m[Kvoid (*)(const ImageConstPtr&)[m[K’ {aka ‘[01m[Kvoid (*)(const std::shared_ptr<const sensor_msgs::msg::Image_<std::allocator<void> > >&)[m[K’}
[7.015s]   182 |     [01;36m[Kvoid (* fp)(const ImageConstPtr &)[m[K,
[7.015s]       |     [01;36m[K~~~~~~~~^~~~~~~~~~~~~~~~~~~~~~~~~~[m[K
[7.015s] [01m[K/opt/ros/humble/include/image_transport/image_transport/image_transport.hpp:256:14:[m[K [01;36m[Knote: [m[Kcandidate: ‘[01m[Kimage_transport::Subscriber image_transport::ImageTransport::subscribe(const string&, rmw_qos_profile_t, const Callback&, const VoidPtr&, const image_transport::TransportHints*, rclcpp::SubscriptionOptions)[m[K’
[7.015s]   256 |   Subscriber [01;36m[Ksubscribe[m[K(
[7.015s]       |              [01;36m[K^~~~~~~~~[m[K
[7.015s] [01m[K/opt/ros/humble/include/image_transport/image_transport/image_transport.hpp:256:14:[m[K [01;36m[Knote: [m[K  candidate expects 6 arguments, 5 provided
[7.015s] [01m[K/opt/ros/humble/include/image_transport/image_transport/image_transport.hpp:267:14:[m[K [01;36m[Knote: [m[Kcandidate: ‘[01m[Kimage_transport::Subscriber image_transport::ImageTransport::subscribe(const string&, rmw_qos_profile_t, void (*)(const ImageConstPtr&), const image_transport::TransportHints*, rclcpp::SubscriptionOptions)[m[K’
[7.015s]   267 |   Subscriber [01;36m[Ksubscribe[m[K(
[7.015s]       |              [01;36m[K^~~~~~~~~[m[K
[7.015s] [01m[K/opt/ros/humble/include/image_transport/image_transport/image_transport.hpp:268:55:[m[K [01;36m[Knote: [m[K  no known conversion for argument 2 from ‘[01m[Kint[m[K’ to ‘[01m[Krmw_qos_profile_t[m[K’ {aka ‘[01m[Krmw_qos_profile_s[m[K’}
[7.015s]   268 |     const std::string & base_topic, [01;36m[Krmw_qos_profile_t custom_qos[m[K,
[7.015s]       |                                     [01;36m[K~~~~~~~~~~~~~~~~~~^~~~~~~~~~[m[K
[13.112s] gmake[2]: *** [CMakeFiles/getpose.dir/build.make:76: CMakeFiles/getpose.dir/src/orbslam_getpose.cpp.o] Error 1
[13.113s] gmake[1]: *** [CMakeFiles/Makefile2:137: CMakeFiles/getpose.dir/all] Error 2
[13.113s] gmake: *** [Makefile:146: all] Error 2
[13.115s] Invoked command in '/home/niraamay/isro/ros2_try/isro_ws/build/orbslam_pub' returned '2': CMAKE_PREFIX_PATH=${CMAKE_PREFIX_PATH}:/home/niraamay/isro/ros2_try/isro_ws/install/camera_pub:/opt/ros/humble /usr/bin/cmake --build /home/niraamay/isro/ros2_try/isro_ws/build/orbslam_pub -- -j16 -l16
