[0.009s] Invoking command in '/home/niraamay/isro_ros2_try/ros2_try/isro_ws/build/orbslam_pub': CMAKE_PREFIX_PATH=/opt/ros/humble /usr/bin/cmake /home/niraamay/isro_ros2_try/ros2_try/isro_ws/src/orbslam_pub -DCMAKE_INSTALL_PREFIX=/home/niraamay/isro_ros2_try/ros2_try/isro_ws/install/orbslam_pub
[0.058s] -- The C compiler identification is GNU 11.4.0
[0.119s] -- The CXX compiler identification is GNU 11.4.0
[0.126s] -- Detecting C compiler ABI info
[0.188s] -- Detecting C compiler ABI info - done
[0.197s] -- Check for working C compiler: /usr/bin/cc - skipped
[0.197s] -- Detecting C compile features
[0.198s] -- Detecting C compile features - done
[0.200s] -- Detecting CXX compiler ABI info
[0.299s] -- Detecting CXX compiler ABI info - done
[0.311s] -- Check for working CXX compiler: /usr/bin/c++ - skipped
[0.312s] -- Detecting CXX compile features
[0.312s] -- Detecting CXX compile features - done
[0.315s] -- Found ament_cmake: 1.3.11 (/opt/ros/humble/share/ament_cmake/cmake)
[0.522s] -- Found Python3: /usr/bin/python3 (found version "3.10.12") found components: Interpreter 
[0.632s] -- Found rclcpp: 16.0.11 (/opt/ros/humble/share/rclcpp/cmake)
[0.684s] -- Found rosidl_generator_c: 3.1.6 (/opt/ros/humble/share/rosidl_generator_c/cmake)
[0.690s] -- Found rosidl_adapter: 3.1.6 (/opt/ros/humble/share/rosidl_adapter/cmake)
[0.700s] -- Found rosidl_generator_cpp: 3.1.6 (/opt/ros/humble/share/rosidl_generator_cpp/cmake)
[0.716s] -- Using all available rosidl_typesupport_c: rosidl_typesupport_fastrtps_c;rosidl_typesupport_introspection_c
[0.736s] -- Using all available rosidl_typesupport_cpp: rosidl_typesupport_fastrtps_cpp;rosidl_typesupport_introspection_cpp
[0.789s] -- Found rmw_implementation_cmake: 6.1.2 (/opt/ros/humble/share/rmw_implementation_cmake/cmake)
[0.793s] -- Found rmw_fastrtps_cpp: 6.2.7 (/opt/ros/humble/share/rmw_fastrtps_cpp/cmake)
[0.885s] -- Found OpenSSL: /usr/lib/x86_64-linux-gnu/libcrypto.so (found version "3.0.2")  
[0.922s] -- Found FastRTPS: /opt/ros/humble/include  
[0.965s] -- Using RMW implementation 'rmw_fastrtps_cpp' as default
[0.974s] -- Looking for pthread.h
[1.041s] -- Looking for pthread.h - found
[1.041s] -- Performing Test CMAKE_HAVE_LIBC_PTHREAD
[1.108s] -- Performing Test CMAKE_HAVE_LIBC_PTHREAD - Success
[1.109s] -- Found Threads: TRUE  
[1.173s] -- Found sensor_msgs: 4.2.4 (/opt/ros/humble/share/sensor_msgs/cmake)
[1.211s] -- Found cv_bridge: 3.2.1 (/opt/ros/humble/share/cv_bridge/cmake)
[1.225s] -- Found image_transport: 3.1.11 (/opt/ros/humble/share/image_transport/cmake)
[1.261s] -- Found OpenCV: /usr (found version "4.5.4") 
[1.277s] -- Found OpenGL: /usr/lib/x86_64-linux-gnu/libOpenGL.so  found components: OpenGL 
[1.292s] -- Found Boost: /usr/lib/x86_64-linux-gnu/cmake/Boost-1.74.0/BoostConfig.cmake (found version "1.74.0") found components: serialization 
[1.364s] -- Configuring done
[1.381s] -- Generating done
[1.388s] -- Build files have been written to: /home/niraamay/isro_ros2_try/ros2_try/isro_ws/build/orbslam_pub
[1.401s] Invoked command in '/home/niraamay/isro_ros2_try/ros2_try/isro_ws/build/orbslam_pub' returned '0': CMAKE_PREFIX_PATH=/opt/ros/humble /usr/bin/cmake /home/niraamay/isro_ros2_try/ros2_try/isro_ws/src/orbslam_pub -DCMAKE_INSTALL_PREFIX=/home/niraamay/isro_ros2_try/ros2_try/isro_ws/install/orbslam_pub
[1.403s] Invoking command in '/home/niraamay/isro_ros2_try/ros2_try/isro_ws/build/orbslam_pub': CMAKE_PREFIX_PATH=/opt/ros/humble /usr/bin/cmake --build /home/niraamay/isro_ros2_try/ros2_try/isro_ws/build/orbslam_pub -- -j16 -l16
[1.461s] [ 50%] [32mBuilding CXX object CMakeFiles/getpose.dir/src/orbslam_getpose.cpp.o[0m
[15.001s] [100%] [32m[1mLinking CXX executable getpose[0m
[15.701s] [100%] Built target getpose
[15.713s] Invoked command in '/home/niraamay/isro_ros2_try/ros2_try/isro_ws/build/orbslam_pub' returned '0': CMAKE_PREFIX_PATH=/opt/ros/humble /usr/bin/cmake --build /home/niraamay/isro_ros2_try/ros2_try/isro_ws/build/orbslam_pub -- -j16 -l16
[15.716s] Invoking command in '/home/niraamay/isro_ros2_try/ros2_try/isro_ws/build/orbslam_pub': CMAKE_PREFIX_PATH=/opt/ros/humble /usr/bin/cmake --install /home/niraamay/isro_ros2_try/ros2_try/isro_ws/build/orbslam_pub
[15.723s] -- Install configuration: ""
[15.723s] -- Installing: /home/niraamay/isro_ros2_try/ros2_try/isro_ws/install/orbslam_pub/lib/orbslam_pub/getpose
[15.724s] -- Installing: /home/niraamay/isro_ros2_try/ros2_try/isro_ws/install/orbslam_pub/share/ament_index/resource_index/package_run_dependencies/orbslam_pub
[15.724s] -- Installing: /home/niraamay/isro_ros2_try/ros2_try/isro_ws/install/orbslam_pub/share/ament_index/resource_index/parent_prefix_path/orbslam_pub
[15.724s] -- Installing: /home/niraamay/isro_ros2_try/ros2_try/isro_ws/install/orbslam_pub/share/orbslam_pub/environment/ament_prefix_path.sh
[15.725s] -- Installing: /home/niraamay/isro_ros2_try/ros2_try/isro_ws/install/orbslam_pub/share/orbslam_pub/environment/ament_prefix_path.dsv
[15.725s] -- Installing: /home/niraamay/isro_ros2_try/ros2_try/isro_ws/install/orbslam_pub/share/orbslam_pub/environment/path.sh
[15.725s] -- Installing: /home/niraamay/isro_ros2_try/ros2_try/isro_ws/install/orbslam_pub/share/orbslam_pub/environment/path.dsv
[15.725s] -- Installing: /home/niraamay/isro_ros2_try/ros2_try/isro_ws/install/orbslam_pub/share/orbslam_pub/local_setup.bash
[15.725s] -- Installing: /home/niraamay/isro_ros2_try/ros2_try/isro_ws/install/orbslam_pub/share/orbslam_pub/local_setup.sh
[15.725s] -- Installing: /home/niraamay/isro_ros2_try/ros2_try/isro_ws/install/orbslam_pub/share/orbslam_pub/local_setup.zsh
[15.725s] -- Installing: /home/niraamay/isro_ros2_try/ros2_try/isro_ws/install/orbslam_pub/share/orbslam_pub/local_setup.dsv
[15.725s] -- Installing: /home/niraamay/isro_ros2_try/ros2_try/isro_ws/install/orbslam_pub/share/orbslam_pub/package.dsv
[15.725s] -- Installing: /home/niraamay/isro_ros2_try/ros2_try/isro_ws/install/orbslam_pub/share/ament_index/resource_index/packages/orbslam_pub
[15.725s] -- Installing: /home/niraamay/isro_ros2_try/ros2_try/isro_ws/install/orbslam_pub/share/orbslam_pub/cmake/orbslam_pubConfig.cmake
[15.725s] -- Installing: /home/niraamay/isro_ros2_try/ros2_try/isro_ws/install/orbslam_pub/share/orbslam_pub/cmake/orbslam_pubConfig-version.cmake
[15.725s] -- Up-to-date: /home/niraamay/isro_ros2_try/ros2_try/isro_ws/install/orbslam_pub/share/orbslam_pub/package.xml
[15.728s] Invoked command in '/home/niraamay/isro_ros2_try/ros2_try/isro_ws/build/orbslam_pub' returned '0': CMAKE_PREFIX_PATH=/opt/ros/humble /usr/bin/cmake --install /home/niraamay/isro_ros2_try/ros2_try/isro_ws/build/orbslam_pub
