[0.105s] DEBUG:colcon:Command line arguments: ['/usr/bin/colcon', 'build']
[0.105s] DEBUG:colcon:Parsed command line arguments: Namespace(log_base=None, log_level=None, verb_name='build', build_base='build', install_base='install', merge_install=False, symlink_install=False, test_result_base=None, continue_on_error=False, executor='parallel', parallel_workers=16, event_handlers=None, ignore_user_meta=False, metas=['./colcon.meta'], base_paths=['.'], packages_ignore=None, packages_ignore_regex=None, paths=None, packages_up_to=None, packages_up_to_regex=None, packages_above=None, packages_above_and_dependencies=None, packages_above_depth=None, packages_select_by_dep=None, packages_skip_by_dep=None, packages_skip_up_to=None, packages_select_build_failed=False, packages_skip_build_finished=False, packages_select_test_failures=False, packages_skip_test_passed=False, packages_select=None, packages_skip=None, packages_select_regex=None, packages_skip_regex=None, packages_start=None, packages_end=None, allow_overriding=[], cmake_args=None, cmake_target=None, cmake_target_skip_unavailable=False, cmake_clean_cache=False, cmake_clean_first=False, cmake_force_configure=False, ament_cmake_args=None, catkin_cmake_args=None, catkin_skip_building_tests=False, verb_parser=<colcon_defaults.argument_parser.defaults.DefaultArgumentsDecorator object at 0x7f9bafdd4b20>, verb_extension=<colcon_core.verb.build.BuildVerb object at 0x7f9bafdd46d0>, main=<bound method BuildVerb.main of <colcon_core.verb.build.BuildVerb object at 0x7f9bafdd46d0>>)
[0.280s] Level 1:colcon.colcon_core.package_discovery:discover_packages(colcon_meta) check parameters
[0.280s] Level 1:colcon.colcon_core.package_discovery:discover_packages(recursive) check parameters
[0.280s] Level 1:colcon.colcon_core.package_discovery:discover_packages(ignore) check parameters
[0.280s] Level 1:colcon.colcon_core.package_discovery:discover_packages(path) check parameters
[0.280s] Level 1:colcon.colcon_core.package_discovery:discover_packages(colcon_meta) discover
[0.280s] Level 1:colcon.colcon_core.package_discovery:discover_packages(recursive) discover
[0.280s] INFO:colcon.colcon_core.package_discovery:Crawling recursively for packages in '/home/niraamay/isro/ros2_try/isro_ws'
[0.280s] Level 1:colcon.colcon_core.package_identification:_identify(.) by extensions ['ignore', 'ignore_ament_install']
[0.280s] Level 1:colcon.colcon_core.package_identification:_identify(.) by extension 'ignore'
[0.280s] Level 1:colcon.colcon_core.package_identification:_identify(.) by extension 'ignore_ament_install'
[0.281s] Level 1:colcon.colcon_core.package_identification:_identify(.) by extensions ['colcon_pkg']
[0.281s] Level 1:colcon.colcon_core.package_identification:_identify(.) by extension 'colcon_pkg'
[0.281s] Level 1:colcon.colcon_core.package_identification:_identify(.) by extensions ['colcon_meta']
[0.281s] Level 1:colcon.colcon_core.package_identification:_identify(.) by extension 'colcon_meta'
[0.281s] Level 1:colcon.colcon_core.package_identification:_identify(.) by extensions ['ros']
[0.281s] Level 1:colcon.colcon_core.package_identification:_identify(.) by extension 'ros'
[0.294s] Level 1:colcon.colcon_core.package_identification:_identify(.) by extensions ['cmake', 'python']
[0.294s] Level 1:colcon.colcon_core.package_identification:_identify(.) by extension 'cmake'
[0.294s] Level 1:colcon.colcon_core.package_identification:_identify(.) by extension 'python'
[0.294s] Level 1:colcon.colcon_core.package_identification:_identify(.) by extensions ['python_setup_py']
[0.294s] Level 1:colcon.colcon_core.package_identification:_identify(.) by extension 'python_setup_py'
[0.294s] Level 1:colcon.colcon_core.package_identification:_identify(build) by extensions ['ignore', 'ignore_ament_install']
[0.294s] Level 1:colcon.colcon_core.package_identification:_identify(build) by extension 'ignore'
[0.294s] Level 1:colcon.colcon_core.package_identification:_identify(build) ignored
[0.294s] Level 1:colcon.colcon_core.package_identification:_identify(install) by extensions ['ignore', 'ignore_ament_install']
[0.294s] Level 1:colcon.colcon_core.package_identification:_identify(install) by extension 'ignore'
[0.294s] Level 1:colcon.colcon_core.package_identification:_identify(install) ignored
[0.295s] Level 1:colcon.colcon_core.package_identification:_identify(log) by extensions ['ignore', 'ignore_ament_install']
[0.295s] Level 1:colcon.colcon_core.package_identification:_identify(log) by extension 'ignore'
[0.295s] Level 1:colcon.colcon_core.package_identification:_identify(log) ignored
[0.295s] Level 1:colcon.colcon_core.package_identification:_identify(src) by extensions ['ignore', 'ignore_ament_install']
[0.295s] Level 1:colcon.colcon_core.package_identification:_identify(src) by extension 'ignore'
[0.295s] Level 1:colcon.colcon_core.package_identification:_identify(src) by extension 'ignore_ament_install'
[0.295s] Level 1:colcon.colcon_core.package_identification:_identify(src) by extensions ['colcon_pkg']
[0.295s] Level 1:colcon.colcon_core.package_identification:_identify(src) by extension 'colcon_pkg'
[0.295s] Level 1:colcon.colcon_core.package_identification:_identify(src) by extensions ['colcon_meta']
[0.295s] Level 1:colcon.colcon_core.package_identification:_identify(src) by extension 'colcon_meta'
[0.295s] Level 1:colcon.colcon_core.package_identification:_identify(src) by extensions ['ros']
[0.295s] Level 1:colcon.colcon_core.package_identification:_identify(src) by extension 'ros'
[0.295s] Level 1:colcon.colcon_core.package_identification:_identify(src) by extensions ['cmake', 'python']
[0.295s] Level 1:colcon.colcon_core.package_identification:_identify(src) by extension 'cmake'
[0.295s] Level 1:colcon.colcon_core.package_identification:_identify(src) by extension 'python'
[0.296s] Level 1:colcon.colcon_core.package_identification:_identify(src) by extensions ['python_setup_py']
[0.296s] Level 1:colcon.colcon_core.package_identification:_identify(src) by extension 'python_setup_py'
[0.296s] Level 1:colcon.colcon_core.package_identification:_identify(src/camera_pub) by extensions ['ignore', 'ignore_ament_install']
[0.296s] Level 1:colcon.colcon_core.package_identification:_identify(src/camera_pub) by extension 'ignore'
[0.296s] Level 1:colcon.colcon_core.package_identification:_identify(src/camera_pub) by extension 'ignore_ament_install'
[0.296s] Level 1:colcon.colcon_core.package_identification:_identify(src/camera_pub) by extensions ['colcon_pkg']
[0.296s] Level 1:colcon.colcon_core.package_identification:_identify(src/camera_pub) by extension 'colcon_pkg'
[0.296s] Level 1:colcon.colcon_core.package_identification:_identify(src/camera_pub) by extensions ['colcon_meta']
[0.296s] Level 1:colcon.colcon_core.package_identification:_identify(src/camera_pub) by extension 'colcon_meta'
[0.296s] Level 1:colcon.colcon_core.package_identification:_identify(src/camera_pub) by extensions ['ros']
[0.296s] Level 1:colcon.colcon_core.package_identification:_identify(src/camera_pub) by extension 'ros'
[0.299s] DEBUG:colcon.colcon_core.package_identification:Package 'src/camera_pub' with type 'ros.ament_python' and name 'camera_pub'
[0.299s] Level 1:colcon.colcon_core.package_identification:_identify(src/orbslam_pub) by extensions ['ignore', 'ignore_ament_install']
[0.299s] Level 1:colcon.colcon_core.package_identification:_identify(src/orbslam_pub) by extension 'ignore'
[0.299s] Level 1:colcon.colcon_core.package_identification:_identify(src/orbslam_pub) by extension 'ignore_ament_install'
[0.299s] Level 1:colcon.colcon_core.package_identification:_identify(src/orbslam_pub) by extensions ['colcon_pkg']
[0.299s] Level 1:colcon.colcon_core.package_identification:_identify(src/orbslam_pub) by extension 'colcon_pkg'
[0.299s] Level 1:colcon.colcon_core.package_identification:_identify(src/orbslam_pub) by extensions ['colcon_meta']
[0.299s] Level 1:colcon.colcon_core.package_identification:_identify(src/orbslam_pub) by extension 'colcon_meta'
[0.299s] Level 1:colcon.colcon_core.package_identification:_identify(src/orbslam_pub) by extensions ['ros']
[0.299s] Level 1:colcon.colcon_core.package_identification:_identify(src/orbslam_pub) by extension 'ros'
[0.300s] DEBUG:colcon.colcon_core.package_identification:Package 'src/orbslam_pub' with type 'ros.ament_cmake' and name 'orbslam_pub'
[0.300s] Level 1:colcon.colcon_core.package_discovery:discover_packages(recursive) using defaults
[0.300s] Level 1:colcon.colcon_core.package_discovery:discover_packages(ignore) discover
[0.300s] Level 1:colcon.colcon_core.package_discovery:discover_packages(ignore) using defaults
[0.300s] Level 1:colcon.colcon_core.package_discovery:discover_packages(path) discover
[0.300s] Level 1:colcon.colcon_core.package_discovery:discover_packages(path) using defaults
[0.335s] Level 1:colcon.colcon_core.package_discovery:discover_packages(prefix_path) check parameters
[0.335s] Level 1:colcon.colcon_core.package_discovery:discover_packages(prefix_path) discover
[0.336s] DEBUG:colcon.colcon_installed_package_information.package_discovery:Found 2 installed packages in /home/niraamay/isro/ros2_try/isro_ws/install
[0.338s] DEBUG:colcon.colcon_installed_package_information.package_discovery:Found 272 installed packages in /opt/ros/humble
[0.339s] Level 1:colcon.colcon_core.package_discovery:discover_packages(prefix_path) using defaults
[0.375s] Level 5:colcon.colcon_core.verb:set package 'camera_pub' build argument 'cmake_args' from command line to 'None'
[0.376s] Level 5:colcon.colcon_core.verb:set package 'camera_pub' build argument 'cmake_target' from command line to 'None'
[0.376s] Level 5:colcon.colcon_core.verb:set package 'camera_pub' build argument 'cmake_target_skip_unavailable' from command line to 'False'
[0.376s] Level 5:colcon.colcon_core.verb:set package 'camera_pub' build argument 'cmake_clean_cache' from command line to 'False'
[0.376s] Level 5:colcon.colcon_core.verb:set package 'camera_pub' build argument 'cmake_clean_first' from command line to 'False'
[0.376s] Level 5:colcon.colcon_core.verb:set package 'camera_pub' build argument 'cmake_force_configure' from command line to 'False'
[0.376s] Level 5:colcon.colcon_core.verb:set package 'camera_pub' build argument 'ament_cmake_args' from command line to 'None'
[0.376s] Level 5:colcon.colcon_core.verb:set package 'camera_pub' build argument 'catkin_cmake_args' from command line to 'None'
[0.376s] Level 5:colcon.colcon_core.verb:set package 'camera_pub' build argument 'catkin_skip_building_tests' from command line to 'False'
[0.376s] DEBUG:colcon.colcon_core.verb:Building package 'camera_pub' with the following arguments: {'ament_cmake_args': None, 'build_base': '/home/niraamay/isro/ros2_try/isro_ws/build/camera_pub', 'catkin_cmake_args': None, 'catkin_skip_building_tests': False, 'cmake_args': None, 'cmake_clean_cache': False, 'cmake_clean_first': False, 'cmake_force_configure': False, 'cmake_target': None, 'cmake_target_skip_unavailable': False, 'install_base': '/home/niraamay/isro/ros2_try/isro_ws/install/camera_pub', 'merge_install': False, 'path': '/home/niraamay/isro/ros2_try/isro_ws/src/camera_pub', 'symlink_install': False, 'test_result_base': None}
[0.376s] Level 5:colcon.colcon_core.verb:set package 'orbslam_pub' build argument 'cmake_args' from command line to 'None'
[0.376s] Level 5:colcon.colcon_core.verb:set package 'orbslam_pub' build argument 'cmake_target' from command line to 'None'
[0.376s] Level 5:colcon.colcon_core.verb:set package 'orbslam_pub' build argument 'cmake_target_skip_unavailable' from command line to 'False'
[0.376s] Level 5:colcon.colcon_core.verb:set package 'orbslam_pub' build argument 'cmake_clean_cache' from command line to 'False'
[0.376s] Level 5:colcon.colcon_core.verb:set package 'orbslam_pub' build argument 'cmake_clean_first' from command line to 'False'
[0.376s] Level 5:colcon.colcon_core.verb:set package 'orbslam_pub' build argument 'cmake_force_configure' from command line to 'False'
[0.376s] Level 5:colcon.colcon_core.verb:set package 'orbslam_pub' build argument 'ament_cmake_args' from command line to 'None'
[0.376s] Level 5:colcon.colcon_core.verb:set package 'orbslam_pub' build argument 'catkin_cmake_args' from command line to 'None'
[0.376s] Level 5:colcon.colcon_core.verb:set package 'orbslam_pub' build argument 'catkin_skip_building_tests' from command line to 'False'
[0.376s] DEBUG:colcon.colcon_core.verb:Building package 'orbslam_pub' with the following arguments: {'ament_cmake_args': None, 'build_base': '/home/niraamay/isro/ros2_try/isro_ws/build/orbslam_pub', 'catkin_cmake_args': None, 'catkin_skip_building_tests': False, 'cmake_args': None, 'cmake_clean_cache': False, 'cmake_clean_first': False, 'cmake_force_configure': False, 'cmake_target': None, 'cmake_target_skip_unavailable': False, 'install_base': '/home/niraamay/isro/ros2_try/isro_ws/install/orbslam_pub', 'merge_install': False, 'path': '/home/niraamay/isro/ros2_try/isro_ws/src/orbslam_pub', 'symlink_install': False, 'test_result_base': None}
[0.377s] INFO:colcon.colcon_core.executor:Executing jobs using 'parallel' executor
[0.378s] DEBUG:colcon.colcon_parallel_executor.executor.parallel:run_until_complete
[0.378s] INFO:colcon.colcon_ros.task.ament_python.build:Building ROS package in '/home/niraamay/isro/ros2_try/isro_ws/src/camera_pub' with build type 'ament_python'
[0.378s] Level 1:colcon.colcon_core.shell:create_environment_hook('camera_pub', 'ament_prefix_path')
[0.380s] INFO:colcon.colcon_core.plugin_system:Skipping extension 'colcon_core.shell.bat': Not used on non-Windows systems
[0.380s] INFO:colcon.colcon_core.shell:Creating environment hook '/home/niraamay/isro/ros2_try/isro_ws/install/camera_pub/share/camera_pub/hook/ament_prefix_path.ps1'
[0.381s] INFO:colcon.colcon_core.shell:Creating environment descriptor '/home/niraamay/isro/ros2_try/isro_ws/install/camera_pub/share/camera_pub/hook/ament_prefix_path.dsv'
[0.381s] INFO:colcon.colcon_core.shell:Creating environment hook '/home/niraamay/isro/ros2_try/isro_ws/install/camera_pub/share/camera_pub/hook/ament_prefix_path.sh'
[0.382s] INFO:colcon.colcon_core.shell:Skip shell extension 'powershell' for command environment: Not usable outside of PowerShell
[0.382s] DEBUG:colcon.colcon_core.shell:Skip shell extension 'dsv' for command environment
[0.385s] INFO:colcon.colcon_ros.task.ament_cmake.build:Building ROS package in '/home/niraamay/isro/ros2_try/isro_ws/src/orbslam_pub' with build type 'ament_cmake'
[0.385s] INFO:colcon.colcon_cmake.task.cmake.build:Building CMake package in '/home/niraamay/isro/ros2_try/isro_ws/src/orbslam_pub'
[0.385s] INFO:colcon.colcon_core.shell:Skip shell extension 'powershell' for command environment: Not usable outside of PowerShell
[0.385s] DEBUG:colcon.colcon_core.shell:Skip shell extension 'dsv' for command environment
[0.648s] INFO:colcon.colcon_core.task.python.build:Building Python package in '/home/niraamay/isro/ros2_try/isro_ws/src/camera_pub'
[0.648s] INFO:colcon.colcon_core.shell:Skip shell extension 'powershell' for command environment: Not usable outside of PowerShell
[0.648s] DEBUG:colcon.colcon_core.shell:Skip shell extension 'dsv' for command environment
[0.655s] DEBUG:colcon.colcon_core.event_handler.log_command:Invoking command in '/home/niraamay/isro/ros2_try/isro_ws/build/orbslam_pub': CMAKE_PREFIX_PATH=${CMAKE_PREFIX_PATH}:/home/niraamay/isro/ros2_try/isro_ws/install/camera_pub:/opt/ros/humble /usr/bin/cmake --build /home/niraamay/isro/ros2_try/isro_ws/build/orbslam_pub -- -j16 -l16
[0.994s] DEBUG:colcon.colcon_core.event_handler.log_command:Invoking command in '/home/niraamay/isro/ros2_try/isro_ws/src/camera_pub': PYTHONPATH=/home/niraamay/isro/ros2_try/isro_ws/build/camera_pub/prefix_override:/usr/lib/python3/dist-packages/colcon_core/task/python/colcon_distutils_commands:/home/niraamay/isro/ros2_try/isro_ws/install/camera_pub/lib/python3.10/site-packages:${PYTHONPATH} /usr/bin/python3 -W ignore:setup.py install is deprecated -W ignore:easy_install command is deprecated setup.py egg_info --egg-base ../../build/camera_pub build --build-base /home/niraamay/isro/ros2_try/isro_ws/build/camera_pub/build install --record /home/niraamay/isro/ros2_try/isro_ws/build/camera_pub/install.log --single-version-externally-managed install_data
[1.289s] DEBUG:colcon.colcon_core.event_handler.log_command:Invoked command in '/home/niraamay/isro/ros2_try/isro_ws/src/camera_pub' returned '0': PYTHONPATH=/home/niraamay/isro/ros2_try/isro_ws/build/camera_pub/prefix_override:/usr/lib/python3/dist-packages/colcon_core/task/python/colcon_distutils_commands:/home/niraamay/isro/ros2_try/isro_ws/install/camera_pub/lib/python3.10/site-packages:${PYTHONPATH} /usr/bin/python3 -W ignore:setup.py install is deprecated -W ignore:easy_install command is deprecated setup.py egg_info --egg-base ../../build/camera_pub build --build-base /home/niraamay/isro/ros2_try/isro_ws/build/camera_pub/build install --record /home/niraamay/isro/ros2_try/isro_ws/build/camera_pub/install.log --single-version-externally-managed install_data
[1.291s] Level 1:colcon.colcon_core.environment:checking '/home/niraamay/isro/ros2_try/isro_ws/install/camera_pub' for CMake module files
[1.292s] Level 1:colcon.colcon_core.environment:checking '/home/niraamay/isro/ros2_try/isro_ws/install/camera_pub' for CMake config files
[1.292s] Level 1:colcon.colcon_core.environment:checking '/home/niraamay/isro/ros2_try/isro_ws/install/camera_pub/lib'
[1.293s] Level 1:colcon.colcon_core.environment:checking '/home/niraamay/isro/ros2_try/isro_ws/install/camera_pub/bin'
[1.293s] Level 1:colcon.colcon_core.environment:checking '/home/niraamay/isro/ros2_try/isro_ws/install/camera_pub/lib/pkgconfig/camera_pub.pc'
[1.293s] Level 1:colcon.colcon_core.environment:checking '/home/niraamay/isro/ros2_try/isro_ws/install/camera_pub/lib/python3.10/site-packages'
[1.293s] Level 1:colcon.colcon_core.shell:create_environment_hook('camera_pub', 'pythonpath')
[1.293s] INFO:colcon.colcon_core.shell:Creating environment hook '/home/niraamay/isro/ros2_try/isro_ws/install/camera_pub/share/camera_pub/hook/pythonpath.ps1'
[1.294s] INFO:colcon.colcon_core.shell:Creating environment descriptor '/home/niraamay/isro/ros2_try/isro_ws/install/camera_pub/share/camera_pub/hook/pythonpath.dsv'
[1.294s] INFO:colcon.colcon_core.shell:Creating environment hook '/home/niraamay/isro/ros2_try/isro_ws/install/camera_pub/share/camera_pub/hook/pythonpath.sh'
[1.295s] Level 1:colcon.colcon_core.environment:checking '/home/niraamay/isro/ros2_try/isro_ws/install/camera_pub/bin'
[1.295s] Level 1:colcon.colcon_core.environment:create_environment_scripts_only(camera_pub)
[1.295s] INFO:colcon.colcon_core.shell:Creating package script '/home/niraamay/isro/ros2_try/isro_ws/install/camera_pub/share/camera_pub/package.ps1'
[1.296s] INFO:colcon.colcon_core.shell:Creating package descriptor '/home/niraamay/isro/ros2_try/isro_ws/install/camera_pub/share/camera_pub/package.dsv'
[1.296s] INFO:colcon.colcon_core.shell:Creating package script '/home/niraamay/isro/ros2_try/isro_ws/install/camera_pub/share/camera_pub/package.sh'
[1.297s] INFO:colcon.colcon_core.shell:Creating package script '/home/niraamay/isro/ros2_try/isro_ws/install/camera_pub/share/camera_pub/package.bash'
[1.298s] INFO:colcon.colcon_core.shell:Creating package script '/home/niraamay/isro/ros2_try/isro_ws/install/camera_pub/share/camera_pub/package.zsh'
[1.298s] Level 1:colcon.colcon_core.environment:create_file_with_runtime_dependencies(/home/niraamay/isro/ros2_try/isro_ws/install/camera_pub/share/colcon-core/packages/camera_pub)
[12.192s] DEBUG:colcon.colcon_core.event_handler.log_command:Invoked command in '/home/niraamay/isro/ros2_try/isro_ws/build/orbslam_pub' returned '2': CMAKE_PREFIX_PATH=${CMAKE_PREFIX_PATH}:/home/niraamay/isro/ros2_try/isro_ws/install/camera_pub:/opt/ros/humble /usr/bin/cmake --build /home/niraamay/isro/ros2_try/isro_ws/build/orbslam_pub -- -j16 -l16
[12.192s] Level 1:colcon.colcon_core.environment:create_environment_scripts_only(orbslam_pub)
[12.192s] Level 1:colcon.colcon_core.environment:checking '/home/niraamay/isro/ros2_try/isro_ws/install/orbslam_pub' for CMake module files
[12.192s] Level 1:colcon.colcon_core.environment:checking '/home/niraamay/isro/ros2_try/isro_ws/install/orbslam_pub' for CMake config files
[12.192s] Level 1:colcon.colcon_core.shell:create_environment_hook('orbslam_pub', 'cmake_prefix_path')
[12.193s] INFO:colcon.colcon_core.shell:Creating environment hook '/home/niraamay/isro/ros2_try/isro_ws/install/orbslam_pub/share/orbslam_pub/hook/cmake_prefix_path.ps1'
[12.193s] INFO:colcon.colcon_core.shell:Creating environment descriptor '/home/niraamay/isro/ros2_try/isro_ws/install/orbslam_pub/share/orbslam_pub/hook/cmake_prefix_path.dsv'
[12.193s] INFO:colcon.colcon_core.shell:Creating environment hook '/home/niraamay/isro/ros2_try/isro_ws/install/orbslam_pub/share/orbslam_pub/hook/cmake_prefix_path.sh'
[12.193s] Level 1:colcon.colcon_core.environment:checking '/home/niraamay/isro/ros2_try/isro_ws/install/orbslam_pub/lib'
[12.193s] Level 1:colcon.colcon_core.environment:checking '/home/niraamay/isro/ros2_try/isro_ws/install/orbslam_pub/bin'
[12.193s] Level 1:colcon.colcon_core.environment:checking '/home/niraamay/isro/ros2_try/isro_ws/install/orbslam_pub/lib/pkgconfig/orbslam_pub.pc'
[12.193s] Level 1:colcon.colcon_core.environment:checking '/home/niraamay/isro/ros2_try/isro_ws/install/orbslam_pub/lib/python3.10/site-packages'
[12.194s] Level 1:colcon.colcon_core.environment:checking '/home/niraamay/isro/ros2_try/isro_ws/install/orbslam_pub/bin'
[12.194s] INFO:colcon.colcon_core.shell:Creating package script '/home/niraamay/isro/ros2_try/isro_ws/install/orbslam_pub/share/orbslam_pub/package.ps1'
[12.194s] INFO:colcon.colcon_core.shell:Creating package descriptor '/home/niraamay/isro/ros2_try/isro_ws/install/orbslam_pub/share/orbslam_pub/package.dsv'
[12.194s] INFO:colcon.colcon_core.shell:Creating package script '/home/niraamay/isro/ros2_try/isro_ws/install/orbslam_pub/share/orbslam_pub/package.sh'
[12.194s] INFO:colcon.colcon_core.shell:Creating package script '/home/niraamay/isro/ros2_try/isro_ws/install/orbslam_pub/share/orbslam_pub/package.bash'
[12.195s] INFO:colcon.colcon_core.shell:Creating package script '/home/niraamay/isro/ros2_try/isro_ws/install/orbslam_pub/share/orbslam_pub/package.zsh'
[12.195s] Level 1:colcon.colcon_core.environment:create_file_with_runtime_dependencies(/home/niraamay/isro/ros2_try/isro_ws/install/orbslam_pub/share/colcon-core/packages/orbslam_pub)
[12.205s] DEBUG:colcon.colcon_parallel_executor.executor.parallel:closing loop
[12.205s] DEBUG:colcon.colcon_parallel_executor.executor.parallel:loop closed
[12.205s] DEBUG:colcon.colcon_parallel_executor.executor.parallel:run_until_complete finished with '2'
[12.205s] DEBUG:colcon.colcon_core.event_reactor:joining thread
[12.208s] INFO:colcon.colcon_core.plugin_system:Skipping extension 'colcon_notification.desktop_notification.terminal_notifier': Not used on non-Darwin systems
[12.208s] INFO:colcon.colcon_core.plugin_system:Skipping extension 'colcon_notification.desktop_notification.win32': Not used on non-Windows systems
[12.208s] INFO:colcon.colcon_notification.desktop_notification:Sending desktop notification using 'notify2'
[12.210s] DEBUG:colcon.colcon_core.event_reactor:joined thread
[12.211s] INFO:colcon.colcon_core.shell:Creating prefix script '/home/niraamay/isro/ros2_try/isro_ws/install/local_setup.ps1'
[12.211s] INFO:colcon.colcon_core.shell:Creating prefix util module '/home/niraamay/isro/ros2_try/isro_ws/install/_local_setup_util_ps1.py'
[12.212s] INFO:colcon.colcon_core.shell:Creating prefix chain script '/home/niraamay/isro/ros2_try/isro_ws/install/setup.ps1'
[12.212s] INFO:colcon.colcon_core.shell:Creating prefix script '/home/niraamay/isro/ros2_try/isro_ws/install/local_setup.sh'
[12.212s] INFO:colcon.colcon_core.shell:Creating prefix util module '/home/niraamay/isro/ros2_try/isro_ws/install/_local_setup_util_sh.py'
[12.213s] INFO:colcon.colcon_core.shell:Creating prefix chain script '/home/niraamay/isro/ros2_try/isro_ws/install/setup.sh'
[12.213s] INFO:colcon.colcon_core.shell:Creating prefix script '/home/niraamay/isro/ros2_try/isro_ws/install/local_setup.bash'
[12.213s] INFO:colcon.colcon_core.shell:Creating prefix chain script '/home/niraamay/isro/ros2_try/isro_ws/install/setup.bash'
[12.214s] INFO:colcon.colcon_core.shell:Creating prefix script '/home/niraamay/isro/ros2_try/isro_ws/install/local_setup.zsh'
[12.214s] INFO:colcon.colcon_core.shell:Creating prefix chain script '/home/niraamay/isro/ros2_try/isro_ws/install/setup.zsh'
