[0.103s] DEBUG:colcon:Command line arguments: ['/usr/bin/colcon', 'build']
[0.103s] DEBUG:colcon:Parsed command line arguments: Namespace(log_base=None, log_level=None, verb_name='build', build_base='build', install_base='install', merge_install=False, symlink_install=False, test_result_base=None, continue_on_error=False, executor='parallel', parallel_workers=16, event_handlers=None, ignore_user_meta=False, metas=['./colcon.meta'], base_paths=['.'], packages_ignore=None, packages_ignore_regex=None, paths=None, packages_up_to=None, packages_up_to_regex=None, packages_above=None, packages_above_and_dependencies=None, packages_above_depth=None, packages_select_by_dep=None, packages_skip_by_dep=None, packages_skip_up_to=None, packages_select_build_failed=False, packages_skip_build_finished=False, packages_select_test_failures=False, packages_skip_test_passed=False, packages_select=None, packages_skip=None, packages_select_regex=None, packages_skip_regex=None, packages_start=None, packages_end=None, allow_overriding=[], cmake_args=None, cmake_target=None, cmake_target_skip_unavailable=False, cmake_clean_cache=False, cmake_clean_first=False, cmake_force_configure=False, ament_cmake_args=None, catkin_cmake_args=None, catkin_skip_building_tests=False, verb_parser=<colcon_defaults.argument_parser.defaults.DefaultArgumentsDecorator object at 0x7f9b4752c8b0>, verb_extension=<colcon_core.verb.build.BuildVerb object at 0x7f9b4752c460>, main=<bound method BuildVerb.main of <colcon_core.verb.build.BuildVerb object at 0x7f9b4752c460>>)
[0.273s] Level 1:colcon.colcon_core.package_discovery:discover_packages(colcon_meta) check parameters
[0.273s] Level 1:colcon.colcon_core.package_discovery:discover_packages(recursive) check parameters
[0.273s] Level 1:colcon.colcon_core.package_discovery:discover_packages(ignore) check parameters
[0.273s] Level 1:colcon.colcon_core.package_discovery:discover_packages(path) check parameters
[0.273s] Level 1:colcon.colcon_core.package_discovery:discover_packages(colcon_meta) discover
[0.273s] Level 1:colcon.colcon_core.package_discovery:discover_packages(recursive) discover
[0.273s] INFO:colcon.colcon_core.package_discovery:Crawling recursively for packages in '/home/niraamay/isro/ros2_try/isro_ws'
[0.273s] Level 1:colcon.colcon_core.package_identification:_identify(.) by extensions ['ignore', 'ignore_ament_install']
[0.273s] Level 1:colcon.colcon_core.package_identification:_identify(.) by extension 'ignore'
[0.273s] Level 1:colcon.colcon_core.package_identification:_identify(.) by extension 'ignore_ament_install'
[0.273s] Level 1:colcon.colcon_core.package_identification:_identify(.) by extensions ['colcon_pkg']
[0.273s] Level 1:colcon.colcon_core.package_identification:_identify(.) by extension 'colcon_pkg'
[0.273s] Level 1:colcon.colcon_core.package_identification:_identify(.) by extensions ['colcon_meta']
[0.273s] Level 1:colcon.colcon_core.package_identification:_identify(.) by extension 'colcon_meta'
[0.273s] Level 1:colcon.colcon_core.package_identification:_identify(.) by extensions ['ros']
[0.274s] Level 1:colcon.colcon_core.package_identification:_identify(.) by extension 'ros'
[0.285s] Level 1:colcon.colcon_core.package_identification:_identify(.) by extensions ['cmake', 'python']
[0.285s] Level 1:colcon.colcon_core.package_identification:_identify(.) by extension 'cmake'
[0.285s] Level 1:colcon.colcon_core.package_identification:_identify(.) by extension 'python'
[0.285s] Level 1:colcon.colcon_core.package_identification:_identify(.) by extensions ['python_setup_py']
[0.285s] Level 1:colcon.colcon_core.package_identification:_identify(.) by extension 'python_setup_py'
[0.285s] Level 1:colcon.colcon_core.package_identification:_identify(build) by extensions ['ignore', 'ignore_ament_install']
[0.285s] Level 1:colcon.colcon_core.package_identification:_identify(build) by extension 'ignore'
[0.285s] Level 1:colcon.colcon_core.package_identification:_identify(build) ignored
[0.285s] Level 1:colcon.colcon_core.package_identification:_identify(install) by extensions ['ignore', 'ignore_ament_install']
[0.286s] Level 1:colcon.colcon_core.package_identification:_identify(install) by extension 'ignore'
[0.286s] Level 1:colcon.colcon_core.package_identification:_identify(install) ignored
[0.286s] Level 1:colcon.colcon_core.package_identification:_identify(log) by extensions ['ignore', 'ignore_ament_install']
[0.286s] Level 1:colcon.colcon_core.package_identification:_identify(log) by extension 'ignore'
[0.286s] Level 1:colcon.colcon_core.package_identification:_identify(log) ignored
[0.286s] Level 1:colcon.colcon_core.package_identification:_identify(src) by extensions ['ignore', 'ignore_ament_install']
[0.286s] Level 1:colcon.colcon_core.package_identification:_identify(src) by extension 'ignore'
[0.286s] Level 1:colcon.colcon_core.package_identification:_identify(src) by extension 'ignore_ament_install'
[0.286s] Level 1:colcon.colcon_core.package_identification:_identify(src) by extensions ['colcon_pkg']
[0.286s] Level 1:colcon.colcon_core.package_identification:_identify(src) by extension 'colcon_pkg'
[0.286s] Level 1:colcon.colcon_core.package_identification:_identify(src) by extensions ['colcon_meta']
[0.286s] Level 1:colcon.colcon_core.package_identification:_identify(src) by extension 'colcon_meta'
[0.286s] Level 1:colcon.colcon_core.package_identification:_identify(src) by extensions ['ros']
[0.286s] Level 1:colcon.colcon_core.package_identification:_identify(src) by extension 'ros'
[0.286s] Level 1:colcon.colcon_core.package_identification:_identify(src) by extensions ['cmake', 'python']
[0.286s] Level 1:colcon.colcon_core.package_identification:_identify(src) by extension 'cmake'
[0.286s] Level 1:colcon.colcon_core.package_identification:_identify(src) by extension 'python'
[0.286s] Level 1:colcon.colcon_core.package_identification:_identify(src) by extensions ['python_setup_py']
[0.286s] Level 1:colcon.colcon_core.package_identification:_identify(src) by extension 'python_setup_py'
[0.287s] Level 1:colcon.colcon_core.package_identification:_identify(src/camera_feed_pub) by extensions ['ignore', 'ignore_ament_install']
[0.287s] Level 1:colcon.colcon_core.package_identification:_identify(src/camera_feed_pub) by extension 'ignore'
[0.287s] Level 1:colcon.colcon_core.package_identification:_identify(src/camera_feed_pub) by extension 'ignore_ament_install'
[0.287s] Level 1:colcon.colcon_core.package_identification:_identify(src/camera_feed_pub) by extensions ['colcon_pkg']
[0.287s] Level 1:colcon.colcon_core.package_identification:_identify(src/camera_feed_pub) by extension 'colcon_pkg'
[0.287s] Level 1:colcon.colcon_core.package_identification:_identify(src/camera_feed_pub) by extensions ['colcon_meta']
[0.287s] Level 1:colcon.colcon_core.package_identification:_identify(src/camera_feed_pub) by extension 'colcon_meta'
[0.287s] Level 1:colcon.colcon_core.package_identification:_identify(src/camera_feed_pub) by extensions ['ros']
[0.287s] Level 1:colcon.colcon_core.package_identification:_identify(src/camera_feed_pub) by extension 'ros'
[0.290s] DEBUG:colcon.colcon_core.package_identification:Package 'src/camera_feed_pub' with type 'ros.ament_cmake' and name 'camera_feed_pub'
[0.290s] Level 1:colcon.colcon_core.package_identification:_identify(src/camera_pub) by extensions ['ignore', 'ignore_ament_install']
[0.290s] Level 1:colcon.colcon_core.package_identification:_identify(src/camera_pub) by extension 'ignore'
[0.290s] Level 1:colcon.colcon_core.package_identification:_identify(src/camera_pub) by extension 'ignore_ament_install'
[0.290s] Level 1:colcon.colcon_core.package_identification:_identify(src/camera_pub) by extensions ['colcon_pkg']
[0.290s] Level 1:colcon.colcon_core.package_identification:_identify(src/camera_pub) by extension 'colcon_pkg'
[0.290s] Level 1:colcon.colcon_core.package_identification:_identify(src/camera_pub) by extensions ['colcon_meta']
[0.290s] Level 1:colcon.colcon_core.package_identification:_identify(src/camera_pub) by extension 'colcon_meta'
[0.290s] Level 1:colcon.colcon_core.package_identification:_identify(src/camera_pub) by extensions ['ros']
[0.290s] Level 1:colcon.colcon_core.package_identification:_identify(src/camera_pub) by extension 'ros'
[0.291s] DEBUG:colcon.colcon_core.package_identification:Package 'src/camera_pub' with type 'ros.ament_python' and name 'camera_pub'
[0.291s] Level 1:colcon.colcon_core.package_identification:_identify(src/orbslam_pub) by extensions ['ignore', 'ignore_ament_install']
[0.291s] Level 1:colcon.colcon_core.package_identification:_identify(src/orbslam_pub) by extension 'ignore'
[0.291s] Level 1:colcon.colcon_core.package_identification:_identify(src/orbslam_pub) by extension 'ignore_ament_install'
[0.291s] Level 1:colcon.colcon_core.package_identification:_identify(src/orbslam_pub) by extensions ['colcon_pkg']
[0.291s] Level 1:colcon.colcon_core.package_identification:_identify(src/orbslam_pub) by extension 'colcon_pkg'
[0.291s] Level 1:colcon.colcon_core.package_identification:_identify(src/orbslam_pub) by extensions ['colcon_meta']
[0.291s] Level 1:colcon.colcon_core.package_identification:_identify(src/orbslam_pub) by extension 'colcon_meta'
[0.291s] Level 1:colcon.colcon_core.package_identification:_identify(src/orbslam_pub) by extensions ['ros']
[0.291s] Level 1:colcon.colcon_core.package_identification:_identify(src/orbslam_pub) by extension 'ros'
[0.292s] DEBUG:colcon.colcon_core.package_identification:Package 'src/orbslam_pub' with type 'ros.ament_cmake' and name 'orbslam_pub'
[0.292s] Level 1:colcon.colcon_core.package_discovery:discover_packages(recursive) using defaults
[0.292s] Level 1:colcon.colcon_core.package_discovery:discover_packages(ignore) discover
[0.292s] Level 1:colcon.colcon_core.package_discovery:discover_packages(ignore) using defaults
[0.292s] Level 1:colcon.colcon_core.package_discovery:discover_packages(path) discover
[0.292s] Level 1:colcon.colcon_core.package_discovery:discover_packages(path) using defaults
[0.323s] Level 1:colcon.colcon_core.package_discovery:discover_packages(prefix_path) check parameters
[0.323s] Level 1:colcon.colcon_core.package_discovery:discover_packages(prefix_path) discover
[0.325s] DEBUG:colcon.colcon_installed_package_information.package_discovery:Found 276 installed packages in /opt/ros/humble
[0.326s] Level 1:colcon.colcon_core.package_discovery:discover_packages(prefix_path) using defaults
[0.367s] Level 5:colcon.colcon_core.verb:set package 'camera_feed_pub' build argument 'cmake_args' from command line to 'None'
[0.368s] Level 5:colcon.colcon_core.verb:set package 'camera_feed_pub' build argument 'cmake_target' from command line to 'None'
[0.368s] Level 5:colcon.colcon_core.verb:set package 'camera_feed_pub' build argument 'cmake_target_skip_unavailable' from command line to 'False'
[0.368s] Level 5:colcon.colcon_core.verb:set package 'camera_feed_pub' build argument 'cmake_clean_cache' from command line to 'False'
[0.368s] Level 5:colcon.colcon_core.verb:set package 'camera_feed_pub' build argument 'cmake_clean_first' from command line to 'False'
[0.368s] Level 5:colcon.colcon_core.verb:set package 'camera_feed_pub' build argument 'cmake_force_configure' from command line to 'False'
[0.368s] Level 5:colcon.colcon_core.verb:set package 'camera_feed_pub' build argument 'ament_cmake_args' from command line to 'None'
[0.368s] Level 5:colcon.colcon_core.verb:set package 'camera_feed_pub' build argument 'catkin_cmake_args' from command line to 'None'
[0.368s] Level 5:colcon.colcon_core.verb:set package 'camera_feed_pub' build argument 'catkin_skip_building_tests' from command line to 'False'
[0.368s] DEBUG:colcon.colcon_core.verb:Building package 'camera_feed_pub' with the following arguments: {'ament_cmake_args': None, 'build_base': '/home/niraamay/isro/ros2_try/isro_ws/build/camera_feed_pub', 'catkin_cmake_args': None, 'catkin_skip_building_tests': False, 'cmake_args': None, 'cmake_clean_cache': False, 'cmake_clean_first': False, 'cmake_force_configure': False, 'cmake_target': None, 'cmake_target_skip_unavailable': False, 'install_base': '/home/niraamay/isro/ros2_try/isro_ws/install/camera_feed_pub', 'merge_install': False, 'path': '/home/niraamay/isro/ros2_try/isro_ws/src/camera_feed_pub', 'symlink_install': False, 'test_result_base': None}
[0.369s] Level 5:colcon.colcon_core.verb:set package 'camera_pub' build argument 'cmake_args' from command line to 'None'
[0.369s] Level 5:colcon.colcon_core.verb:set package 'camera_pub' build argument 'cmake_target' from command line to 'None'
[0.369s] Level 5:colcon.colcon_core.verb:set package 'camera_pub' build argument 'cmake_target_skip_unavailable' from command line to 'False'
[0.369s] Level 5:colcon.colcon_core.verb:set package 'camera_pub' build argument 'cmake_clean_cache' from command line to 'False'
[0.369s] Level 5:colcon.colcon_core.verb:set package 'camera_pub' build argument 'cmake_clean_first' from command line to 'False'
[0.369s] Level 5:colcon.colcon_core.verb:set package 'camera_pub' build argument 'cmake_force_configure' from command line to 'False'
[0.369s] Level 5:colcon.colcon_core.verb:set package 'camera_pub' build argument 'ament_cmake_args' from command line to 'None'
[0.369s] Level 5:colcon.colcon_core.verb:set package 'camera_pub' build argument 'catkin_cmake_args' from command line to 'None'
[0.369s] Level 5:colcon.colcon_core.verb:set package 'camera_pub' build argument 'catkin_skip_building_tests' from command line to 'False'
[0.369s] DEBUG:colcon.colcon_core.verb:Building package 'camera_pub' with the following arguments: {'ament_cmake_args': None, 'build_base': '/home/niraamay/isro/ros2_try/isro_ws/build/camera_pub', 'catkin_cmake_args': None, 'catkin_skip_building_tests': False, 'cmake_args': None, 'cmake_clean_cache': False, 'cmake_clean_first': False, 'cmake_force_configure': False, 'cmake_target': None, 'cmake_target_skip_unavailable': False, 'install_base': '/home/niraamay/isro/ros2_try/isro_ws/install/camera_pub', 'merge_install': False, 'path': '/home/niraamay/isro/ros2_try/isro_ws/src/camera_pub', 'symlink_install': False, 'test_result_base': None}
[0.369s] Level 5:colcon.colcon_core.verb:set package 'orbslam_pub' build argument 'cmake_args' from command line to 'None'
[0.369s] Level 5:colcon.colcon_core.verb:set package 'orbslam_pub' build argument 'cmake_target' from command line to 'None'
[0.369s] Level 5:colcon.colcon_core.verb:set package 'orbslam_pub' build argument 'cmake_target_skip_unavailable' from command line to 'False'
[0.369s] Level 5:colcon.colcon_core.verb:set package 'orbslam_pub' build argument 'cmake_clean_cache' from command line to 'False'
[0.369s] Level 5:colcon.colcon_core.verb:set package 'orbslam_pub' build argument 'cmake_clean_first' from command line to 'False'
[0.369s] Level 5:colcon.colcon_core.verb:set package 'orbslam_pub' build argument 'cmake_force_configure' from command line to 'False'
[0.369s] Level 5:colcon.colcon_core.verb:set package 'orbslam_pub' build argument 'ament_cmake_args' from command line to 'None'
[0.369s] Level 5:colcon.colcon_core.verb:set package 'orbslam_pub' build argument 'catkin_cmake_args' from command line to 'None'
[0.369s] Level 5:colcon.colcon_core.verb:set package 'orbslam_pub' build argument 'catkin_skip_building_tests' from command line to 'False'
[0.369s] DEBUG:colcon.colcon_core.verb:Building package 'orbslam_pub' with the following arguments: {'ament_cmake_args': None, 'build_base': '/home/niraamay/isro/ros2_try/isro_ws/build/orbslam_pub', 'catkin_cmake_args': None, 'catkin_skip_building_tests': False, 'cmake_args': None, 'cmake_clean_cache': False, 'cmake_clean_first': False, 'cmake_force_configure': False, 'cmake_target': None, 'cmake_target_skip_unavailable': False, 'install_base': '/home/niraamay/isro/ros2_try/isro_ws/install/orbslam_pub', 'merge_install': False, 'path': '/home/niraamay/isro/ros2_try/isro_ws/src/orbslam_pub', 'symlink_install': False, 'test_result_base': None}
[0.370s] INFO:colcon.colcon_core.executor:Executing jobs using 'parallel' executor
[0.371s] DEBUG:colcon.colcon_parallel_executor.executor.parallel:run_until_complete
[0.372s] INFO:colcon.colcon_ros.task.ament_cmake.build:Building ROS package in '/home/niraamay/isro/ros2_try/isro_ws/src/camera_feed_pub' with build type 'ament_cmake'
[0.372s] INFO:colcon.colcon_cmake.task.cmake.build:Building CMake package in '/home/niraamay/isro/ros2_try/isro_ws/src/camera_feed_pub'
[0.376s] INFO:colcon.colcon_core.plugin_system:Skipping extension 'colcon_core.shell.bat': Not used on non-Windows systems
[0.377s] INFO:colcon.colcon_core.shell:Skip shell extension 'powershell' for command environment: Not usable outside of PowerShell
[0.377s] DEBUG:colcon.colcon_core.shell:Skip shell extension 'dsv' for command environment
[0.380s] INFO:colcon.colcon_ros.task.ament_python.build:Building ROS package in '/home/niraamay/isro/ros2_try/isro_ws/src/camera_pub' with build type 'ament_python'
[0.380s] Level 1:colcon.colcon_core.shell:create_environment_hook('camera_pub', 'ament_prefix_path')
[0.380s] INFO:colcon.colcon_core.shell:Creating environment hook '/home/niraamay/isro/ros2_try/isro_ws/install/camera_pub/share/camera_pub/hook/ament_prefix_path.ps1'
[0.381s] INFO:colcon.colcon_core.shell:Creating environment descriptor '/home/niraamay/isro/ros2_try/isro_ws/install/camera_pub/share/camera_pub/hook/ament_prefix_path.dsv'
[0.382s] INFO:colcon.colcon_core.shell:Creating environment hook '/home/niraamay/isro/ros2_try/isro_ws/install/camera_pub/share/camera_pub/hook/ament_prefix_path.sh'
[0.383s] INFO:colcon.colcon_core.shell:Skip shell extension 'powershell' for command environment: Not usable outside of PowerShell
[0.383s] DEBUG:colcon.colcon_core.shell:Skip shell extension 'dsv' for command environment
[0.386s] INFO:colcon.colcon_ros.task.ament_cmake.build:Building ROS package in '/home/niraamay/isro/ros2_try/isro_ws/src/orbslam_pub' with build type 'ament_cmake'
[0.386s] INFO:colcon.colcon_cmake.task.cmake.build:Building CMake package in '/home/niraamay/isro/ros2_try/isro_ws/src/orbslam_pub'
[0.386s] INFO:colcon.colcon_core.shell:Skip shell extension 'powershell' for command environment: Not usable outside of PowerShell
[0.386s] DEBUG:colcon.colcon_core.shell:Skip shell extension 'dsv' for command environment
[0.394s] DEBUG:colcon.colcon_core.event_handler.log_command:Invoking command in '/home/niraamay/isro/ros2_try/isro_ws/build/camera_feed_pub': CMAKE_PREFIX_PATH=/opt/ros/humble /usr/bin/cmake --build /home/niraamay/isro/ros2_try/isro_ws/build/camera_feed_pub -- -j16 -l16
[0.666s] INFO:colcon.colcon_core.task.python.build:Building Python package in '/home/niraamay/isro/ros2_try/isro_ws/src/camera_pub'
[0.666s] INFO:colcon.colcon_core.shell:Skip shell extension 'powershell' for command environment: Not usable outside of PowerShell
[0.666s] DEBUG:colcon.colcon_core.shell:Skip shell extension 'dsv' for command environment
[0.675s] DEBUG:colcon.colcon_core.event_handler.log_command:Invoking command in '/home/niraamay/isro/ros2_try/isro_ws/build/orbslam_pub': CMAKE_PREFIX_PATH=/opt/ros/humble /usr/bin/cmake --build /home/niraamay/isro/ros2_try/isro_ws/build/orbslam_pub -- -j16 -l16
[0.757s] DEBUG:colcon.colcon_core.event_handler.log_command:Invoked command in '/home/niraamay/isro/ros2_try/isro_ws/build/orbslam_pub' returned '0': CMAKE_PREFIX_PATH=/opt/ros/humble /usr/bin/cmake --build /home/niraamay/isro/ros2_try/isro_ws/build/orbslam_pub -- -j16 -l16
[0.767s] DEBUG:colcon.colcon_core.event_handler.log_command:Invoking command in '/home/niraamay/isro/ros2_try/isro_ws/build/orbslam_pub': CMAKE_PREFIX_PATH=/opt/ros/humble /usr/bin/cmake --install /home/niraamay/isro/ros2_try/isro_ws/build/orbslam_pub
[0.775s] Level 1:colcon.colcon_core.environment:create_environment_scripts_only(orbslam_pub)
[0.778s] DEBUG:colcon.colcon_core.event_handler.log_command:Invoked command in '/home/niraamay/isro/ros2_try/isro_ws/build/orbslam_pub' returned '0': CMAKE_PREFIX_PATH=/opt/ros/humble /usr/bin/cmake --install /home/niraamay/isro/ros2_try/isro_ws/build/orbslam_pub
[0.779s] Level 1:colcon.colcon_core.environment:checking '/home/niraamay/isro/ros2_try/isro_ws/install/orbslam_pub' for CMake module files
[0.780s] Level 1:colcon.colcon_core.environment:checking '/home/niraamay/isro/ros2_try/isro_ws/install/orbslam_pub' for CMake config files
[0.780s] Level 1:colcon.colcon_core.shell:create_environment_hook('orbslam_pub', 'cmake_prefix_path')
[0.780s] INFO:colcon.colcon_core.shell:Creating environment hook '/home/niraamay/isro/ros2_try/isro_ws/install/orbslam_pub/share/orbslam_pub/hook/cmake_prefix_path.ps1'
[0.781s] INFO:colcon.colcon_core.shell:Creating environment descriptor '/home/niraamay/isro/ros2_try/isro_ws/install/orbslam_pub/share/orbslam_pub/hook/cmake_prefix_path.dsv'
[0.781s] INFO:colcon.colcon_core.shell:Creating environment hook '/home/niraamay/isro/ros2_try/isro_ws/install/orbslam_pub/share/orbslam_pub/hook/cmake_prefix_path.sh'
[0.782s] Level 1:colcon.colcon_core.environment:checking '/home/niraamay/isro/ros2_try/isro_ws/install/orbslam_pub/lib'
[0.782s] Level 1:colcon.colcon_core.environment:checking '/home/niraamay/isro/ros2_try/isro_ws/install/orbslam_pub/bin'
[0.782s] Level 1:colcon.colcon_core.environment:checking '/home/niraamay/isro/ros2_try/isro_ws/install/orbslam_pub/lib/pkgconfig/orbslam_pub.pc'
[0.782s] Level 1:colcon.colcon_core.environment:checking '/home/niraamay/isro/ros2_try/isro_ws/install/orbslam_pub/lib/python3.10/site-packages'
[0.782s] Level 1:colcon.colcon_core.environment:checking '/home/niraamay/isro/ros2_try/isro_ws/install/orbslam_pub/bin'
[0.783s] INFO:colcon.colcon_core.shell:Creating package script '/home/niraamay/isro/ros2_try/isro_ws/install/orbslam_pub/share/orbslam_pub/package.ps1'
[0.784s] INFO:colcon.colcon_core.shell:Creating package descriptor '/home/niraamay/isro/ros2_try/isro_ws/install/orbslam_pub/share/orbslam_pub/package.dsv'
[0.784s] INFO:colcon.colcon_core.shell:Creating package script '/home/niraamay/isro/ros2_try/isro_ws/install/orbslam_pub/share/orbslam_pub/package.sh'
[0.785s] INFO:colcon.colcon_core.shell:Creating package script '/home/niraamay/isro/ros2_try/isro_ws/install/orbslam_pub/share/orbslam_pub/package.bash'
[0.785s] INFO:colcon.colcon_core.shell:Creating package script '/home/niraamay/isro/ros2_try/isro_ws/install/orbslam_pub/share/orbslam_pub/package.zsh'
[0.786s] Level 1:colcon.colcon_core.environment:create_file_with_runtime_dependencies(/home/niraamay/isro/ros2_try/isro_ws/install/orbslam_pub/share/colcon-core/packages/orbslam_pub)
[0.787s] Level 1:colcon.colcon_core.environment:create_environment_scripts_only(orbslam_pub)
[0.787s] Level 1:colcon.colcon_core.environment:checking '/home/niraamay/isro/ros2_try/isro_ws/install/orbslam_pub' for CMake module files
[0.787s] Level 1:colcon.colcon_core.environment:checking '/home/niraamay/isro/ros2_try/isro_ws/install/orbslam_pub' for CMake config files
[0.787s] Level 1:colcon.colcon_core.shell:create_environment_hook('orbslam_pub', 'cmake_prefix_path')
[0.788s] INFO:colcon.colcon_core.shell:Creating environment hook '/home/niraamay/isro/ros2_try/isro_ws/install/orbslam_pub/share/orbslam_pub/hook/cmake_prefix_path.ps1'
[0.788s] INFO:colcon.colcon_core.shell:Creating environment descriptor '/home/niraamay/isro/ros2_try/isro_ws/install/orbslam_pub/share/orbslam_pub/hook/cmake_prefix_path.dsv'
[0.788s] INFO:colcon.colcon_core.shell:Creating environment hook '/home/niraamay/isro/ros2_try/isro_ws/install/orbslam_pub/share/orbslam_pub/hook/cmake_prefix_path.sh'
[0.789s] Level 1:colcon.colcon_core.environment:checking '/home/niraamay/isro/ros2_try/isro_ws/install/orbslam_pub/lib'
[0.789s] Level 1:colcon.colcon_core.environment:checking '/home/niraamay/isro/ros2_try/isro_ws/install/orbslam_pub/bin'
[0.789s] Level 1:colcon.colcon_core.environment:checking '/home/niraamay/isro/ros2_try/isro_ws/install/orbslam_pub/lib/pkgconfig/orbslam_pub.pc'
[0.789s] Level 1:colcon.colcon_core.environment:checking '/home/niraamay/isro/ros2_try/isro_ws/install/orbslam_pub/lib/python3.10/site-packages'
[0.790s] Level 1:colcon.colcon_core.environment:checking '/home/niraamay/isro/ros2_try/isro_ws/install/orbslam_pub/bin'
[0.790s] INFO:colcon.colcon_core.shell:Creating package script '/home/niraamay/isro/ros2_try/isro_ws/install/orbslam_pub/share/orbslam_pub/package.ps1'
[0.790s] INFO:colcon.colcon_core.shell:Creating package descriptor '/home/niraamay/isro/ros2_try/isro_ws/install/orbslam_pub/share/orbslam_pub/package.dsv'
[0.791s] INFO:colcon.colcon_core.shell:Creating package script '/home/niraamay/isro/ros2_try/isro_ws/install/orbslam_pub/share/orbslam_pub/package.sh'
[0.791s] INFO:colcon.colcon_core.shell:Creating package script '/home/niraamay/isro/ros2_try/isro_ws/install/orbslam_pub/share/orbslam_pub/package.bash'
[0.791s] INFO:colcon.colcon_core.shell:Creating package script '/home/niraamay/isro/ros2_try/isro_ws/install/orbslam_pub/share/orbslam_pub/package.zsh'
[0.792s] Level 1:colcon.colcon_core.environment:create_file_with_runtime_dependencies(/home/niraamay/isro/ros2_try/isro_ws/install/orbslam_pub/share/colcon-core/packages/orbslam_pub)
[1.030s] DEBUG:colcon.colcon_core.event_handler.log_command:Invoking command in '/home/niraamay/isro/ros2_try/isro_ws/src/camera_pub': PYTHONPATH=/home/niraamay/isro/ros2_try/isro_ws/build/camera_pub/prefix_override:/usr/lib/python3/dist-packages/colcon_core/task/python/colcon_distutils_commands:/home/niraamay/isro/ros2_try/isro_ws/install/camera_pub/lib/python3.10/site-packages:${PYTHONPATH} /usr/bin/python3 -W ignore:setup.py install is deprecated -W ignore:easy_install command is deprecated setup.py egg_info --egg-base ../../build/camera_pub build --build-base /home/niraamay/isro/ros2_try/isro_ws/build/camera_pub/build install --record /home/niraamay/isro/ros2_try/isro_ws/build/camera_pub/install.log --single-version-externally-managed install_data
[1.331s] Level 1:colcon.colcon_core.environment:checking '/home/niraamay/isro/ros2_try/isro_ws/install/camera_pub' for CMake module files
[1.331s] DEBUG:colcon.colcon_core.event_handler.log_command:Invoked command in '/home/niraamay/isro/ros2_try/isro_ws/src/camera_pub' returned '0': PYTHONPATH=/home/niraamay/isro/ros2_try/isro_ws/build/camera_pub/prefix_override:/usr/lib/python3/dist-packages/colcon_core/task/python/colcon_distutils_commands:/home/niraamay/isro/ros2_try/isro_ws/install/camera_pub/lib/python3.10/site-packages:${PYTHONPATH} /usr/bin/python3 -W ignore:setup.py install is deprecated -W ignore:easy_install command is deprecated setup.py egg_info --egg-base ../../build/camera_pub build --build-base /home/niraamay/isro/ros2_try/isro_ws/build/camera_pub/build install --record /home/niraamay/isro/ros2_try/isro_ws/build/camera_pub/install.log --single-version-externally-managed install_data
[1.332s] Level 1:colcon.colcon_core.environment:checking '/home/niraamay/isro/ros2_try/isro_ws/install/camera_pub' for CMake config files
[1.332s] Level 1:colcon.colcon_core.environment:checking '/home/niraamay/isro/ros2_try/isro_ws/install/camera_pub/lib'
[1.332s] Level 1:colcon.colcon_core.environment:checking '/home/niraamay/isro/ros2_try/isro_ws/install/camera_pub/bin'
[1.332s] Level 1:colcon.colcon_core.environment:checking '/home/niraamay/isro/ros2_try/isro_ws/install/camera_pub/lib/pkgconfig/camera_pub.pc'
[1.333s] Level 1:colcon.colcon_core.environment:checking '/home/niraamay/isro/ros2_try/isro_ws/install/camera_pub/lib/python3.10/site-packages'
[1.333s] Level 1:colcon.colcon_core.shell:create_environment_hook('camera_pub', 'pythonpath')
[1.333s] INFO:colcon.colcon_core.shell:Creating environment hook '/home/niraamay/isro/ros2_try/isro_ws/install/camera_pub/share/camera_pub/hook/pythonpath.ps1'
[1.333s] INFO:colcon.colcon_core.shell:Creating environment descriptor '/home/niraamay/isro/ros2_try/isro_ws/install/camera_pub/share/camera_pub/hook/pythonpath.dsv'
[1.334s] INFO:colcon.colcon_core.shell:Creating environment hook '/home/niraamay/isro/ros2_try/isro_ws/install/camera_pub/share/camera_pub/hook/pythonpath.sh'
[1.334s] Level 1:colcon.colcon_core.environment:checking '/home/niraamay/isro/ros2_try/isro_ws/install/camera_pub/bin'
[1.334s] Level 1:colcon.colcon_core.environment:create_environment_scripts_only(camera_pub)
[1.335s] INFO:colcon.colcon_core.shell:Creating package script '/home/niraamay/isro/ros2_try/isro_ws/install/camera_pub/share/camera_pub/package.ps1'
[1.335s] INFO:colcon.colcon_core.shell:Creating package descriptor '/home/niraamay/isro/ros2_try/isro_ws/install/camera_pub/share/camera_pub/package.dsv'
[1.336s] INFO:colcon.colcon_core.shell:Creating package script '/home/niraamay/isro/ros2_try/isro_ws/install/camera_pub/share/camera_pub/package.sh'
[1.336s] INFO:colcon.colcon_core.shell:Creating package script '/home/niraamay/isro/ros2_try/isro_ws/install/camera_pub/share/camera_pub/package.bash'
[1.336s] INFO:colcon.colcon_core.shell:Creating package script '/home/niraamay/isro/ros2_try/isro_ws/install/camera_pub/share/camera_pub/package.zsh'
[1.337s] Level 1:colcon.colcon_core.environment:create_file_with_runtime_dependencies(/home/niraamay/isro/ros2_try/isro_ws/install/camera_pub/share/colcon-core/packages/camera_pub)
[4.958s] DEBUG:colcon.colcon_core.event_handler.log_command:Invoked command in '/home/niraamay/isro/ros2_try/isro_ws/build/camera_feed_pub' returned '0': CMAKE_PREFIX_PATH=/opt/ros/humble /usr/bin/cmake --build /home/niraamay/isro/ros2_try/isro_ws/build/camera_feed_pub -- -j16 -l16
[4.959s] DEBUG:colcon.colcon_core.event_handler.log_command:Invoking command in '/home/niraamay/isro/ros2_try/isro_ws/build/camera_feed_pub': CMAKE_PREFIX_PATH=/opt/ros/humble /usr/bin/cmake --install /home/niraamay/isro/ros2_try/isro_ws/build/camera_feed_pub
[4.964s] Level 1:colcon.colcon_core.environment:create_environment_scripts_only(camera_feed_pub)
[4.965s] Level 1:colcon.colcon_core.environment:checking '/home/niraamay/isro/ros2_try/isro_ws/install/camera_feed_pub' for CMake module files
[4.965s] DEBUG:colcon.colcon_core.event_handler.log_command:Invoked command in '/home/niraamay/isro/ros2_try/isro_ws/build/camera_feed_pub' returned '0': CMAKE_PREFIX_PATH=/opt/ros/humble /usr/bin/cmake --install /home/niraamay/isro/ros2_try/isro_ws/build/camera_feed_pub
[4.965s] Level 1:colcon.colcon_core.environment:checking '/home/niraamay/isro/ros2_try/isro_ws/install/camera_feed_pub' for CMake config files
[4.965s] Level 1:colcon.colcon_core.shell:create_environment_hook('camera_feed_pub', 'cmake_prefix_path')
[4.965s] INFO:colcon.colcon_core.shell:Creating environment hook '/home/niraamay/isro/ros2_try/isro_ws/install/camera_feed_pub/share/camera_feed_pub/hook/cmake_prefix_path.ps1'
[4.966s] INFO:colcon.colcon_core.shell:Creating environment descriptor '/home/niraamay/isro/ros2_try/isro_ws/install/camera_feed_pub/share/camera_feed_pub/hook/cmake_prefix_path.dsv'
[4.966s] INFO:colcon.colcon_core.shell:Creating environment hook '/home/niraamay/isro/ros2_try/isro_ws/install/camera_feed_pub/share/camera_feed_pub/hook/cmake_prefix_path.sh'
[4.966s] Level 1:colcon.colcon_core.environment:checking '/home/niraamay/isro/ros2_try/isro_ws/install/camera_feed_pub/lib'
[4.966s] Level 1:colcon.colcon_core.environment:checking '/home/niraamay/isro/ros2_try/isro_ws/install/camera_feed_pub/bin'
[4.966s] Level 1:colcon.colcon_core.environment:checking '/home/niraamay/isro/ros2_try/isro_ws/install/camera_feed_pub/lib/pkgconfig/camera_feed_pub.pc'
[4.966s] Level 1:colcon.colcon_core.environment:checking '/home/niraamay/isro/ros2_try/isro_ws/install/camera_feed_pub/lib/python3.10/site-packages'
[4.966s] Level 1:colcon.colcon_core.environment:checking '/home/niraamay/isro/ros2_try/isro_ws/install/camera_feed_pub/bin'
[4.967s] INFO:colcon.colcon_core.shell:Creating package script '/home/niraamay/isro/ros2_try/isro_ws/install/camera_feed_pub/share/camera_feed_pub/package.ps1'
[4.967s] INFO:colcon.colcon_core.shell:Creating package descriptor '/home/niraamay/isro/ros2_try/isro_ws/install/camera_feed_pub/share/camera_feed_pub/package.dsv'
[4.967s] INFO:colcon.colcon_core.shell:Creating package script '/home/niraamay/isro/ros2_try/isro_ws/install/camera_feed_pub/share/camera_feed_pub/package.sh'
[4.967s] INFO:colcon.colcon_core.shell:Creating package script '/home/niraamay/isro/ros2_try/isro_ws/install/camera_feed_pub/share/camera_feed_pub/package.bash'
[4.968s] INFO:colcon.colcon_core.shell:Creating package script '/home/niraamay/isro/ros2_try/isro_ws/install/camera_feed_pub/share/camera_feed_pub/package.zsh'
[4.968s] Level 1:colcon.colcon_core.environment:create_file_with_runtime_dependencies(/home/niraamay/isro/ros2_try/isro_ws/install/camera_feed_pub/share/colcon-core/packages/camera_feed_pub)
[4.968s] Level 1:colcon.colcon_core.environment:create_environment_scripts_only(camera_feed_pub)
[4.968s] Level 1:colcon.colcon_core.environment:checking '/home/niraamay/isro/ros2_try/isro_ws/install/camera_feed_pub' for CMake module files
[4.968s] Level 1:colcon.colcon_core.environment:checking '/home/niraamay/isro/ros2_try/isro_ws/install/camera_feed_pub' for CMake config files
[4.968s] Level 1:colcon.colcon_core.shell:create_environment_hook('camera_feed_pub', 'cmake_prefix_path')
[4.969s] INFO:colcon.colcon_core.shell:Creating environment hook '/home/niraamay/isro/ros2_try/isro_ws/install/camera_feed_pub/share/camera_feed_pub/hook/cmake_prefix_path.ps1'
[4.969s] INFO:colcon.colcon_core.shell:Creating environment descriptor '/home/niraamay/isro/ros2_try/isro_ws/install/camera_feed_pub/share/camera_feed_pub/hook/cmake_prefix_path.dsv'
[4.969s] INFO:colcon.colcon_core.shell:Creating environment hook '/home/niraamay/isro/ros2_try/isro_ws/install/camera_feed_pub/share/camera_feed_pub/hook/cmake_prefix_path.sh'
[4.969s] Level 1:colcon.colcon_core.environment:checking '/home/niraamay/isro/ros2_try/isro_ws/install/camera_feed_pub/lib'
[4.969s] Level 1:colcon.colcon_core.environment:checking '/home/niraamay/isro/ros2_try/isro_ws/install/camera_feed_pub/bin'
[4.969s] Level 1:colcon.colcon_core.environment:checking '/home/niraamay/isro/ros2_try/isro_ws/install/camera_feed_pub/lib/pkgconfig/camera_feed_pub.pc'
[4.969s] Level 1:colcon.colcon_core.environment:checking '/home/niraamay/isro/ros2_try/isro_ws/install/camera_feed_pub/lib/python3.10/site-packages'
[4.970s] Level 1:colcon.colcon_core.environment:checking '/home/niraamay/isro/ros2_try/isro_ws/install/camera_feed_pub/bin'
[4.970s] INFO:colcon.colcon_core.shell:Creating package script '/home/niraamay/isro/ros2_try/isro_ws/install/camera_feed_pub/share/camera_feed_pub/package.ps1'
[4.970s] INFO:colcon.colcon_core.shell:Creating package descriptor '/home/niraamay/isro/ros2_try/isro_ws/install/camera_feed_pub/share/camera_feed_pub/package.dsv'
[4.970s] INFO:colcon.colcon_core.shell:Creating package script '/home/niraamay/isro/ros2_try/isro_ws/install/camera_feed_pub/share/camera_feed_pub/package.sh'
[4.970s] INFO:colcon.colcon_core.shell:Creating package script '/home/niraamay/isro/ros2_try/isro_ws/install/camera_feed_pub/share/camera_feed_pub/package.bash'
[4.971s] INFO:colcon.colcon_core.shell:Creating package script '/home/niraamay/isro/ros2_try/isro_ws/install/camera_feed_pub/share/camera_feed_pub/package.zsh'
[4.971s] Level 1:colcon.colcon_core.environment:create_file_with_runtime_dependencies(/home/niraamay/isro/ros2_try/isro_ws/install/camera_feed_pub/share/colcon-core/packages/camera_feed_pub)
[4.971s] DEBUG:colcon.colcon_parallel_executor.executor.parallel:closing loop
[4.971s] DEBUG:colcon.colcon_parallel_executor.executor.parallel:loop closed
[4.971s] DEBUG:colcon.colcon_parallel_executor.executor.parallel:run_until_complete finished with '0'
[4.971s] DEBUG:colcon.colcon_core.event_reactor:joining thread
[4.975s] INFO:colcon.colcon_core.plugin_system:Skipping extension 'colcon_notification.desktop_notification.terminal_notifier': Not used on non-Darwin systems
[4.975s] INFO:colcon.colcon_core.plugin_system:Skipping extension 'colcon_notification.desktop_notification.win32': Not used on non-Windows systems
[4.975s] INFO:colcon.colcon_notification.desktop_notification:Sending desktop notification using 'notify2'
[4.978s] DEBUG:colcon.colcon_core.event_reactor:joined thread
[4.978s] INFO:colcon.colcon_core.shell:Creating prefix script '/home/niraamay/isro/ros2_try/isro_ws/install/local_setup.ps1'
[4.978s] INFO:colcon.colcon_core.shell:Creating prefix util module '/home/niraamay/isro/ros2_try/isro_ws/install/_local_setup_util_ps1.py'
[4.979s] INFO:colcon.colcon_core.shell:Creating prefix chain script '/home/niraamay/isro/ros2_try/isro_ws/install/setup.ps1'
[4.980s] INFO:colcon.colcon_core.shell:Creating prefix script '/home/niraamay/isro/ros2_try/isro_ws/install/local_setup.sh'
[4.980s] INFO:colcon.colcon_core.shell:Creating prefix util module '/home/niraamay/isro/ros2_try/isro_ws/install/_local_setup_util_sh.py'
[4.980s] INFO:colcon.colcon_core.shell:Creating prefix chain script '/home/niraamay/isro/ros2_try/isro_ws/install/setup.sh'
[4.981s] INFO:colcon.colcon_core.shell:Creating prefix script '/home/niraamay/isro/ros2_try/isro_ws/install/local_setup.bash'
[4.981s] INFO:colcon.colcon_core.shell:Creating prefix chain script '/home/niraamay/isro/ros2_try/isro_ws/install/setup.bash'
[4.981s] INFO:colcon.colcon_core.shell:Creating prefix script '/home/niraamay/isro/ros2_try/isro_ws/install/local_setup.zsh'
[4.982s] INFO:colcon.colcon_core.shell:Creating prefix chain script '/home/niraamay/isro/ros2_try/isro_ws/install/setup.zsh'
