[0.916s] Invoking command in '/home/niraamay/isro_ros2_try/ros_ws/src/py_img_sub': PS1=\[\033[1;32m\]\u@\h\[\033[0m\]:\[\033[1;34m\]\w\[\033[1;33m\]$(parse_git_branch)\[\033[0m\]$ PYTHONPATH=/home/niraamay/isro_ros2_try/ros_ws/build/py_img_sub/prefix_override:/usr/lib/python3/dist-packages/colcon_core/task/python/colcon_distutils_commands:/home/niraamay/isro_ros2_try/ros_ws/install/py_img_sub/lib/python3.10/site-packages:${PYTHONPATH} /usr/bin/python3 -W ignore:setup.py install is deprecated -W ignore:easy_install command is deprecated setup.py egg_info --egg-base ../../build/py_img_sub build --build-base /home/niraamay/isro_ros2_try/ros_ws/build/py_img_sub/build install --record /home/niraamay/isro_ros2_try/ros_ws/build/py_img_sub/install.log --single-version-externally-managed install_data
[1.160s] running egg_info
[1.161s] writing ../../build/py_img_sub/py_img_sub.egg-info/PKG-INFO
[1.161s] writing dependency_links to ../../build/py_img_sub/py_img_sub.egg-info/dependency_links.txt
[1.162s] writing entry points to ../../build/py_img_sub/py_img_sub.egg-info/entry_points.txt
[1.162s] writing requirements to ../../build/py_img_sub/py_img_sub.egg-info/requires.txt
[1.162s] writing top-level names to ../../build/py_img_sub/py_img_sub.egg-info/top_level.txt
[1.163s] reading manifest file '../../build/py_img_sub/py_img_sub.egg-info/SOURCES.txt'
[1.163s] adding license file 'LICENSE'
[1.164s] writing manifest file '../../build/py_img_sub/py_img_sub.egg-info/SOURCES.txt'
[1.164s] running build
[1.164s] running build_py
[1.164s] running install
[1.164s] running install_lib
[1.166s] running install_data
[1.166s] running install_egg_info
[1.167s] removing '/home/niraamay/isro_ros2_try/ros_ws/install/py_img_sub/lib/python3.10/site-packages/py_img_sub-0.0.0-py3.10.egg-info' (and everything under it)
[1.168s] Copying ../../build/py_img_sub/py_img_sub.egg-info to /home/niraamay/isro_ros2_try/ros_ws/install/py_img_sub/lib/python3.10/site-packages/py_img_sub-0.0.0-py3.10.egg-info
[1.168s] running install_scripts
[1.190s] Installing py_img_sub script to /home/niraamay/isro_ros2_try/ros_ws/install/py_img_sub/lib/py_img_sub
[1.190s] writing list of installed files to '/home/niraamay/isro_ros2_try/ros_ws/build/py_img_sub/install.log'
[1.224s] Invoked command in '/home/niraamay/isro_ros2_try/ros_ws/src/py_img_sub' returned '0': PS1=\[\033[1;32m\]\u@\h\[\033[0m\]:\[\033[1;34m\]\w\[\033[1;33m\]$(parse_git_branch)\[\033[0m\]$ PYTHONPATH=/home/niraamay/isro_ros2_try/ros_ws/build/py_img_sub/prefix_override:/usr/lib/python3/dist-packages/colcon_core/task/python/colcon_distutils_commands:/home/niraamay/isro_ros2_try/ros_ws/install/py_img_sub/lib/python3.10/site-packages:${PYTHONPATH} /usr/bin/python3 -W ignore:setup.py install is deprecated -W ignore:easy_install command is deprecated setup.py egg_info --egg-base ../../build/py_img_sub build --build-base /home/niraamay/isro_ros2_try/ros_ws/build/py_img_sub/build install --record /home/niraamay/isro_ros2_try/ros_ws/build/py_img_sub/install.log --single-version-externally-managed install_data
