[0.078s] DEBUG:colcon:Command line arguments: ['/usr/bin/colcon', 'list', '-p', '--base-paths', '/home/niraamay/isro_ros2_try/ros_ws']
[0.078s] DEBUG:colcon:Parsed command line arguments: Namespace(log_base=None, log_level=None, verb_name='list', build_base='build', ignore_user_meta=False, metas=['./colcon.meta'], base_paths=['/home/niraamay/isro_ros2_try/ros_ws'], packages_ignore=None, packages_ignore_regex=None, paths=None, packages_up_to=None, packages_up_to_regex=None, packages_above=None, packages_above_and_dependencies=None, packages_above_depth=None, packages_select_by_dep=None, packages_skip_by_dep=None, packages_skip_up_to=None, packages_select_build_failed=False, packages_skip_build_finished=False, packages_select_test_failures=False, packages_skip_test_passed=False, packages_select=None, packages_skip=None, packages_select_regex=None, packages_skip_regex=None, packages_start=None, packages_end=None, allow_overriding=[], topological_order=False, names_only=False, paths_only=True, topological_graph=False, topological_graph_dot=False, topological_graph_density=False, topological_graph_legend=False, topological_graph_dot_cluster=False, topological_graph_dot_include_skipped=False, verb_parser=<colcon_defaults.argument_parser.defaults.DefaultArgumentsDecorator object at 0x7f75ad3db640>, verb_extension=<colcon_package_information.verb.list.ListVerb object at 0x7f75ad3da200>, main=<bound method ListVerb.main of <colcon_package_information.verb.list.ListVerb object at 0x7f75ad3da200>>)
[0.201s] Level 1:colcon.colcon_core.package_discovery:discover_packages(colcon_meta) check parameters
[0.201s] Level 1:colcon.colcon_core.package_discovery:discover_packages(recursive) check parameters
[0.201s] Level 1:colcon.colcon_core.package_discovery:discover_packages(ignore) check parameters
[0.201s] Level 1:colcon.colcon_core.package_discovery:discover_packages(path) check parameters
[0.201s] Level 1:colcon.colcon_core.package_discovery:discover_packages(recursive) discover
[0.201s] INFO:colcon.colcon_core.package_discovery:Crawling recursively for packages in '/home/niraamay/isro_ros2_try/ros_ws'
[0.202s] Level 1:colcon.colcon_core.package_identification:_identify(/home/niraamay/isro_ros2_try/ros_ws) by extensions ['ignore', 'ignore_ament_install']
[0.202s] Level 1:colcon.colcon_core.package_identification:_identify(/home/niraamay/isro_ros2_try/ros_ws) by extension 'ignore'
[0.202s] Level 1:colcon.colcon_core.package_identification:_identify(/home/niraamay/isro_ros2_try/ros_ws) by extension 'ignore_ament_install'
[0.202s] Level 1:colcon.colcon_core.package_identification:_identify(/home/niraamay/isro_ros2_try/ros_ws) by extensions ['colcon_pkg']
[0.202s] Level 1:colcon.colcon_core.package_identification:_identify(/home/niraamay/isro_ros2_try/ros_ws) by extension 'colcon_pkg'
[0.202s] Level 1:colcon.colcon_core.package_identification:_identify(/home/niraamay/isro_ros2_try/ros_ws) by extensions ['colcon_meta']
[0.202s] Level 1:colcon.colcon_core.package_identification:_identify(/home/niraamay/isro_ros2_try/ros_ws) by extension 'colcon_meta'
[0.202s] Level 1:colcon.colcon_core.package_identification:_identify(/home/niraamay/isro_ros2_try/ros_ws) by extensions ['ros']
[0.202s] Level 1:colcon.colcon_core.package_identification:_identify(/home/niraamay/isro_ros2_try/ros_ws) by extension 'ros'
[0.209s] Level 1:colcon.colcon_core.package_identification:_identify(/home/niraamay/isro_ros2_try/ros_ws) by extensions ['cmake', 'python']
[0.210s] Level 1:colcon.colcon_core.package_identification:_identify(/home/niraamay/isro_ros2_try/ros_ws) by extension 'cmake'
[0.210s] Level 1:colcon.colcon_core.package_identification:_identify(/home/niraamay/isro_ros2_try/ros_ws) by extension 'python'
[0.210s] Level 1:colcon.colcon_core.package_identification:_identify(/home/niraamay/isro_ros2_try/ros_ws) by extensions ['python_setup_py']
[0.210s] Level 1:colcon.colcon_core.package_identification:_identify(/home/niraamay/isro_ros2_try/ros_ws) by extension 'python_setup_py'
[0.210s] Level 1:colcon.colcon_core.package_identification:_identify(/home/niraamay/isro_ros2_try/ros_ws/build) by extensions ['ignore', 'ignore_ament_install']
[0.210s] Level 1:colcon.colcon_core.package_identification:_identify(/home/niraamay/isro_ros2_try/ros_ws/build) by extension 'ignore'
[0.210s] Level 1:colcon.colcon_core.package_identification:_identify(/home/niraamay/isro_ros2_try/ros_ws/build) ignored
[0.210s] Level 1:colcon.colcon_core.package_identification:_identify(/home/niraamay/isro_ros2_try/ros_ws/install) by extensions ['ignore', 'ignore_ament_install']
[0.210s] Level 1:colcon.colcon_core.package_identification:_identify(/home/niraamay/isro_ros2_try/ros_ws/install) by extension 'ignore'
[0.210s] Level 1:colcon.colcon_core.package_identification:_identify(/home/niraamay/isro_ros2_try/ros_ws/install) ignored
[0.210s] Level 1:colcon.colcon_core.package_identification:_identify(/home/niraamay/isro_ros2_try/ros_ws/log) by extensions ['ignore', 'ignore_ament_install']
[0.210s] Level 1:colcon.colcon_core.package_identification:_identify(/home/niraamay/isro_ros2_try/ros_ws/log) by extension 'ignore'
[0.210s] Level 1:colcon.colcon_core.package_identification:_identify(/home/niraamay/isro_ros2_try/ros_ws/log) ignored
[0.210s] Level 1:colcon.colcon_core.package_identification:_identify(/home/niraamay/isro_ros2_try/ros_ws/src) by extensions ['ignore', 'ignore_ament_install']
[0.210s] Level 1:colcon.colcon_core.package_identification:_identify(/home/niraamay/isro_ros2_try/ros_ws/src) by extension 'ignore'
[0.210s] Level 1:colcon.colcon_core.package_identification:_identify(/home/niraamay/isro_ros2_try/ros_ws/src) by extension 'ignore_ament_install'
[0.210s] Level 1:colcon.colcon_core.package_identification:_identify(/home/niraamay/isro_ros2_try/ros_ws/src) by extensions ['colcon_pkg']
[0.210s] Level 1:colcon.colcon_core.package_identification:_identify(/home/niraamay/isro_ros2_try/ros_ws/src) by extension 'colcon_pkg'
[0.210s] Level 1:colcon.colcon_core.package_identification:_identify(/home/niraamay/isro_ros2_try/ros_ws/src) by extensions ['colcon_meta']
[0.210s] Level 1:colcon.colcon_core.package_identification:_identify(/home/niraamay/isro_ros2_try/ros_ws/src) by extension 'colcon_meta'
[0.210s] Level 1:colcon.colcon_core.package_identification:_identify(/home/niraamay/isro_ros2_try/ros_ws/src) by extensions ['ros']
[0.210s] Level 1:colcon.colcon_core.package_identification:_identify(/home/niraamay/isro_ros2_try/ros_ws/src) by extension 'ros'
[0.211s] Level 1:colcon.colcon_core.package_identification:_identify(/home/niraamay/isro_ros2_try/ros_ws/src) by extensions ['cmake', 'python']
[0.211s] Level 1:colcon.colcon_core.package_identification:_identify(/home/niraamay/isro_ros2_try/ros_ws/src) by extension 'cmake'
[0.211s] Level 1:colcon.colcon_core.package_identification:_identify(/home/niraamay/isro_ros2_try/ros_ws/src) by extension 'python'
[0.211s] Level 1:colcon.colcon_core.package_identification:_identify(/home/niraamay/isro_ros2_try/ros_ws/src) by extensions ['python_setup_py']
[0.211s] Level 1:colcon.colcon_core.package_identification:_identify(/home/niraamay/isro_ros2_try/ros_ws/src) by extension 'python_setup_py'
[0.211s] Level 1:colcon.colcon_core.package_identification:_identify(/home/niraamay/isro_ros2_try/ros_ws/src/camera_feed_pub) by extensions ['ignore', 'ignore_ament_install']
[0.211s] Level 1:colcon.colcon_core.package_identification:_identify(/home/niraamay/isro_ros2_try/ros_ws/src/camera_feed_pub) by extension 'ignore'
[0.211s] Level 1:colcon.colcon_core.package_identification:_identify(/home/niraamay/isro_ros2_try/ros_ws/src/camera_feed_pub) by extension 'ignore_ament_install'
[0.211s] Level 1:colcon.colcon_core.package_identification:_identify(/home/niraamay/isro_ros2_try/ros_ws/src/camera_feed_pub) by extensions ['colcon_pkg']
[0.211s] Level 1:colcon.colcon_core.package_identification:_identify(/home/niraamay/isro_ros2_try/ros_ws/src/camera_feed_pub) by extension 'colcon_pkg'
[0.211s] Level 1:colcon.colcon_core.package_identification:_identify(/home/niraamay/isro_ros2_try/ros_ws/src/camera_feed_pub) by extensions ['colcon_meta']
[0.211s] Level 1:colcon.colcon_core.package_identification:_identify(/home/niraamay/isro_ros2_try/ros_ws/src/camera_feed_pub) by extension 'colcon_meta'
[0.211s] Level 1:colcon.colcon_core.package_identification:_identify(/home/niraamay/isro_ros2_try/ros_ws/src/camera_feed_pub) by extensions ['ros']
[0.211s] Level 1:colcon.colcon_core.package_identification:_identify(/home/niraamay/isro_ros2_try/ros_ws/src/camera_feed_pub) by extension 'ros'
[0.213s] DEBUG:colcon.colcon_core.package_identification:Package '/home/niraamay/isro_ros2_try/ros_ws/src/camera_feed_pub' with type 'ros.ament_cmake' and name 'camera_feed_pub'
[0.213s] Level 1:colcon.colcon_core.package_identification:_identify(/home/niraamay/isro_ros2_try/ros_ws/src/drone_control_pkg) by extensions ['ignore', 'ignore_ament_install']
[0.213s] Level 1:colcon.colcon_core.package_identification:_identify(/home/niraamay/isro_ros2_try/ros_ws/src/drone_control_pkg) by extension 'ignore'
[0.213s] Level 1:colcon.colcon_core.package_identification:_identify(/home/niraamay/isro_ros2_try/ros_ws/src/drone_control_pkg) by extension 'ignore_ament_install'
[0.213s] Level 1:colcon.colcon_core.package_identification:_identify(/home/niraamay/isro_ros2_try/ros_ws/src/drone_control_pkg) by extensions ['colcon_pkg']
[0.213s] Level 1:colcon.colcon_core.package_identification:_identify(/home/niraamay/isro_ros2_try/ros_ws/src/drone_control_pkg) by extension 'colcon_pkg'
[0.213s] Level 1:colcon.colcon_core.package_identification:_identify(/home/niraamay/isro_ros2_try/ros_ws/src/drone_control_pkg) by extensions ['colcon_meta']
[0.213s] Level 1:colcon.colcon_core.package_identification:_identify(/home/niraamay/isro_ros2_try/ros_ws/src/drone_control_pkg) by extension 'colcon_meta'
[0.213s] Level 1:colcon.colcon_core.package_identification:_identify(/home/niraamay/isro_ros2_try/ros_ws/src/drone_control_pkg) by extensions ['ros']
[0.213s] Level 1:colcon.colcon_core.package_identification:_identify(/home/niraamay/isro_ros2_try/ros_ws/src/drone_control_pkg) by extension 'ros'
[0.214s] DEBUG:colcon.colcon_core.package_identification:Package '/home/niraamay/isro_ros2_try/ros_ws/src/drone_control_pkg' with type 'ros.ament_python' and name 'drone_control_pkg'
[0.214s] Level 1:colcon.colcon_core.package_identification:_identify(/home/niraamay/isro_ros2_try/ros_ws/src/orbslam_pub) by extensions ['ignore', 'ignore_ament_install']
[0.214s] Level 1:colcon.colcon_core.package_identification:_identify(/home/niraamay/isro_ros2_try/ros_ws/src/orbslam_pub) by extension 'ignore'
[0.214s] Level 1:colcon.colcon_core.package_identification:_identify(/home/niraamay/isro_ros2_try/ros_ws/src/orbslam_pub) by extension 'ignore_ament_install'
[0.214s] Level 1:colcon.colcon_core.package_identification:_identify(/home/niraamay/isro_ros2_try/ros_ws/src/orbslam_pub) by extensions ['colcon_pkg']
[0.214s] Level 1:colcon.colcon_core.package_identification:_identify(/home/niraamay/isro_ros2_try/ros_ws/src/orbslam_pub) by extension 'colcon_pkg'
[0.214s] Level 1:colcon.colcon_core.package_identification:_identify(/home/niraamay/isro_ros2_try/ros_ws/src/orbslam_pub) by extensions ['colcon_meta']
[0.214s] Level 1:colcon.colcon_core.package_identification:_identify(/home/niraamay/isro_ros2_try/ros_ws/src/orbslam_pub) by extension 'colcon_meta'
[0.214s] Level 1:colcon.colcon_core.package_identification:_identify(/home/niraamay/isro_ros2_try/ros_ws/src/orbslam_pub) by extensions ['ros']
[0.214s] Level 1:colcon.colcon_core.package_identification:_identify(/home/niraamay/isro_ros2_try/ros_ws/src/orbslam_pub) by extension 'ros'
[0.214s] DEBUG:colcon.colcon_core.package_identification:Package '/home/niraamay/isro_ros2_try/ros_ws/src/orbslam_pub' with type 'ros.ament_cmake' and name 'orbslam_pub'
[0.215s] Level 1:colcon.colcon_core.package_identification:_identify(/home/niraamay/isro_ros2_try/ros_ws/src/py_img_sub) by extensions ['ignore', 'ignore_ament_install']
[0.215s] Level 1:colcon.colcon_core.package_identification:_identify(/home/niraamay/isro_ros2_try/ros_ws/src/py_img_sub) by extension 'ignore'
[0.215s] Level 1:colcon.colcon_core.package_identification:_identify(/home/niraamay/isro_ros2_try/ros_ws/src/py_img_sub) by extension 'ignore_ament_install'
[0.215s] Level 1:colcon.colcon_core.package_identification:_identify(/home/niraamay/isro_ros2_try/ros_ws/src/py_img_sub) by extensions ['colcon_pkg']
[0.215s] Level 1:colcon.colcon_core.package_identification:_identify(/home/niraamay/isro_ros2_try/ros_ws/src/py_img_sub) by extension 'colcon_pkg'
[0.215s] Level 1:colcon.colcon_core.package_identification:_identify(/home/niraamay/isro_ros2_try/ros_ws/src/py_img_sub) by extensions ['colcon_meta']
[0.215s] Level 1:colcon.colcon_core.package_identification:_identify(/home/niraamay/isro_ros2_try/ros_ws/src/py_img_sub) by extension 'colcon_meta'
[0.215s] Level 1:colcon.colcon_core.package_identification:_identify(/home/niraamay/isro_ros2_try/ros_ws/src/py_img_sub) by extensions ['ros']
[0.215s] Level 1:colcon.colcon_core.package_identification:_identify(/home/niraamay/isro_ros2_try/ros_ws/src/py_img_sub) by extension 'ros'
[0.215s] DEBUG:colcon.colcon_core.package_identification:Package '/home/niraamay/isro_ros2_try/ros_ws/src/py_img_sub' with type 'ros.ament_python' and name 'py_img_sub'
[0.215s] Level 1:colcon.colcon_core.package_discovery:discover_packages(recursive) using defaults
