[0.264s] Invoking command in '/home/niraamay/isro_ros2_try/ros2_try/isro_ws/build/orbslam_pub': CMAKE_PREFIX_PATH=/opt/ros/humble /usr/bin/cmake /home/niraamay/isro_ros2_try/ros2_try/isro_ws/src/orbslam_pub -DCMAKE_INSTALL_PREFIX=/home/niraamay/isro_ros2_try/ros2_try/isro_ws/install/orbslam_pub
[0.312s] -- The C compiler identification is GNU 11.4.0
[0.365s] -- The CXX compiler identification is GNU 11.4.0
[0.372s] -- Detecting C compiler ABI info
[0.432s] -- Detecting C compiler ABI info - done
[0.445s] -- Check for working C compiler: /usr/bin/cc - skipped
[0.445s] -- Detecting C compile features
[0.445s] -- Detecting C compile features - done
[0.449s] -- Detecting CXX compiler ABI info
[0.519s] -- Detecting CXX compiler ABI info - done
[0.532s] -- Check for working CXX compiler: /usr/bin/c++ - skipped
[0.533s] -- Detecting CXX compile features
[0.533s] -- Detecting CXX compile features - done
[0.535s] -- Found ament_cmake: 1.3.11 (/opt/ros/humble/share/ament_cmake/cmake)
[0.689s] -- Found Python3: /usr/bin/python3 (found version "3.10.12") found components: Interpreter 
[0.776s] -- Found rclcpp: 16.0.11 (/opt/ros/humble/share/rclcpp/cmake)
[0.815s] -- Found rosidl_generator_c: 3.1.6 (/opt/ros/humble/share/rosidl_generator_c/cmake)
[0.819s] -- Found rosidl_adapter: 3.1.6 (/opt/ros/humble/share/rosidl_adapter/cmake)
[0.827s] -- Found rosidl_generator_cpp: 3.1.6 (/opt/ros/humble/share/rosidl_generator_cpp/cmake)
[0.839s] -- Using all available rosidl_typesupport_c: rosidl_typesupport_fastrtps_c;rosidl_typesupport_introspection_c
[0.854s] -- Using all available rosidl_typesupport_cpp: rosidl_typesupport_fastrtps_cpp;rosidl_typesupport_introspection_cpp
[0.896s] -- Found rmw_implementation_cmake: 6.1.2 (/opt/ros/humble/share/rmw_implementation_cmake/cmake)
[0.898s] -- Found rmw_fastrtps_cpp: 6.2.7 (/opt/ros/humble/share/rmw_fastrtps_cpp/cmake)
[0.980s] -- Found OpenSSL: /usr/lib/x86_64-linux-gnu/libcrypto.so (found version "3.0.2")  
[1.007s] -- Found FastRTPS: /opt/ros/humble/include  
[1.049s] -- Using RMW implementation 'rmw_fastrtps_cpp' as default
[1.056s] -- Looking for pthread.h
[1.119s] -- Looking for pthread.h - found
[1.120s] -- Performing Test CMAKE_HAVE_LIBC_PTHREAD
[1.184s] -- Performing Test CMAKE_HAVE_LIBC_PTHREAD - Success
[1.185s] -- Found Threads: TRUE  
[1.237s] -- Found sensor_msgs: 4.2.4 (/opt/ros/humble/share/sensor_msgs/cmake)
[1.269s] -- Found cv_bridge: 3.2.1 (/opt/ros/humble/share/cv_bridge/cmake)
[1.281s] -- Found image_transport: 3.1.11 (/opt/ros/humble/share/image_transport/cmake)
[1.314s] -- Found OpenCV: /usr (found version "4.5.4") 
[1.330s] -- Found OpenGL: /usr/lib/x86_64-linux-gnu/libOpenGL.so  found components: OpenGL 
[1.340s] -- Found Boost: /usr/lib/x86_64-linux-gnu/cmake/Boost-1.74.0/BoostConfig.cmake (found version "1.74.0") found components: serialization 
[1.408s] -- Configuring done
[1.422s] -- Generating done
[1.427s] -- Build files have been written to: /home/niraamay/isro_ros2_try/ros2_try/isro_ws/build/orbslam_pub
[1.439s] Invoked command in '/home/niraamay/isro_ros2_try/ros2_try/isro_ws/build/orbslam_pub' returned '0': CMAKE_PREFIX_PATH=/opt/ros/humble /usr/bin/cmake /home/niraamay/isro_ros2_try/ros2_try/isro_ws/src/orbslam_pub -DCMAKE_INSTALL_PREFIX=/home/niraamay/isro_ros2_try/ros2_try/isro_ws/install/orbslam_pub
[1.440s] Invoking command in '/home/niraamay/isro_ros2_try/ros2_try/isro_ws/build/orbslam_pub': CMAKE_PREFIX_PATH=/opt/ros/humble /usr/bin/cmake --build /home/niraamay/isro_ros2_try/ros2_try/isro_ws/build/orbslam_pub -- -j16 -l16
[1.479s] [ 50%] [32mBuilding CXX object CMakeFiles/getpose.dir/src/orbslam_getpose.cpp.o[0m
[9.562s] [100%] [32m[1mLinking CXX executable getpose[0m
[9.941s] [100%] Built target getpose
[9.946s] Invoked command in '/home/niraamay/isro_ros2_try/ros2_try/isro_ws/build/orbslam_pub' returned '0': CMAKE_PREFIX_PATH=/opt/ros/humble /usr/bin/cmake --build /home/niraamay/isro_ros2_try/ros2_try/isro_ws/build/orbslam_pub -- -j16 -l16
[9.948s] Invoking command in '/home/niraamay/isro_ros2_try/ros2_try/isro_ws/build/orbslam_pub': CMAKE_PREFIX_PATH=/opt/ros/humble /usr/bin/cmake --install /home/niraamay/isro_ros2_try/ros2_try/isro_ws/build/orbslam_pub
[9.951s] -- Install configuration: ""
[9.951s] -- Installing: /home/niraamay/isro_ros2_try/ros2_try/isro_ws/install/orbslam_pub/lib/orbslam_pub/getpose
[9.951s] -- Installing: /home/niraamay/isro_ros2_try/ros2_try/isro_ws/install/orbslam_pub/share/ament_index/resource_index/package_run_dependencies/orbslam_pub
[9.951s] -- Installing: /home/niraamay/isro_ros2_try/ros2_try/isro_ws/install/orbslam_pub/share/ament_index/resource_index/parent_prefix_path/orbslam_pub
[9.951s] -- Installing: /home/niraamay/isro_ros2_try/ros2_try/isro_ws/install/orbslam_pub/share/orbslam_pub/environment/ament_prefix_path.sh
[9.952s] -- Installing: /home/niraamay/isro_ros2_try/ros2_try/isro_ws/install/orbslam_pub/share/orbslam_pub/environment/ament_prefix_path.dsv
[9.952s] -- Installing: /home/niraamay/isro_ros2_try/ros2_try/isro_ws/install/orbslam_pub/share/orbslam_pub/environment/path.sh
[9.952s] -- Installing: /home/niraamay/isro_ros2_try/ros2_try/isro_ws/install/orbslam_pub/share/orbslam_pub/environment/path.dsv
[9.952s] -- Installing: /home/niraamay/isro_ros2_try/ros2_try/isro_ws/install/orbslam_pub/share/orbslam_pub/local_setup.bash
[9.952s] -- Installing: /home/niraamay/isro_ros2_try/ros2_try/isro_ws/install/orbslam_pub/share/orbslam_pub/local_setup.sh
[9.952s] -- Installing: /home/niraamay/isro_ros2_try/ros2_try/isro_ws/install/orbslam_pub/share/orbslam_pub/local_setup.zsh
[9.952s] -- Installing: /home/niraamay/isro_ros2_try/ros2_try/isro_ws/install/orbslam_pub/share/orbslam_pub/local_setup.dsv
[9.952s] -- Installing: /home/niraamay/isro_ros2_try/ros2_try/isro_ws/install/orbslam_pub/share/orbslam_pub/package.dsv
[9.952s] -- Installing: /home/niraamay/isro_ros2_try/ros2_try/isro_ws/install/orbslam_pub/share/ament_index/resource_index/packages/orbslam_pub
[9.952s] -- Installing: /home/niraamay/isro_ros2_try/ros2_try/isro_ws/install/orbslam_pub/share/orbslam_pub/cmake/orbslam_pubConfig.cmake
[9.952s] -- Installing: /home/niraamay/isro_ros2_try/ros2_try/isro_ws/install/orbslam_pub/share/orbslam_pub/cmake/orbslam_pubConfig-version.cmake
[9.952s] -- Up-to-date: /home/niraamay/isro_ros2_try/ros2_try/isro_ws/install/orbslam_pub/share/orbslam_pub/package.xml
[9.953s] Invoked command in '/home/niraamay/isro_ros2_try/ros2_try/isro_ws/build/orbslam_pub' returned '0': CMAKE_PREFIX_PATH=/opt/ros/humble /usr/bin/cmake --install /home/niraamay/isro_ros2_try/ros2_try/isro_ws/build/orbslam_pub
