[0.011s] Invoking command in '/home/niraamay/isro/ros2_try/isro_ws/build/camera_feed_pub': CMAKE_PREFIX_PATH=${CMAKE_PREFIX_PATH}:/home/niraamay/isro/ros2_try/isro_ws/install/camera_pub:/opt/ros/humble /usr/bin/cmake --build /home/niraamay/isro/ros2_try/isro_ws/build/camera_feed_pub -- -j16 -l16
[0.057s] [35m[1mConsolidate compiler generated dependencies of target camera_feed_pub[0m
[0.089s] [ 50%] [32mBuilding CXX object CMakeFiles/camera_feed_pub.dir/src/camera_feed_pub.cpp.o[0m
[4.889s] [100%] [32m[1mLinking CXX executable camera_feed_pub[0m
[5.510s] [100%] Built target camera_feed_pub
[5.522s] Invoked command in '/home/niraamay/isro/ros2_try/isro_ws/build/camera_feed_pub' returned '0': CMAKE_PREFIX_PATH=${CMAKE_PREFIX_PATH}:/home/niraamay/isro/ros2_try/isro_ws/install/camera_pub:/opt/ros/humble /usr/bin/cmake --build /home/niraamay/isro/ros2_try/isro_ws/build/camera_feed_pub -- -j16 -l16
[5.534s] Invoking command in '/home/niraamay/isro/ros2_try/isro_ws/build/camera_feed_pub': CMAKE_PREFIX_PATH=${CMAKE_PREFIX_PATH}:/home/niraamay/isro/ros2_try/isro_ws/install/camera_pub:/opt/ros/humble /usr/bin/cmake --install /home/niraamay/isro/ros2_try/isro_ws/build/camera_feed_pub
[5.541s] -- Install configuration: ""
[5.541s] -- Installing: /home/niraamay/isro/ros2_try/isro_ws/install/camera_feed_pub/lib/camera_feed_pub/camera_feed_pub
[5.542s] -- Set runtime path of "/home/niraamay/isro/ros2_try/isro_ws/install/camera_feed_pub/lib/camera_feed_pub/camera_feed_pub" to ""
[5.542s] -- Installing: /home/niraamay/isro/ros2_try/isro_ws/install/camera_feed_pub/share/ament_index/resource_index/package_run_dependencies/camera_feed_pub
[5.543s] -- Installing: /home/niraamay/isro/ros2_try/isro_ws/install/camera_feed_pub/share/ament_index/resource_index/parent_prefix_path/camera_feed_pub
[5.543s] -- Installing: /home/niraamay/isro/ros2_try/isro_ws/install/camera_feed_pub/share/camera_feed_pub/environment/ament_prefix_path.sh
[5.543s] -- Installing: /home/niraamay/isro/ros2_try/isro_ws/install/camera_feed_pub/share/camera_feed_pub/environment/ament_prefix_path.dsv
[5.543s] -- Installing: /home/niraamay/isro/ros2_try/isro_ws/install/camera_feed_pub/share/camera_feed_pub/environment/path.sh
[5.543s] -- Installing: /home/niraamay/isro/ros2_try/isro_ws/install/camera_feed_pub/share/camera_feed_pub/environment/path.dsv
[5.543s] -- Installing: /home/niraamay/isro/ros2_try/isro_ws/install/camera_feed_pub/share/camera_feed_pub/local_setup.bash
[5.543s] -- Installing: /home/niraamay/isro/ros2_try/isro_ws/install/camera_feed_pub/share/camera_feed_pub/local_setup.sh
[5.543s] -- Installing: /home/niraamay/isro/ros2_try/isro_ws/install/camera_feed_pub/share/camera_feed_pub/local_setup.zsh
[5.544s] -- Installing: /home/niraamay/isro/ros2_try/isro_ws/install/camera_feed_pub/share/camera_feed_pub/local_setup.dsv
[5.544s] -- Installing: /home/niraamay/isro/ros2_try/isro_ws/install/camera_feed_pub/share/camera_feed_pub/package.dsv
[5.545s] -- Installing: /home/niraamay/isro/ros2_try/isro_ws/install/camera_feed_pub/share/ament_index/resource_index/packages/camera_feed_pub
[5.545s] -- Installing: /home/niraamay/isro/ros2_try/isro_ws/install/camera_feed_pub/share/camera_feed_pub/cmake/camera_feed_pubConfig.cmake
[5.546s] -- Installing: /home/niraamay/isro/ros2_try/isro_ws/install/camera_feed_pub/share/camera_feed_pub/cmake/camera_feed_pubConfig-version.cmake
[5.546s] -- Installing: /home/niraamay/isro/ros2_try/isro_ws/install/camera_feed_pub/share/camera_feed_pub/package.xml
[5.549s] Invoked command in '/home/niraamay/isro/ros2_try/isro_ws/build/camera_feed_pub' returned '0': CMAKE_PREFIX_PATH=${CMAKE_PREFIX_PATH}:/home/niraamay/isro/ros2_try/isro_ws/install/camera_pub:/opt/ros/humble /usr/bin/cmake --install /home/niraamay/isro/ros2_try/isro_ws/build/camera_feed_pub
