[0.019s] Invoking command in '/home/niraamay/isro_ros2_try/ros_ws/build/orbslam_pub': CMAKE_PREFIX_PATH=${CMAKE_PREFIX_PATH}:/home/niraamay/isro_ros2_try/ros_ws/install/camera_pub:/opt/ros/humble PS1=\[\033[1;32m\]\u@\h\[\033[0m\]:\[\033[1;34m\]\w\[\033[1;33m\]$(parse_git_branch)\[\033[0m\]$ /usr/bin/cmake --build /home/niraamay/isro_ros2_try/ros_ws/build/orbslam_pub -- -j16 -l16
[0.051s] [35m[1mConsolidate compiler generated dependencies of target getpose[0m
[0.075s] [100%] Built target getpose
[0.087s] Invoked command in '/home/niraamay/isro_ros2_try/ros_ws/build/orbslam_pub' returned '0': CMAKE_PREFIX_PATH=${CMAKE_PREFIX_PATH}:/home/niraamay/isro_ros2_try/ros_ws/install/camera_pub:/opt/ros/humble PS1=\[\033[1;32m\]\u@\h\[\033[0m\]:\[\033[1;34m\]\w\[\033[1;33m\]$(parse_git_branch)\[\033[0m\]$ /usr/bin/cmake --build /home/niraamay/isro_ros2_try/ros_ws/build/orbslam_pub -- -j16 -l16
[0.089s] Invoking command in '/home/niraamay/isro_ros2_try/ros_ws/build/orbslam_pub': CMAKE_PREFIX_PATH=${CMAKE_PREFIX_PATH}:/home/niraamay/isro_ros2_try/ros_ws/install/camera_pub:/opt/ros/humble PS1=\[\033[1;32m\]\u@\h\[\033[0m\]:\[\033[1;34m\]\w\[\033[1;33m\]$(parse_git_branch)\[\033[0m\]$ /usr/bin/cmake --install /home/niraamay/isro_ros2_try/ros_ws/build/orbslam_pub
[0.095s] -- Install configuration: ""
[0.095s] -- Up-to-date: /home/niraamay/isro_ros2_try/ros_ws/install/orbslam_pub/lib/orbslam_pub/getpose
[0.095s] -- Up-to-date: /home/niraamay/isro_ros2_try/ros_ws/install/orbslam_pub/share/ament_index/resource_index/package_run_dependencies/orbslam_pub
[0.095s] -- Up-to-date: /home/niraamay/isro_ros2_try/ros_ws/install/orbslam_pub/share/ament_index/resource_index/parent_prefix_path/orbslam_pub
[0.095s] -- Up-to-date: /home/niraamay/isro_ros2_try/ros_ws/install/orbslam_pub/share/orbslam_pub/environment/ament_prefix_path.sh
[0.095s] -- Up-to-date: /home/niraamay/isro_ros2_try/ros_ws/install/orbslam_pub/share/orbslam_pub/environment/ament_prefix_path.dsv
[0.095s] -- Up-to-date: /home/niraamay/isro_ros2_try/ros_ws/install/orbslam_pub/share/orbslam_pub/environment/path.sh
[0.095s] -- Up-to-date: /home/niraamay/isro_ros2_try/ros_ws/install/orbslam_pub/share/orbslam_pub/environment/path.dsv
[0.095s] -- Up-to-date: /home/niraamay/isro_ros2_try/ros_ws/install/orbslam_pub/share/orbslam_pub/local_setup.bash
[0.095s] -- Up-to-date: /home/niraamay/isro_ros2_try/ros_ws/install/orbslam_pub/share/orbslam_pub/local_setup.sh
[0.095s] -- Up-to-date: /home/niraamay/isro_ros2_try/ros_ws/install/orbslam_pub/share/orbslam_pub/local_setup.zsh
[0.095s] -- Up-to-date: /home/niraamay/isro_ros2_try/ros_ws/install/orbslam_pub/share/orbslam_pub/local_setup.dsv
[0.095s] -- Installing: /home/niraamay/isro_ros2_try/ros_ws/install/orbslam_pub/share/orbslam_pub/package.dsv
[0.095s] -- Up-to-date: /home/niraamay/isro_ros2_try/ros_ws/install/orbslam_pub/share/ament_index/resource_index/packages/orbslam_pub
[0.096s] -- Up-to-date: /home/niraamay/isro_ros2_try/ros_ws/install/orbslam_pub/share/orbslam_pub/cmake/orbslam_pubConfig.cmake
[0.096s] -- Up-to-date: /home/niraamay/isro_ros2_try/ros_ws/install/orbslam_pub/share/orbslam_pub/cmake/orbslam_pubConfig-version.cmake
[0.096s] -- Up-to-date: /home/niraamay/isro_ros2_try/ros_ws/install/orbslam_pub/share/orbslam_pub/package.xml
[0.112s] Invoked command in '/home/niraamay/isro_ros2_try/ros_ws/build/orbslam_pub' returned '0': CMAKE_PREFIX_PATH=${CMAKE_PREFIX_PATH}:/home/niraamay/isro_ros2_try/ros_ws/install/camera_pub:/opt/ros/humble PS1=\[\033[1;32m\]\u@\h\[\033[0m\]:\[\033[1;34m\]\w\[\033[1;33m\]$(parse_git_branch)\[\033[0m\]$ /usr/bin/cmake --install /home/niraamay/isro_ros2_try/ros_ws/build/orbslam_pub
