[0.268s] Invoking command in '/home/niraamay/isro/ros2_try/isro_ws/build/orbslam_pub': CMAKE_PREFIX_PATH=${CMAKE_PREFIX_PATH}:/home/niraamay/isro/ros2_try/isro_ws/install/camera_pub:/opt/ros/humble /usr/bin/cmake --build /home/niraamay/isro/ros2_try/isro_ws/build/orbslam_pub -- -j16 -l16
[0.290s] -- Found ament_cmake: 1.3.11 (/opt/ros/humble/share/ament_cmake/cmake)
[0.428s] -- Found rclcpp: 16.0.11 (/opt/ros/humble/share/rclcpp/cmake)
[0.459s] -- Found rosidl_generator_c: 3.1.6 (/opt/ros/humble/share/rosidl_generator_c/cmake)
[0.462s] -- Found rosidl_adapter: 3.1.6 (/opt/ros/humble/share/rosidl_adapter/cmake)
[0.468s] -- Found rosidl_generator_cpp: 3.1.6 (/opt/ros/humble/share/rosidl_generator_cpp/cmake)
[0.478s] -- Using all available rosidl_typesupport_c: rosidl_typesupport_fastrtps_c;rosidl_typesupport_introspection_c
[0.491s] -- Using all available rosidl_typesupport_cpp: rosidl_typesupport_fastrtps_cpp;rosidl_typesupport_introspection_cpp
[0.525s] -- Found rmw_implementation_cmake: 6.1.2 (/opt/ros/humble/share/rmw_implementation_cmake/cmake)
[0.526s] -- Found rmw_fastrtps_cpp: 6.2.7 (/opt/ros/humble/share/rmw_fastrtps_cpp/cmake)
[0.630s] -- Using RMW implementation 'rmw_fastrtps_cpp' as default
[0.681s] -- Found sensor_msgs: 4.2.4 (/opt/ros/humble/share/sensor_msgs/cmake)
[0.711s] -- Found cv_bridge: 3.2.1 (/opt/ros/humble/share/cv_bridge/cmake)
[0.807s] -- Configuring done
[0.821s] -- Generating done
[0.826s] -- Build files have been written to: /home/niraamay/isro/ros2_try/isro_ws/build/orbslam_pub
[0.852s] [35m[1mConsolidate compiler generated dependencies of target getpose[0m
[0.879s] [ 50%] [32m[1mLinking CXX executable getpose[0m
[1.800s] [100%] Built target getpose
[1.812s] Invoked command in '/home/niraamay/isro/ros2_try/isro_ws/build/orbslam_pub' returned '0': CMAKE_PREFIX_PATH=${CMAKE_PREFIX_PATH}:/home/niraamay/isro/ros2_try/isro_ws/install/camera_pub:/opt/ros/humble /usr/bin/cmake --build /home/niraamay/isro/ros2_try/isro_ws/build/orbslam_pub -- -j16 -l16
[1.821s] Invoking command in '/home/niraamay/isro/ros2_try/isro_ws/build/orbslam_pub': CMAKE_PREFIX_PATH=${CMAKE_PREFIX_PATH}:/home/niraamay/isro/ros2_try/isro_ws/install/camera_pub:/opt/ros/humble /usr/bin/cmake --install /home/niraamay/isro/ros2_try/isro_ws/build/orbslam_pub
[1.826s] -- Install configuration: ""
[1.827s] -- Installing: /home/niraamay/isro/ros2_try/isro_ws/install/orbslam_pub/lib/orbslam_pub/getpose
[1.830s] -- Up-to-date: /home/niraamay/isro/ros2_try/isro_ws/install/orbslam_pub/share/ament_index/resource_index/package_run_dependencies/orbslam_pub
[1.830s] -- Up-to-date: /home/niraamay/isro/ros2_try/isro_ws/install/orbslam_pub/share/ament_index/resource_index/parent_prefix_path/orbslam_pub
[1.831s] -- Up-to-date: /home/niraamay/isro/ros2_try/isro_ws/install/orbslam_pub/share/orbslam_pub/environment/ament_prefix_path.sh
[1.831s] -- Installing: /home/niraamay/isro/ros2_try/isro_ws/install/orbslam_pub/share/orbslam_pub/environment/ament_prefix_path.dsv
[1.831s] -- Up-to-date: /home/niraamay/isro/ros2_try/isro_ws/install/orbslam_pub/share/orbslam_pub/environment/path.sh
[1.831s] -- Installing: /home/niraamay/isro/ros2_try/isro_ws/install/orbslam_pub/share/orbslam_pub/environment/path.dsv
[1.831s] -- Up-to-date: /home/niraamay/isro/ros2_try/isro_ws/install/orbslam_pub/share/orbslam_pub/local_setup.bash
[1.832s] -- Up-to-date: /home/niraamay/isro/ros2_try/isro_ws/install/orbslam_pub/share/orbslam_pub/local_setup.sh
[1.833s] -- Up-to-date: /home/niraamay/isro/ros2_try/isro_ws/install/orbslam_pub/share/orbslam_pub/local_setup.zsh
[1.833s] -- Installing: /home/niraamay/isro/ros2_try/isro_ws/install/orbslam_pub/share/orbslam_pub/local_setup.dsv
[1.833s] -- Installing: /home/niraamay/isro/ros2_try/isro_ws/install/orbslam_pub/share/orbslam_pub/package.dsv
[1.834s] -- Up-to-date: /home/niraamay/isro/ros2_try/isro_ws/install/orbslam_pub/share/ament_index/resource_index/packages/orbslam_pub
[1.834s] -- Up-to-date: /home/niraamay/isro/ros2_try/isro_ws/install/orbslam_pub/share/orbslam_pub/cmake/orbslam_pubConfig.cmake
[1.834s] -- Up-to-date: /home/niraamay/isro/ros2_try/isro_ws/install/orbslam_pub/share/orbslam_pub/cmake/orbslam_pubConfig-version.cmake
[1.834s] -- Up-to-date: /home/niraamay/isro/ros2_try/isro_ws/install/orbslam_pub/share/orbslam_pub/package.xml
[1.834s] Invoked command in '/home/niraamay/isro/ros2_try/isro_ws/build/orbslam_pub' returned '0': CMAKE_PREFIX_PATH=${CMAKE_PREFIX_PATH}:/home/niraamay/isro/ros2_try/isro_ws/install/camera_pub:/opt/ros/humble /usr/bin/cmake --install /home/niraamay/isro/ros2_try/isro_ws/build/orbslam_pub
