[0.020s] Invoking command in '/home/niraamay/isro_ros2_try/ros_ws/build/camera_feed_pub': CMAKE_PREFIX_PATH=/home/niraamay/isro_ros2_try/ros_ws/src/install/py_img_sub:/opt/ros/humble PS1=\[\033[1;32m\]\u@\h\[\033[0m\]:\[\033[1;34m\]\w\[\033[1;33m\]$(parse_git_branch)\[\033[0m\]$ /usr/bin/cmake /home/niraamay/isro_ros2_try/ros_ws/src/camera_feed_pub -DCMAKE_INSTALL_PREFIX=/home/niraamay/isro_ros2_try/ros_ws/install/camera_feed_pub
[0.290s] -- The C compiler identification is GNU 11.4.0
[0.290s] -- The CXX compiler identification is GNU 11.4.0
[0.290s] -- Detecting C compiler ABI info
[0.290s] -- Detecting C compiler ABI info - done
[0.290s] -- Check for working C compiler: /usr/bin/cc - skipped
[0.290s] -- Detecting C compile features
[0.290s] -- Detecting C compile features - done
[0.290s] -- Detecting CXX compiler ABI info
[0.290s] -- Detecting CXX compiler ABI info - done
[0.290s] -- Check for working CXX compiler: /usr/bin/c++ - skipped
[0.290s] -- Detecting CXX compile features
[0.291s] -- Detecting CXX compile features - done
[0.292s] -- Found ament_cmake: 1.3.11 (/opt/ros/humble/share/ament_cmake/cmake)
[0.460s] -- Found Python3: /usr/bin/python3 (found version "3.10.12") found components: Interpreter 
[0.562s] -- Found rclcpp: 16.0.11 (/opt/ros/humble/share/rclcpp/cmake)
[0.615s] -- Found rosidl_generator_c: 3.1.6 (/opt/ros/humble/share/rosidl_generator_c/cmake)
[0.622s] -- Found rosidl_adapter: 3.1.6 (/opt/ros/humble/share/rosidl_adapter/cmake)
[0.633s] -- Found rosidl_generator_cpp: 3.1.6 (/opt/ros/humble/share/rosidl_generator_cpp/cmake)
[0.650s] -- Using all available rosidl_typesupport_c: rosidl_typesupport_fastrtps_c;rosidl_typesupport_introspection_c
[0.671s] -- Using all available rosidl_typesupport_cpp: rosidl_typesupport_fastrtps_cpp;rosidl_typesupport_introspection_cpp
[0.726s] -- Found rmw_implementation_cmake: 6.1.2 (/opt/ros/humble/share/rmw_implementation_cmake/cmake)
[0.732s] -- Found rmw_fastrtps_cpp: 6.2.7 (/opt/ros/humble/share/rmw_fastrtps_cpp/cmake)
[0.816s] -- Found OpenSSL: /usr/lib/x86_64-linux-gnu/libcrypto.so (found version "3.0.2")  
[0.846s] -- Found FastRTPS: /opt/ros/humble/include  
[0.892s] -- Using RMW implementation 'rmw_fastrtps_cpp' as default
[0.902s] -- Looking for pthread.h
[0.967s] -- Looking for pthread.h - found
[0.967s] -- Performing Test CMAKE_HAVE_LIBC_PTHREAD
[1.031s] -- Performing Test CMAKE_HAVE_LIBC_PTHREAD - Success
[1.032s] -- Found Threads: TRUE  
[1.095s] -- Found image_transport: 3.1.11 (/opt/ros/humble/share/image_transport/cmake)
[1.185s] -- Found OpenCV: /usr (found version "4.5.4") 
[1.188s] -- Found cv_bridge: 3.2.1 (/opt/ros/humble/share/cv_bridge/cmake)
[1.261s] -- Configuring done
[1.274s] -- Generating done
[1.278s] -- Build files have been written to: /home/niraamay/isro_ros2_try/ros_ws/build/camera_feed_pub
[1.287s] Invoked command in '/home/niraamay/isro_ros2_try/ros_ws/build/camera_feed_pub' returned '0': CMAKE_PREFIX_PATH=/home/niraamay/isro_ros2_try/ros_ws/src/install/py_img_sub:/opt/ros/humble PS1=\[\033[1;32m\]\u@\h\[\033[0m\]:\[\033[1;34m\]\w\[\033[1;33m\]$(parse_git_branch)\[\033[0m\]$ /usr/bin/cmake /home/niraamay/isro_ros2_try/ros_ws/src/camera_feed_pub -DCMAKE_INSTALL_PREFIX=/home/niraamay/isro_ros2_try/ros_ws/install/camera_feed_pub
[1.289s] Invoking command in '/home/niraamay/isro_ros2_try/ros_ws/build/camera_feed_pub': CMAKE_PREFIX_PATH=/home/niraamay/isro_ros2_try/ros_ws/src/install/py_img_sub:/opt/ros/humble PS1=\[\033[1;32m\]\u@\h\[\033[0m\]:\[\033[1;34m\]\w\[\033[1;33m\]$(parse_git_branch)\[\033[0m\]$ /usr/bin/cmake --build /home/niraamay/isro_ros2_try/ros_ws/build/camera_feed_pub -- -j16 -l16
[1.329s] [ 50%] [32mBuilding CXX object CMakeFiles/camera_feed_pub.dir/src/camera_feed_pub.cpp.o[0m
[4.510s] [100%] [32m[1mLinking CXX executable camera_feed_pub[0m
[4.830s] [100%] Built target camera_feed_pub
[4.840s] Invoked command in '/home/niraamay/isro_ros2_try/ros_ws/build/camera_feed_pub' returned '0': CMAKE_PREFIX_PATH=/home/niraamay/isro_ros2_try/ros_ws/src/install/py_img_sub:/opt/ros/humble PS1=\[\033[1;32m\]\u@\h\[\033[0m\]:\[\033[1;34m\]\w\[\033[1;33m\]$(parse_git_branch)\[\033[0m\]$ /usr/bin/cmake --build /home/niraamay/isro_ros2_try/ros_ws/build/camera_feed_pub -- -j16 -l16
[4.846s] Invoking command in '/home/niraamay/isro_ros2_try/ros_ws/build/camera_feed_pub': CMAKE_PREFIX_PATH=/home/niraamay/isro_ros2_try/ros_ws/src/install/py_img_sub:/opt/ros/humble PS1=\[\033[1;32m\]\u@\h\[\033[0m\]:\[\033[1;34m\]\w\[\033[1;33m\]$(parse_git_branch)\[\033[0m\]$ /usr/bin/cmake --install /home/niraamay/isro_ros2_try/ros_ws/build/camera_feed_pub
[4.850s] -- Install configuration: ""
[4.850s] -- Installing: /home/niraamay/isro_ros2_try/ros_ws/install/camera_feed_pub/lib/camera_feed_pub/camera_feed_pub
[4.850s] -- Set runtime path of "/home/niraamay/isro_ros2_try/ros_ws/install/camera_feed_pub/lib/camera_feed_pub/camera_feed_pub" to ""
[4.850s] -- Installing: /home/niraamay/isro_ros2_try/ros_ws/install/camera_feed_pub/share/ament_index/resource_index/package_run_dependencies/camera_feed_pub
[4.850s] -- Installing: /home/niraamay/isro_ros2_try/ros_ws/install/camera_feed_pub/share/ament_index/resource_index/parent_prefix_path/camera_feed_pub
[4.851s] -- Installing: /home/niraamay/isro_ros2_try/ros_ws/install/camera_feed_pub/share/camera_feed_pub/environment/ament_prefix_path.sh
[4.851s] -- Installing: /home/niraamay/isro_ros2_try/ros_ws/install/camera_feed_pub/share/camera_feed_pub/environment/ament_prefix_path.dsv
[4.851s] -- Installing: /home/niraamay/isro_ros2_try/ros_ws/install/camera_feed_pub/share/camera_feed_pub/environment/path.sh
[4.851s] -- Installing: /home/niraamay/isro_ros2_try/ros_ws/install/camera_feed_pub/share/camera_feed_pub/environment/path.dsv
[4.851s] -- Installing: /home/niraamay/isro_ros2_try/ros_ws/install/camera_feed_pub/share/camera_feed_pub/local_setup.bash
[4.851s] -- Installing: /home/niraamay/isro_ros2_try/ros_ws/install/camera_feed_pub/share/camera_feed_pub/local_setup.sh
[4.851s] -- Installing: /home/niraamay/isro_ros2_try/ros_ws/install/camera_feed_pub/share/camera_feed_pub/local_setup.zsh
[4.851s] -- Installing: /home/niraamay/isro_ros2_try/ros_ws/install/camera_feed_pub/share/camera_feed_pub/local_setup.dsv
[4.851s] -- Installing: /home/niraamay/isro_ros2_try/ros_ws/install/camera_feed_pub/share/camera_feed_pub/package.dsv
[4.851s] -- Installing: /home/niraamay/isro_ros2_try/ros_ws/install/camera_feed_pub/share/ament_index/resource_index/packages/camera_feed_pub
[4.851s] -- Installing: /home/niraamay/isro_ros2_try/ros_ws/install/camera_feed_pub/share/camera_feed_pub/cmake/camera_feed_pubConfig.cmake
[4.851s] -- Installing: /home/niraamay/isro_ros2_try/ros_ws/install/camera_feed_pub/share/camera_feed_pub/cmake/camera_feed_pubConfig-version.cmake
[4.851s] -- Installing: /home/niraamay/isro_ros2_try/ros_ws/install/camera_feed_pub/share/camera_feed_pub/package.xml
[4.853s] Invoked command in '/home/niraamay/isro_ros2_try/ros_ws/build/camera_feed_pub' returned '0': CMAKE_PREFIX_PATH=/home/niraamay/isro_ros2_try/ros_ws/src/install/py_img_sub:/opt/ros/humble PS1=\[\033[1;32m\]\u@\h\[\033[0m\]:\[\033[1;34m\]\w\[\033[1;33m\]$(parse_git_branch)\[\033[0m\]$ /usr/bin/cmake --install /home/niraamay/isro_ros2_try/ros_ws/build/camera_feed_pub
