running egg_info
creating ../../build/py_img_sub/py_img_sub.egg-info
writing ../../build/py_img_sub/py_img_sub.egg-info/PKG-INFO
writing dependency_links to ../../build/py_img_sub/py_img_sub.egg-info/dependency_links.txt
writing entry points to ../../build/py_img_sub/py_img_sub.egg-info/entry_points.txt
writing requirements to ../../build/py_img_sub/py_img_sub.egg-info/requires.txt
writing top-level names to ../../build/py_img_sub/py_img_sub.egg-info/top_level.txt
writing manifest file '../../build/py_img_sub/py_img_sub.egg-info/SOURCES.txt'
reading manifest file '../../build/py_img_sub/py_img_sub.egg-info/SOURCES.txt'
adding license file 'LICENSE'
writing manifest file '../../build/py_img_sub/py_img_sub.egg-info/SOURCES.txt'
running build
running build_py
creating /home/niraamay/isro_ros2_try/ros_ws/build/py_img_sub/build
creating /home/niraamay/isro_ros2_try/ros_ws/build/py_img_sub/build/lib
creating /home/niraamay/isro_ros2_try/ros_ws/build/py_img_sub/build/lib/py_img_sub
copying py_img_sub/__init__.py -> /home/niraamay/isro_ros2_try/ros_ws/build/py_img_sub/build/lib/py_img_sub
copying py_img_sub/py_img_sub.py -> /home/niraamay/isro_ros2_try/ros_ws/build/py_img_sub/build/lib/py_img_sub
running install
running install_lib
creating /home/niraamay/isro_ros2_try/ros_ws/install/py_img_sub/lib/python3.10/site-packages/py_img_sub
copying /home/niraamay/isro_ros2_try/ros_ws/build/py_img_sub/build/lib/py_img_sub/__init__.py -> /home/niraamay/isro_ros2_try/ros_ws/install/py_img_sub/lib/python3.10/site-packages/py_img_sub
copying /home/niraamay/isro_ros2_try/ros_ws/build/py_img_sub/build/lib/py_img_sub/py_img_sub.py -> /home/niraamay/isro_ros2_try/ros_ws/install/py_img_sub/lib/python3.10/site-packages/py_img_sub
byte-compiling /home/niraamay/isro_ros2_try/ros_ws/install/py_img_sub/lib/python3.10/site-packages/py_img_sub/__init__.py to __init__.cpython-310.pyc
byte-compiling /home/niraamay/isro_ros2_try/ros_ws/install/py_img_sub/lib/python3.10/site-packages/py_img_sub/py_img_sub.py to py_img_sub.cpython-310.pyc
running install_data
creating /home/niraamay/isro_ros2_try/ros_ws/install/py_img_sub/share/ament_index
creating /home/niraamay/isro_ros2_try/ros_ws/install/py_img_sub/share/ament_index/resource_index
creating /home/niraamay/isro_ros2_try/ros_ws/install/py_img_sub/share/ament_index/resource_index/packages
copying resource/py_img_sub -> /home/niraamay/isro_ros2_try/ros_ws/install/py_img_sub/share/ament_index/resource_index/packages
copying package.xml -> /home/niraamay/isro_ros2_try/ros_ws/install/py_img_sub/share/py_img_sub
running install_egg_info
Copying ../../build/py_img_sub/py_img_sub.egg-info to /home/niraamay/isro_ros2_try/ros_ws/install/py_img_sub/lib/python3.10/site-packages/py_img_sub-0.0.0-py3.10.egg-info
running install_scripts
Installing py_img_sub script to /home/niraamay/isro_ros2_try/ros_ws/install/py_img_sub/lib/py_img_sub
writing list of installed files to '/home/niraamay/isro_ros2_try/ros_ws/build/py_img_sub/install.log'
