[0.010s] Invoking command in '/home/niraamay/isro_ros2_try/ros_ws/build/camera_feed_pub': CMAKE_PREFIX_PATH=${CMAKE_PREFIX_PATH}:/home/niraamay/isro_ros2_try/ros_ws/install/py_img_sub:/home/niraamay/isro_ros2_try/ros_ws/install/drone_control_pkg:/opt/ros/humble PS1=\[\033[1;32m\]\u@\h\[\033[0m\]:\[\033[1;34m\]\w\[\033[1;33m\]$(parse_git_branch)\[\033[0m\]$ /usr/bin/cmake /home/niraamay/isro_ros2_try/ros_ws/src/camera_feed_pub -DCMAKE_INSTALL_PREFIX=/home/niraamay/isro_ros2_try/ros_ws/install/camera_feed_pub
[0.086s] -- The C compiler identification is GNU 11.4.0
[0.144s] -- The CXX compiler identification is GNU 11.4.0
[0.153s] -- Detecting C compiler ABI info
[0.219s] -- Detecting C compiler ABI info - done
[0.227s] -- Check for working C compiler: /usr/bin/cc - skipped
[0.227s] -- Detecting C compile features
[0.228s] -- Detecting C compile features - done
[0.231s] -- Detecting CXX compiler ABI info
[0.307s] -- Detecting CXX compiler ABI info - done
[0.317s] -- Check for working CXX compiler: /usr/bin/c++ - skipped
[0.317s] -- Detecting CXX compile features
[0.318s] -- Detecting CXX compile features - done
[0.321s] -- Found ament_cmake: 1.3.11 (/opt/ros/humble/share/ament_cmake/cmake)
[0.499s] -- Found Python3: /usr/bin/python3 (found version "3.10.12") found components: Interpreter 
[0.616s] -- Found rclcpp: 16.0.11 (/opt/ros/humble/share/rclcpp/cmake)
[0.674s] -- Found rosidl_generator_c: 3.1.6 (/opt/ros/humble/share/rosidl_generator_c/cmake)
[0.681s] -- Found rosidl_adapter: 3.1.6 (/opt/ros/humble/share/rosidl_adapter/cmake)
[0.692s] -- Found rosidl_generator_cpp: 3.1.6 (/opt/ros/humble/share/rosidl_generator_cpp/cmake)
[0.709s] -- Using all available rosidl_typesupport_c: rosidl_typesupport_fastrtps_c;rosidl_typesupport_introspection_c
[0.730s] -- Using all available rosidl_typesupport_cpp: rosidl_typesupport_fastrtps_cpp;rosidl_typesupport_introspection_cpp
[0.788s] -- Found rmw_implementation_cmake: 6.1.2 (/opt/ros/humble/share/rmw_implementation_cmake/cmake)
[0.792s] -- Found rmw_fastrtps_cpp: 6.2.7 (/opt/ros/humble/share/rmw_fastrtps_cpp/cmake)
[0.882s] -- Found OpenSSL: /usr/lib/x86_64-linux-gnu/libcrypto.so (found version "3.0.2")  
[0.912s] -- Found FastRTPS: /opt/ros/humble/include  
[0.955s] -- Using RMW implementation 'rmw_fastrtps_cpp' as default
[0.967s] -- Looking for pthread.h
[1.034s] -- Looking for pthread.h - found
[1.035s] -- Performing Test CMAKE_HAVE_LIBC_PTHREAD
[1.103s] -- Performing Test CMAKE_HAVE_LIBC_PTHREAD - Success
[1.105s] -- Found Threads: TRUE  
[1.170s] -- Found image_transport: 3.1.11 (/opt/ros/humble/share/image_transport/cmake)
[1.257s] -- Found OpenCV: /usr (found version "4.5.4") 
[1.259s] -- Found cv_bridge: 3.2.1 (/opt/ros/humble/share/cv_bridge/cmake)
[1.333s] -- Configuring done
[1.345s] -- Generating done
[1.350s] -- Build files have been written to: /home/niraamay/isro_ros2_try/ros_ws/build/camera_feed_pub
[1.359s] Invoked command in '/home/niraamay/isro_ros2_try/ros_ws/build/camera_feed_pub' returned '0': CMAKE_PREFIX_PATH=${CMAKE_PREFIX_PATH}:/home/niraamay/isro_ros2_try/ros_ws/install/py_img_sub:/home/niraamay/isro_ros2_try/ros_ws/install/drone_control_pkg:/opt/ros/humble PS1=\[\033[1;32m\]\u@\h\[\033[0m\]:\[\033[1;34m\]\w\[\033[1;33m\]$(parse_git_branch)\[\033[0m\]$ /usr/bin/cmake /home/niraamay/isro_ros2_try/ros_ws/src/camera_feed_pub -DCMAKE_INSTALL_PREFIX=/home/niraamay/isro_ros2_try/ros_ws/install/camera_feed_pub
[1.362s] Invoking command in '/home/niraamay/isro_ros2_try/ros_ws/build/camera_feed_pub': CMAKE_PREFIX_PATH=${CMAKE_PREFIX_PATH}:/home/niraamay/isro_ros2_try/ros_ws/install/py_img_sub:/home/niraamay/isro_ros2_try/ros_ws/install/drone_control_pkg:/opt/ros/humble PS1=\[\033[1;32m\]\u@\h\[\033[0m\]:\[\033[1;34m\]\w\[\033[1;33m\]$(parse_git_branch)\[\033[0m\]$ /usr/bin/cmake --build /home/niraamay/isro_ros2_try/ros_ws/build/camera_feed_pub -- -j16 -l16
[1.406s] [ 50%] [32mBuilding CXX object CMakeFiles/camera_feed_pub.dir/src/camera_feed_pub.cpp.o[0m
[4.730s] [100%] [32m[1mLinking CXX executable camera_feed_pub[0m
[5.112s] [100%] Built target camera_feed_pub
[5.123s] Invoked command in '/home/niraamay/isro_ros2_try/ros_ws/build/camera_feed_pub' returned '0': CMAKE_PREFIX_PATH=${CMAKE_PREFIX_PATH}:/home/niraamay/isro_ros2_try/ros_ws/install/py_img_sub:/home/niraamay/isro_ros2_try/ros_ws/install/drone_control_pkg:/opt/ros/humble PS1=\[\033[1;32m\]\u@\h\[\033[0m\]:\[\033[1;34m\]\w\[\033[1;33m\]$(parse_git_branch)\[\033[0m\]$ /usr/bin/cmake --build /home/niraamay/isro_ros2_try/ros_ws/build/camera_feed_pub -- -j16 -l16
[5.129s] Invoking command in '/home/niraamay/isro_ros2_try/ros_ws/build/camera_feed_pub': CMAKE_PREFIX_PATH=${CMAKE_PREFIX_PATH}:/home/niraamay/isro_ros2_try/ros_ws/install/py_img_sub:/home/niraamay/isro_ros2_try/ros_ws/install/drone_control_pkg:/opt/ros/humble PS1=\[\033[1;32m\]\u@\h\[\033[0m\]:\[\033[1;34m\]\w\[\033[1;33m\]$(parse_git_branch)\[\033[0m\]$ /usr/bin/cmake --install /home/niraamay/isro_ros2_try/ros_ws/build/camera_feed_pub
[5.132s] -- Install configuration: ""
[5.132s] -- Installing: /home/niraamay/isro_ros2_try/ros_ws/install/camera_feed_pub/lib/camera_feed_pub/camera_feed_pub
[5.132s] -- Set runtime path of "/home/niraamay/isro_ros2_try/ros_ws/install/camera_feed_pub/lib/camera_feed_pub/camera_feed_pub" to ""
[5.132s] -- Installing: /home/niraamay/isro_ros2_try/ros_ws/install/camera_feed_pub/share/ament_index/resource_index/package_run_dependencies/camera_feed_pub
[5.133s] -- Installing: /home/niraamay/isro_ros2_try/ros_ws/install/camera_feed_pub/share/ament_index/resource_index/parent_prefix_path/camera_feed_pub
[5.133s] -- Installing: /home/niraamay/isro_ros2_try/ros_ws/install/camera_feed_pub/share/camera_feed_pub/environment/ament_prefix_path.sh
[5.133s] -- Installing: /home/niraamay/isro_ros2_try/ros_ws/install/camera_feed_pub/share/camera_feed_pub/environment/ament_prefix_path.dsv
[5.133s] -- Installing: /home/niraamay/isro_ros2_try/ros_ws/install/camera_feed_pub/share/camera_feed_pub/environment/path.sh
[5.133s] -- Installing: /home/niraamay/isro_ros2_try/ros_ws/install/camera_feed_pub/share/camera_feed_pub/environment/path.dsv
[5.133s] -- Installing: /home/niraamay/isro_ros2_try/ros_ws/install/camera_feed_pub/share/camera_feed_pub/local_setup.bash
[5.133s] -- Installing: /home/niraamay/isro_ros2_try/ros_ws/install/camera_feed_pub/share/camera_feed_pub/local_setup.sh
[5.133s] -- Installing: /home/niraamay/isro_ros2_try/ros_ws/install/camera_feed_pub/share/camera_feed_pub/local_setup.zsh
[5.133s] -- Installing: /home/niraamay/isro_ros2_try/ros_ws/install/camera_feed_pub/share/camera_feed_pub/local_setup.dsv
[5.133s] -- Installing: /home/niraamay/isro_ros2_try/ros_ws/install/camera_feed_pub/share/camera_feed_pub/package.dsv
[5.133s] -- Installing: /home/niraamay/isro_ros2_try/ros_ws/install/camera_feed_pub/share/ament_index/resource_index/packages/camera_feed_pub
[5.133s] -- Installing: /home/niraamay/isro_ros2_try/ros_ws/install/camera_feed_pub/share/camera_feed_pub/cmake/camera_feed_pubConfig.cmake
[5.133s] -- Installing: /home/niraamay/isro_ros2_try/ros_ws/install/camera_feed_pub/share/camera_feed_pub/cmake/camera_feed_pubConfig-version.cmake
[5.134s] -- Installing: /home/niraamay/isro_ros2_try/ros_ws/install/camera_feed_pub/share/camera_feed_pub/package.xml
[5.134s] Invoked command in '/home/niraamay/isro_ros2_try/ros_ws/build/camera_feed_pub' returned '0': CMAKE_PREFIX_PATH=${CMAKE_PREFIX_PATH}:/home/niraamay/isro_ros2_try/ros_ws/install/py_img_sub:/home/niraamay/isro_ros2_try/ros_ws/install/drone_control_pkg:/opt/ros/humble PS1=\[\033[1;32m\]\u@\h\[\033[0m\]:\[\033[1;34m\]\w\[\033[1;33m\]$(parse_git_branch)\[\033[0m\]$ /usr/bin/cmake --install /home/niraamay/isro_ros2_try/ros_ws/build/camera_feed_pub
