[0.017s] Invoking command in '/home/niraamay/isro_ros2_try/ros_ws/build/camera_feed_pub': CMAKE_PREFIX_PATH=${CMAKE_PREFIX_PATH}:/home/niraamay/isro_ros2_try/ros_ws/install/camera_pub:/opt/ros/humble PS1=\[\033[1;32m\]\u@\h\[\033[0m\]:\[\033[1;34m\]\w\[\033[1;33m\]$(parse_git_branch)\[\033[0m\]$ /usr/bin/cmake --build /home/niraamay/isro_ros2_try/ros_ws/build/camera_feed_pub -- -j16 -l16
[0.047s] [35m[1mConsolidate compiler generated dependencies of target camera_feed_pub[0m
[0.064s] [100%] Built target camera_feed_pub
[0.074s] Invoked command in '/home/niraamay/isro_ros2_try/ros_ws/build/camera_feed_pub' returned '0': CMAKE_PREFIX_PATH=${CMAKE_PREFIX_PATH}:/home/niraamay/isro_ros2_try/ros_ws/install/camera_pub:/opt/ros/humble PS1=\[\033[1;32m\]\u@\h\[\033[0m\]:\[\033[1;34m\]\w\[\033[1;33m\]$(parse_git_branch)\[\033[0m\]$ /usr/bin/cmake --build /home/niraamay/isro_ros2_try/ros_ws/build/camera_feed_pub -- -j16 -l16
[0.082s] Invoking command in '/home/niraamay/isro_ros2_try/ros_ws/build/camera_feed_pub': CMAKE_PREFIX_PATH=${CMAKE_PREFIX_PATH}:/home/niraamay/isro_ros2_try/ros_ws/install/camera_pub:/opt/ros/humble PS1=\[\033[1;32m\]\u@\h\[\033[0m\]:\[\033[1;34m\]\w\[\033[1;33m\]$(parse_git_branch)\[\033[0m\]$ /usr/bin/cmake --install /home/niraamay/isro_ros2_try/ros_ws/build/camera_feed_pub
[0.088s] -- Install configuration: ""
[0.089s] -- Up-to-date: /home/niraamay/isro_ros2_try/ros_ws/install/camera_feed_pub/lib/camera_feed_pub/camera_feed_pub
[0.089s] -- Up-to-date: /home/niraamay/isro_ros2_try/ros_ws/install/camera_feed_pub/share/ament_index/resource_index/package_run_dependencies/camera_feed_pub
[0.089s] -- Up-to-date: /home/niraamay/isro_ros2_try/ros_ws/install/camera_feed_pub/share/ament_index/resource_index/parent_prefix_path/camera_feed_pub
[0.089s] -- Up-to-date: /home/niraamay/isro_ros2_try/ros_ws/install/camera_feed_pub/share/camera_feed_pub/environment/ament_prefix_path.sh
[0.090s] -- Up-to-date: /home/niraamay/isro_ros2_try/ros_ws/install/camera_feed_pub/share/camera_feed_pub/environment/ament_prefix_path.dsv
[0.090s] -- Up-to-date: /home/niraamay/isro_ros2_try/ros_ws/install/camera_feed_pub/share/camera_feed_pub/environment/path.sh
[0.090s] -- Up-to-date: /home/niraamay/isro_ros2_try/ros_ws/install/camera_feed_pub/share/camera_feed_pub/environment/path.dsv
[0.090s] -- Up-to-date: /home/niraamay/isro_ros2_try/ros_ws/install/camera_feed_pub/share/camera_feed_pub/local_setup.bash
[0.090s] -- Up-to-date: /home/niraamay/isro_ros2_try/ros_ws/install/camera_feed_pub/share/camera_feed_pub/local_setup.sh
[0.090s] -- Up-to-date: /home/niraamay/isro_ros2_try/ros_ws/install/camera_feed_pub/share/camera_feed_pub/local_setup.zsh
[0.090s] -- Up-to-date: /home/niraamay/isro_ros2_try/ros_ws/install/camera_feed_pub/share/camera_feed_pub/local_setup.dsv
[0.090s] -- Installing: /home/niraamay/isro_ros2_try/ros_ws/install/camera_feed_pub/share/camera_feed_pub/package.dsv
[0.090s] -- Up-to-date: /home/niraamay/isro_ros2_try/ros_ws/install/camera_feed_pub/share/ament_index/resource_index/packages/camera_feed_pub
[0.090s] -- Up-to-date: /home/niraamay/isro_ros2_try/ros_ws/install/camera_feed_pub/share/camera_feed_pub/cmake/camera_feed_pubConfig.cmake
[0.090s] -- Up-to-date: /home/niraamay/isro_ros2_try/ros_ws/install/camera_feed_pub/share/camera_feed_pub/cmake/camera_feed_pubConfig-version.cmake
[0.090s] -- Up-to-date: /home/niraamay/isro_ros2_try/ros_ws/install/camera_feed_pub/share/camera_feed_pub/package.xml
[0.094s] Invoked command in '/home/niraamay/isro_ros2_try/ros_ws/build/camera_feed_pub' returned '0': CMAKE_PREFIX_PATH=${CMAKE_PREFIX_PATH}:/home/niraamay/isro_ros2_try/ros_ws/install/camera_pub:/opt/ros/humble PS1=\[\033[1;32m\]\u@\h\[\033[0m\]:\[\033[1;34m\]\w\[\033[1;33m\]$(parse_git_branch)\[\033[0m\]$ /usr/bin/cmake --install /home/niraamay/isro_ros2_try/ros_ws/build/camera_feed_pub
