[0.020s] Invoking command in '/home/niraamay/isro/ros2_try/isro_ws/build/camera_feed_pub': CMAKE_PREFIX_PATH=${CMAKE_PREFIX_PATH}:/home/niraamay/isro/ros2_try/isro_ws/install/camera_pub:/opt/ros/humble /usr/bin/cmake --build /home/niraamay/isro/ros2_try/isro_ws/build/camera_feed_pub -- -j16 -l16
[0.311s] [35m[1mConsolidate compiler generated dependencies of target camera_feed_pub[0m
[0.312s] [ 50%] [32mBuilding CXX object CMakeFiles/camera_feed_pub.dir/src/camera_feed_pub.cpp.o[0m
[4.717s] [100%] [32m[1mLinking CXX executable camera_feed_pub[0m
[5.229s] [100%] Built target camera_feed_pub
[5.241s] Invoked command in '/home/niraamay/isro/ros2_try/isro_ws/build/camera_feed_pub' returned '0': CMAKE_PREFIX_PATH=${CMAKE_PREFIX_PATH}:/home/niraamay/isro/ros2_try/isro_ws/install/camera_pub:/opt/ros/humble /usr/bin/cmake --build /home/niraamay/isro/ros2_try/isro_ws/build/camera_feed_pub -- -j16 -l16
[5.249s] Invoking command in '/home/niraamay/isro/ros2_try/isro_ws/build/camera_feed_pub': CMAKE_PREFIX_PATH=${CMAKE_PREFIX_PATH}:/home/niraamay/isro/ros2_try/isro_ws/install/camera_pub:/opt/ros/humble /usr/bin/cmake --install /home/niraamay/isro/ros2_try/isro_ws/build/camera_feed_pub
[5.256s] -- Install configuration: ""
[5.256s] -- Installing: /home/niraamay/isro/ros2_try/isro_ws/install/camera_feed_pub/lib/camera_feed_pub/camera_feed_pub
[5.256s] -- Set runtime path of "/home/niraamay/isro/ros2_try/isro_ws/install/camera_feed_pub/lib/camera_feed_pub/camera_feed_pub" to ""
[5.257s] -- Up-to-date: /home/niraamay/isro/ros2_try/isro_ws/install/camera_feed_pub/share/ament_index/resource_index/package_run_dependencies/camera_feed_pub
[5.257s] -- Up-to-date: /home/niraamay/isro/ros2_try/isro_ws/install/camera_feed_pub/share/ament_index/resource_index/parent_prefix_path/camera_feed_pub
[5.257s] -- Up-to-date: /home/niraamay/isro/ros2_try/isro_ws/install/camera_feed_pub/share/camera_feed_pub/environment/ament_prefix_path.sh
[5.257s] -- Up-to-date: /home/niraamay/isro/ros2_try/isro_ws/install/camera_feed_pub/share/camera_feed_pub/environment/ament_prefix_path.dsv
[5.257s] -- Up-to-date: /home/niraamay/isro/ros2_try/isro_ws/install/camera_feed_pub/share/camera_feed_pub/environment/path.sh
[5.257s] -- Up-to-date: /home/niraamay/isro/ros2_try/isro_ws/install/camera_feed_pub/share/camera_feed_pub/environment/path.dsv
[5.258s] -- Up-to-date: /home/niraamay/isro/ros2_try/isro_ws/install/camera_feed_pub/share/camera_feed_pub/local_setup.bash
[5.258s] -- Up-to-date: /home/niraamay/isro/ros2_try/isro_ws/install/camera_feed_pub/share/camera_feed_pub/local_setup.sh
[5.258s] -- Up-to-date: /home/niraamay/isro/ros2_try/isro_ws/install/camera_feed_pub/share/camera_feed_pub/local_setup.zsh
[5.259s] -- Up-to-date: /home/niraamay/isro/ros2_try/isro_ws/install/camera_feed_pub/share/camera_feed_pub/local_setup.dsv
[5.259s] -- Installing: /home/niraamay/isro/ros2_try/isro_ws/install/camera_feed_pub/share/camera_feed_pub/package.dsv
[5.259s] -- Up-to-date: /home/niraamay/isro/ros2_try/isro_ws/install/camera_feed_pub/share/ament_index/resource_index/packages/camera_feed_pub
[5.259s] -- Up-to-date: /home/niraamay/isro/ros2_try/isro_ws/install/camera_feed_pub/share/camera_feed_pub/cmake/camera_feed_pubConfig.cmake
[5.259s] -- Up-to-date: /home/niraamay/isro/ros2_try/isro_ws/install/camera_feed_pub/share/camera_feed_pub/cmake/camera_feed_pubConfig-version.cmake
[5.259s] -- Up-to-date: /home/niraamay/isro/ros2_try/isro_ws/install/camera_feed_pub/share/camera_feed_pub/package.xml
[5.259s] Invoked command in '/home/niraamay/isro/ros2_try/isro_ws/build/camera_feed_pub' returned '0': CMAKE_PREFIX_PATH=${CMAKE_PREFIX_PATH}:/home/niraamay/isro/ros2_try/isro_ws/install/camera_pub:/opt/ros/humble /usr/bin/cmake --install /home/niraamay/isro/ros2_try/isro_ws/build/camera_feed_pub
