[0.107s] DEBUG:colcon:Command line arguments: ['/usr/bin/colcon', 'build']
[0.108s] DEBUG:colcon:Parsed command line arguments: Namespace(log_base=None, log_level=None, verb_name='build', build_base='build', install_base='install', merge_install=False, symlink_install=False, test_result_base=None, continue_on_error=False, executor='parallel', parallel_workers=16, event_handlers=None, ignore_user_meta=False, metas=['./colcon.meta'], base_paths=['.'], packages_ignore=None, packages_ignore_regex=None, paths=None, packages_up_to=None, packages_up_to_regex=None, packages_above=None, packages_above_and_dependencies=None, packages_above_depth=None, packages_select_by_dep=None, packages_skip_by_dep=None, packages_skip_up_to=None, packages_select_build_failed=False, packages_skip_build_finished=False, packages_select_test_failures=False, packages_skip_test_passed=False, packages_select=None, packages_skip=None, packages_select_regex=None, packages_skip_regex=None, packages_start=None, packages_end=None, allow_overriding=[], cmake_args=None, cmake_target=None, cmake_target_skip_unavailable=False, cmake_clean_cache=False, cmake_clean_first=False, cmake_force_configure=False, ament_cmake_args=None, catkin_cmake_args=None, catkin_skip_building_tests=False, verb_parser=<colcon_defaults.argument_parser.defaults.DefaultArgumentsDecorator object at 0x7f9576795270>, verb_extension=<colcon_core.verb.build.BuildVerb object at 0x7f9576794e20>, main=<bound method BuildVerb.main of <colcon_core.verb.build.BuildVerb object at 0x7f9576794e20>>)
[0.337s] Level 1:colcon.colcon_core.package_discovery:discover_packages(colcon_meta) check parameters
[0.338s] Level 1:colcon.colcon_core.package_discovery:discover_packages(recursive) check parameters
[0.338s] Level 1:colcon.colcon_core.package_discovery:discover_packages(ignore) check parameters
[0.338s] Level 1:colcon.colcon_core.package_discovery:discover_packages(path) check parameters
[0.338s] Level 1:colcon.colcon_core.package_discovery:discover_packages(colcon_meta) discover
[0.338s] Level 1:colcon.colcon_core.package_discovery:discover_packages(recursive) discover
[0.338s] INFO:colcon.colcon_core.package_discovery:Crawling recursively for packages in '/home/niraamay/isro_ros2_try/ros_ws'
[0.338s] Level 1:colcon.colcon_core.package_identification:_identify(.) by extensions ['ignore', 'ignore_ament_install']
[0.338s] Level 1:colcon.colcon_core.package_identification:_identify(.) by extension 'ignore'
[0.338s] Level 1:colcon.colcon_core.package_identification:_identify(.) by extension 'ignore_ament_install'
[0.338s] Level 1:colcon.colcon_core.package_identification:_identify(.) by extensions ['colcon_pkg']
[0.338s] Level 1:colcon.colcon_core.package_identification:_identify(.) by extension 'colcon_pkg'
[0.338s] Level 1:colcon.colcon_core.package_identification:_identify(.) by extensions ['colcon_meta']
[0.338s] Level 1:colcon.colcon_core.package_identification:_identify(.) by extension 'colcon_meta'
[0.338s] Level 1:colcon.colcon_core.package_identification:_identify(.) by extensions ['ros']
[0.338s] Level 1:colcon.colcon_core.package_identification:_identify(.) by extension 'ros'
[0.351s] Level 1:colcon.colcon_core.package_identification:_identify(.) by extensions ['cmake', 'python']
[0.351s] Level 1:colcon.colcon_core.package_identification:_identify(.) by extension 'cmake'
[0.351s] Level 1:colcon.colcon_core.package_identification:_identify(.) by extension 'python'
[0.351s] Level 1:colcon.colcon_core.package_identification:_identify(.) by extensions ['python_setup_py']
[0.351s] Level 1:colcon.colcon_core.package_identification:_identify(.) by extension 'python_setup_py'
[0.352s] Level 1:colcon.colcon_core.package_identification:_identify(build) by extensions ['ignore', 'ignore_ament_install']
[0.352s] Level 1:colcon.colcon_core.package_identification:_identify(build) by extension 'ignore'
[0.352s] Level 1:colcon.colcon_core.package_identification:_identify(build) ignored
[0.352s] Level 1:colcon.colcon_core.package_identification:_identify(install) by extensions ['ignore', 'ignore_ament_install']
[0.352s] Level 1:colcon.colcon_core.package_identification:_identify(install) by extension 'ignore'
[0.352s] Level 1:colcon.colcon_core.package_identification:_identify(install) ignored
[0.352s] Level 1:colcon.colcon_core.package_identification:_identify(log) by extensions ['ignore', 'ignore_ament_install']
[0.352s] Level 1:colcon.colcon_core.package_identification:_identify(log) by extension 'ignore'
[0.352s] Level 1:colcon.colcon_core.package_identification:_identify(log) ignored
[0.352s] Level 1:colcon.colcon_core.package_identification:_identify(src) by extensions ['ignore', 'ignore_ament_install']
[0.352s] Level 1:colcon.colcon_core.package_identification:_identify(src) by extension 'ignore'
[0.352s] Level 1:colcon.colcon_core.package_identification:_identify(src) by extension 'ignore_ament_install'
[0.352s] Level 1:colcon.colcon_core.package_identification:_identify(src) by extensions ['colcon_pkg']
[0.353s] Level 1:colcon.colcon_core.package_identification:_identify(src) by extension 'colcon_pkg'
[0.353s] Level 1:colcon.colcon_core.package_identification:_identify(src) by extensions ['colcon_meta']
[0.353s] Level 1:colcon.colcon_core.package_identification:_identify(src) by extension 'colcon_meta'
[0.353s] Level 1:colcon.colcon_core.package_identification:_identify(src) by extensions ['ros']
[0.353s] Level 1:colcon.colcon_core.package_identification:_identify(src) by extension 'ros'
[0.353s] Level 1:colcon.colcon_core.package_identification:_identify(src) by extensions ['cmake', 'python']
[0.353s] Level 1:colcon.colcon_core.package_identification:_identify(src) by extension 'cmake'
[0.353s] Level 1:colcon.colcon_core.package_identification:_identify(src) by extension 'python'
[0.353s] Level 1:colcon.colcon_core.package_identification:_identify(src) by extensions ['python_setup_py']
[0.353s] Level 1:colcon.colcon_core.package_identification:_identify(src) by extension 'python_setup_py'
[0.353s] Level 1:colcon.colcon_core.package_identification:_identify(src/camera_feed_pub) by extensions ['ignore', 'ignore_ament_install']
[0.353s] Level 1:colcon.colcon_core.package_identification:_identify(src/camera_feed_pub) by extension 'ignore'
[0.353s] Level 1:colcon.colcon_core.package_identification:_identify(src/camera_feed_pub) by extension 'ignore_ament_install'
[0.353s] Level 1:colcon.colcon_core.package_identification:_identify(src/camera_feed_pub) by extensions ['colcon_pkg']
[0.353s] Level 1:colcon.colcon_core.package_identification:_identify(src/camera_feed_pub) by extension 'colcon_pkg'
[0.353s] Level 1:colcon.colcon_core.package_identification:_identify(src/camera_feed_pub) by extensions ['colcon_meta']
[0.353s] Level 1:colcon.colcon_core.package_identification:_identify(src/camera_feed_pub) by extension 'colcon_meta'
[0.353s] Level 1:colcon.colcon_core.package_identification:_identify(src/camera_feed_pub) by extensions ['ros']
[0.353s] Level 1:colcon.colcon_core.package_identification:_identify(src/camera_feed_pub) by extension 'ros'
[0.356s] DEBUG:colcon.colcon_core.package_identification:Package 'src/camera_feed_pub' with type 'ros.ament_cmake' and name 'camera_feed_pub'
[0.357s] Level 1:colcon.colcon_core.package_identification:_identify(src/orbslam_pub) by extensions ['ignore', 'ignore_ament_install']
[0.357s] Level 1:colcon.colcon_core.package_identification:_identify(src/orbslam_pub) by extension 'ignore'
[0.357s] Level 1:colcon.colcon_core.package_identification:_identify(src/orbslam_pub) by extension 'ignore_ament_install'
[0.357s] Level 1:colcon.colcon_core.package_identification:_identify(src/orbslam_pub) by extensions ['colcon_pkg']
[0.357s] Level 1:colcon.colcon_core.package_identification:_identify(src/orbslam_pub) by extension 'colcon_pkg'
[0.357s] Level 1:colcon.colcon_core.package_identification:_identify(src/orbslam_pub) by extensions ['colcon_meta']
[0.357s] Level 1:colcon.colcon_core.package_identification:_identify(src/orbslam_pub) by extension 'colcon_meta'
[0.357s] Level 1:colcon.colcon_core.package_identification:_identify(src/orbslam_pub) by extensions ['ros']
[0.357s] Level 1:colcon.colcon_core.package_identification:_identify(src/orbslam_pub) by extension 'ros'
[0.358s] DEBUG:colcon.colcon_core.package_identification:Package 'src/orbslam_pub' with type 'ros.ament_cmake' and name 'orbslam_pub'
[0.358s] Level 1:colcon.colcon_core.package_discovery:discover_packages(recursive) using defaults
[0.358s] Level 1:colcon.colcon_core.package_discovery:discover_packages(ignore) discover
[0.358s] Level 1:colcon.colcon_core.package_discovery:discover_packages(ignore) using defaults
[0.358s] Level 1:colcon.colcon_core.package_discovery:discover_packages(path) discover
[0.358s] Level 1:colcon.colcon_core.package_discovery:discover_packages(path) using defaults
[0.392s] Level 1:colcon.colcon_core.package_discovery:discover_packages(prefix_path) check parameters
[0.392s] Level 1:colcon.colcon_core.package_discovery:discover_packages(prefix_path) discover
[0.395s] DEBUG:colcon.colcon_installed_package_information.package_discovery:Found 309 installed packages in /opt/ros/humble
[0.396s] Level 1:colcon.colcon_core.package_discovery:discover_packages(prefix_path) using defaults
[0.436s] Level 5:colcon.colcon_core.verb:set package 'camera_feed_pub' build argument 'cmake_args' from command line to 'None'
[0.436s] Level 5:colcon.colcon_core.verb:set package 'camera_feed_pub' build argument 'cmake_target' from command line to 'None'
[0.436s] Level 5:colcon.colcon_core.verb:set package 'camera_feed_pub' build argument 'cmake_target_skip_unavailable' from command line to 'False'
[0.436s] Level 5:colcon.colcon_core.verb:set package 'camera_feed_pub' build argument 'cmake_clean_cache' from command line to 'False'
[0.436s] Level 5:colcon.colcon_core.verb:set package 'camera_feed_pub' build argument 'cmake_clean_first' from command line to 'False'
[0.436s] Level 5:colcon.colcon_core.verb:set package 'camera_feed_pub' build argument 'cmake_force_configure' from command line to 'False'
[0.436s] Level 5:colcon.colcon_core.verb:set package 'camera_feed_pub' build argument 'ament_cmake_args' from command line to 'None'
[0.436s] Level 5:colcon.colcon_core.verb:set package 'camera_feed_pub' build argument 'catkin_cmake_args' from command line to 'None'
[0.436s] Level 5:colcon.colcon_core.verb:set package 'camera_feed_pub' build argument 'catkin_skip_building_tests' from command line to 'False'
[0.436s] DEBUG:colcon.colcon_core.verb:Building package 'camera_feed_pub' with the following arguments: {'ament_cmake_args': None, 'build_base': '/home/niraamay/isro_ros2_try/ros_ws/build/camera_feed_pub', 'catkin_cmake_args': None, 'catkin_skip_building_tests': False, 'cmake_args': None, 'cmake_clean_cache': False, 'cmake_clean_first': False, 'cmake_force_configure': False, 'cmake_target': None, 'cmake_target_skip_unavailable': False, 'install_base': '/home/niraamay/isro_ros2_try/ros_ws/install/camera_feed_pub', 'merge_install': False, 'path': '/home/niraamay/isro_ros2_try/ros_ws/src/camera_feed_pub', 'symlink_install': False, 'test_result_base': None}
[0.436s] Level 5:colcon.colcon_core.verb:set package 'orbslam_pub' build argument 'cmake_args' from command line to 'None'
[0.436s] Level 5:colcon.colcon_core.verb:set package 'orbslam_pub' build argument 'cmake_target' from command line to 'None'
[0.436s] Level 5:colcon.colcon_core.verb:set package 'orbslam_pub' build argument 'cmake_target_skip_unavailable' from command line to 'False'
[0.436s] Level 5:colcon.colcon_core.verb:set package 'orbslam_pub' build argument 'cmake_clean_cache' from command line to 'False'
[0.437s] Level 5:colcon.colcon_core.verb:set package 'orbslam_pub' build argument 'cmake_clean_first' from command line to 'False'
[0.437s] Level 5:colcon.colcon_core.verb:set package 'orbslam_pub' build argument 'cmake_force_configure' from command line to 'False'
[0.437s] Level 5:colcon.colcon_core.verb:set package 'orbslam_pub' build argument 'ament_cmake_args' from command line to 'None'
[0.437s] Level 5:colcon.colcon_core.verb:set package 'orbslam_pub' build argument 'catkin_cmake_args' from command line to 'None'
[0.437s] Level 5:colcon.colcon_core.verb:set package 'orbslam_pub' build argument 'catkin_skip_building_tests' from command line to 'False'
[0.437s] DEBUG:colcon.colcon_core.verb:Building package 'orbslam_pub' with the following arguments: {'ament_cmake_args': None, 'build_base': '/home/niraamay/isro_ros2_try/ros_ws/build/orbslam_pub', 'catkin_cmake_args': None, 'catkin_skip_building_tests': False, 'cmake_args': None, 'cmake_clean_cache': False, 'cmake_clean_first': False, 'cmake_force_configure': False, 'cmake_target': None, 'cmake_target_skip_unavailable': False, 'install_base': '/home/niraamay/isro_ros2_try/ros_ws/install/orbslam_pub', 'merge_install': False, 'path': '/home/niraamay/isro_ros2_try/ros_ws/src/orbslam_pub', 'symlink_install': False, 'test_result_base': None}
[0.437s] INFO:colcon.colcon_core.executor:Executing jobs using 'parallel' executor
[0.438s] DEBUG:colcon.colcon_parallel_executor.executor.parallel:run_until_complete
[0.438s] INFO:colcon.colcon_ros.task.ament_cmake.build:Building ROS package in '/home/niraamay/isro_ros2_try/ros_ws/src/camera_feed_pub' with build type 'ament_cmake'
[0.438s] INFO:colcon.colcon_cmake.task.cmake.build:Building CMake package in '/home/niraamay/isro_ros2_try/ros_ws/src/camera_feed_pub'
[0.441s] INFO:colcon.colcon_core.plugin_system:Skipping extension 'colcon_core.shell.bat': Not used on non-Windows systems
[0.442s] INFO:colcon.colcon_core.shell:Skip shell extension 'powershell' for command environment: Not usable outside of PowerShell
[0.442s] DEBUG:colcon.colcon_core.shell:Skip shell extension 'dsv' for command environment
[0.445s] INFO:colcon.colcon_ros.task.ament_cmake.build:Building ROS package in '/home/niraamay/isro_ros2_try/ros_ws/src/orbslam_pub' with build type 'ament_cmake'
[0.445s] INFO:colcon.colcon_cmake.task.cmake.build:Building CMake package in '/home/niraamay/isro_ros2_try/ros_ws/src/orbslam_pub'
[0.445s] INFO:colcon.colcon_core.shell:Skip shell extension 'powershell' for command environment: Not usable outside of PowerShell
[0.445s] DEBUG:colcon.colcon_core.shell:Skip shell extension 'dsv' for command environment
[0.449s] DEBUG:colcon.colcon_core.event_handler.log_command:Invoking command in '/home/niraamay/isro_ros2_try/ros_ws/build/camera_feed_pub': CMAKE_PREFIX_PATH=/opt/ros/humble /usr/bin/cmake /home/niraamay/isro_ros2_try/ros_ws/src/camera_feed_pub -DCMAKE_INSTALL_PREFIX=/home/niraamay/isro_ros2_try/ros_ws/install/camera_feed_pub
[0.455s] DEBUG:colcon.colcon_core.event_handler.log_command:Invoking command in '/home/niraamay/isro_ros2_try/ros_ws/build/orbslam_pub': CMAKE_PREFIX_PATH=/opt/ros/humble /usr/bin/cmake /home/niraamay/isro_ros2_try/ros_ws/src/orbslam_pub -DCMAKE_INSTALL_PREFIX=/home/niraamay/isro_ros2_try/ros_ws/install/orbslam_pub
[1.995s] DEBUG:colcon.colcon_core.event_handler.log_command:Invoked command in '/home/niraamay/isro_ros2_try/ros_ws/build/camera_feed_pub' returned '0': CMAKE_PREFIX_PATH=/opt/ros/humble /usr/bin/cmake /home/niraamay/isro_ros2_try/ros_ws/src/camera_feed_pub -DCMAKE_INSTALL_PREFIX=/home/niraamay/isro_ros2_try/ros_ws/install/camera_feed_pub
[1.996s] DEBUG:colcon.colcon_core.event_handler.log_command:Invoking command in '/home/niraamay/isro_ros2_try/ros_ws/build/camera_feed_pub': CMAKE_PREFIX_PATH=/opt/ros/humble /usr/bin/cmake --build /home/niraamay/isro_ros2_try/ros_ws/build/camera_feed_pub -- -j16 -l16
[2.037s] DEBUG:colcon.colcon_core.event_handler.log_command:Invoked command in '/home/niraamay/isro_ros2_try/ros_ws/build/orbslam_pub' returned '0': CMAKE_PREFIX_PATH=/opt/ros/humble /usr/bin/cmake /home/niraamay/isro_ros2_try/ros_ws/src/orbslam_pub -DCMAKE_INSTALL_PREFIX=/home/niraamay/isro_ros2_try/ros_ws/install/orbslam_pub
[2.039s] DEBUG:colcon.colcon_core.event_handler.log_command:Invoking command in '/home/niraamay/isro_ros2_try/ros_ws/build/orbslam_pub': CMAKE_PREFIX_PATH=/opt/ros/humble /usr/bin/cmake --build /home/niraamay/isro_ros2_try/ros_ws/build/orbslam_pub -- -j16 -l16
[7.021s] DEBUG:colcon.colcon_core.event_handler.log_command:Invoked command in '/home/niraamay/isro_ros2_try/ros_ws/build/camera_feed_pub' returned '0': CMAKE_PREFIX_PATH=/opt/ros/humble /usr/bin/cmake --build /home/niraamay/isro_ros2_try/ros_ws/build/camera_feed_pub -- -j16 -l16
[7.030s] DEBUG:colcon.colcon_core.event_handler.log_command:Invoking command in '/home/niraamay/isro_ros2_try/ros_ws/build/camera_feed_pub': CMAKE_PREFIX_PATH=/opt/ros/humble /usr/bin/cmake --install /home/niraamay/isro_ros2_try/ros_ws/build/camera_feed_pub
[7.039s] Level 1:colcon.colcon_core.environment:create_environment_scripts_only(camera_feed_pub)
[7.039s] DEBUG:colcon.colcon_core.event_handler.log_command:Invoked command in '/home/niraamay/isro_ros2_try/ros_ws/build/camera_feed_pub' returned '0': CMAKE_PREFIX_PATH=/opt/ros/humble /usr/bin/cmake --install /home/niraamay/isro_ros2_try/ros_ws/build/camera_feed_pub
[7.045s] Level 1:colcon.colcon_core.environment:checking '/home/niraamay/isro_ros2_try/ros_ws/install/camera_feed_pub' for CMake module files
[7.046s] Level 1:colcon.colcon_core.environment:checking '/home/niraamay/isro_ros2_try/ros_ws/install/camera_feed_pub' for CMake config files
[7.046s] Level 1:colcon.colcon_core.shell:create_environment_hook('camera_feed_pub', 'cmake_prefix_path')
[7.047s] INFO:colcon.colcon_core.shell:Creating environment hook '/home/niraamay/isro_ros2_try/ros_ws/install/camera_feed_pub/share/camera_feed_pub/hook/cmake_prefix_path.ps1'
[7.048s] INFO:colcon.colcon_core.shell:Creating environment descriptor '/home/niraamay/isro_ros2_try/ros_ws/install/camera_feed_pub/share/camera_feed_pub/hook/cmake_prefix_path.dsv'
[7.049s] INFO:colcon.colcon_core.shell:Creating environment hook '/home/niraamay/isro_ros2_try/ros_ws/install/camera_feed_pub/share/camera_feed_pub/hook/cmake_prefix_path.sh'
[7.050s] Level 1:colcon.colcon_core.environment:checking '/home/niraamay/isro_ros2_try/ros_ws/install/camera_feed_pub/lib'
[7.050s] Level 1:colcon.colcon_core.environment:checking '/home/niraamay/isro_ros2_try/ros_ws/install/camera_feed_pub/bin'
[7.050s] Level 1:colcon.colcon_core.environment:checking '/home/niraamay/isro_ros2_try/ros_ws/install/camera_feed_pub/lib/pkgconfig/camera_feed_pub.pc'
[7.051s] Level 1:colcon.colcon_core.environment:checking '/home/niraamay/isro_ros2_try/ros_ws/install/camera_feed_pub/lib/python3.10/site-packages'
[7.051s] Level 1:colcon.colcon_core.environment:checking '/home/niraamay/isro_ros2_try/ros_ws/install/camera_feed_pub/bin'
[7.051s] INFO:colcon.colcon_core.shell:Creating package script '/home/niraamay/isro_ros2_try/ros_ws/install/camera_feed_pub/share/camera_feed_pub/package.ps1'
[7.052s] INFO:colcon.colcon_core.shell:Creating package descriptor '/home/niraamay/isro_ros2_try/ros_ws/install/camera_feed_pub/share/camera_feed_pub/package.dsv'
[7.053s] INFO:colcon.colcon_core.shell:Creating package script '/home/niraamay/isro_ros2_try/ros_ws/install/camera_feed_pub/share/camera_feed_pub/package.sh'
[7.053s] INFO:colcon.colcon_core.shell:Creating package script '/home/niraamay/isro_ros2_try/ros_ws/install/camera_feed_pub/share/camera_feed_pub/package.bash'
[7.054s] INFO:colcon.colcon_core.shell:Creating package script '/home/niraamay/isro_ros2_try/ros_ws/install/camera_feed_pub/share/camera_feed_pub/package.zsh'
[7.055s] Level 1:colcon.colcon_core.environment:create_file_with_runtime_dependencies(/home/niraamay/isro_ros2_try/ros_ws/install/camera_feed_pub/share/colcon-core/packages/camera_feed_pub)
[7.056s] Level 1:colcon.colcon_core.environment:create_environment_scripts_only(camera_feed_pub)
[7.056s] Level 1:colcon.colcon_core.environment:checking '/home/niraamay/isro_ros2_try/ros_ws/install/camera_feed_pub' for CMake module files
[7.056s] Level 1:colcon.colcon_core.environment:checking '/home/niraamay/isro_ros2_try/ros_ws/install/camera_feed_pub' for CMake config files
[7.057s] Level 1:colcon.colcon_core.shell:create_environment_hook('camera_feed_pub', 'cmake_prefix_path')
[7.057s] INFO:colcon.colcon_core.shell:Creating environment hook '/home/niraamay/isro_ros2_try/ros_ws/install/camera_feed_pub/share/camera_feed_pub/hook/cmake_prefix_path.ps1'
[7.057s] INFO:colcon.colcon_core.shell:Creating environment descriptor '/home/niraamay/isro_ros2_try/ros_ws/install/camera_feed_pub/share/camera_feed_pub/hook/cmake_prefix_path.dsv'
[7.057s] INFO:colcon.colcon_core.shell:Creating environment hook '/home/niraamay/isro_ros2_try/ros_ws/install/camera_feed_pub/share/camera_feed_pub/hook/cmake_prefix_path.sh'
[7.058s] Level 1:colcon.colcon_core.environment:checking '/home/niraamay/isro_ros2_try/ros_ws/install/camera_feed_pub/lib'
[7.058s] Level 1:colcon.colcon_core.environment:checking '/home/niraamay/isro_ros2_try/ros_ws/install/camera_feed_pub/bin'
[7.058s] Level 1:colcon.colcon_core.environment:checking '/home/niraamay/isro_ros2_try/ros_ws/install/camera_feed_pub/lib/pkgconfig/camera_feed_pub.pc'
[7.058s] Level 1:colcon.colcon_core.environment:checking '/home/niraamay/isro_ros2_try/ros_ws/install/camera_feed_pub/lib/python3.10/site-packages'
[7.058s] Level 1:colcon.colcon_core.environment:checking '/home/niraamay/isro_ros2_try/ros_ws/install/camera_feed_pub/bin'
[7.059s] INFO:colcon.colcon_core.shell:Creating package script '/home/niraamay/isro_ros2_try/ros_ws/install/camera_feed_pub/share/camera_feed_pub/package.ps1'
[7.059s] INFO:colcon.colcon_core.shell:Creating package descriptor '/home/niraamay/isro_ros2_try/ros_ws/install/camera_feed_pub/share/camera_feed_pub/package.dsv'
[7.060s] INFO:colcon.colcon_core.shell:Creating package script '/home/niraamay/isro_ros2_try/ros_ws/install/camera_feed_pub/share/camera_feed_pub/package.sh'
[7.060s] INFO:colcon.colcon_core.shell:Creating package script '/home/niraamay/isro_ros2_try/ros_ws/install/camera_feed_pub/share/camera_feed_pub/package.bash'
[7.060s] INFO:colcon.colcon_core.shell:Creating package script '/home/niraamay/isro_ros2_try/ros_ws/install/camera_feed_pub/share/camera_feed_pub/package.zsh'
[7.061s] Level 1:colcon.colcon_core.environment:create_file_with_runtime_dependencies(/home/niraamay/isro_ros2_try/ros_ws/install/camera_feed_pub/share/colcon-core/packages/camera_feed_pub)
[16.440s] DEBUG:colcon.colcon_core.event_handler.log_command:Invoked command in '/home/niraamay/isro_ros2_try/ros_ws/build/orbslam_pub' returned '0': CMAKE_PREFIX_PATH=/opt/ros/humble /usr/bin/cmake --build /home/niraamay/isro_ros2_try/ros_ws/build/orbslam_pub -- -j16 -l16
[16.443s] DEBUG:colcon.colcon_core.event_handler.log_command:Invoking command in '/home/niraamay/isro_ros2_try/ros_ws/build/orbslam_pub': CMAKE_PREFIX_PATH=/opt/ros/humble /usr/bin/cmake --install /home/niraamay/isro_ros2_try/ros_ws/build/orbslam_pub
[16.455s] Level 1:colcon.colcon_core.environment:create_environment_scripts_only(orbslam_pub)
[16.455s] Level 1:colcon.colcon_core.environment:checking '/home/niraamay/isro_ros2_try/ros_ws/install/orbslam_pub' for CMake module files
[16.456s] DEBUG:colcon.colcon_core.event_handler.log_command:Invoked command in '/home/niraamay/isro_ros2_try/ros_ws/build/orbslam_pub' returned '0': CMAKE_PREFIX_PATH=/opt/ros/humble /usr/bin/cmake --install /home/niraamay/isro_ros2_try/ros_ws/build/orbslam_pub
[16.456s] Level 1:colcon.colcon_core.environment:checking '/home/niraamay/isro_ros2_try/ros_ws/install/orbslam_pub' for CMake config files
[16.456s] Level 1:colcon.colcon_core.shell:create_environment_hook('orbslam_pub', 'cmake_prefix_path')
[16.456s] INFO:colcon.colcon_core.shell:Creating environment hook '/home/niraamay/isro_ros2_try/ros_ws/install/orbslam_pub/share/orbslam_pub/hook/cmake_prefix_path.ps1'
[16.457s] INFO:colcon.colcon_core.shell:Creating environment descriptor '/home/niraamay/isro_ros2_try/ros_ws/install/orbslam_pub/share/orbslam_pub/hook/cmake_prefix_path.dsv'
[16.457s] INFO:colcon.colcon_core.shell:Creating environment hook '/home/niraamay/isro_ros2_try/ros_ws/install/orbslam_pub/share/orbslam_pub/hook/cmake_prefix_path.sh'
[16.458s] Level 1:colcon.colcon_core.environment:checking '/home/niraamay/isro_ros2_try/ros_ws/install/orbslam_pub/lib'
[16.458s] Level 1:colcon.colcon_core.environment:checking '/home/niraamay/isro_ros2_try/ros_ws/install/orbslam_pub/bin'
[16.458s] Level 1:colcon.colcon_core.environment:checking '/home/niraamay/isro_ros2_try/ros_ws/install/orbslam_pub/lib/pkgconfig/orbslam_pub.pc'
[16.459s] Level 1:colcon.colcon_core.environment:checking '/home/niraamay/isro_ros2_try/ros_ws/install/orbslam_pub/lib/python3.10/site-packages'
[16.459s] Level 1:colcon.colcon_core.environment:checking '/home/niraamay/isro_ros2_try/ros_ws/install/orbslam_pub/bin'
[16.459s] INFO:colcon.colcon_core.shell:Creating package script '/home/niraamay/isro_ros2_try/ros_ws/install/orbslam_pub/share/orbslam_pub/package.ps1'
[16.460s] INFO:colcon.colcon_core.shell:Creating package descriptor '/home/niraamay/isro_ros2_try/ros_ws/install/orbslam_pub/share/orbslam_pub/package.dsv'
[16.460s] INFO:colcon.colcon_core.shell:Creating package script '/home/niraamay/isro_ros2_try/ros_ws/install/orbslam_pub/share/orbslam_pub/package.sh'
[16.461s] INFO:colcon.colcon_core.shell:Creating package script '/home/niraamay/isro_ros2_try/ros_ws/install/orbslam_pub/share/orbslam_pub/package.bash'
[16.461s] INFO:colcon.colcon_core.shell:Creating package script '/home/niraamay/isro_ros2_try/ros_ws/install/orbslam_pub/share/orbslam_pub/package.zsh'
[16.461s] Level 1:colcon.colcon_core.environment:create_file_with_runtime_dependencies(/home/niraamay/isro_ros2_try/ros_ws/install/orbslam_pub/share/colcon-core/packages/orbslam_pub)
[16.462s] Level 1:colcon.colcon_core.environment:create_environment_scripts_only(orbslam_pub)
[16.462s] Level 1:colcon.colcon_core.environment:checking '/home/niraamay/isro_ros2_try/ros_ws/install/orbslam_pub' for CMake module files
[16.463s] Level 1:colcon.colcon_core.environment:checking '/home/niraamay/isro_ros2_try/ros_ws/install/orbslam_pub' for CMake config files
[16.463s] Level 1:colcon.colcon_core.shell:create_environment_hook('orbslam_pub', 'cmake_prefix_path')
[16.463s] INFO:colcon.colcon_core.shell:Creating environment hook '/home/niraamay/isro_ros2_try/ros_ws/install/orbslam_pub/share/orbslam_pub/hook/cmake_prefix_path.ps1'
[16.463s] INFO:colcon.colcon_core.shell:Creating environment descriptor '/home/niraamay/isro_ros2_try/ros_ws/install/orbslam_pub/share/orbslam_pub/hook/cmake_prefix_path.dsv'
[16.464s] INFO:colcon.colcon_core.shell:Creating environment hook '/home/niraamay/isro_ros2_try/ros_ws/install/orbslam_pub/share/orbslam_pub/hook/cmake_prefix_path.sh'
[16.464s] Level 1:colcon.colcon_core.environment:checking '/home/niraamay/isro_ros2_try/ros_ws/install/orbslam_pub/lib'
[16.464s] Level 1:colcon.colcon_core.environment:checking '/home/niraamay/isro_ros2_try/ros_ws/install/orbslam_pub/bin'
[16.464s] Level 1:colcon.colcon_core.environment:checking '/home/niraamay/isro_ros2_try/ros_ws/install/orbslam_pub/lib/pkgconfig/orbslam_pub.pc'
[16.465s] Level 1:colcon.colcon_core.environment:checking '/home/niraamay/isro_ros2_try/ros_ws/install/orbslam_pub/lib/python3.10/site-packages'
[16.465s] Level 1:colcon.colcon_core.environment:checking '/home/niraamay/isro_ros2_try/ros_ws/install/orbslam_pub/bin'
[16.465s] INFO:colcon.colcon_core.shell:Creating package script '/home/niraamay/isro_ros2_try/ros_ws/install/orbslam_pub/share/orbslam_pub/package.ps1'
[16.466s] INFO:colcon.colcon_core.shell:Creating package descriptor '/home/niraamay/isro_ros2_try/ros_ws/install/orbslam_pub/share/orbslam_pub/package.dsv'
[16.466s] INFO:colcon.colcon_core.shell:Creating package script '/home/niraamay/isro_ros2_try/ros_ws/install/orbslam_pub/share/orbslam_pub/package.sh'
[16.467s] INFO:colcon.colcon_core.shell:Creating package script '/home/niraamay/isro_ros2_try/ros_ws/install/orbslam_pub/share/orbslam_pub/package.bash'
[16.467s] INFO:colcon.colcon_core.shell:Creating package script '/home/niraamay/isro_ros2_try/ros_ws/install/orbslam_pub/share/orbslam_pub/package.zsh'
[16.467s] Level 1:colcon.colcon_core.environment:create_file_with_runtime_dependencies(/home/niraamay/isro_ros2_try/ros_ws/install/orbslam_pub/share/colcon-core/packages/orbslam_pub)
[16.468s] DEBUG:colcon.colcon_parallel_executor.executor.parallel:closing loop
[16.468s] DEBUG:colcon.colcon_parallel_executor.executor.parallel:loop closed
[16.468s] DEBUG:colcon.colcon_parallel_executor.executor.parallel:run_until_complete finished with '0'
[16.468s] DEBUG:colcon.colcon_core.event_reactor:joining thread
[16.474s] INFO:colcon.colcon_core.plugin_system:Skipping extension 'colcon_notification.desktop_notification.terminal_notifier': Not used on non-Darwin systems
[16.475s] INFO:colcon.colcon_core.plugin_system:Skipping extension 'colcon_notification.desktop_notification.win32': Not used on non-Windows systems
[16.475s] INFO:colcon.colcon_notification.desktop_notification:Sending desktop notification using 'notify2'
[16.480s] DEBUG:colcon.colcon_core.event_reactor:joined thread
[16.480s] INFO:colcon.colcon_core.shell:Creating prefix script '/home/niraamay/isro_ros2_try/ros_ws/install/local_setup.ps1'
[16.482s] INFO:colcon.colcon_core.shell:Creating prefix util module '/home/niraamay/isro_ros2_try/ros_ws/install/_local_setup_util_ps1.py'
[16.484s] INFO:colcon.colcon_core.shell:Creating prefix chain script '/home/niraamay/isro_ros2_try/ros_ws/install/setup.ps1'
[16.485s] INFO:colcon.colcon_core.shell:Creating prefix script '/home/niraamay/isro_ros2_try/ros_ws/install/local_setup.sh'
[16.486s] INFO:colcon.colcon_core.shell:Creating prefix util module '/home/niraamay/isro_ros2_try/ros_ws/install/_local_setup_util_sh.py'
[16.487s] INFO:colcon.colcon_core.shell:Creating prefix chain script '/home/niraamay/isro_ros2_try/ros_ws/install/setup.sh'
[16.489s] INFO:colcon.colcon_core.shell:Creating prefix script '/home/niraamay/isro_ros2_try/ros_ws/install/local_setup.bash'
[16.489s] INFO:colcon.colcon_core.shell:Creating prefix chain script '/home/niraamay/isro_ros2_try/ros_ws/install/setup.bash'
[16.491s] INFO:colcon.colcon_core.shell:Creating prefix script '/home/niraamay/isro_ros2_try/ros_ws/install/local_setup.zsh'
[16.492s] INFO:colcon.colcon_core.shell:Creating prefix chain script '/home/niraamay/isro_ros2_try/ros_ws/install/setup.zsh'
