[0.270s] Invoking command in '/home/niraamay/isro/ros2_try/isro_ws/build/orbslam_pub': CMAKE_PREFIX_PATH=${CMAKE_PREFIX_PATH}:/home/niraamay/isro/ros2_try/isro_ws/install/camera_pub:/opt/ros/humble /usr/bin/cmake --build /home/niraamay/isro/ros2_try/isro_ws/build/orbslam_pub -- -j16 -l16
[0.292s] -- Found ament_cmake: 1.3.11 (/opt/ros/humble/share/ament_cmake/cmake)
[0.435s] -- Found rclcpp: 16.0.11 (/opt/ros/humble/share/rclcpp/cmake)
[0.466s] -- Found rosidl_generator_c: 3.1.6 (/opt/ros/humble/share/rosidl_generator_c/cmake)
[0.469s] -- Found rosidl_adapter: 3.1.6 (/opt/ros/humble/share/rosidl_adapter/cmake)
[0.475s] -- Found rosidl_generator_cpp: 3.1.6 (/opt/ros/humble/share/rosidl_generator_cpp/cmake)
[0.485s] -- Using all available rosidl_typesupport_c: rosidl_typesupport_fastrtps_c;rosidl_typesupport_introspection_c
[0.499s] -- Using all available rosidl_typesupport_cpp: rosidl_typesupport_fastrtps_cpp;rosidl_typesupport_introspection_cpp
[0.534s] -- Found rmw_implementation_cmake: 6.1.2 (/opt/ros/humble/share/rmw_implementation_cmake/cmake)
[0.536s] -- Found rmw_fastrtps_cpp: 6.2.7 (/opt/ros/humble/share/rmw_fastrtps_cpp/cmake)
[0.640s] -- Using RMW implementation 'rmw_fastrtps_cpp' as default
[0.693s] -- Found sensor_msgs: 4.2.4 (/opt/ros/humble/share/sensor_msgs/cmake)
[0.722s] -- Found cv_bridge: 3.2.1 (/opt/ros/humble/share/cv_bridge/cmake)
[0.820s] -- Configuring done
[0.833s] -- Generating done
[0.838s] -- Build files have been written to: /home/niraamay/isro/ros2_try/isro_ws/build/orbslam_pub
[0.864s] [35m[1mConsolidate compiler generated dependencies of target getpose[0m
[0.892s] [ 50%] [32m[1mLinking CXX executable getpose[0m
[1.791s] [100%] Built target getpose
[1.803s] Invoked command in '/home/niraamay/isro/ros2_try/isro_ws/build/orbslam_pub' returned '0': CMAKE_PREFIX_PATH=${CMAKE_PREFIX_PATH}:/home/niraamay/isro/ros2_try/isro_ws/install/camera_pub:/opt/ros/humble /usr/bin/cmake --build /home/niraamay/isro/ros2_try/isro_ws/build/orbslam_pub -- -j16 -l16
[1.811s] Invoking command in '/home/niraamay/isro/ros2_try/isro_ws/build/orbslam_pub': CMAKE_PREFIX_PATH=${CMAKE_PREFIX_PATH}:/home/niraamay/isro/ros2_try/isro_ws/install/camera_pub:/opt/ros/humble /usr/bin/cmake --install /home/niraamay/isro/ros2_try/isro_ws/build/orbslam_pub
[1.816s] -- Install configuration: ""
[1.816s] -- Installing: /home/niraamay/isro/ros2_try/isro_ws/install/orbslam_pub/lib/orbslam_pub/getpose
[1.820s] -- Up-to-date: /home/niraamay/isro/ros2_try/isro_ws/install/orbslam_pub/share/ament_index/resource_index/package_run_dependencies/orbslam_pub
[1.820s] -- Installing: /home/niraamay/isro/ros2_try/isro_ws/install/orbslam_pub/share/ament_index/resource_index/parent_prefix_path/orbslam_pub
[1.820s] -- Up-to-date: /home/niraamay/isro/ros2_try/isro_ws/install/orbslam_pub/share/orbslam_pub/environment/ament_prefix_path.sh
[1.820s] -- Installing: /home/niraamay/isro/ros2_try/isro_ws/install/orbslam_pub/share/orbslam_pub/environment/ament_prefix_path.dsv
[1.820s] -- Up-to-date: /home/niraamay/isro/ros2_try/isro_ws/install/orbslam_pub/share/orbslam_pub/environment/path.sh
[1.820s] -- Installing: /home/niraamay/isro/ros2_try/isro_ws/install/orbslam_pub/share/orbslam_pub/environment/path.dsv
[1.820s] -- Up-to-date: /home/niraamay/isro/ros2_try/isro_ws/install/orbslam_pub/share/orbslam_pub/local_setup.bash
[1.820s] -- Up-to-date: /home/niraamay/isro/ros2_try/isro_ws/install/orbslam_pub/share/orbslam_pub/local_setup.sh
[1.820s] -- Up-to-date: /home/niraamay/isro/ros2_try/isro_ws/install/orbslam_pub/share/orbslam_pub/local_setup.zsh
[1.820s] -- Installing: /home/niraamay/isro/ros2_try/isro_ws/install/orbslam_pub/share/orbslam_pub/local_setup.dsv
[1.820s] -- Installing: /home/niraamay/isro/ros2_try/isro_ws/install/orbslam_pub/share/orbslam_pub/package.dsv
[1.820s] -- Up-to-date: /home/niraamay/isro/ros2_try/isro_ws/install/orbslam_pub/share/ament_index/resource_index/packages/orbslam_pub
[1.820s] -- Up-to-date: /home/niraamay/isro/ros2_try/isro_ws/install/orbslam_pub/share/orbslam_pub/cmake/orbslam_pubConfig.cmake
[1.820s] -- Up-to-date: /home/niraamay/isro/ros2_try/isro_ws/install/orbslam_pub/share/orbslam_pub/cmake/orbslam_pubConfig-version.cmake
[1.821s] -- Up-to-date: /home/niraamay/isro/ros2_try/isro_ws/install/orbslam_pub/share/orbslam_pub/package.xml
[1.822s] Invoked command in '/home/niraamay/isro/ros2_try/isro_ws/build/orbslam_pub' returned '0': CMAKE_PREFIX_PATH=${CMAKE_PREFIX_PATH}:/home/niraamay/isro/ros2_try/isro_ws/install/camera_pub:/opt/ros/humble /usr/bin/cmake --install /home/niraamay/isro/ros2_try/isro_ws/build/orbslam_pub
