[0.104s] DEBUG:colcon:Command line arguments: ['/usr/bin/colcon', 'build']
[0.104s] DEBUG:colcon:Parsed command line arguments: Namespace(log_base=None, log_level=None, verb_name='build', build_base='build', install_base='install', merge_install=False, symlink_install=False, test_result_base=None, continue_on_error=False, executor='parallel', parallel_workers=16, event_handlers=None, ignore_user_meta=False, metas=['./colcon.meta'], base_paths=['.'], packages_ignore=None, packages_ignore_regex=None, paths=None, packages_up_to=None, packages_up_to_regex=None, packages_above=None, packages_above_and_dependencies=None, packages_above_depth=None, packages_select_by_dep=None, packages_skip_by_dep=None, packages_skip_up_to=None, packages_select_build_failed=False, packages_skip_build_finished=False, packages_select_test_failures=False, packages_skip_test_passed=False, packages_select=None, packages_skip=None, packages_select_regex=None, packages_skip_regex=None, packages_start=None, packages_end=None, allow_overriding=[], cmake_args=None, cmake_target=None, cmake_target_skip_unavailable=False, cmake_clean_cache=False, cmake_clean_first=False, cmake_force_configure=False, ament_cmake_args=None, catkin_cmake_args=None, catkin_skip_building_tests=False, verb_parser=<colcon_defaults.argument_parser.defaults.DefaultArgumentsDecorator object at 0x7f16740e8af0>, verb_extension=<colcon_core.verb.build.BuildVerb object at 0x7f16740e86a0>, main=<bound method BuildVerb.main of <colcon_core.verb.build.BuildVerb object at 0x7f16740e86a0>>)
[0.272s] Level 1:colcon.colcon_core.package_discovery:discover_packages(colcon_meta) check parameters
[0.272s] Level 1:colcon.colcon_core.package_discovery:discover_packages(recursive) check parameters
[0.272s] Level 1:colcon.colcon_core.package_discovery:discover_packages(ignore) check parameters
[0.273s] Level 1:colcon.colcon_core.package_discovery:discover_packages(path) check parameters
[0.273s] Level 1:colcon.colcon_core.package_discovery:discover_packages(colcon_meta) discover
[0.273s] Level 1:colcon.colcon_core.package_discovery:discover_packages(recursive) discover
[0.273s] INFO:colcon.colcon_core.package_discovery:Crawling recursively for packages in '/home/niraamay/isro/ros2_try/isro_ws'
[0.273s] Level 1:colcon.colcon_core.package_identification:_identify(.) by extensions ['ignore', 'ignore_ament_install']
[0.273s] Level 1:colcon.colcon_core.package_identification:_identify(.) by extension 'ignore'
[0.273s] Level 1:colcon.colcon_core.package_identification:_identify(.) by extension 'ignore_ament_install'
[0.273s] Level 1:colcon.colcon_core.package_identification:_identify(.) by extensions ['colcon_pkg']
[0.273s] Level 1:colcon.colcon_core.package_identification:_identify(.) by extension 'colcon_pkg'
[0.273s] Level 1:colcon.colcon_core.package_identification:_identify(.) by extensions ['colcon_meta']
[0.273s] Level 1:colcon.colcon_core.package_identification:_identify(.) by extension 'colcon_meta'
[0.273s] Level 1:colcon.colcon_core.package_identification:_identify(.) by extensions ['ros']
[0.273s] Level 1:colcon.colcon_core.package_identification:_identify(.) by extension 'ros'
[0.285s] Level 1:colcon.colcon_core.package_identification:_identify(.) by extensions ['cmake', 'python']
[0.285s] Level 1:colcon.colcon_core.package_identification:_identify(.) by extension 'cmake'
[0.285s] Level 1:colcon.colcon_core.package_identification:_identify(.) by extension 'python'
[0.285s] Level 1:colcon.colcon_core.package_identification:_identify(.) by extensions ['python_setup_py']
[0.285s] Level 1:colcon.colcon_core.package_identification:_identify(.) by extension 'python_setup_py'
[0.285s] Level 1:colcon.colcon_core.package_identification:_identify(build) by extensions ['ignore', 'ignore_ament_install']
[0.285s] Level 1:colcon.colcon_core.package_identification:_identify(build) by extension 'ignore'
[0.285s] Level 1:colcon.colcon_core.package_identification:_identify(build) ignored
[0.285s] Level 1:colcon.colcon_core.package_identification:_identify(install) by extensions ['ignore', 'ignore_ament_install']
[0.285s] Level 1:colcon.colcon_core.package_identification:_identify(install) by extension 'ignore'
[0.285s] Level 1:colcon.colcon_core.package_identification:_identify(install) ignored
[0.285s] Level 1:colcon.colcon_core.package_identification:_identify(log) by extensions ['ignore', 'ignore_ament_install']
[0.285s] Level 1:colcon.colcon_core.package_identification:_identify(log) by extension 'ignore'
[0.286s] Level 1:colcon.colcon_core.package_identification:_identify(log) ignored
[0.286s] Level 1:colcon.colcon_core.package_identification:_identify(src) by extensions ['ignore', 'ignore_ament_install']
[0.286s] Level 1:colcon.colcon_core.package_identification:_identify(src) by extension 'ignore'
[0.286s] Level 1:colcon.colcon_core.package_identification:_identify(src) by extension 'ignore_ament_install'
[0.286s] Level 1:colcon.colcon_core.package_identification:_identify(src) by extensions ['colcon_pkg']
[0.286s] Level 1:colcon.colcon_core.package_identification:_identify(src) by extension 'colcon_pkg'
[0.286s] Level 1:colcon.colcon_core.package_identification:_identify(src) by extensions ['colcon_meta']
[0.286s] Level 1:colcon.colcon_core.package_identification:_identify(src) by extension 'colcon_meta'
[0.286s] Level 1:colcon.colcon_core.package_identification:_identify(src) by extensions ['ros']
[0.286s] Level 1:colcon.colcon_core.package_identification:_identify(src) by extension 'ros'
[0.286s] Level 1:colcon.colcon_core.package_identification:_identify(src) by extensions ['cmake', 'python']
[0.286s] Level 1:colcon.colcon_core.package_identification:_identify(src) by extension 'cmake'
[0.286s] Level 1:colcon.colcon_core.package_identification:_identify(src) by extension 'python'
[0.286s] Level 1:colcon.colcon_core.package_identification:_identify(src) by extensions ['python_setup_py']
[0.286s] Level 1:colcon.colcon_core.package_identification:_identify(src) by extension 'python_setup_py'
[0.286s] Level 1:colcon.colcon_core.package_identification:_identify(src/camera_pub) by extensions ['ignore', 'ignore_ament_install']
[0.286s] Level 1:colcon.colcon_core.package_identification:_identify(src/camera_pub) by extension 'ignore'
[0.286s] Level 1:colcon.colcon_core.package_identification:_identify(src/camera_pub) by extension 'ignore_ament_install'
[0.286s] Level 1:colcon.colcon_core.package_identification:_identify(src/camera_pub) by extensions ['colcon_pkg']
[0.286s] Level 1:colcon.colcon_core.package_identification:_identify(src/camera_pub) by extension 'colcon_pkg'
[0.286s] Level 1:colcon.colcon_core.package_identification:_identify(src/camera_pub) by extensions ['colcon_meta']
[0.287s] Level 1:colcon.colcon_core.package_identification:_identify(src/camera_pub) by extension 'colcon_meta'
[0.287s] Level 1:colcon.colcon_core.package_identification:_identify(src/camera_pub) by extensions ['ros']
[0.287s] Level 1:colcon.colcon_core.package_identification:_identify(src/camera_pub) by extension 'ros'
[0.289s] DEBUG:colcon.colcon_core.package_identification:Package 'src/camera_pub' with type 'ros.ament_python' and name 'camera_pub'
[0.289s] Level 1:colcon.colcon_core.package_identification:_identify(src/orbslam_pub) by extensions ['ignore', 'ignore_ament_install']
[0.289s] Level 1:colcon.colcon_core.package_identification:_identify(src/orbslam_pub) by extension 'ignore'
[0.289s] Level 1:colcon.colcon_core.package_identification:_identify(src/orbslam_pub) by extension 'ignore_ament_install'
[0.290s] Level 1:colcon.colcon_core.package_identification:_identify(src/orbslam_pub) by extensions ['colcon_pkg']
[0.290s] Level 1:colcon.colcon_core.package_identification:_identify(src/orbslam_pub) by extension 'colcon_pkg'
[0.290s] Level 1:colcon.colcon_core.package_identification:_identify(src/orbslam_pub) by extensions ['colcon_meta']
[0.290s] Level 1:colcon.colcon_core.package_identification:_identify(src/orbslam_pub) by extension 'colcon_meta'
[0.290s] Level 1:colcon.colcon_core.package_identification:_identify(src/orbslam_pub) by extensions ['ros']
[0.290s] Level 1:colcon.colcon_core.package_identification:_identify(src/orbslam_pub) by extension 'ros'
[0.290s] DEBUG:colcon.colcon_core.package_identification:Package 'src/orbslam_pub' with type 'ros.ament_cmake' and name 'orbslam_pub'
[0.290s] Level 1:colcon.colcon_core.package_discovery:discover_packages(recursive) using defaults
[0.291s] Level 1:colcon.colcon_core.package_discovery:discover_packages(ignore) discover
[0.291s] Level 1:colcon.colcon_core.package_discovery:discover_packages(ignore) using defaults
[0.291s] Level 1:colcon.colcon_core.package_discovery:discover_packages(path) discover
[0.291s] Level 1:colcon.colcon_core.package_discovery:discover_packages(path) using defaults
[0.321s] Level 1:colcon.colcon_core.package_discovery:discover_packages(prefix_path) check parameters
[0.321s] Level 1:colcon.colcon_core.package_discovery:discover_packages(prefix_path) discover
[0.323s] DEBUG:colcon.colcon_installed_package_information.package_discovery:Found 2 installed packages in /home/niraamay/isro/ros2_try/isro_ws/install
[0.324s] DEBUG:colcon.colcon_installed_package_information.package_discovery:Found 272 installed packages in /opt/ros/humble
[0.325s] Level 1:colcon.colcon_core.package_discovery:discover_packages(prefix_path) using defaults
[0.360s] Level 5:colcon.colcon_core.verb:set package 'camera_pub' build argument 'cmake_args' from command line to 'None'
[0.360s] Level 5:colcon.colcon_core.verb:set package 'camera_pub' build argument 'cmake_target' from command line to 'None'
[0.360s] Level 5:colcon.colcon_core.verb:set package 'camera_pub' build argument 'cmake_target_skip_unavailable' from command line to 'False'
[0.360s] Level 5:colcon.colcon_core.verb:set package 'camera_pub' build argument 'cmake_clean_cache' from command line to 'False'
[0.360s] Level 5:colcon.colcon_core.verb:set package 'camera_pub' build argument 'cmake_clean_first' from command line to 'False'
[0.360s] Level 5:colcon.colcon_core.verb:set package 'camera_pub' build argument 'cmake_force_configure' from command line to 'False'
[0.360s] Level 5:colcon.colcon_core.verb:set package 'camera_pub' build argument 'ament_cmake_args' from command line to 'None'
[0.360s] Level 5:colcon.colcon_core.verb:set package 'camera_pub' build argument 'catkin_cmake_args' from command line to 'None'
[0.360s] Level 5:colcon.colcon_core.verb:set package 'camera_pub' build argument 'catkin_skip_building_tests' from command line to 'False'
[0.360s] DEBUG:colcon.colcon_core.verb:Building package 'camera_pub' with the following arguments: {'ament_cmake_args': None, 'build_base': '/home/niraamay/isro/ros2_try/isro_ws/build/camera_pub', 'catkin_cmake_args': None, 'catkin_skip_building_tests': False, 'cmake_args': None, 'cmake_clean_cache': False, 'cmake_clean_first': False, 'cmake_force_configure': False, 'cmake_target': None, 'cmake_target_skip_unavailable': False, 'install_base': '/home/niraamay/isro/ros2_try/isro_ws/install/camera_pub', 'merge_install': False, 'path': '/home/niraamay/isro/ros2_try/isro_ws/src/camera_pub', 'symlink_install': False, 'test_result_base': None}
[0.360s] Level 5:colcon.colcon_core.verb:set package 'orbslam_pub' build argument 'cmake_args' from command line to 'None'
[0.360s] Level 5:colcon.colcon_core.verb:set package 'orbslam_pub' build argument 'cmake_target' from command line to 'None'
[0.360s] Level 5:colcon.colcon_core.verb:set package 'orbslam_pub' build argument 'cmake_target_skip_unavailable' from command line to 'False'
[0.360s] Level 5:colcon.colcon_core.verb:set package 'orbslam_pub' build argument 'cmake_clean_cache' from command line to 'False'
[0.361s] Level 5:colcon.colcon_core.verb:set package 'orbslam_pub' build argument 'cmake_clean_first' from command line to 'False'
[0.361s] Level 5:colcon.colcon_core.verb:set package 'orbslam_pub' build argument 'cmake_force_configure' from command line to 'False'
[0.361s] Level 5:colcon.colcon_core.verb:set package 'orbslam_pub' build argument 'ament_cmake_args' from command line to 'None'
[0.361s] Level 5:colcon.colcon_core.verb:set package 'orbslam_pub' build argument 'catkin_cmake_args' from command line to 'None'
[0.361s] Level 5:colcon.colcon_core.verb:set package 'orbslam_pub' build argument 'catkin_skip_building_tests' from command line to 'False'
[0.361s] DEBUG:colcon.colcon_core.verb:Building package 'orbslam_pub' with the following arguments: {'ament_cmake_args': None, 'build_base': '/home/niraamay/isro/ros2_try/isro_ws/build/orbslam_pub', 'catkin_cmake_args': None, 'catkin_skip_building_tests': False, 'cmake_args': None, 'cmake_clean_cache': False, 'cmake_clean_first': False, 'cmake_force_configure': False, 'cmake_target': None, 'cmake_target_skip_unavailable': False, 'install_base': '/home/niraamay/isro/ros2_try/isro_ws/install/orbslam_pub', 'merge_install': False, 'path': '/home/niraamay/isro/ros2_try/isro_ws/src/orbslam_pub', 'symlink_install': False, 'test_result_base': None}
[0.361s] INFO:colcon.colcon_core.executor:Executing jobs using 'parallel' executor
[0.362s] DEBUG:colcon.colcon_parallel_executor.executor.parallel:run_until_complete
[0.362s] INFO:colcon.colcon_ros.task.ament_python.build:Building ROS package in '/home/niraamay/isro/ros2_try/isro_ws/src/camera_pub' with build type 'ament_python'
[0.362s] Level 1:colcon.colcon_core.shell:create_environment_hook('camera_pub', 'ament_prefix_path')
[0.364s] INFO:colcon.colcon_core.plugin_system:Skipping extension 'colcon_core.shell.bat': Not used on non-Windows systems
[0.364s] INFO:colcon.colcon_core.shell:Creating environment hook '/home/niraamay/isro/ros2_try/isro_ws/install/camera_pub/share/camera_pub/hook/ament_prefix_path.ps1'
[0.365s] INFO:colcon.colcon_core.shell:Creating environment descriptor '/home/niraamay/isro/ros2_try/isro_ws/install/camera_pub/share/camera_pub/hook/ament_prefix_path.dsv'
[0.365s] INFO:colcon.colcon_core.shell:Creating environment hook '/home/niraamay/isro/ros2_try/isro_ws/install/camera_pub/share/camera_pub/hook/ament_prefix_path.sh'
[0.366s] INFO:colcon.colcon_core.shell:Skip shell extension 'powershell' for command environment: Not usable outside of PowerShell
[0.366s] DEBUG:colcon.colcon_core.shell:Skip shell extension 'dsv' for command environment
[0.369s] INFO:colcon.colcon_ros.task.ament_cmake.build:Building ROS package in '/home/niraamay/isro/ros2_try/isro_ws/src/orbslam_pub' with build type 'ament_cmake'
[0.369s] INFO:colcon.colcon_cmake.task.cmake.build:Building CMake package in '/home/niraamay/isro/ros2_try/isro_ws/src/orbslam_pub'
[0.369s] INFO:colcon.colcon_core.shell:Skip shell extension 'powershell' for command environment: Not usable outside of PowerShell
[0.370s] DEBUG:colcon.colcon_core.shell:Skip shell extension 'dsv' for command environment
[0.633s] INFO:colcon.colcon_core.task.python.build:Building Python package in '/home/niraamay/isro/ros2_try/isro_ws/src/camera_pub'
[0.634s] INFO:colcon.colcon_core.shell:Skip shell extension 'powershell' for command environment: Not usable outside of PowerShell
[0.634s] DEBUG:colcon.colcon_core.shell:Skip shell extension 'dsv' for command environment
[0.641s] DEBUG:colcon.colcon_core.event_handler.log_command:Invoking command in '/home/niraamay/isro/ros2_try/isro_ws/build/orbslam_pub': CMAKE_PREFIX_PATH=${CMAKE_PREFIX_PATH}:/home/niraamay/isro/ros2_try/isro_ws/install/camera_pub:/opt/ros/humble /usr/bin/cmake --build /home/niraamay/isro/ros2_try/isro_ws/build/orbslam_pub -- -j16 -l16
[0.991s] DEBUG:colcon.colcon_core.event_handler.log_command:Invoking command in '/home/niraamay/isro/ros2_try/isro_ws/src/camera_pub': PYTHONPATH=/home/niraamay/isro/ros2_try/isro_ws/build/camera_pub/prefix_override:/usr/lib/python3/dist-packages/colcon_core/task/python/colcon_distutils_commands:/home/niraamay/isro/ros2_try/isro_ws/install/camera_pub/lib/python3.10/site-packages:${PYTHONPATH} /usr/bin/python3 -W ignore:setup.py install is deprecated -W ignore:easy_install command is deprecated setup.py egg_info --egg-base ../../build/camera_pub build --build-base /home/niraamay/isro/ros2_try/isro_ws/build/camera_pub/build install --record /home/niraamay/isro/ros2_try/isro_ws/build/camera_pub/install.log --single-version-externally-managed install_data
[1.284s] DEBUG:colcon.colcon_core.event_handler.log_command:Invoked command in '/home/niraamay/isro/ros2_try/isro_ws/src/camera_pub' returned '0': PYTHONPATH=/home/niraamay/isro/ros2_try/isro_ws/build/camera_pub/prefix_override:/usr/lib/python3/dist-packages/colcon_core/task/python/colcon_distutils_commands:/home/niraamay/isro/ros2_try/isro_ws/install/camera_pub/lib/python3.10/site-packages:${PYTHONPATH} /usr/bin/python3 -W ignore:setup.py install is deprecated -W ignore:easy_install command is deprecated setup.py egg_info --egg-base ../../build/camera_pub build --build-base /home/niraamay/isro/ros2_try/isro_ws/build/camera_pub/build install --record /home/niraamay/isro/ros2_try/isro_ws/build/camera_pub/install.log --single-version-externally-managed install_data
[1.288s] Level 1:colcon.colcon_core.environment:checking '/home/niraamay/isro/ros2_try/isro_ws/install/camera_pub' for CMake module files
[1.288s] Level 1:colcon.colcon_core.environment:checking '/home/niraamay/isro/ros2_try/isro_ws/install/camera_pub' for CMake config files
[1.289s] Level 1:colcon.colcon_core.environment:checking '/home/niraamay/isro/ros2_try/isro_ws/install/camera_pub/lib'
[1.289s] Level 1:colcon.colcon_core.environment:checking '/home/niraamay/isro/ros2_try/isro_ws/install/camera_pub/bin'
[1.289s] Level 1:colcon.colcon_core.environment:checking '/home/niraamay/isro/ros2_try/isro_ws/install/camera_pub/lib/pkgconfig/camera_pub.pc'
[1.289s] Level 1:colcon.colcon_core.environment:checking '/home/niraamay/isro/ros2_try/isro_ws/install/camera_pub/lib/python3.10/site-packages'
[1.289s] Level 1:colcon.colcon_core.shell:create_environment_hook('camera_pub', 'pythonpath')
[1.290s] INFO:colcon.colcon_core.shell:Creating environment hook '/home/niraamay/isro/ros2_try/isro_ws/install/camera_pub/share/camera_pub/hook/pythonpath.ps1'
[1.290s] INFO:colcon.colcon_core.shell:Creating environment descriptor '/home/niraamay/isro/ros2_try/isro_ws/install/camera_pub/share/camera_pub/hook/pythonpath.dsv'
[1.291s] INFO:colcon.colcon_core.shell:Creating environment hook '/home/niraamay/isro/ros2_try/isro_ws/install/camera_pub/share/camera_pub/hook/pythonpath.sh'
[1.291s] Level 1:colcon.colcon_core.environment:checking '/home/niraamay/isro/ros2_try/isro_ws/install/camera_pub/bin'
[1.291s] Level 1:colcon.colcon_core.environment:create_environment_scripts_only(camera_pub)
[1.292s] INFO:colcon.colcon_core.shell:Creating package script '/home/niraamay/isro/ros2_try/isro_ws/install/camera_pub/share/camera_pub/package.ps1'
[1.292s] INFO:colcon.colcon_core.shell:Creating package descriptor '/home/niraamay/isro/ros2_try/isro_ws/install/camera_pub/share/camera_pub/package.dsv'
[1.293s] INFO:colcon.colcon_core.shell:Creating package script '/home/niraamay/isro/ros2_try/isro_ws/install/camera_pub/share/camera_pub/package.sh'
[1.293s] INFO:colcon.colcon_core.shell:Creating package script '/home/niraamay/isro/ros2_try/isro_ws/install/camera_pub/share/camera_pub/package.bash'
[1.294s] INFO:colcon.colcon_core.shell:Creating package script '/home/niraamay/isro/ros2_try/isro_ws/install/camera_pub/share/camera_pub/package.zsh'
[1.295s] Level 1:colcon.colcon_core.environment:create_file_with_runtime_dependencies(/home/niraamay/isro/ros2_try/isro_ws/install/camera_pub/share/colcon-core/packages/camera_pub)
[11.792s] DEBUG:colcon.colcon_core.event_handler.log_command:Invoked command in '/home/niraamay/isro/ros2_try/isro_ws/build/orbslam_pub' returned '0': CMAKE_PREFIX_PATH=${CMAKE_PREFIX_PATH}:/home/niraamay/isro/ros2_try/isro_ws/install/camera_pub:/opt/ros/humble /usr/bin/cmake --build /home/niraamay/isro/ros2_try/isro_ws/build/orbslam_pub -- -j16 -l16
[11.797s] DEBUG:colcon.colcon_core.event_handler.log_command:Invoking command in '/home/niraamay/isro/ros2_try/isro_ws/build/orbslam_pub': CMAKE_PREFIX_PATH=${CMAKE_PREFIX_PATH}:/home/niraamay/isro/ros2_try/isro_ws/install/camera_pub:/opt/ros/humble /usr/bin/cmake --install /home/niraamay/isro/ros2_try/isro_ws/build/orbslam_pub
[11.805s] Level 1:colcon.colcon_core.environment:create_environment_scripts_only(orbslam_pub)
[11.805s] Level 1:colcon.colcon_core.environment:checking '/home/niraamay/isro/ros2_try/isro_ws/install/orbslam_pub' for CMake module files
[11.805s] DEBUG:colcon.colcon_core.event_handler.log_command:Invoked command in '/home/niraamay/isro/ros2_try/isro_ws/build/orbslam_pub' returned '0': CMAKE_PREFIX_PATH=${CMAKE_PREFIX_PATH}:/home/niraamay/isro/ros2_try/isro_ws/install/camera_pub:/opt/ros/humble /usr/bin/cmake --install /home/niraamay/isro/ros2_try/isro_ws/build/orbslam_pub
[11.805s] Level 1:colcon.colcon_core.environment:checking '/home/niraamay/isro/ros2_try/isro_ws/install/orbslam_pub' for CMake config files
[11.805s] Level 1:colcon.colcon_core.shell:create_environment_hook('orbslam_pub', 'cmake_prefix_path')
[11.806s] INFO:colcon.colcon_core.shell:Creating environment hook '/home/niraamay/isro/ros2_try/isro_ws/install/orbslam_pub/share/orbslam_pub/hook/cmake_prefix_path.ps1'
[11.806s] INFO:colcon.colcon_core.shell:Creating environment descriptor '/home/niraamay/isro/ros2_try/isro_ws/install/orbslam_pub/share/orbslam_pub/hook/cmake_prefix_path.dsv'
[11.806s] INFO:colcon.colcon_core.shell:Creating environment hook '/home/niraamay/isro/ros2_try/isro_ws/install/orbslam_pub/share/orbslam_pub/hook/cmake_prefix_path.sh'
[11.806s] Level 1:colcon.colcon_core.environment:checking '/home/niraamay/isro/ros2_try/isro_ws/install/orbslam_pub/lib'
[11.806s] Level 1:colcon.colcon_core.environment:checking '/home/niraamay/isro/ros2_try/isro_ws/install/orbslam_pub/bin'
[11.806s] Level 1:colcon.colcon_core.environment:checking '/home/niraamay/isro/ros2_try/isro_ws/install/orbslam_pub/lib/pkgconfig/orbslam_pub.pc'
[11.807s] Level 1:colcon.colcon_core.environment:checking '/home/niraamay/isro/ros2_try/isro_ws/install/orbslam_pub/lib/python3.10/site-packages'
[11.807s] Level 1:colcon.colcon_core.environment:checking '/home/niraamay/isro/ros2_try/isro_ws/install/orbslam_pub/bin'
[11.807s] INFO:colcon.colcon_core.shell:Creating package script '/home/niraamay/isro/ros2_try/isro_ws/install/orbslam_pub/share/orbslam_pub/package.ps1'
[11.807s] INFO:colcon.colcon_core.shell:Creating package descriptor '/home/niraamay/isro/ros2_try/isro_ws/install/orbslam_pub/share/orbslam_pub/package.dsv'
[11.807s] INFO:colcon.colcon_core.shell:Creating package script '/home/niraamay/isro/ros2_try/isro_ws/install/orbslam_pub/share/orbslam_pub/package.sh'
[11.808s] INFO:colcon.colcon_core.shell:Creating package script '/home/niraamay/isro/ros2_try/isro_ws/install/orbslam_pub/share/orbslam_pub/package.bash'
[11.808s] INFO:colcon.colcon_core.shell:Creating package script '/home/niraamay/isro/ros2_try/isro_ws/install/orbslam_pub/share/orbslam_pub/package.zsh'
[11.808s] Level 1:colcon.colcon_core.environment:create_file_with_runtime_dependencies(/home/niraamay/isro/ros2_try/isro_ws/install/orbslam_pub/share/colcon-core/packages/orbslam_pub)
[11.808s] Level 1:colcon.colcon_core.environment:create_environment_scripts_only(orbslam_pub)
[11.808s] Level 1:colcon.colcon_core.environment:checking '/home/niraamay/isro/ros2_try/isro_ws/install/orbslam_pub' for CMake module files
[11.808s] Level 1:colcon.colcon_core.environment:checking '/home/niraamay/isro/ros2_try/isro_ws/install/orbslam_pub' for CMake config files
[11.809s] Level 1:colcon.colcon_core.shell:create_environment_hook('orbslam_pub', 'cmake_prefix_path')
[11.809s] INFO:colcon.colcon_core.shell:Creating environment hook '/home/niraamay/isro/ros2_try/isro_ws/install/orbslam_pub/share/orbslam_pub/hook/cmake_prefix_path.ps1'
[11.809s] INFO:colcon.colcon_core.shell:Creating environment descriptor '/home/niraamay/isro/ros2_try/isro_ws/install/orbslam_pub/share/orbslam_pub/hook/cmake_prefix_path.dsv'
[11.809s] INFO:colcon.colcon_core.shell:Creating environment hook '/home/niraamay/isro/ros2_try/isro_ws/install/orbslam_pub/share/orbslam_pub/hook/cmake_prefix_path.sh'
[11.809s] Level 1:colcon.colcon_core.environment:checking '/home/niraamay/isro/ros2_try/isro_ws/install/orbslam_pub/lib'
[11.809s] Level 1:colcon.colcon_core.environment:checking '/home/niraamay/isro/ros2_try/isro_ws/install/orbslam_pub/bin'
[11.809s] Level 1:colcon.colcon_core.environment:checking '/home/niraamay/isro/ros2_try/isro_ws/install/orbslam_pub/lib/pkgconfig/orbslam_pub.pc'
[11.810s] Level 1:colcon.colcon_core.environment:checking '/home/niraamay/isro/ros2_try/isro_ws/install/orbslam_pub/lib/python3.10/site-packages'
[11.810s] Level 1:colcon.colcon_core.environment:checking '/home/niraamay/isro/ros2_try/isro_ws/install/orbslam_pub/bin'
[11.810s] INFO:colcon.colcon_core.shell:Creating package script '/home/niraamay/isro/ros2_try/isro_ws/install/orbslam_pub/share/orbslam_pub/package.ps1'
[11.810s] INFO:colcon.colcon_core.shell:Creating package descriptor '/home/niraamay/isro/ros2_try/isro_ws/install/orbslam_pub/share/orbslam_pub/package.dsv'
[11.810s] INFO:colcon.colcon_core.shell:Creating package script '/home/niraamay/isro/ros2_try/isro_ws/install/orbslam_pub/share/orbslam_pub/package.sh'
[11.810s] INFO:colcon.colcon_core.shell:Creating package script '/home/niraamay/isro/ros2_try/isro_ws/install/orbslam_pub/share/orbslam_pub/package.bash'
[11.811s] INFO:colcon.colcon_core.shell:Creating package script '/home/niraamay/isro/ros2_try/isro_ws/install/orbslam_pub/share/orbslam_pub/package.zsh'
[11.811s] Level 1:colcon.colcon_core.environment:create_file_with_runtime_dependencies(/home/niraamay/isro/ros2_try/isro_ws/install/orbslam_pub/share/colcon-core/packages/orbslam_pub)
[11.811s] DEBUG:colcon.colcon_parallel_executor.executor.parallel:closing loop
[11.811s] DEBUG:colcon.colcon_parallel_executor.executor.parallel:loop closed
[11.811s] DEBUG:colcon.colcon_parallel_executor.executor.parallel:run_until_complete finished with '0'
[11.811s] DEBUG:colcon.colcon_core.event_reactor:joining thread
[11.815s] INFO:colcon.colcon_core.plugin_system:Skipping extension 'colcon_notification.desktop_notification.terminal_notifier': Not used on non-Darwin systems
[11.815s] INFO:colcon.colcon_core.plugin_system:Skipping extension 'colcon_notification.desktop_notification.win32': Not used on non-Windows systems
[11.815s] INFO:colcon.colcon_notification.desktop_notification:Sending desktop notification using 'notify2'
[11.818s] DEBUG:colcon.colcon_core.event_reactor:joined thread
[11.818s] INFO:colcon.colcon_core.shell:Creating prefix script '/home/niraamay/isro/ros2_try/isro_ws/install/local_setup.ps1'
[11.818s] INFO:colcon.colcon_core.shell:Creating prefix util module '/home/niraamay/isro/ros2_try/isro_ws/install/_local_setup_util_ps1.py'
[11.819s] INFO:colcon.colcon_core.shell:Creating prefix chain script '/home/niraamay/isro/ros2_try/isro_ws/install/setup.ps1'
[11.819s] INFO:colcon.colcon_core.shell:Creating prefix script '/home/niraamay/isro/ros2_try/isro_ws/install/local_setup.sh'
[11.820s] INFO:colcon.colcon_core.shell:Creating prefix util module '/home/niraamay/isro/ros2_try/isro_ws/install/_local_setup_util_sh.py'
[11.820s] INFO:colcon.colcon_core.shell:Creating prefix chain script '/home/niraamay/isro/ros2_try/isro_ws/install/setup.sh'
[11.821s] INFO:colcon.colcon_core.shell:Creating prefix script '/home/niraamay/isro/ros2_try/isro_ws/install/local_setup.bash'
[11.821s] INFO:colcon.colcon_core.shell:Creating prefix chain script '/home/niraamay/isro/ros2_try/isro_ws/install/setup.bash'
[11.821s] INFO:colcon.colcon_core.shell:Creating prefix script '/home/niraamay/isro/ros2_try/isro_ws/install/local_setup.zsh'
[11.822s] INFO:colcon.colcon_core.shell:Creating prefix chain script '/home/niraamay/isro/ros2_try/isro_ws/install/setup.zsh'
