[0.009s] Invoking command in '/home/niraamay/isro_ros2_try/ros_ws/build/orbslam_pub': CMAKE_PREFIX_PATH=/home/niraamay/isro_ros2_try/ros_ws/src/install/py_img_sub:/home/niraamay/isro_ros2_try/ros_ws/src/install/drone_control_pkg:/opt/ros/humble PS1=\[\033[1;32m\]\u@\h\[\033[0m\]:\[\033[1;34m\]\w\[\033[1;33m\]$(parse_git_branch)\[\033[0m\]$ /usr/bin/cmake --build /home/niraamay/isro_ros2_try/ros_ws/build/orbslam_pub -- -j16 -l16
[0.031s] -- Found ament_cmake: 1.3.11 (/opt/ros/humble/share/ament_cmake/cmake)
[0.166s] -- Found rclcpp: 16.0.11 (/opt/ros/humble/share/rclcpp/cmake)
[0.196s] -- Found rosidl_generator_c: 3.1.6 (/opt/ros/humble/share/rosidl_generator_c/cmake)
[0.199s] -- Found rosidl_adapter: 3.1.6 (/opt/ros/humble/share/rosidl_adapter/cmake)
[0.205s] -- Found rosidl_generator_cpp: 3.1.6 (/opt/ros/humble/share/rosidl_generator_cpp/cmake)
[0.216s] -- Using all available rosidl_typesupport_c: rosidl_typesupport_fastrtps_c;rosidl_typesupport_introspection_c
[0.228s] -- Using all available rosidl_typesupport_cpp: rosidl_typesupport_fastrtps_cpp;rosidl_typesupport_introspection_cpp
[0.261s] -- Found rmw_implementation_cmake: 6.1.2 (/opt/ros/humble/share/rmw_implementation_cmake/cmake)
[0.262s] -- Found rmw_fastrtps_cpp: 6.2.7 (/opt/ros/humble/share/rmw_fastrtps_cpp/cmake)
[0.371s] -- Using RMW implementation 'rmw_fastrtps_cpp' as default
[0.423s] -- Found sensor_msgs: 4.2.4 (/opt/ros/humble/share/sensor_msgs/cmake)
[0.462s] -- Found cv_bridge: 3.2.1 (/opt/ros/humble/share/cv_bridge/cmake)
[0.471s] -- Found image_transport: 3.1.11 (/opt/ros/humble/share/image_transport/cmake)
[0.578s] -- Configuring done
[0.591s] -- Generating done
[0.596s] -- Build files have been written to: /home/niraamay/isro_ros2_try/ros_ws/build/orbslam_pub
[0.621s] [35m[1mConsolidate compiler generated dependencies of target getpose[0m
[0.645s] [100%] Built target getpose
[0.656s] Invoked command in '/home/niraamay/isro_ros2_try/ros_ws/build/orbslam_pub' returned '0': CMAKE_PREFIX_PATH=/home/niraamay/isro_ros2_try/ros_ws/src/install/py_img_sub:/home/niraamay/isro_ros2_try/ros_ws/src/install/drone_control_pkg:/opt/ros/humble PS1=\[\033[1;32m\]\u@\h\[\033[0m\]:\[\033[1;34m\]\w\[\033[1;33m\]$(parse_git_branch)\[\033[0m\]$ /usr/bin/cmake --build /home/niraamay/isro_ros2_try/ros_ws/build/orbslam_pub -- -j16 -l16
[0.665s] Invoking command in '/home/niraamay/isro_ros2_try/ros_ws/build/orbslam_pub': CMAKE_PREFIX_PATH=/home/niraamay/isro_ros2_try/ros_ws/src/install/py_img_sub:/home/niraamay/isro_ros2_try/ros_ws/src/install/drone_control_pkg:/opt/ros/humble PS1=\[\033[1;32m\]\u@\h\[\033[0m\]:\[\033[1;34m\]\w\[\033[1;33m\]$(parse_git_branch)\[\033[0m\]$ /usr/bin/cmake --install /home/niraamay/isro_ros2_try/ros_ws/build/orbslam_pub
[0.671s] -- Install configuration: ""
[0.671s] -- Up-to-date: /home/niraamay/isro_ros2_try/ros_ws/install/orbslam_pub/lib/orbslam_pub/getpose
[0.671s] -- Up-to-date: /home/niraamay/isro_ros2_try/ros_ws/install/orbslam_pub/share/ament_index/resource_index/package_run_dependencies/orbslam_pub
[0.671s] -- Installing: /home/niraamay/isro_ros2_try/ros_ws/install/orbslam_pub/share/ament_index/resource_index/parent_prefix_path/orbslam_pub
[0.671s] -- Installing: /home/niraamay/isro_ros2_try/ros_ws/install/orbslam_pub/share/orbslam_pub/environment/ament_prefix_path.sh
[0.671s] -- Installing: /home/niraamay/isro_ros2_try/ros_ws/install/orbslam_pub/share/orbslam_pub/environment/ament_prefix_path.dsv
[0.671s] -- Installing: /home/niraamay/isro_ros2_try/ros_ws/install/orbslam_pub/share/orbslam_pub/environment/path.sh
[0.671s] -- Installing: /home/niraamay/isro_ros2_try/ros_ws/install/orbslam_pub/share/orbslam_pub/environment/path.dsv
[0.671s] -- Up-to-date: /home/niraamay/isro_ros2_try/ros_ws/install/orbslam_pub/share/orbslam_pub/local_setup.bash
[0.671s] -- Up-to-date: /home/niraamay/isro_ros2_try/ros_ws/install/orbslam_pub/share/orbslam_pub/local_setup.sh
[0.672s] -- Up-to-date: /home/niraamay/isro_ros2_try/ros_ws/install/orbslam_pub/share/orbslam_pub/local_setup.zsh
[0.672s] -- Installing: /home/niraamay/isro_ros2_try/ros_ws/install/orbslam_pub/share/orbslam_pub/local_setup.dsv
[0.672s] -- Installing: /home/niraamay/isro_ros2_try/ros_ws/install/orbslam_pub/share/orbslam_pub/package.dsv
[0.672s] -- Up-to-date: /home/niraamay/isro_ros2_try/ros_ws/install/orbslam_pub/share/ament_index/resource_index/packages/orbslam_pub
[0.672s] -- Up-to-date: /home/niraamay/isro_ros2_try/ros_ws/install/orbslam_pub/share/orbslam_pub/cmake/orbslam_pubConfig.cmake
[0.672s] -- Up-to-date: /home/niraamay/isro_ros2_try/ros_ws/install/orbslam_pub/share/orbslam_pub/cmake/orbslam_pubConfig-version.cmake
[0.672s] -- Installing: /home/niraamay/isro_ros2_try/ros_ws/install/orbslam_pub/share/orbslam_pub/package.xml
[0.673s] Invoked command in '/home/niraamay/isro_ros2_try/ros_ws/build/orbslam_pub' returned '0': CMAKE_PREFIX_PATH=/home/niraamay/isro_ros2_try/ros_ws/src/install/py_img_sub:/home/niraamay/isro_ros2_try/ros_ws/src/install/drone_control_pkg:/opt/ros/humble PS1=\[\033[1;32m\]\u@\h\[\033[0m\]:\[\033[1;34m\]\w\[\033[1;33m\]$(parse_git_branch)\[\033[0m\]$ /usr/bin/cmake --install /home/niraamay/isro_ros2_try/ros_ws/build/orbslam_pub
