-- The C compiler identification is GNU 11.4.0
-- The CXX compiler identification is GNU 11.4.0
-- Detecting C compiler ABI info
-- Detecting C compiler ABI info - done
-- Check for working C compiler: /usr/bin/cc - skipped
-- Detecting C compile features
-- Detecting C compile features - done
-- Detecting CXX compiler ABI info
-- Detecting CXX compiler ABI info - done
-- Check for working CXX compiler: /usr/bin/c++ - skipped
-- Detecting CXX compile features
-- Detecting CXX compile features - done
-- Found ament_cmake: 1.3.11 (/opt/ros/humble/share/ament_cmake/cmake)
-- Found Python3: /usr/bin/python3 (found version "3.10.12") found components: Interpreter 
-- Found rclcpp: 16.0.11 (/opt/ros/humble/share/rclcpp/cmake)
-- Found rosidl_generator_c: 3.1.6 (/opt/ros/humble/share/rosidl_generator_c/cmake)
-- Found rosidl_adapter: 3.1.6 (/opt/ros/humble/share/rosidl_adapter/cmake)
-- Found rosidl_generator_cpp: 3.1.6 (/opt/ros/humble/share/rosidl_generator_cpp/cmake)
-- Using all available rosidl_typesupport_c: rosidl_typesupport_fastrtps_c;rosidl_typesupport_introspection_c
-- Using all available rosidl_typesupport_cpp: rosidl_typesupport_fastrtps_cpp;rosidl_typesupport_introspection_cpp
-- Found rmw_implementation_cmake: 6.1.2 (/opt/ros/humble/share/rmw_implementation_cmake/cmake)
-- Found rmw_fastrtps_cpp: 6.2.7 (/opt/ros/humble/share/rmw_fastrtps_cpp/cmake)
-- Found OpenSSL: /usr/lib/x86_64-linux-gnu/libcrypto.so (found version "3.0.2")  
-- Found FastRTPS: /opt/ros/humble/include  
-- Using RMW implementation 'rmw_fastrtps_cpp' as default
-- Looking for pthread.h
-- Looking for pthread.h - found
-- Performing Test CMAKE_HAVE_LIBC_PTHREAD
-- Performing Test CMAKE_HAVE_LIBC_PTHREAD - Success
-- Found Threads: TRUE  
-- Found sensor_msgs: 4.2.4 (/opt/ros/humble/share/sensor_msgs/cmake)
-- Found cv_bridge: 3.2.1 (/opt/ros/humble/share/cv_bridge/cmake)
-- Found image_transport: 3.1.11 (/opt/ros/humble/share/image_transport/cmake)
-- Found OpenCV: /usr (found version "4.5.4") 
-- Found OpenGL: /usr/lib/x86_64-linux-gnu/libOpenGL.so  found components: OpenGL 
-- Found Boost: /usr/lib/x86_64-linux-gnu/cmake/Boost-1.74.0/BoostConfig.cmake (found version "1.74.0") found components: serialization 
-- Configuring done
-- Generating done
-- Build files have been written to: /home/niraamay/isro_ros2_try/ros_ws/build/orbslam_pub
[ 50%] [32mBuilding CXX object CMakeFiles/getpose.dir/src/orbslam_getpose.cpp.o[0m
[100%] [32m[1mLinking CXX executable getpose[0m
[100%] Built target getpose
-- Install configuration: ""
-- Installing: /home/niraamay/isro_ros2_try/ros_ws/install/orbslam_pub/lib/orbslam_pub/getpose
-- Installing: /home/niraamay/isro_ros2_try/ros_ws/install/orbslam_pub/share/ament_index/resource_index/package_run_dependencies/orbslam_pub
-- Installing: /home/niraamay/isro_ros2_try/ros_ws/install/orbslam_pub/share/ament_index/resource_index/parent_prefix_path/orbslam_pub
-- Up-to-date: /home/niraamay/isro_ros2_try/ros_ws/install/orbslam_pub/share/orbslam_pub/environment/ament_prefix_path.sh
-- Installing: /home/niraamay/isro_ros2_try/ros_ws/install/orbslam_pub/share/orbslam_pub/environment/ament_prefix_path.dsv
-- Up-to-date: /home/niraamay/isro_ros2_try/ros_ws/install/orbslam_pub/share/orbslam_pub/environment/path.sh
-- Installing: /home/niraamay/isro_ros2_try/ros_ws/install/orbslam_pub/share/orbslam_pub/environment/path.dsv
-- Installing: /home/niraamay/isro_ros2_try/ros_ws/install/orbslam_pub/share/orbslam_pub/local_setup.bash
-- Installing: /home/niraamay/isro_ros2_try/ros_ws/install/orbslam_pub/share/orbslam_pub/local_setup.sh
-- Installing: /home/niraamay/isro_ros2_try/ros_ws/install/orbslam_pub/share/orbslam_pub/local_setup.zsh
-- Installing: /home/niraamay/isro_ros2_try/ros_ws/install/orbslam_pub/share/orbslam_pub/local_setup.dsv
-- Installing: /home/niraamay/isro_ros2_try/ros_ws/install/orbslam_pub/share/orbslam_pub/package.dsv
-- Installing: /home/niraamay/isro_ros2_try/ros_ws/install/orbslam_pub/share/ament_index/resource_index/packages/orbslam_pub
-- Installing: /home/niraamay/isro_ros2_try/ros_ws/install/orbslam_pub/share/orbslam_pub/cmake/orbslam_pubConfig.cmake
-- Installing: /home/niraamay/isro_ros2_try/ros_ws/install/orbslam_pub/share/orbslam_pub/cmake/orbslam_pubConfig-version.cmake
-- Up-to-date: /home/niraamay/isro_ros2_try/ros_ws/install/orbslam_pub/share/orbslam_pub/package.xml
