[0.009s] Invoking command in '/home/niraamay/isro_ros2_try/ros_ws/build/orbslam_pub': CMAKE_PREFIX_PATH=/opt/ros/humble /usr/bin/cmake /home/niraamay/isro_ros2_try/ros_ws/src/orbslam_pub -DCMAKE_INSTALL_PREFIX=/home/niraamay/isro_ros2_try/ros_ws/install/orbslam_pub
[0.108s] -- The C compiler identification is GNU 11.4.0
[0.214s] -- The CXX compiler identification is GNU 11.4.0
[0.227s] -- Detecting C compiler ABI info
[0.312s] -- Detecting C compiler ABI info - done
[0.326s] -- Check for working C compiler: /usr/bin/cc - skipped
[0.327s] -- Detecting C compile features
[0.327s] -- Detecting C compile features - done
[0.333s] -- Detecting CXX compiler ABI info
[0.435s] -- Detecting CXX compiler ABI info - done
[0.447s] -- Check for working CXX compiler: /usr/bin/c++ - skipped
[0.448s] -- Detecting CXX compile features
[0.448s] -- Detecting CXX compile features - done
[0.452s] -- Found ament_cmake: 1.3.11 (/opt/ros/humble/share/ament_cmake/cmake)
[0.618s] -- Found Python3: /usr/bin/python3 (found version "3.10.12") found components: Interpreter 
[0.734s] -- Found rclcpp: 16.0.11 (/opt/ros/humble/share/rclcpp/cmake)
[0.792s] -- Found rosidl_generator_c: 3.1.6 (/opt/ros/humble/share/rosidl_generator_c/cmake)
[0.798s] -- Found rosidl_adapter: 3.1.6 (/opt/ros/humble/share/rosidl_adapter/cmake)
[0.808s] -- Found rosidl_generator_cpp: 3.1.6 (/opt/ros/humble/share/rosidl_generator_cpp/cmake)
[0.830s] -- Using all available rosidl_typesupport_c: rosidl_typesupport_fastrtps_c;rosidl_typesupport_introspection_c
[0.862s] -- Using all available rosidl_typesupport_cpp: rosidl_typesupport_fastrtps_cpp;rosidl_typesupport_introspection_cpp
[0.917s] -- Found rmw_implementation_cmake: 6.1.2 (/opt/ros/humble/share/rmw_implementation_cmake/cmake)
[0.921s] -- Found rmw_fastrtps_cpp: 6.2.7 (/opt/ros/humble/share/rmw_fastrtps_cpp/cmake)
[1.015s] -- Found OpenSSL: /usr/lib/x86_64-linux-gnu/libcrypto.so (found version "3.0.2")  
[1.061s] -- Found FastRTPS: /opt/ros/humble/include  
[1.111s] -- Using RMW implementation 'rmw_fastrtps_cpp' as default
[1.120s] -- Looking for pthread.h
[1.208s] -- Looking for pthread.h - found
[1.209s] -- Performing Test CMAKE_HAVE_LIBC_PTHREAD
[1.301s] -- Performing Test CMAKE_HAVE_LIBC_PTHREAD - Success
[1.302s] -- Found Threads: TRUE  
[1.367s] -- Found sensor_msgs: 4.2.4 (/opt/ros/humble/share/sensor_msgs/cmake)
[1.406s] -- Found cv_bridge: 3.2.1 (/opt/ros/humble/share/cv_bridge/cmake)
[1.421s] -- Found image_transport: 3.1.11 (/opt/ros/humble/share/image_transport/cmake)
[1.457s] -- Found OpenCV: /usr (found version "4.5.4") 
[1.476s] -- Found OpenGL: /usr/lib/x86_64-linux-gnu/libOpenGL.so  found components: OpenGL 
[1.490s] -- Found Boost: /usr/lib/x86_64-linux-gnu/cmake/Boost-1.74.0/BoostConfig.cmake (found version "1.74.0") found components: serialization 
[1.563s] -- Configuring done
[1.577s] -- Generating done
[1.582s] -- Build files have been written to: /home/niraamay/isro_ros2_try/ros_ws/build/orbslam_pub
[1.591s] Invoked command in '/home/niraamay/isro_ros2_try/ros_ws/build/orbslam_pub' returned '0': CMAKE_PREFIX_PATH=/opt/ros/humble /usr/bin/cmake /home/niraamay/isro_ros2_try/ros_ws/src/orbslam_pub -DCMAKE_INSTALL_PREFIX=/home/niraamay/isro_ros2_try/ros_ws/install/orbslam_pub
[1.593s] Invoking command in '/home/niraamay/isro_ros2_try/ros_ws/build/orbslam_pub': CMAKE_PREFIX_PATH=/opt/ros/humble /usr/bin/cmake --build /home/niraamay/isro_ros2_try/ros_ws/build/orbslam_pub -- -j16 -l16
[1.633s] [ 50%] [32mBuilding CXX object CMakeFiles/getpose.dir/src/orbslam_getpose.cpp.o[0m
[15.303s] [100%] [32m[1mLinking CXX executable getpose[0m
[15.984s] [100%] Built target getpose
[15.994s] Invoked command in '/home/niraamay/isro_ros2_try/ros_ws/build/orbslam_pub' returned '0': CMAKE_PREFIX_PATH=/opt/ros/humble /usr/bin/cmake --build /home/niraamay/isro_ros2_try/ros_ws/build/orbslam_pub -- -j16 -l16
[15.997s] Invoking command in '/home/niraamay/isro_ros2_try/ros_ws/build/orbslam_pub': CMAKE_PREFIX_PATH=/opt/ros/humble /usr/bin/cmake --install /home/niraamay/isro_ros2_try/ros_ws/build/orbslam_pub
[16.004s] -- Install configuration: ""
[16.005s] -- Installing: /home/niraamay/isro_ros2_try/ros_ws/install/orbslam_pub/lib/orbslam_pub/getpose
[16.006s] -- Installing: /home/niraamay/isro_ros2_try/ros_ws/install/orbslam_pub/share/ament_index/resource_index/package_run_dependencies/orbslam_pub
[16.006s] -- Installing: /home/niraamay/isro_ros2_try/ros_ws/install/orbslam_pub/share/ament_index/resource_index/parent_prefix_path/orbslam_pub
[16.007s] -- Up-to-date: /home/niraamay/isro_ros2_try/ros_ws/install/orbslam_pub/share/orbslam_pub/environment/ament_prefix_path.sh
[16.007s] -- Installing: /home/niraamay/isro_ros2_try/ros_ws/install/orbslam_pub/share/orbslam_pub/environment/ament_prefix_path.dsv
[16.007s] -- Up-to-date: /home/niraamay/isro_ros2_try/ros_ws/install/orbslam_pub/share/orbslam_pub/environment/path.sh
[16.007s] -- Installing: /home/niraamay/isro_ros2_try/ros_ws/install/orbslam_pub/share/orbslam_pub/environment/path.dsv
[16.007s] -- Installing: /home/niraamay/isro_ros2_try/ros_ws/install/orbslam_pub/share/orbslam_pub/local_setup.bash
[16.007s] -- Installing: /home/niraamay/isro_ros2_try/ros_ws/install/orbslam_pub/share/orbslam_pub/local_setup.sh
[16.008s] -- Installing: /home/niraamay/isro_ros2_try/ros_ws/install/orbslam_pub/share/orbslam_pub/local_setup.zsh
[16.008s] -- Installing: /home/niraamay/isro_ros2_try/ros_ws/install/orbslam_pub/share/orbslam_pub/local_setup.dsv
[16.008s] -- Installing: /home/niraamay/isro_ros2_try/ros_ws/install/orbslam_pub/share/orbslam_pub/package.dsv
[16.008s] -- Installing: /home/niraamay/isro_ros2_try/ros_ws/install/orbslam_pub/share/ament_index/resource_index/packages/orbslam_pub
[16.008s] -- Installing: /home/niraamay/isro_ros2_try/ros_ws/install/orbslam_pub/share/orbslam_pub/cmake/orbslam_pubConfig.cmake
[16.009s] -- Installing: /home/niraamay/isro_ros2_try/ros_ws/install/orbslam_pub/share/orbslam_pub/cmake/orbslam_pubConfig-version.cmake
[16.009s] -- Up-to-date: /home/niraamay/isro_ros2_try/ros_ws/install/orbslam_pub/share/orbslam_pub/package.xml
[16.010s] Invoked command in '/home/niraamay/isro_ros2_try/ros_ws/build/orbslam_pub' returned '0': CMAKE_PREFIX_PATH=/opt/ros/humble /usr/bin/cmake --install /home/niraamay/isro_ros2_try/ros_ws/build/orbslam_pub
