[0.108s] DEBUG:colcon:Command line arguments: ['/usr/bin/colcon', 'build', '--packages-select', 'py_img_sub/']
[0.108s] DEBUG:colcon:Parsed command line arguments: Namespace(log_base=None, log_level=None, verb_name='build', build_base='build', install_base='install', merge_install=False, symlink_install=False, test_result_base=None, continue_on_error=False, executor='parallel', parallel_workers=16, event_handlers=None, ignore_user_meta=False, metas=['./colcon.meta'], base_paths=['.'], packages_ignore=None, packages_ignore_regex=None, paths=None, packages_up_to=None, packages_up_to_regex=None, packages_above=None, packages_above_and_dependencies=None, packages_above_depth=None, packages_select_by_dep=None, packages_skip_by_dep=None, packages_skip_up_to=None, packages_select_build_failed=False, packages_skip_build_finished=False, packages_select_test_failures=False, packages_skip_test_passed=False, packages_select=['py_img_sub/'], packages_skip=None, packages_select_regex=None, packages_skip_regex=None, packages_start=None, packages_end=None, allow_overriding=[], cmake_args=None, cmake_target=None, cmake_target_skip_unavailable=False, cmake_clean_cache=False, cmake_clean_first=False, cmake_force_configure=False, ament_cmake_args=None, catkin_cmake_args=None, catkin_skip_building_tests=False, verb_parser=<colcon_defaults.argument_parser.defaults.DefaultArgumentsDecorator object at 0x7f9f8fb51780>, verb_extension=<colcon_core.verb.build.BuildVerb object at 0x7f9f8fb51330>, main=<bound method BuildVerb.main of <colcon_core.verb.build.BuildVerb object at 0x7f9f8fb51330>>)
[0.281s] Level 1:colcon.colcon_core.package_discovery:discover_packages(colcon_meta) check parameters
[0.282s] Level 1:colcon.colcon_core.package_discovery:discover_packages(recursive) check parameters
[0.282s] Level 1:colcon.colcon_core.package_discovery:discover_packages(ignore) check parameters
[0.282s] Level 1:colcon.colcon_core.package_discovery:discover_packages(path) check parameters
[0.282s] Level 1:colcon.colcon_core.package_discovery:discover_packages(colcon_meta) discover
[0.282s] Level 1:colcon.colcon_core.package_discovery:discover_packages(recursive) discover
[0.282s] INFO:colcon.colcon_core.package_discovery:Crawling recursively for packages in '/home/niraamay/isro_ros2_try/ros_ws/src'
[0.282s] Level 1:colcon.colcon_core.package_identification:_identify(.) by extensions ['ignore', 'ignore_ament_install']
[0.282s] Level 1:colcon.colcon_core.package_identification:_identify(.) by extension 'ignore'
[0.282s] Level 1:colcon.colcon_core.package_identification:_identify(.) by extension 'ignore_ament_install'
[0.282s] Level 1:colcon.colcon_core.package_identification:_identify(.) by extensions ['colcon_pkg']
[0.282s] Level 1:colcon.colcon_core.package_identification:_identify(.) by extension 'colcon_pkg'
[0.282s] Level 1:colcon.colcon_core.package_identification:_identify(.) by extensions ['colcon_meta']
[0.282s] Level 1:colcon.colcon_core.package_identification:_identify(.) by extension 'colcon_meta'
[0.282s] Level 1:colcon.colcon_core.package_identification:_identify(.) by extensions ['ros']
[0.282s] Level 1:colcon.colcon_core.package_identification:_identify(.) by extension 'ros'
[0.293s] Level 1:colcon.colcon_core.package_identification:_identify(.) by extensions ['cmake', 'python']
[0.294s] Level 1:colcon.colcon_core.package_identification:_identify(.) by extension 'cmake'
[0.294s] Level 1:colcon.colcon_core.package_identification:_identify(.) by extension 'python'
[0.294s] Level 1:colcon.colcon_core.package_identification:_identify(.) by extensions ['python_setup_py']
[0.294s] Level 1:colcon.colcon_core.package_identification:_identify(.) by extension 'python_setup_py'
[0.294s] Level 1:colcon.colcon_core.package_identification:_identify(build) by extensions ['ignore', 'ignore_ament_install']
[0.294s] Level 1:colcon.colcon_core.package_identification:_identify(build) by extension 'ignore'
[0.294s] Level 1:colcon.colcon_core.package_identification:_identify(build) ignored
[0.294s] Level 1:colcon.colcon_core.package_identification:_identify(camera_feed_pub) by extensions ['ignore', 'ignore_ament_install']
[0.294s] Level 1:colcon.colcon_core.package_identification:_identify(camera_feed_pub) by extension 'ignore'
[0.294s] Level 1:colcon.colcon_core.package_identification:_identify(camera_feed_pub) by extension 'ignore_ament_install'
[0.294s] Level 1:colcon.colcon_core.package_identification:_identify(camera_feed_pub) by extensions ['colcon_pkg']
[0.294s] Level 1:colcon.colcon_core.package_identification:_identify(camera_feed_pub) by extension 'colcon_pkg'
[0.294s] Level 1:colcon.colcon_core.package_identification:_identify(camera_feed_pub) by extensions ['colcon_meta']
[0.294s] Level 1:colcon.colcon_core.package_identification:_identify(camera_feed_pub) by extension 'colcon_meta'
[0.294s] Level 1:colcon.colcon_core.package_identification:_identify(camera_feed_pub) by extensions ['ros']
[0.294s] Level 1:colcon.colcon_core.package_identification:_identify(camera_feed_pub) by extension 'ros'
[0.297s] DEBUG:colcon.colcon_core.package_identification:Package 'camera_feed_pub' with type 'ros.ament_cmake' and name 'camera_feed_pub'
[0.297s] Level 1:colcon.colcon_core.package_identification:_identify(drone_control_pkg) by extensions ['ignore', 'ignore_ament_install']
[0.297s] Level 1:colcon.colcon_core.package_identification:_identify(drone_control_pkg) by extension 'ignore'
[0.297s] Level 1:colcon.colcon_core.package_identification:_identify(drone_control_pkg) by extension 'ignore_ament_install'
[0.297s] Level 1:colcon.colcon_core.package_identification:_identify(drone_control_pkg) by extensions ['colcon_pkg']
[0.297s] Level 1:colcon.colcon_core.package_identification:_identify(drone_control_pkg) by extension 'colcon_pkg'
[0.298s] Level 1:colcon.colcon_core.package_identification:_identify(drone_control_pkg) by extensions ['colcon_meta']
[0.298s] Level 1:colcon.colcon_core.package_identification:_identify(drone_control_pkg) by extension 'colcon_meta'
[0.298s] Level 1:colcon.colcon_core.package_identification:_identify(drone_control_pkg) by extensions ['ros']
[0.298s] Level 1:colcon.colcon_core.package_identification:_identify(drone_control_pkg) by extension 'ros'
[0.298s] DEBUG:colcon.colcon_core.package_identification:Package 'drone_control_pkg' with type 'ros.ament_python' and name 'drone_control_pkg'
[0.298s] Level 1:colcon.colcon_core.package_identification:_identify(install) by extensions ['ignore', 'ignore_ament_install']
[0.298s] Level 1:colcon.colcon_core.package_identification:_identify(install) by extension 'ignore'
[0.299s] Level 1:colcon.colcon_core.package_identification:_identify(install) ignored
[0.299s] Level 1:colcon.colcon_core.package_identification:_identify(log) by extensions ['ignore', 'ignore_ament_install']
[0.299s] Level 1:colcon.colcon_core.package_identification:_identify(log) by extension 'ignore'
[0.299s] Level 1:colcon.colcon_core.package_identification:_identify(log) ignored
[0.299s] Level 1:colcon.colcon_core.package_identification:_identify(orbslam_pub) by extensions ['ignore', 'ignore_ament_install']
[0.299s] Level 1:colcon.colcon_core.package_identification:_identify(orbslam_pub) by extension 'ignore'
[0.299s] Level 1:colcon.colcon_core.package_identification:_identify(orbslam_pub) by extension 'ignore_ament_install'
[0.299s] Level 1:colcon.colcon_core.package_identification:_identify(orbslam_pub) by extensions ['colcon_pkg']
[0.299s] Level 1:colcon.colcon_core.package_identification:_identify(orbslam_pub) by extension 'colcon_pkg'
[0.299s] Level 1:colcon.colcon_core.package_identification:_identify(orbslam_pub) by extensions ['colcon_meta']
[0.299s] Level 1:colcon.colcon_core.package_identification:_identify(orbslam_pub) by extension 'colcon_meta'
[0.299s] Level 1:colcon.colcon_core.package_identification:_identify(orbslam_pub) by extensions ['ros']
[0.299s] Level 1:colcon.colcon_core.package_identification:_identify(orbslam_pub) by extension 'ros'
[0.300s] DEBUG:colcon.colcon_core.package_identification:Package 'orbslam_pub' with type 'ros.ament_cmake' and name 'orbslam_pub'
[0.300s] Level 1:colcon.colcon_core.package_identification:_identify(py_img_sub) by extensions ['ignore', 'ignore_ament_install']
[0.300s] Level 1:colcon.colcon_core.package_identification:_identify(py_img_sub) by extension 'ignore'
[0.300s] Level 1:colcon.colcon_core.package_identification:_identify(py_img_sub) by extension 'ignore_ament_install'
[0.300s] Level 1:colcon.colcon_core.package_identification:_identify(py_img_sub) by extensions ['colcon_pkg']
[0.300s] Level 1:colcon.colcon_core.package_identification:_identify(py_img_sub) by extension 'colcon_pkg'
[0.300s] Level 1:colcon.colcon_core.package_identification:_identify(py_img_sub) by extensions ['colcon_meta']
[0.300s] Level 1:colcon.colcon_core.package_identification:_identify(py_img_sub) by extension 'colcon_meta'
[0.300s] Level 1:colcon.colcon_core.package_identification:_identify(py_img_sub) by extensions ['ros']
[0.300s] Level 1:colcon.colcon_core.package_identification:_identify(py_img_sub) by extension 'ros'
[0.301s] DEBUG:colcon.colcon_core.package_identification:Package 'py_img_sub' with type 'ros.ament_python' and name 'py_img_sub'
[0.301s] Level 1:colcon.colcon_core.package_discovery:discover_packages(recursive) using defaults
[0.301s] Level 1:colcon.colcon_core.package_discovery:discover_packages(ignore) discover
[0.301s] Level 1:colcon.colcon_core.package_discovery:discover_packages(ignore) using defaults
[0.301s] Level 1:colcon.colcon_core.package_discovery:discover_packages(path) discover
[0.301s] Level 1:colcon.colcon_core.package_discovery:discover_packages(path) using defaults
[0.301s] WARNING:colcon.colcon_core.package_selection:ignoring unknown package 'py_img_sub/' in --packages-select
[0.330s] INFO:colcon.colcon_core.package_selection:Skipping not selected package 'camera_feed_pub' in 'camera_feed_pub'
[0.331s] INFO:colcon.colcon_core.package_selection:Skipping not selected package 'drone_control_pkg' in 'drone_control_pkg'
[0.331s] INFO:colcon.colcon_core.package_selection:Skipping not selected package 'orbslam_pub' in 'orbslam_pub'
[0.331s] INFO:colcon.colcon_core.package_selection:Skipping not selected package 'py_img_sub' in 'py_img_sub'
[0.333s] Level 1:colcon.colcon_core.package_discovery:discover_packages(prefix_path) check parameters
[0.333s] Level 1:colcon.colcon_core.package_discovery:discover_packages(prefix_path) discover
[0.337s] DEBUG:colcon.colcon_installed_package_information.package_discovery:Found 316 installed packages in /opt/ros/humble
[0.338s] Level 1:colcon.colcon_core.package_discovery:discover_packages(prefix_path) using defaults
[0.376s] INFO:colcon.colcon_core.executor:Executing jobs using 'parallel' executor
[0.377s] DEBUG:colcon.colcon_parallel_executor.executor.parallel:run_until_complete
[0.378s] DEBUG:colcon.colcon_parallel_executor.executor.parallel:closing loop
[0.378s] DEBUG:colcon.colcon_parallel_executor.executor.parallel:loop closed
[0.378s] DEBUG:colcon.colcon_parallel_executor.executor.parallel:run_until_complete finished with '0'
[0.378s] DEBUG:colcon.colcon_core.event_reactor:joining thread
[0.383s] INFO:colcon.colcon_core.plugin_system:Skipping extension 'colcon_notification.desktop_notification.terminal_notifier': Not used on non-Darwin systems
[0.383s] INFO:colcon.colcon_core.plugin_system:Skipping extension 'colcon_notification.desktop_notification.win32': Not used on non-Windows systems
[0.383s] INFO:colcon.colcon_notification.desktop_notification:Sending desktop notification using 'notify2'
[0.387s] DEBUG:colcon.colcon_core.event_reactor:joined thread
[0.391s] INFO:colcon.colcon_core.plugin_system:Skipping extension 'colcon_core.shell.bat': Not used on non-Windows systems
[0.391s] INFO:colcon.colcon_core.shell:Creating prefix script '/home/niraamay/isro_ros2_try/ros_ws/src/install/local_setup.ps1'
[0.393s] INFO:colcon.colcon_core.shell:Creating prefix util module '/home/niraamay/isro_ros2_try/ros_ws/src/install/_local_setup_util_ps1.py'
[0.394s] INFO:colcon.colcon_core.shell:Creating prefix chain script '/home/niraamay/isro_ros2_try/ros_ws/src/install/setup.ps1'
[0.395s] INFO:colcon.colcon_core.shell:Creating prefix script '/home/niraamay/isro_ros2_try/ros_ws/src/install/local_setup.sh'
[0.396s] INFO:colcon.colcon_core.shell:Creating prefix util module '/home/niraamay/isro_ros2_try/ros_ws/src/install/_local_setup_util_sh.py'
[0.396s] INFO:colcon.colcon_core.shell:Creating prefix chain script '/home/niraamay/isro_ros2_try/ros_ws/src/install/setup.sh'
[0.397s] INFO:colcon.colcon_core.shell:Creating prefix script '/home/niraamay/isro_ros2_try/ros_ws/src/install/local_setup.bash'
[0.398s] INFO:colcon.colcon_core.shell:Creating prefix chain script '/home/niraamay/isro_ros2_try/ros_ws/src/install/setup.bash'
[0.399s] INFO:colcon.colcon_core.shell:Creating prefix script '/home/niraamay/isro_ros2_try/ros_ws/src/install/local_setup.zsh'
[0.399s] INFO:colcon.colcon_core.shell:Creating prefix chain script '/home/niraamay/isro_ros2_try/ros_ws/src/install/setup.zsh'
