[0.016s] Invoking command in '/home/niraamay/isro_ros2_try/ros2_try/isro_ws/build/camera_feed_pub': CMAKE_PREFIX_PATH=/opt/ros/humble /usr/bin/cmake /home/niraamay/isro_ros2_try/ros2_try/isro_ws/src/camera_feed_pub -DCMAKE_INSTALL_PREFIX=/home/niraamay/isro_ros2_try/ros2_try/isro_ws/install/camera_feed_pub
[0.271s] -- The C compiler identification is GNU 11.4.0
[0.271s] -- The CXX compiler identification is GNU 11.4.0
[0.271s] -- Detecting C compiler ABI info
[0.271s] -- Detecting C compiler ABI info - done
[0.271s] -- Check for working C compiler: /usr/bin/cc - skipped
[0.271s] -- Detecting C compile features
[0.272s] -- Detecting C compile features - done
[0.272s] -- Detecting CXX compiler ABI info
[0.309s] -- Detecting CXX compiler ABI info - done
[0.317s] -- Check for working CXX compiler: /usr/bin/c++ - skipped
[0.318s] -- Detecting CXX compile features
[0.318s] -- Detecting CXX compile features - done
[0.323s] -- Found ament_cmake: 1.3.11 (/opt/ros/humble/share/ament_cmake/cmake)
[0.481s] -- Found Python3: /usr/bin/python3 (found version "3.10.12") found components: Interpreter 
[0.576s] -- Found rclcpp: 16.0.11 (/opt/ros/humble/share/rclcpp/cmake)
[0.624s] -- Found rosidl_generator_c: 3.1.6 (/opt/ros/humble/share/rosidl_generator_c/cmake)
[0.630s] -- Found rosidl_adapter: 3.1.6 (/opt/ros/humble/share/rosidl_adapter/cmake)
[0.639s] -- Found rosidl_generator_cpp: 3.1.6 (/opt/ros/humble/share/rosidl_generator_cpp/cmake)
[0.654s] -- Using all available rosidl_typesupport_c: rosidl_typesupport_fastrtps_c;rosidl_typesupport_introspection_c
[0.673s] -- Using all available rosidl_typesupport_cpp: rosidl_typesupport_fastrtps_cpp;rosidl_typesupport_introspection_cpp
[0.723s] -- Found rmw_implementation_cmake: 6.1.2 (/opt/ros/humble/share/rmw_implementation_cmake/cmake)
[0.726s] -- Found rmw_fastrtps_cpp: 6.2.7 (/opt/ros/humble/share/rmw_fastrtps_cpp/cmake)
[0.811s] -- Found OpenSSL: /usr/lib/x86_64-linux-gnu/libcrypto.so (found version "3.0.2")  
[0.839s] -- Found FastRTPS: /opt/ros/humble/include  
[0.882s] -- Using RMW implementation 'rmw_fastrtps_cpp' as default
[0.891s] -- Looking for pthread.h
[0.955s] -- Looking for pthread.h - found
[0.955s] -- Performing Test CMAKE_HAVE_LIBC_PTHREAD
[1.020s] -- Performing Test CMAKE_HAVE_LIBC_PTHREAD - Success
[1.021s] -- Found Threads: TRUE  
[1.081s] -- Found image_transport: 3.1.11 (/opt/ros/humble/share/image_transport/cmake)
[1.162s] -- Found OpenCV: /usr (found version "4.5.4") 
[1.163s] -- Found cv_bridge: 3.2.1 (/opt/ros/humble/share/cv_bridge/cmake)
[1.233s] -- Configuring done
[1.245s] -- Generating done
[1.249s] -- Build files have been written to: /home/niraamay/isro_ros2_try/ros2_try/isro_ws/build/camera_feed_pub
[1.259s] Invoked command in '/home/niraamay/isro_ros2_try/ros2_try/isro_ws/build/camera_feed_pub' returned '0': CMAKE_PREFIX_PATH=/opt/ros/humble /usr/bin/cmake /home/niraamay/isro_ros2_try/ros2_try/isro_ws/src/camera_feed_pub -DCMAKE_INSTALL_PREFIX=/home/niraamay/isro_ros2_try/ros2_try/isro_ws/install/camera_feed_pub
[1.261s] Invoking command in '/home/niraamay/isro_ros2_try/ros2_try/isro_ws/build/camera_feed_pub': CMAKE_PREFIX_PATH=/opt/ros/humble /usr/bin/cmake --build /home/niraamay/isro_ros2_try/ros2_try/isro_ws/build/camera_feed_pub -- -j16 -l16
[1.300s] [ 50%] [32mBuilding CXX object CMakeFiles/camera_feed_pub.dir/src/camera_feed_pub.cpp.o[0m
[4.356s] [100%] [32m[1mLinking CXX executable camera_feed_pub[0m
[4.667s] [100%] Built target camera_feed_pub
[4.673s] Invoked command in '/home/niraamay/isro_ros2_try/ros2_try/isro_ws/build/camera_feed_pub' returned '0': CMAKE_PREFIX_PATH=/opt/ros/humble /usr/bin/cmake --build /home/niraamay/isro_ros2_try/ros2_try/isro_ws/build/camera_feed_pub -- -j16 -l16
[4.678s] Invoking command in '/home/niraamay/isro_ros2_try/ros2_try/isro_ws/build/camera_feed_pub': CMAKE_PREFIX_PATH=/opt/ros/humble /usr/bin/cmake --install /home/niraamay/isro_ros2_try/ros2_try/isro_ws/build/camera_feed_pub
[4.681s] -- Install configuration: ""
[4.681s] -- Installing: /home/niraamay/isro_ros2_try/ros2_try/isro_ws/install/camera_feed_pub/lib/camera_feed_pub/camera_feed_pub
[4.682s] -- Set runtime path of "/home/niraamay/isro_ros2_try/ros2_try/isro_ws/install/camera_feed_pub/lib/camera_feed_pub/camera_feed_pub" to ""
[4.682s] -- Installing: /home/niraamay/isro_ros2_try/ros2_try/isro_ws/install/camera_feed_pub/share/ament_index/resource_index/package_run_dependencies/camera_feed_pub
[4.682s] -- Installing: /home/niraamay/isro_ros2_try/ros2_try/isro_ws/install/camera_feed_pub/share/ament_index/resource_index/parent_prefix_path/camera_feed_pub
[4.682s] -- Installing: /home/niraamay/isro_ros2_try/ros2_try/isro_ws/install/camera_feed_pub/share/camera_feed_pub/environment/ament_prefix_path.sh
[4.682s] -- Installing: /home/niraamay/isro_ros2_try/ros2_try/isro_ws/install/camera_feed_pub/share/camera_feed_pub/environment/ament_prefix_path.dsv
[4.682s] -- Installing: /home/niraamay/isro_ros2_try/ros2_try/isro_ws/install/camera_feed_pub/share/camera_feed_pub/environment/path.sh
[4.682s] -- Installing: /home/niraamay/isro_ros2_try/ros2_try/isro_ws/install/camera_feed_pub/share/camera_feed_pub/environment/path.dsv
[4.682s] -- Installing: /home/niraamay/isro_ros2_try/ros2_try/isro_ws/install/camera_feed_pub/share/camera_feed_pub/local_setup.bash
[4.682s] -- Installing: /home/niraamay/isro_ros2_try/ros2_try/isro_ws/install/camera_feed_pub/share/camera_feed_pub/local_setup.sh
[4.682s] -- Installing: /home/niraamay/isro_ros2_try/ros2_try/isro_ws/install/camera_feed_pub/share/camera_feed_pub/local_setup.zsh
[4.682s] -- Installing: /home/niraamay/isro_ros2_try/ros2_try/isro_ws/install/camera_feed_pub/share/camera_feed_pub/local_setup.dsv
[4.682s] -- Installing: /home/niraamay/isro_ros2_try/ros2_try/isro_ws/install/camera_feed_pub/share/camera_feed_pub/package.dsv
[4.682s] -- Installing: /home/niraamay/isro_ros2_try/ros2_try/isro_ws/install/camera_feed_pub/share/ament_index/resource_index/packages/camera_feed_pub
[4.682s] -- Installing: /home/niraamay/isro_ros2_try/ros2_try/isro_ws/install/camera_feed_pub/share/camera_feed_pub/cmake/camera_feed_pubConfig.cmake
[4.682s] -- Installing: /home/niraamay/isro_ros2_try/ros2_try/isro_ws/install/camera_feed_pub/share/camera_feed_pub/cmake/camera_feed_pubConfig-version.cmake
[4.682s] -- Up-to-date: /home/niraamay/isro_ros2_try/ros2_try/isro_ws/install/camera_feed_pub/share/camera_feed_pub/package.xml
[4.683s] Invoked command in '/home/niraamay/isro_ros2_try/ros2_try/isro_ws/build/camera_feed_pub' returned '0': CMAKE_PREFIX_PATH=/opt/ros/humble /usr/bin/cmake --install /home/niraamay/isro_ros2_try/ros2_try/isro_ws/build/camera_feed_pub
