running egg_info
creating ../build/drone_control_pkg/drone_control_pkg.egg-info
writing ../build/drone_control_pkg/drone_control_pkg.egg-info/PKG-INFO
writing dependency_links to ../build/drone_control_pkg/drone_control_pkg.egg-info/dependency_links.txt
writing entry points to ../build/drone_control_pkg/drone_control_pkg.egg-info/entry_points.txt
writing requirements to ../build/drone_control_pkg/drone_control_pkg.egg-info/requires.txt
writing top-level names to ../build/drone_control_pkg/drone_control_pkg.egg-info/top_level.txt
writing manifest file '../build/drone_control_pkg/drone_control_pkg.egg-info/SOURCES.txt'
reading manifest file '../build/drone_control_pkg/drone_control_pkg.egg-info/SOURCES.txt'
adding license file 'LICENSE'
writing manifest file '../build/drone_control_pkg/drone_control_pkg.egg-info/SOURCES.txt'
running build
running build_py
creating /home/niraamay/isro_ros2_try/ros_ws/src/build/drone_control_pkg/build
creating /home/niraamay/isro_ros2_try/ros_ws/src/build/drone_control_pkg/build/lib
creating /home/niraamay/isro_ros2_try/ros_ws/src/build/drone_control_pkg/build/lib/drone_control_pkg
copying drone_control_pkg/__init__.py -> /home/niraamay/isro_ros2_try/ros_ws/src/build/drone_control_pkg/build/lib/drone_control_pkg
copying drone_control_pkg/drone_controller.py -> /home/niraamay/isro_ros2_try/ros_ws/src/build/drone_control_pkg/build/lib/drone_control_pkg
running install
running install_lib
creating /home/niraamay/isro_ros2_try/ros_ws/src/install/drone_control_pkg/lib/python3.10/site-packages/drone_control_pkg
copying /home/niraamay/isro_ros2_try/ros_ws/src/build/drone_control_pkg/build/lib/drone_control_pkg/__init__.py -> /home/niraamay/isro_ros2_try/ros_ws/src/install/drone_control_pkg/lib/python3.10/site-packages/drone_control_pkg
copying /home/niraamay/isro_ros2_try/ros_ws/src/build/drone_control_pkg/build/lib/drone_control_pkg/drone_controller.py -> /home/niraamay/isro_ros2_try/ros_ws/src/install/drone_control_pkg/lib/python3.10/site-packages/drone_control_pkg
byte-compiling /home/niraamay/isro_ros2_try/ros_ws/src/install/drone_control_pkg/lib/python3.10/site-packages/drone_control_pkg/__init__.py to __init__.cpython-310.pyc
byte-compiling /home/niraamay/isro_ros2_try/ros_ws/src/install/drone_control_pkg/lib/python3.10/site-packages/drone_control_pkg/drone_controller.py to drone_controller.cpython-310.pyc
running install_data
creating /home/niraamay/isro_ros2_try/ros_ws/src/install/drone_control_pkg/share/ament_index
creating /home/niraamay/isro_ros2_try/ros_ws/src/install/drone_control_pkg/share/ament_index/resource_index
creating /home/niraamay/isro_ros2_try/ros_ws/src/install/drone_control_pkg/share/ament_index/resource_index/packages
copying resource/drone_control_pkg -> /home/niraamay/isro_ros2_try/ros_ws/src/install/drone_control_pkg/share/ament_index/resource_index/packages
copying package.xml -> /home/niraamay/isro_ros2_try/ros_ws/src/install/drone_control_pkg/share/drone_control_pkg
running install_egg_info
Copying ../build/drone_control_pkg/drone_control_pkg.egg-info to /home/niraamay/isro_ros2_try/ros_ws/src/install/drone_control_pkg/lib/python3.10/site-packages/drone_control_pkg-0.0.0-py3.10.egg-info
running install_scripts
Installing drone_controller script to /home/niraamay/isro_ros2_try/ros_ws/src/install/drone_control_pkg/lib/drone_control_pkg
writing list of installed files to '/home/niraamay/isro_ros2_try/ros_ws/src/build/drone_control_pkg/install.log'
