[0.006s] Invoking command in '/home/niraamay/isro/ros2_try/isro_ws/build/camera_feed_pub': CMAKE_PREFIX_PATH=${CMAKE_PREFIX_PATH}:/home/niraamay/isro/ros2_try/isro_ws/install/camera_pub:/opt/ros/humble /usr/bin/cmake --build /home/niraamay/isro/ros2_try/isro_ws/build/camera_feed_pub -- -j16 -l16
[0.031s] [35m[1mConsolidate compiler generated dependencies of target camera_feed_pub[0m
[0.043s] [ 50%] [32mBuilding CXX object CMakeFiles/camera_feed_pub.dir/src/camera_feed_pub.cpp.o[0m
[2.878s] [100%] [32m[1mLinking CXX executable camera_feed_pub[0m
[3.309s] [100%] Built target camera_feed_pub
[3.321s] Invoked command in '/home/niraamay/isro/ros2_try/isro_ws/build/camera_feed_pub' returned '0': CMAKE_PREFIX_PATH=${CMAKE_PREFIX_PATH}:/home/niraamay/isro/ros2_try/isro_ws/install/camera_pub:/opt/ros/humble /usr/bin/cmake --build /home/niraamay/isro/ros2_try/isro_ws/build/camera_feed_pub -- -j16 -l16
[3.330s] Invoking command in '/home/niraamay/isro/ros2_try/isro_ws/build/camera_feed_pub': CMAKE_PREFIX_PATH=${CMAKE_PREFIX_PATH}:/home/niraamay/isro/ros2_try/isro_ws/install/camera_pub:/opt/ros/humble /usr/bin/cmake --install /home/niraamay/isro/ros2_try/isro_ws/build/camera_feed_pub
[3.337s] -- Install configuration: ""
[3.337s] -- Installing: /home/niraamay/isro/ros2_try/isro_ws/install/camera_feed_pub/lib/camera_feed_pub/camera_feed_pub
[3.338s] -- Set runtime path of "/home/niraamay/isro/ros2_try/isro_ws/install/camera_feed_pub/lib/camera_feed_pub/camera_feed_pub" to ""
[3.338s] -- Up-to-date: /home/niraamay/isro/ros2_try/isro_ws/install/camera_feed_pub/share/ament_index/resource_index/package_run_dependencies/camera_feed_pub
[3.338s] -- Up-to-date: /home/niraamay/isro/ros2_try/isro_ws/install/camera_feed_pub/share/ament_index/resource_index/parent_prefix_path/camera_feed_pub
[3.338s] -- Up-to-date: /home/niraamay/isro/ros2_try/isro_ws/install/camera_feed_pub/share/camera_feed_pub/environment/ament_prefix_path.sh
[3.339s] -- Up-to-date: /home/niraamay/isro/ros2_try/isro_ws/install/camera_feed_pub/share/camera_feed_pub/environment/ament_prefix_path.dsv
[3.339s] -- Up-to-date: /home/niraamay/isro/ros2_try/isro_ws/install/camera_feed_pub/share/camera_feed_pub/environment/path.sh
[3.339s] -- Up-to-date: /home/niraamay/isro/ros2_try/isro_ws/install/camera_feed_pub/share/camera_feed_pub/environment/path.dsv
[3.339s] -- Up-to-date: /home/niraamay/isro/ros2_try/isro_ws/install/camera_feed_pub/share/camera_feed_pub/local_setup.bash
[3.339s] -- Up-to-date: /home/niraamay/isro/ros2_try/isro_ws/install/camera_feed_pub/share/camera_feed_pub/local_setup.sh
[3.339s] -- Up-to-date: /home/niraamay/isro/ros2_try/isro_ws/install/camera_feed_pub/share/camera_feed_pub/local_setup.zsh
[3.340s] -- Up-to-date: /home/niraamay/isro/ros2_try/isro_ws/install/camera_feed_pub/share/camera_feed_pub/local_setup.dsv
[3.341s] -- Installing: /home/niraamay/isro/ros2_try/isro_ws/install/camera_feed_pub/share/camera_feed_pub/package.dsv
[3.341s] -- Up-to-date: /home/niraamay/isro/ros2_try/isro_ws/install/camera_feed_pub/share/ament_index/resource_index/packages/camera_feed_pub
[3.341s] -- Up-to-date: /home/niraamay/isro/ros2_try/isro_ws/install/camera_feed_pub/share/camera_feed_pub/cmake/camera_feed_pubConfig.cmake
[3.341s] -- Up-to-date: /home/niraamay/isro/ros2_try/isro_ws/install/camera_feed_pub/share/camera_feed_pub/cmake/camera_feed_pubConfig-version.cmake
[3.341s] -- Up-to-date: /home/niraamay/isro/ros2_try/isro_ws/install/camera_feed_pub/share/camera_feed_pub/package.xml
[3.342s] Invoked command in '/home/niraamay/isro/ros2_try/isro_ws/build/camera_feed_pub' returned '0': CMAKE_PREFIX_PATH=${CMAKE_PREFIX_PATH}:/home/niraamay/isro/ros2_try/isro_ws/install/camera_pub:/opt/ros/humble /usr/bin/cmake --install /home/niraamay/isro/ros2_try/isro_ws/build/camera_feed_pub
