running egg_info
writing ../../build/drone_control_pkg/drone_control_pkg.egg-info/PKG-INFO
writing dependency_links to ../../build/drone_control_pkg/drone_control_pkg.egg-info/dependency_links.txt
writing entry points to ../../build/drone_control_pkg/drone_control_pkg.egg-info/entry_points.txt
writing requirements to ../../build/drone_control_pkg/drone_control_pkg.egg-info/requires.txt
writing top-level names to ../../build/drone_control_pkg/drone_control_pkg.egg-info/top_level.txt
reading manifest file '../../build/drone_control_pkg/drone_control_pkg.egg-info/SOURCES.txt'
adding license file 'LICENSE'
writing manifest file '../../build/drone_control_pkg/drone_control_pkg.egg-info/SOURCES.txt'
running build
running build_py
copying drone_control_pkg/__init__.py -> /home/niraamay/isro_ros2_try/ros_ws/build/drone_control_pkg/build/lib/drone_control_pkg
running install
running install_lib
copying /home/niraamay/isro_ros2_try/ros_ws/build/drone_control_pkg/build/lib/drone_control_pkg/__init__.py -> /home/niraamay/isro_ros2_try/ros_ws/install/drone_control_pkg/lib/python3.10/site-packages/drone_control_pkg
byte-compiling /home/niraamay/isro_ros2_try/ros_ws/install/drone_control_pkg/lib/python3.10/site-packages/drone_control_pkg/__init__.py to __init__.cpython-310.pyc
running install_data
copying resource/drone_control_pkg -> /home/niraamay/isro_ros2_try/ros_ws/install/drone_control_pkg/share/ament_index/resource_index/packages
copying package.xml -> /home/niraamay/isro_ros2_try/ros_ws/install/drone_control_pkg/share/drone_control_pkg
running install_egg_info
removing '/home/niraamay/isro_ros2_try/ros_ws/install/drone_control_pkg/lib/python3.10/site-packages/drone_control_pkg-0.0.0-py3.10.egg-info' (and everything under it)
Copying ../../build/drone_control_pkg/drone_control_pkg.egg-info to /home/niraamay/isro_ros2_try/ros_ws/install/drone_control_pkg/lib/python3.10/site-packages/drone_control_pkg-0.0.0-py3.10.egg-info
running install_scripts
writing list of installed files to '/home/niraamay/isro_ros2_try/ros_ws/build/drone_control_pkg/install.log'
