[0.120s] DEBUG:colcon:Command line arguments: ['/usr/bin/colcon', 'build', '--cmake-clean-cache']
[0.120s] DEBUG:colcon:Parsed command line arguments: Namespace(log_base=None, log_level=None, verb_name='build', build_base='build', install_base='install', merge_install=False, symlink_install=False, test_result_base=None, continue_on_error=False, executor='parallel', parallel_workers=16, event_handlers=None, ignore_user_meta=False, metas=['./colcon.meta'], base_paths=['.'], packages_ignore=None, packages_ignore_regex=None, paths=None, packages_up_to=None, packages_up_to_regex=None, packages_above=None, packages_above_and_dependencies=None, packages_above_depth=None, packages_select_by_dep=None, packages_skip_by_dep=None, packages_skip_up_to=None, packages_select_build_failed=False, packages_skip_build_finished=False, packages_select_test_failures=False, packages_skip_test_passed=False, packages_select=None, packages_skip=None, packages_select_regex=None, packages_skip_regex=None, packages_start=None, packages_end=None, allow_overriding=[], cmake_args=None, cmake_target=None, cmake_target_skip_unavailable=False, cmake_clean_cache=True, cmake_clean_first=False, cmake_force_configure=False, ament_cmake_args=None, catkin_cmake_args=None, catkin_skip_building_tests=False, verb_parser=<colcon_defaults.argument_parser.defaults.DefaultArgumentsDecorator object at 0x7fb76d0b08b0>, verb_extension=<colcon_core.verb.build.BuildVerb object at 0x7fb76d0b0460>, main=<bound method BuildVerb.main of <colcon_core.verb.build.BuildVerb object at 0x7fb76d0b0460>>)
[0.299s] Level 1:colcon.colcon_core.package_discovery:discover_packages(colcon_meta) check parameters
[0.299s] Level 1:colcon.colcon_core.package_discovery:discover_packages(recursive) check parameters
[0.299s] Level 1:colcon.colcon_core.package_discovery:discover_packages(ignore) check parameters
[0.299s] Level 1:colcon.colcon_core.package_discovery:discover_packages(path) check parameters
[0.299s] Level 1:colcon.colcon_core.package_discovery:discover_packages(colcon_meta) discover
[0.299s] Level 1:colcon.colcon_core.package_discovery:discover_packages(recursive) discover
[0.299s] INFO:colcon.colcon_core.package_discovery:Crawling recursively for packages in '/home/niraamay/isro_ros2_try/ros2_try/isro_ws'
[0.300s] Level 1:colcon.colcon_core.package_identification:_identify(.) by extensions ['ignore', 'ignore_ament_install']
[0.300s] Level 1:colcon.colcon_core.package_identification:_identify(.) by extension 'ignore'
[0.300s] Level 1:colcon.colcon_core.package_identification:_identify(.) by extension 'ignore_ament_install'
[0.300s] Level 1:colcon.colcon_core.package_identification:_identify(.) by extensions ['colcon_pkg']
[0.300s] Level 1:colcon.colcon_core.package_identification:_identify(.) by extension 'colcon_pkg'
[0.300s] Level 1:colcon.colcon_core.package_identification:_identify(.) by extensions ['colcon_meta']
[0.300s] Level 1:colcon.colcon_core.package_identification:_identify(.) by extension 'colcon_meta'
[0.300s] Level 1:colcon.colcon_core.package_identification:_identify(.) by extensions ['ros']
[0.300s] Level 1:colcon.colcon_core.package_identification:_identify(.) by extension 'ros'
[0.311s] Level 1:colcon.colcon_core.package_identification:_identify(.) by extensions ['cmake', 'python']
[0.311s] Level 1:colcon.colcon_core.package_identification:_identify(.) by extension 'cmake'
[0.311s] Level 1:colcon.colcon_core.package_identification:_identify(.) by extension 'python'
[0.311s] Level 1:colcon.colcon_core.package_identification:_identify(.) by extensions ['python_setup_py']
[0.311s] Level 1:colcon.colcon_core.package_identification:_identify(.) by extension 'python_setup_py'
[0.311s] Level 1:colcon.colcon_core.package_identification:_identify(build) by extensions ['ignore', 'ignore_ament_install']
[0.311s] Level 1:colcon.colcon_core.package_identification:_identify(build) by extension 'ignore'
[0.312s] Level 1:colcon.colcon_core.package_identification:_identify(build) ignored
[0.312s] Level 1:colcon.colcon_core.package_identification:_identify(install) by extensions ['ignore', 'ignore_ament_install']
[0.312s] Level 1:colcon.colcon_core.package_identification:_identify(install) by extension 'ignore'
[0.312s] Level 1:colcon.colcon_core.package_identification:_identify(install) ignored
[0.312s] Level 1:colcon.colcon_core.package_identification:_identify(log) by extensions ['ignore', 'ignore_ament_install']
[0.312s] Level 1:colcon.colcon_core.package_identification:_identify(log) by extension 'ignore'
[0.312s] Level 1:colcon.colcon_core.package_identification:_identify(log) ignored
[0.312s] Level 1:colcon.colcon_core.package_identification:_identify(src) by extensions ['ignore', 'ignore_ament_install']
[0.312s] Level 1:colcon.colcon_core.package_identification:_identify(src) by extension 'ignore'
[0.312s] Level 1:colcon.colcon_core.package_identification:_identify(src) by extension 'ignore_ament_install'
[0.312s] Level 1:colcon.colcon_core.package_identification:_identify(src) by extensions ['colcon_pkg']
[0.312s] Level 1:colcon.colcon_core.package_identification:_identify(src) by extension 'colcon_pkg'
[0.312s] Level 1:colcon.colcon_core.package_identification:_identify(src) by extensions ['colcon_meta']
[0.312s] Level 1:colcon.colcon_core.package_identification:_identify(src) by extension 'colcon_meta'
[0.312s] Level 1:colcon.colcon_core.package_identification:_identify(src) by extensions ['ros']
[0.312s] Level 1:colcon.colcon_core.package_identification:_identify(src) by extension 'ros'
[0.313s] Level 1:colcon.colcon_core.package_identification:_identify(src) by extensions ['cmake', 'python']
[0.313s] Level 1:colcon.colcon_core.package_identification:_identify(src) by extension 'cmake'
[0.313s] Level 1:colcon.colcon_core.package_identification:_identify(src) by extension 'python'
[0.313s] Level 1:colcon.colcon_core.package_identification:_identify(src) by extensions ['python_setup_py']
[0.313s] Level 1:colcon.colcon_core.package_identification:_identify(src) by extension 'python_setup_py'
[0.313s] Level 1:colcon.colcon_core.package_identification:_identify(src/camera_feed_pub) by extensions ['ignore', 'ignore_ament_install']
[0.313s] Level 1:colcon.colcon_core.package_identification:_identify(src/camera_feed_pub) by extension 'ignore'
[0.313s] Level 1:colcon.colcon_core.package_identification:_identify(src/camera_feed_pub) by extension 'ignore_ament_install'
[0.313s] Level 1:colcon.colcon_core.package_identification:_identify(src/camera_feed_pub) by extensions ['colcon_pkg']
[0.313s] Level 1:colcon.colcon_core.package_identification:_identify(src/camera_feed_pub) by extension 'colcon_pkg'
[0.313s] Level 1:colcon.colcon_core.package_identification:_identify(src/camera_feed_pub) by extensions ['colcon_meta']
[0.313s] Level 1:colcon.colcon_core.package_identification:_identify(src/camera_feed_pub) by extension 'colcon_meta'
[0.313s] Level 1:colcon.colcon_core.package_identification:_identify(src/camera_feed_pub) by extensions ['ros']
[0.313s] Level 1:colcon.colcon_core.package_identification:_identify(src/camera_feed_pub) by extension 'ros'
[0.316s] DEBUG:colcon.colcon_core.package_identification:Package 'src/camera_feed_pub' with type 'ros.ament_cmake' and name 'camera_feed_pub'
[0.316s] Level 1:colcon.colcon_core.package_identification:_identify(src/camera_pub) by extensions ['ignore', 'ignore_ament_install']
[0.316s] Level 1:colcon.colcon_core.package_identification:_identify(src/camera_pub) by extension 'ignore'
[0.316s] Level 1:colcon.colcon_core.package_identification:_identify(src/camera_pub) by extension 'ignore_ament_install'
[0.316s] Level 1:colcon.colcon_core.package_identification:_identify(src/camera_pub) by extensions ['colcon_pkg']
[0.316s] Level 1:colcon.colcon_core.package_identification:_identify(src/camera_pub) by extension 'colcon_pkg'
[0.316s] Level 1:colcon.colcon_core.package_identification:_identify(src/camera_pub) by extensions ['colcon_meta']
[0.316s] Level 1:colcon.colcon_core.package_identification:_identify(src/camera_pub) by extension 'colcon_meta'
[0.316s] Level 1:colcon.colcon_core.package_identification:_identify(src/camera_pub) by extensions ['ros']
[0.316s] Level 1:colcon.colcon_core.package_identification:_identify(src/camera_pub) by extension 'ros'
[0.317s] DEBUG:colcon.colcon_core.package_identification:Package 'src/camera_pub' with type 'ros.ament_python' and name 'camera_pub'
[0.317s] Level 1:colcon.colcon_core.package_identification:_identify(src/orbslam_pub) by extensions ['ignore', 'ignore_ament_install']
[0.317s] Level 1:colcon.colcon_core.package_identification:_identify(src/orbslam_pub) by extension 'ignore'
[0.317s] Level 1:colcon.colcon_core.package_identification:_identify(src/orbslam_pub) by extension 'ignore_ament_install'
[0.317s] Level 1:colcon.colcon_core.package_identification:_identify(src/orbslam_pub) by extensions ['colcon_pkg']
[0.317s] Level 1:colcon.colcon_core.package_identification:_identify(src/orbslam_pub) by extension 'colcon_pkg'
[0.317s] Level 1:colcon.colcon_core.package_identification:_identify(src/orbslam_pub) by extensions ['colcon_meta']
[0.317s] Level 1:colcon.colcon_core.package_identification:_identify(src/orbslam_pub) by extension 'colcon_meta'
[0.317s] Level 1:colcon.colcon_core.package_identification:_identify(src/orbslam_pub) by extensions ['ros']
[0.317s] Level 1:colcon.colcon_core.package_identification:_identify(src/orbslam_pub) by extension 'ros'
[0.318s] DEBUG:colcon.colcon_core.package_identification:Package 'src/orbslam_pub' with type 'ros.ament_cmake' and name 'orbslam_pub'
[0.318s] Level 1:colcon.colcon_core.package_discovery:discover_packages(recursive) using defaults
[0.318s] Level 1:colcon.colcon_core.package_discovery:discover_packages(ignore) discover
[0.318s] Level 1:colcon.colcon_core.package_discovery:discover_packages(ignore) using defaults
[0.318s] Level 1:colcon.colcon_core.package_discovery:discover_packages(path) discover
[0.318s] Level 1:colcon.colcon_core.package_discovery:discover_packages(path) using defaults
[0.348s] Level 1:colcon.colcon_core.package_discovery:discover_packages(prefix_path) check parameters
[0.348s] Level 1:colcon.colcon_core.package_discovery:discover_packages(prefix_path) discover
[0.351s] DEBUG:colcon.colcon_installed_package_information.package_discovery:Found 276 installed packages in /opt/ros/humble
[0.353s] Level 1:colcon.colcon_core.package_discovery:discover_packages(prefix_path) using defaults
[0.387s] Level 5:colcon.colcon_core.verb:set package 'camera_feed_pub' build argument 'cmake_args' from command line to 'None'
[0.388s] Level 5:colcon.colcon_core.verb:set package 'camera_feed_pub' build argument 'cmake_target' from command line to 'None'
[0.388s] Level 5:colcon.colcon_core.verb:set package 'camera_feed_pub' build argument 'cmake_target_skip_unavailable' from command line to 'False'
[0.388s] Level 5:colcon.colcon_core.verb:set package 'camera_feed_pub' build argument 'cmake_clean_cache' from command line to 'True'
[0.388s] Level 5:colcon.colcon_core.verb:set package 'camera_feed_pub' build argument 'cmake_clean_first' from command line to 'False'
[0.388s] Level 5:colcon.colcon_core.verb:set package 'camera_feed_pub' build argument 'cmake_force_configure' from command line to 'False'
[0.388s] Level 5:colcon.colcon_core.verb:set package 'camera_feed_pub' build argument 'ament_cmake_args' from command line to 'None'
[0.388s] Level 5:colcon.colcon_core.verb:set package 'camera_feed_pub' build argument 'catkin_cmake_args' from command line to 'None'
[0.388s] Level 5:colcon.colcon_core.verb:set package 'camera_feed_pub' build argument 'catkin_skip_building_tests' from command line to 'False'
[0.388s] DEBUG:colcon.colcon_core.verb:Building package 'camera_feed_pub' with the following arguments: {'ament_cmake_args': None, 'build_base': '/home/niraamay/isro_ros2_try/ros2_try/isro_ws/build/camera_feed_pub', 'catkin_cmake_args': None, 'catkin_skip_building_tests': False, 'cmake_args': None, 'cmake_clean_cache': True, 'cmake_clean_first': False, 'cmake_force_configure': False, 'cmake_target': None, 'cmake_target_skip_unavailable': False, 'install_base': '/home/niraamay/isro_ros2_try/ros2_try/isro_ws/install/camera_feed_pub', 'merge_install': False, 'path': '/home/niraamay/isro_ros2_try/ros2_try/isro_ws/src/camera_feed_pub', 'symlink_install': False, 'test_result_base': None}
[0.388s] Level 5:colcon.colcon_core.verb:set package 'camera_pub' build argument 'cmake_args' from command line to 'None'
[0.388s] Level 5:colcon.colcon_core.verb:set package 'camera_pub' build argument 'cmake_target' from command line to 'None'
[0.388s] Level 5:colcon.colcon_core.verb:set package 'camera_pub' build argument 'cmake_target_skip_unavailable' from command line to 'False'
[0.388s] Level 5:colcon.colcon_core.verb:set package 'camera_pub' build argument 'cmake_clean_cache' from command line to 'True'
[0.388s] Level 5:colcon.colcon_core.verb:set package 'camera_pub' build argument 'cmake_clean_first' from command line to 'False'
[0.388s] Level 5:colcon.colcon_core.verb:set package 'camera_pub' build argument 'cmake_force_configure' from command line to 'False'
[0.388s] Level 5:colcon.colcon_core.verb:set package 'camera_pub' build argument 'ament_cmake_args' from command line to 'None'
[0.388s] Level 5:colcon.colcon_core.verb:set package 'camera_pub' build argument 'catkin_cmake_args' from command line to 'None'
[0.388s] Level 5:colcon.colcon_core.verb:set package 'camera_pub' build argument 'catkin_skip_building_tests' from command line to 'False'
[0.388s] DEBUG:colcon.colcon_core.verb:Building package 'camera_pub' with the following arguments: {'ament_cmake_args': None, 'build_base': '/home/niraamay/isro_ros2_try/ros2_try/isro_ws/build/camera_pub', 'catkin_cmake_args': None, 'catkin_skip_building_tests': False, 'cmake_args': None, 'cmake_clean_cache': True, 'cmake_clean_first': False, 'cmake_force_configure': False, 'cmake_target': None, 'cmake_target_skip_unavailable': False, 'install_base': '/home/niraamay/isro_ros2_try/ros2_try/isro_ws/install/camera_pub', 'merge_install': False, 'path': '/home/niraamay/isro_ros2_try/ros2_try/isro_ws/src/camera_pub', 'symlink_install': False, 'test_result_base': None}
[0.389s] Level 5:colcon.colcon_core.verb:set package 'orbslam_pub' build argument 'cmake_args' from command line to 'None'
[0.389s] Level 5:colcon.colcon_core.verb:set package 'orbslam_pub' build argument 'cmake_target' from command line to 'None'
[0.389s] Level 5:colcon.colcon_core.verb:set package 'orbslam_pub' build argument 'cmake_target_skip_unavailable' from command line to 'False'
[0.389s] Level 5:colcon.colcon_core.verb:set package 'orbslam_pub' build argument 'cmake_clean_cache' from command line to 'True'
[0.389s] Level 5:colcon.colcon_core.verb:set package 'orbslam_pub' build argument 'cmake_clean_first' from command line to 'False'
[0.389s] Level 5:colcon.colcon_core.verb:set package 'orbslam_pub' build argument 'cmake_force_configure' from command line to 'False'
[0.389s] Level 5:colcon.colcon_core.verb:set package 'orbslam_pub' build argument 'ament_cmake_args' from command line to 'None'
[0.389s] Level 5:colcon.colcon_core.verb:set package 'orbslam_pub' build argument 'catkin_cmake_args' from command line to 'None'
[0.389s] Level 5:colcon.colcon_core.verb:set package 'orbslam_pub' build argument 'catkin_skip_building_tests' from command line to 'False'
[0.389s] DEBUG:colcon.colcon_core.verb:Building package 'orbslam_pub' with the following arguments: {'ament_cmake_args': None, 'build_base': '/home/niraamay/isro_ros2_try/ros2_try/isro_ws/build/orbslam_pub', 'catkin_cmake_args': None, 'catkin_skip_building_tests': False, 'cmake_args': None, 'cmake_clean_cache': True, 'cmake_clean_first': False, 'cmake_force_configure': False, 'cmake_target': None, 'cmake_target_skip_unavailable': False, 'install_base': '/home/niraamay/isro_ros2_try/ros2_try/isro_ws/install/orbslam_pub', 'merge_install': False, 'path': '/home/niraamay/isro_ros2_try/ros2_try/isro_ws/src/orbslam_pub', 'symlink_install': False, 'test_result_base': None}
[0.389s] INFO:colcon.colcon_core.executor:Executing jobs using 'parallel' executor
[0.390s] DEBUG:colcon.colcon_parallel_executor.executor.parallel:run_until_complete
[0.390s] INFO:colcon.colcon_ros.task.ament_cmake.build:Building ROS package in '/home/niraamay/isro_ros2_try/ros2_try/isro_ws/src/camera_feed_pub' with build type 'ament_cmake'
[0.390s] INFO:colcon.colcon_cmake.task.cmake.build:Building CMake package in '/home/niraamay/isro_ros2_try/ros2_try/isro_ws/src/camera_feed_pub'
[0.393s] INFO:colcon.colcon_core.plugin_system:Skipping extension 'colcon_core.shell.bat': Not used on non-Windows systems
[0.393s] INFO:colcon.colcon_core.shell:Skip shell extension 'powershell' for command environment: Not usable outside of PowerShell
[0.393s] DEBUG:colcon.colcon_core.shell:Skip shell extension 'dsv' for command environment
[0.396s] INFO:colcon.colcon_ros.task.ament_python.build:Building ROS package in '/home/niraamay/isro_ros2_try/ros2_try/isro_ws/src/camera_pub' with build type 'ament_python'
[0.396s] Level 1:colcon.colcon_core.shell:create_environment_hook('camera_pub', 'ament_prefix_path')
[0.396s] INFO:colcon.colcon_core.shell:Creating environment hook '/home/niraamay/isro_ros2_try/ros2_try/isro_ws/install/camera_pub/share/camera_pub/hook/ament_prefix_path.ps1'
[0.397s] INFO:colcon.colcon_core.shell:Creating environment descriptor '/home/niraamay/isro_ros2_try/ros2_try/isro_ws/install/camera_pub/share/camera_pub/hook/ament_prefix_path.dsv'
[0.397s] INFO:colcon.colcon_core.shell:Creating environment hook '/home/niraamay/isro_ros2_try/ros2_try/isro_ws/install/camera_pub/share/camera_pub/hook/ament_prefix_path.sh'
[0.398s] INFO:colcon.colcon_core.shell:Skip shell extension 'powershell' for command environment: Not usable outside of PowerShell
[0.398s] DEBUG:colcon.colcon_core.shell:Skip shell extension 'dsv' for command environment
[0.400s] INFO:colcon.colcon_ros.task.ament_cmake.build:Building ROS package in '/home/niraamay/isro_ros2_try/ros2_try/isro_ws/src/orbslam_pub' with build type 'ament_cmake'
[0.400s] INFO:colcon.colcon_cmake.task.cmake.build:Building CMake package in '/home/niraamay/isro_ros2_try/ros2_try/isro_ws/src/orbslam_pub'
[0.401s] INFO:colcon.colcon_core.shell:Skip shell extension 'powershell' for command environment: Not usable outside of PowerShell
[0.401s] DEBUG:colcon.colcon_core.shell:Skip shell extension 'dsv' for command environment
[0.407s] DEBUG:colcon.colcon_core.event_handler.log_command:Invoking command in '/home/niraamay/isro_ros2_try/ros2_try/isro_ws/build/camera_feed_pub': CMAKE_PREFIX_PATH=/opt/ros/humble /usr/bin/cmake /home/niraamay/isro_ros2_try/ros2_try/isro_ws/src/camera_feed_pub -DCMAKE_INSTALL_PREFIX=/home/niraamay/isro_ros2_try/ros2_try/isro_ws/install/camera_feed_pub
[0.658s] INFO:colcon.colcon_core.task.python.build:Building Python package in '/home/niraamay/isro_ros2_try/ros2_try/isro_ws/src/camera_pub'
[0.658s] INFO:colcon.colcon_core.shell:Skip shell extension 'powershell' for command environment: Not usable outside of PowerShell
[0.658s] DEBUG:colcon.colcon_core.shell:Skip shell extension 'dsv' for command environment
[0.665s] DEBUG:colcon.colcon_core.event_handler.log_command:Invoking command in '/home/niraamay/isro_ros2_try/ros2_try/isro_ws/build/orbslam_pub': CMAKE_PREFIX_PATH=/opt/ros/humble /usr/bin/cmake /home/niraamay/isro_ros2_try/ros2_try/isro_ws/src/orbslam_pub -DCMAKE_INSTALL_PREFIX=/home/niraamay/isro_ros2_try/ros2_try/isro_ws/install/orbslam_pub
[1.008s] DEBUG:colcon.colcon_core.event_handler.log_command:Invoking command in '/home/niraamay/isro_ros2_try/ros2_try/isro_ws/src/camera_pub': PYTHONPATH=/home/niraamay/isro_ros2_try/ros2_try/isro_ws/build/camera_pub/prefix_override:/usr/lib/python3/dist-packages/colcon_core/task/python/colcon_distutils_commands:/home/niraamay/isro_ros2_try/ros2_try/isro_ws/install/camera_pub/lib/python3.10/site-packages:${PYTHONPATH} /usr/bin/python3 -W ignore:setup.py install is deprecated -W ignore:easy_install command is deprecated setup.py egg_info --egg-base ../../build/camera_pub build --build-base /home/niraamay/isro_ros2_try/ros2_try/isro_ws/build/camera_pub/build install --record /home/niraamay/isro_ros2_try/ros2_try/isro_ws/build/camera_pub/install.log --single-version-externally-managed install_data
[1.298s] DEBUG:colcon.colcon_core.event_handler.log_command:Invoked command in '/home/niraamay/isro_ros2_try/ros2_try/isro_ws/src/camera_pub' returned '0': PYTHONPATH=/home/niraamay/isro_ros2_try/ros2_try/isro_ws/build/camera_pub/prefix_override:/usr/lib/python3/dist-packages/colcon_core/task/python/colcon_distutils_commands:/home/niraamay/isro_ros2_try/ros2_try/isro_ws/install/camera_pub/lib/python3.10/site-packages:${PYTHONPATH} /usr/bin/python3 -W ignore:setup.py install is deprecated -W ignore:easy_install command is deprecated setup.py egg_info --egg-base ../../build/camera_pub build --build-base /home/niraamay/isro_ros2_try/ros2_try/isro_ws/build/camera_pub/build install --record /home/niraamay/isro_ros2_try/ros2_try/isro_ws/build/camera_pub/install.log --single-version-externally-managed install_data
[1.301s] Level 1:colcon.colcon_core.environment:checking '/home/niraamay/isro_ros2_try/ros2_try/isro_ws/install/camera_pub' for CMake module files
[1.302s] Level 1:colcon.colcon_core.environment:checking '/home/niraamay/isro_ros2_try/ros2_try/isro_ws/install/camera_pub' for CMake config files
[1.302s] Level 1:colcon.colcon_core.environment:checking '/home/niraamay/isro_ros2_try/ros2_try/isro_ws/install/camera_pub/lib'
[1.302s] Level 1:colcon.colcon_core.environment:checking '/home/niraamay/isro_ros2_try/ros2_try/isro_ws/install/camera_pub/bin'
[1.302s] Level 1:colcon.colcon_core.environment:checking '/home/niraamay/isro_ros2_try/ros2_try/isro_ws/install/camera_pub/lib/pkgconfig/camera_pub.pc'
[1.303s] Level 1:colcon.colcon_core.environment:checking '/home/niraamay/isro_ros2_try/ros2_try/isro_ws/install/camera_pub/lib/python3.10/site-packages'
[1.303s] Level 1:colcon.colcon_core.shell:create_environment_hook('camera_pub', 'pythonpath')
[1.303s] INFO:colcon.colcon_core.shell:Creating environment hook '/home/niraamay/isro_ros2_try/ros2_try/isro_ws/install/camera_pub/share/camera_pub/hook/pythonpath.ps1'
[1.303s] INFO:colcon.colcon_core.shell:Creating environment descriptor '/home/niraamay/isro_ros2_try/ros2_try/isro_ws/install/camera_pub/share/camera_pub/hook/pythonpath.dsv'
[1.304s] INFO:colcon.colcon_core.shell:Creating environment hook '/home/niraamay/isro_ros2_try/ros2_try/isro_ws/install/camera_pub/share/camera_pub/hook/pythonpath.sh'
[1.304s] Level 1:colcon.colcon_core.environment:checking '/home/niraamay/isro_ros2_try/ros2_try/isro_ws/install/camera_pub/bin'
[1.304s] Level 1:colcon.colcon_core.environment:create_environment_scripts_only(camera_pub)
[1.305s] INFO:colcon.colcon_core.shell:Creating package script '/home/niraamay/isro_ros2_try/ros2_try/isro_ws/install/camera_pub/share/camera_pub/package.ps1'
[1.305s] INFO:colcon.colcon_core.shell:Creating package descriptor '/home/niraamay/isro_ros2_try/ros2_try/isro_ws/install/camera_pub/share/camera_pub/package.dsv'
[1.306s] INFO:colcon.colcon_core.shell:Creating package script '/home/niraamay/isro_ros2_try/ros2_try/isro_ws/install/camera_pub/share/camera_pub/package.sh'
[1.307s] INFO:colcon.colcon_core.shell:Creating package script '/home/niraamay/isro_ros2_try/ros2_try/isro_ws/install/camera_pub/share/camera_pub/package.bash'
[1.307s] INFO:colcon.colcon_core.shell:Creating package script '/home/niraamay/isro_ros2_try/ros2_try/isro_ws/install/camera_pub/share/camera_pub/package.zsh'
[1.308s] Level 1:colcon.colcon_core.environment:create_file_with_runtime_dependencies(/home/niraamay/isro_ros2_try/ros2_try/isro_ws/install/camera_pub/share/colcon-core/packages/camera_pub)
[1.650s] DEBUG:colcon.colcon_core.event_handler.log_command:Invoked command in '/home/niraamay/isro_ros2_try/ros2_try/isro_ws/build/camera_feed_pub' returned '0': CMAKE_PREFIX_PATH=/opt/ros/humble /usr/bin/cmake /home/niraamay/isro_ros2_try/ros2_try/isro_ws/src/camera_feed_pub -DCMAKE_INSTALL_PREFIX=/home/niraamay/isro_ros2_try/ros2_try/isro_ws/install/camera_feed_pub
[1.652s] DEBUG:colcon.colcon_core.event_handler.log_command:Invoking command in '/home/niraamay/isro_ros2_try/ros2_try/isro_ws/build/camera_feed_pub': CMAKE_PREFIX_PATH=/opt/ros/humble /usr/bin/cmake --build /home/niraamay/isro_ros2_try/ros2_try/isro_ws/build/camera_feed_pub -- -j16 -l16
[1.840s] DEBUG:colcon.colcon_core.event_handler.log_command:Invoked command in '/home/niraamay/isro_ros2_try/ros2_try/isro_ws/build/orbslam_pub' returned '0': CMAKE_PREFIX_PATH=/opt/ros/humble /usr/bin/cmake /home/niraamay/isro_ros2_try/ros2_try/isro_ws/src/orbslam_pub -DCMAKE_INSTALL_PREFIX=/home/niraamay/isro_ros2_try/ros2_try/isro_ws/install/orbslam_pub
[1.840s] DEBUG:colcon.colcon_core.event_handler.log_command:Invoking command in '/home/niraamay/isro_ros2_try/ros2_try/isro_ws/build/orbslam_pub': CMAKE_PREFIX_PATH=/opt/ros/humble /usr/bin/cmake --build /home/niraamay/isro_ros2_try/ros2_try/isro_ws/build/orbslam_pub -- -j16 -l16
[5.064s] DEBUG:colcon.colcon_core.event_handler.log_command:Invoked command in '/home/niraamay/isro_ros2_try/ros2_try/isro_ws/build/camera_feed_pub' returned '0': CMAKE_PREFIX_PATH=/opt/ros/humble /usr/bin/cmake --build /home/niraamay/isro_ros2_try/ros2_try/isro_ws/build/camera_feed_pub -- -j16 -l16
[5.069s] DEBUG:colcon.colcon_core.event_handler.log_command:Invoking command in '/home/niraamay/isro_ros2_try/ros2_try/isro_ws/build/camera_feed_pub': CMAKE_PREFIX_PATH=/opt/ros/humble /usr/bin/cmake --install /home/niraamay/isro_ros2_try/ros2_try/isro_ws/build/camera_feed_pub
[5.074s] Level 1:colcon.colcon_core.environment:create_environment_scripts_only(camera_feed_pub)
[5.074s] Level 1:colcon.colcon_core.environment:checking '/home/niraamay/isro_ros2_try/ros2_try/isro_ws/install/camera_feed_pub' for CMake module files
[5.074s] DEBUG:colcon.colcon_core.event_handler.log_command:Invoked command in '/home/niraamay/isro_ros2_try/ros2_try/isro_ws/build/camera_feed_pub' returned '0': CMAKE_PREFIX_PATH=/opt/ros/humble /usr/bin/cmake --install /home/niraamay/isro_ros2_try/ros2_try/isro_ws/build/camera_feed_pub
[5.075s] Level 1:colcon.colcon_core.environment:checking '/home/niraamay/isro_ros2_try/ros2_try/isro_ws/install/camera_feed_pub' for CMake config files
[5.075s] Level 1:colcon.colcon_core.shell:create_environment_hook('camera_feed_pub', 'cmake_prefix_path')
[5.075s] INFO:colcon.colcon_core.shell:Creating environment hook '/home/niraamay/isro_ros2_try/ros2_try/isro_ws/install/camera_feed_pub/share/camera_feed_pub/hook/cmake_prefix_path.ps1'
[5.075s] INFO:colcon.colcon_core.shell:Creating environment descriptor '/home/niraamay/isro_ros2_try/ros2_try/isro_ws/install/camera_feed_pub/share/camera_feed_pub/hook/cmake_prefix_path.dsv'
[5.075s] INFO:colcon.colcon_core.shell:Creating environment hook '/home/niraamay/isro_ros2_try/ros2_try/isro_ws/install/camera_feed_pub/share/camera_feed_pub/hook/cmake_prefix_path.sh'
[5.076s] Level 1:colcon.colcon_core.environment:checking '/home/niraamay/isro_ros2_try/ros2_try/isro_ws/install/camera_feed_pub/lib'
[5.076s] Level 1:colcon.colcon_core.environment:checking '/home/niraamay/isro_ros2_try/ros2_try/isro_ws/install/camera_feed_pub/bin'
[5.076s] Level 1:colcon.colcon_core.environment:checking '/home/niraamay/isro_ros2_try/ros2_try/isro_ws/install/camera_feed_pub/lib/pkgconfig/camera_feed_pub.pc'
[5.076s] Level 1:colcon.colcon_core.environment:checking '/home/niraamay/isro_ros2_try/ros2_try/isro_ws/install/camera_feed_pub/lib/python3.10/site-packages'
[5.076s] Level 1:colcon.colcon_core.environment:checking '/home/niraamay/isro_ros2_try/ros2_try/isro_ws/install/camera_feed_pub/bin'
[5.076s] INFO:colcon.colcon_core.shell:Creating package script '/home/niraamay/isro_ros2_try/ros2_try/isro_ws/install/camera_feed_pub/share/camera_feed_pub/package.ps1'
[5.076s] INFO:colcon.colcon_core.shell:Creating package descriptor '/home/niraamay/isro_ros2_try/ros2_try/isro_ws/install/camera_feed_pub/share/camera_feed_pub/package.dsv'
[5.077s] INFO:colcon.colcon_core.shell:Creating package script '/home/niraamay/isro_ros2_try/ros2_try/isro_ws/install/camera_feed_pub/share/camera_feed_pub/package.sh'
[5.077s] INFO:colcon.colcon_core.shell:Creating package script '/home/niraamay/isro_ros2_try/ros2_try/isro_ws/install/camera_feed_pub/share/camera_feed_pub/package.bash'
[5.077s] INFO:colcon.colcon_core.shell:Creating package script '/home/niraamay/isro_ros2_try/ros2_try/isro_ws/install/camera_feed_pub/share/camera_feed_pub/package.zsh'
[5.077s] Level 1:colcon.colcon_core.environment:create_file_with_runtime_dependencies(/home/niraamay/isro_ros2_try/ros2_try/isro_ws/install/camera_feed_pub/share/colcon-core/packages/camera_feed_pub)
[5.077s] Level 1:colcon.colcon_core.environment:create_environment_scripts_only(camera_feed_pub)
[5.078s] Level 1:colcon.colcon_core.environment:checking '/home/niraamay/isro_ros2_try/ros2_try/isro_ws/install/camera_feed_pub' for CMake module files
[5.078s] Level 1:colcon.colcon_core.environment:checking '/home/niraamay/isro_ros2_try/ros2_try/isro_ws/install/camera_feed_pub' for CMake config files
[5.078s] Level 1:colcon.colcon_core.shell:create_environment_hook('camera_feed_pub', 'cmake_prefix_path')
[5.078s] INFO:colcon.colcon_core.shell:Creating environment hook '/home/niraamay/isro_ros2_try/ros2_try/isro_ws/install/camera_feed_pub/share/camera_feed_pub/hook/cmake_prefix_path.ps1'
[5.078s] INFO:colcon.colcon_core.shell:Creating environment descriptor '/home/niraamay/isro_ros2_try/ros2_try/isro_ws/install/camera_feed_pub/share/camera_feed_pub/hook/cmake_prefix_path.dsv'
[5.078s] INFO:colcon.colcon_core.shell:Creating environment hook '/home/niraamay/isro_ros2_try/ros2_try/isro_ws/install/camera_feed_pub/share/camera_feed_pub/hook/cmake_prefix_path.sh'
[5.079s] Level 1:colcon.colcon_core.environment:checking '/home/niraamay/isro_ros2_try/ros2_try/isro_ws/install/camera_feed_pub/lib'
[5.079s] Level 1:colcon.colcon_core.environment:checking '/home/niraamay/isro_ros2_try/ros2_try/isro_ws/install/camera_feed_pub/bin'
[5.079s] Level 1:colcon.colcon_core.environment:checking '/home/niraamay/isro_ros2_try/ros2_try/isro_ws/install/camera_feed_pub/lib/pkgconfig/camera_feed_pub.pc'
[5.079s] Level 1:colcon.colcon_core.environment:checking '/home/niraamay/isro_ros2_try/ros2_try/isro_ws/install/camera_feed_pub/lib/python3.10/site-packages'
[5.079s] Level 1:colcon.colcon_core.environment:checking '/home/niraamay/isro_ros2_try/ros2_try/isro_ws/install/camera_feed_pub/bin'
[5.079s] INFO:colcon.colcon_core.shell:Creating package script '/home/niraamay/isro_ros2_try/ros2_try/isro_ws/install/camera_feed_pub/share/camera_feed_pub/package.ps1'
[5.079s] INFO:colcon.colcon_core.shell:Creating package descriptor '/home/niraamay/isro_ros2_try/ros2_try/isro_ws/install/camera_feed_pub/share/camera_feed_pub/package.dsv'
[5.079s] INFO:colcon.colcon_core.shell:Creating package script '/home/niraamay/isro_ros2_try/ros2_try/isro_ws/install/camera_feed_pub/share/camera_feed_pub/package.sh'
[5.080s] INFO:colcon.colcon_core.shell:Creating package script '/home/niraamay/isro_ros2_try/ros2_try/isro_ws/install/camera_feed_pub/share/camera_feed_pub/package.bash'
[5.080s] INFO:colcon.colcon_core.shell:Creating package script '/home/niraamay/isro_ros2_try/ros2_try/isro_ws/install/camera_feed_pub/share/camera_feed_pub/package.zsh'
[5.080s] Level 1:colcon.colcon_core.environment:create_file_with_runtime_dependencies(/home/niraamay/isro_ros2_try/ros2_try/isro_ws/install/camera_feed_pub/share/colcon-core/packages/camera_feed_pub)
[10.347s] DEBUG:colcon.colcon_core.event_handler.log_command:Invoked command in '/home/niraamay/isro_ros2_try/ros2_try/isro_ws/build/orbslam_pub' returned '0': CMAKE_PREFIX_PATH=/opt/ros/humble /usr/bin/cmake --build /home/niraamay/isro_ros2_try/ros2_try/isro_ws/build/orbslam_pub -- -j16 -l16
[10.348s] DEBUG:colcon.colcon_core.event_handler.log_command:Invoking command in '/home/niraamay/isro_ros2_try/ros2_try/isro_ws/build/orbslam_pub': CMAKE_PREFIX_PATH=/opt/ros/humble /usr/bin/cmake --install /home/niraamay/isro_ros2_try/ros2_try/isro_ws/build/orbslam_pub
[10.354s] Level 1:colcon.colcon_core.environment:create_environment_scripts_only(orbslam_pub)
[10.354s] Level 1:colcon.colcon_core.environment:checking '/home/niraamay/isro_ros2_try/ros2_try/isro_ws/install/orbslam_pub' for CMake module files
[10.354s] DEBUG:colcon.colcon_core.event_handler.log_command:Invoked command in '/home/niraamay/isro_ros2_try/ros2_try/isro_ws/build/orbslam_pub' returned '0': CMAKE_PREFIX_PATH=/opt/ros/humble /usr/bin/cmake --install /home/niraamay/isro_ros2_try/ros2_try/isro_ws/build/orbslam_pub
[10.354s] Level 1:colcon.colcon_core.environment:checking '/home/niraamay/isro_ros2_try/ros2_try/isro_ws/install/orbslam_pub' for CMake config files
[10.354s] Level 1:colcon.colcon_core.shell:create_environment_hook('orbslam_pub', 'cmake_prefix_path')
[10.354s] INFO:colcon.colcon_core.shell:Creating environment hook '/home/niraamay/isro_ros2_try/ros2_try/isro_ws/install/orbslam_pub/share/orbslam_pub/hook/cmake_prefix_path.ps1'
[10.355s] INFO:colcon.colcon_core.shell:Creating environment descriptor '/home/niraamay/isro_ros2_try/ros2_try/isro_ws/install/orbslam_pub/share/orbslam_pub/hook/cmake_prefix_path.dsv'
[10.355s] INFO:colcon.colcon_core.shell:Creating environment hook '/home/niraamay/isro_ros2_try/ros2_try/isro_ws/install/orbslam_pub/share/orbslam_pub/hook/cmake_prefix_path.sh'
[10.355s] Level 1:colcon.colcon_core.environment:checking '/home/niraamay/isro_ros2_try/ros2_try/isro_ws/install/orbslam_pub/lib'
[10.355s] Level 1:colcon.colcon_core.environment:checking '/home/niraamay/isro_ros2_try/ros2_try/isro_ws/install/orbslam_pub/bin'
[10.355s] Level 1:colcon.colcon_core.environment:checking '/home/niraamay/isro_ros2_try/ros2_try/isro_ws/install/orbslam_pub/lib/pkgconfig/orbslam_pub.pc'
[10.356s] Level 1:colcon.colcon_core.environment:checking '/home/niraamay/isro_ros2_try/ros2_try/isro_ws/install/orbslam_pub/lib/python3.10/site-packages'
[10.356s] Level 1:colcon.colcon_core.environment:checking '/home/niraamay/isro_ros2_try/ros2_try/isro_ws/install/orbslam_pub/bin'
[10.356s] INFO:colcon.colcon_core.shell:Creating package script '/home/niraamay/isro_ros2_try/ros2_try/isro_ws/install/orbslam_pub/share/orbslam_pub/package.ps1'
[10.356s] INFO:colcon.colcon_core.shell:Creating package descriptor '/home/niraamay/isro_ros2_try/ros2_try/isro_ws/install/orbslam_pub/share/orbslam_pub/package.dsv'
[10.356s] INFO:colcon.colcon_core.shell:Creating package script '/home/niraamay/isro_ros2_try/ros2_try/isro_ws/install/orbslam_pub/share/orbslam_pub/package.sh'
[10.356s] INFO:colcon.colcon_core.shell:Creating package script '/home/niraamay/isro_ros2_try/ros2_try/isro_ws/install/orbslam_pub/share/orbslam_pub/package.bash'
[10.357s] INFO:colcon.colcon_core.shell:Creating package script '/home/niraamay/isro_ros2_try/ros2_try/isro_ws/install/orbslam_pub/share/orbslam_pub/package.zsh'
[10.357s] Level 1:colcon.colcon_core.environment:create_file_with_runtime_dependencies(/home/niraamay/isro_ros2_try/ros2_try/isro_ws/install/orbslam_pub/share/colcon-core/packages/orbslam_pub)
[10.357s] Level 1:colcon.colcon_core.environment:create_environment_scripts_only(orbslam_pub)
[10.357s] Level 1:colcon.colcon_core.environment:checking '/home/niraamay/isro_ros2_try/ros2_try/isro_ws/install/orbslam_pub' for CMake module files
[10.357s] Level 1:colcon.colcon_core.environment:checking '/home/niraamay/isro_ros2_try/ros2_try/isro_ws/install/orbslam_pub' for CMake config files
[10.357s] Level 1:colcon.colcon_core.shell:create_environment_hook('orbslam_pub', 'cmake_prefix_path')
[10.358s] INFO:colcon.colcon_core.shell:Creating environment hook '/home/niraamay/isro_ros2_try/ros2_try/isro_ws/install/orbslam_pub/share/orbslam_pub/hook/cmake_prefix_path.ps1'
[10.358s] INFO:colcon.colcon_core.shell:Creating environment descriptor '/home/niraamay/isro_ros2_try/ros2_try/isro_ws/install/orbslam_pub/share/orbslam_pub/hook/cmake_prefix_path.dsv'
[10.358s] INFO:colcon.colcon_core.shell:Creating environment hook '/home/niraamay/isro_ros2_try/ros2_try/isro_ws/install/orbslam_pub/share/orbslam_pub/hook/cmake_prefix_path.sh'
[10.358s] Level 1:colcon.colcon_core.environment:checking '/home/niraamay/isro_ros2_try/ros2_try/isro_ws/install/orbslam_pub/lib'
[10.358s] Level 1:colcon.colcon_core.environment:checking '/home/niraamay/isro_ros2_try/ros2_try/isro_ws/install/orbslam_pub/bin'
[10.358s] Level 1:colcon.colcon_core.environment:checking '/home/niraamay/isro_ros2_try/ros2_try/isro_ws/install/orbslam_pub/lib/pkgconfig/orbslam_pub.pc'
[10.358s] Level 1:colcon.colcon_core.environment:checking '/home/niraamay/isro_ros2_try/ros2_try/isro_ws/install/orbslam_pub/lib/python3.10/site-packages'
[10.358s] Level 1:colcon.colcon_core.environment:checking '/home/niraamay/isro_ros2_try/ros2_try/isro_ws/install/orbslam_pub/bin'
[10.359s] INFO:colcon.colcon_core.shell:Creating package script '/home/niraamay/isro_ros2_try/ros2_try/isro_ws/install/orbslam_pub/share/orbslam_pub/package.ps1'
[10.359s] INFO:colcon.colcon_core.shell:Creating package descriptor '/home/niraamay/isro_ros2_try/ros2_try/isro_ws/install/orbslam_pub/share/orbslam_pub/package.dsv'
[10.359s] INFO:colcon.colcon_core.shell:Creating package script '/home/niraamay/isro_ros2_try/ros2_try/isro_ws/install/orbslam_pub/share/orbslam_pub/package.sh'
[10.359s] INFO:colcon.colcon_core.shell:Creating package script '/home/niraamay/isro_ros2_try/ros2_try/isro_ws/install/orbslam_pub/share/orbslam_pub/package.bash'
[10.359s] INFO:colcon.colcon_core.shell:Creating package script '/home/niraamay/isro_ros2_try/ros2_try/isro_ws/install/orbslam_pub/share/orbslam_pub/package.zsh'
[10.359s] Level 1:colcon.colcon_core.environment:create_file_with_runtime_dependencies(/home/niraamay/isro_ros2_try/ros2_try/isro_ws/install/orbslam_pub/share/colcon-core/packages/orbslam_pub)
[10.360s] DEBUG:colcon.colcon_parallel_executor.executor.parallel:closing loop
[10.360s] DEBUG:colcon.colcon_parallel_executor.executor.parallel:loop closed
[10.360s] DEBUG:colcon.colcon_parallel_executor.executor.parallel:run_until_complete finished with '0'
[10.360s] DEBUG:colcon.colcon_core.event_reactor:joining thread
[10.364s] INFO:colcon.colcon_core.plugin_system:Skipping extension 'colcon_notification.desktop_notification.terminal_notifier': Not used on non-Darwin systems
[10.364s] INFO:colcon.colcon_core.plugin_system:Skipping extension 'colcon_notification.desktop_notification.win32': Not used on non-Windows systems
[10.364s] INFO:colcon.colcon_notification.desktop_notification:Sending desktop notification using 'notify2'
[10.366s] DEBUG:colcon.colcon_core.event_reactor:joined thread
[10.367s] INFO:colcon.colcon_core.shell:Creating prefix script '/home/niraamay/isro_ros2_try/ros2_try/isro_ws/install/local_setup.ps1'
[10.367s] INFO:colcon.colcon_core.shell:Creating prefix util module '/home/niraamay/isro_ros2_try/ros2_try/isro_ws/install/_local_setup_util_ps1.py'
[10.368s] INFO:colcon.colcon_core.shell:Creating prefix chain script '/home/niraamay/isro_ros2_try/ros2_try/isro_ws/install/setup.ps1'
[10.368s] INFO:colcon.colcon_core.shell:Creating prefix script '/home/niraamay/isro_ros2_try/ros2_try/isro_ws/install/local_setup.sh'
[10.369s] INFO:colcon.colcon_core.shell:Creating prefix util module '/home/niraamay/isro_ros2_try/ros2_try/isro_ws/install/_local_setup_util_sh.py'
[10.369s] INFO:colcon.colcon_core.shell:Creating prefix chain script '/home/niraamay/isro_ros2_try/ros2_try/isro_ws/install/setup.sh'
[10.370s] INFO:colcon.colcon_core.shell:Creating prefix script '/home/niraamay/isro_ros2_try/ros2_try/isro_ws/install/local_setup.bash'
[10.370s] INFO:colcon.colcon_core.shell:Creating prefix chain script '/home/niraamay/isro_ros2_try/ros2_try/isro_ws/install/setup.bash'
[10.371s] INFO:colcon.colcon_core.shell:Creating prefix script '/home/niraamay/isro_ros2_try/ros2_try/isro_ws/install/local_setup.zsh'
[10.371s] INFO:colcon.colcon_core.shell:Creating prefix chain script '/home/niraamay/isro_ros2_try/ros2_try/isro_ws/install/setup.zsh'
