[0.609s] Invoking command in '/home/niraamay/isro/ros2_try/isro_ws/src/camera_pub': PYTHONPATH=/home/niraamay/isro/ros2_try/isro_ws/build/camera_pub/prefix_override:/usr/lib/python3/dist-packages/colcon_core/task/python/colcon_distutils_commands:/home/niraamay/isro/ros2_try/isro_ws/install/camera_pub/lib/python3.10/site-packages:${PYTHONPATH} /usr/bin/python3 -W ignore:setup.py install is deprecated -W ignore:easy_install command is deprecated setup.py egg_info --egg-base ../../build/camera_pub build --build-base /home/niraamay/isro/ros2_try/isro_ws/build/camera_pub/build install --record /home/niraamay/isro/ros2_try/isro_ws/build/camera_pub/install.log --single-version-externally-managed install_data
[0.856s] running egg_info
[0.857s] creating ../../build/camera_pub/camera_pub.egg-info
[0.857s] writing ../../build/camera_pub/camera_pub.egg-info/PKG-INFO
[0.857s] writing dependency_links to ../../build/camera_pub/camera_pub.egg-info/dependency_links.txt
[0.857s] writing entry points to ../../build/camera_pub/camera_pub.egg-info/entry_points.txt
[0.857s] writing requirements to ../../build/camera_pub/camera_pub.egg-info/requires.txt
[0.857s] writing top-level names to ../../build/camera_pub/camera_pub.egg-info/top_level.txt
[0.857s] writing manifest file '../../build/camera_pub/camera_pub.egg-info/SOURCES.txt'
[0.859s] reading manifest file '../../build/camera_pub/camera_pub.egg-info/SOURCES.txt'
[0.859s] adding license file 'LICENSE'
[0.860s] writing manifest file '../../build/camera_pub/camera_pub.egg-info/SOURCES.txt'
[0.860s] running build
[0.860s] running build_py
[0.860s] creating /home/niraamay/isro/ros2_try/isro_ws/build/camera_pub/build
[0.860s] creating /home/niraamay/isro/ros2_try/isro_ws/build/camera_pub/build/lib
[0.860s] creating /home/niraamay/isro/ros2_try/isro_ws/build/camera_pub/build/lib/camera_pub
[0.860s] copying camera_pub/__init__.py -> /home/niraamay/isro/ros2_try/isro_ws/build/camera_pub/build/lib/camera_pub
[0.860s] copying camera_pub/camera_pub.py -> /home/niraamay/isro/ros2_try/isro_ws/build/camera_pub/build/lib/camera_pub
[0.869s] running install
[0.869s] running install_lib
[0.870s] creating /home/niraamay/isro/ros2_try/isro_ws/install/camera_pub/lib/python3.10/site-packages/camera_pub
[0.870s] copying /home/niraamay/isro/ros2_try/isro_ws/build/camera_pub/build/lib/camera_pub/__init__.py -> /home/niraamay/isro/ros2_try/isro_ws/install/camera_pub/lib/python3.10/site-packages/camera_pub
[0.870s] copying /home/niraamay/isro/ros2_try/isro_ws/build/camera_pub/build/lib/camera_pub/camera_pub.py -> /home/niraamay/isro/ros2_try/isro_ws/install/camera_pub/lib/python3.10/site-packages/camera_pub
[0.871s] byte-compiling /home/niraamay/isro/ros2_try/isro_ws/install/camera_pub/lib/python3.10/site-packages/camera_pub/__init__.py to __init__.cpython-310.pyc
[0.871s] byte-compiling /home/niraamay/isro/ros2_try/isro_ws/install/camera_pub/lib/python3.10/site-packages/camera_pub/camera_pub.py to camera_pub.cpython-310.pyc
[0.871s] running install_data
[0.871s] creating /home/niraamay/isro/ros2_try/isro_ws/install/camera_pub/share/ament_index
[0.871s] creating /home/niraamay/isro/ros2_try/isro_ws/install/camera_pub/share/ament_index/resource_index
[0.872s] creating /home/niraamay/isro/ros2_try/isro_ws/install/camera_pub/share/ament_index/resource_index/packages
[0.872s] copying resource/camera_pub -> /home/niraamay/isro/ros2_try/isro_ws/install/camera_pub/share/ament_index/resource_index/packages
[0.872s] copying package.xml -> /home/niraamay/isro/ros2_try/isro_ws/install/camera_pub/share/camera_pub
[0.872s] running install_egg_info
[0.873s] Copying ../../build/camera_pub/camera_pub.egg-info to /home/niraamay/isro/ros2_try/isro_ws/install/camera_pub/lib/python3.10/site-packages/camera_pub-0.0.0-py3.10.egg-info
[0.874s] running install_scripts
[0.896s] Installing camera script to /home/niraamay/isro/ros2_try/isro_ws/install/camera_pub/lib/camera_pub
[0.896s] writing list of installed files to '/home/niraamay/isro/ros2_try/isro_ws/build/camera_pub/install.log'
[0.921s] Invoked command in '/home/niraamay/isro/ros2_try/isro_ws/src/camera_pub' returned '0': PYTHONPATH=/home/niraamay/isro/ros2_try/isro_ws/build/camera_pub/prefix_override:/usr/lib/python3/dist-packages/colcon_core/task/python/colcon_distutils_commands:/home/niraamay/isro/ros2_try/isro_ws/install/camera_pub/lib/python3.10/site-packages:${PYTHONPATH} /usr/bin/python3 -W ignore:setup.py install is deprecated -W ignore:easy_install command is deprecated setup.py egg_info --egg-base ../../build/camera_pub build --build-base /home/niraamay/isro/ros2_try/isro_ws/build/camera_pub/build install --record /home/niraamay/isro/ros2_try/isro_ws/build/camera_pub/install.log --single-version-externally-managed install_data
