[0.013s] Invoking command in '/home/niraamay/isro_ros2_try/ros_ws/build/mavros_extras': AMENT_PREFIX_PATH=/home/niraamay/isro_ros2_try/ros_ws/install/mavros:/home/niraamay/isro_ros2_try/ros_ws/install/libmavconn:/home/niraamay/isro_ros2_try/ros_ws/install/mavros_msgs:${AMENT_PREFIX_PATH} CMAKE_PREFIX_PATH=/home/niraamay/isro_ros2_try/ros_ws/install/mavros:/home/niraamay/isro_ros2_try/ros_ws/install/libmavconn:/home/niraamay/isro_ros2_try/ros_ws/install/mavros_msgs:/home/niraamay/isro_ros2_try/ros_ws/install/mavlink:/home/niraamay/isro_ros2_try/ros_ws/install/orbslam_pub:/home/niraamay/isro_ros2_try/ros_ws/install/camera_feed_pub:/home/niraamay/isro_ros2_try/ros_ws/install/camera_pub:/opt/ros/humble LD_LIBRARY_PATH=/home/niraamay/isro_ros2_try/ros_ws/install/mavros/lib:/home/niraamay/isro_ros2_try/ros_ws/install/libmavconn/lib:/home/niraamay/isro_ros2_try/ros_ws/install/mavros_msgs/lib:${LD_LIBRARY_PATH} PKG_CONFIG_PATH=/home/niraamay/isro_ros2_try/ros_ws/install/mavlink/lib/x86_64-linux-gnu/pkgconfig:/home/niraamay/isro_ros2_try/ros_ws/install/mavlink/lib/pkgconfig PS1=\[\033[1;32m\]\u@\h\[\033[0m\]:\[\033[1;34m\]\w\[\033[1;33m\]$(parse_git_branch)\[\033[0m\]$ PYTHONPATH=/home/niraamay/isro_ros2_try/ros_ws/install/mavros/local/lib/python3.10/dist-packages:/home/niraamay/isro_ros2_try/ros_ws/install/mavros_msgs/local/lib/python3.10/dist-packages:${PYTHONPATH} /usr/bin/cmake /home/niraamay/isro_ros2_try/ros_ws/src/mavros/mavros_extras -DCMAKE_INSTALL_PREFIX=/home/niraamay/isro_ros2_try/ros_ws/install/mavros_extras
[0.061s] -- The C compiler identification is GNU 11.4.0
[0.095s] -- The CXX compiler identification is GNU 11.4.0
[0.101s] -- Detecting C compiler ABI info
[0.140s] -- Detecting C compiler ABI info - done
[0.144s] -- Check for working C compiler: /usr/bin/cc - skipped
[0.144s] -- Detecting C compile features
[0.145s] -- Detecting C compile features - done
[0.147s] -- Detecting CXX compiler ABI info
[0.191s] -- Detecting CXX compiler ABI info - done
[0.196s] -- Check for working CXX compiler: /usr/bin/c++ - skipped
[0.196s] -- Detecting CXX compile features
[0.196s] -- Detecting CXX compile features - done
[0.202s] -- Found ament_cmake: 1.3.11 (/opt/ros/humble/share/ament_cmake/cmake)
[0.309s] -- Found Python3: /usr/bin/python3 (found version "3.10.12") found components: Interpreter 
[0.383s] -- Found rclcpp: 16.0.11 (/opt/ros/humble/share/rclcpp/cmake)
[0.422s] -- Found rosidl_generator_c: 3.1.6 (/opt/ros/humble/share/rosidl_generator_c/cmake)
[0.427s] -- Found rosidl_adapter: 3.1.6 (/opt/ros/humble/share/rosidl_adapter/cmake)
[0.434s] -- Found rosidl_generator_cpp: 3.1.6 (/opt/ros/humble/share/rosidl_generator_cpp/cmake)
[0.447s] -- Using all available rosidl_typesupport_c: rosidl_typesupport_fastrtps_c;rosidl_typesupport_introspection_c
[0.460s] -- Using all available rosidl_typesupport_cpp: rosidl_typesupport_fastrtps_cpp;rosidl_typesupport_introspection_cpp
[0.499s] -- Found rmw_implementation_cmake: 6.1.2 (/opt/ros/humble/share/rmw_implementation_cmake/cmake)
[0.502s] -- Found rmw_fastrtps_cpp: 6.2.7 (/opt/ros/humble/share/rmw_fastrtps_cpp/cmake)
[0.558s] -- Found OpenSSL: /usr/lib/x86_64-linux-gnu/libcrypto.so (found version "3.0.2")  
[0.576s] -- Found FastRTPS: /opt/ros/humble/include  
[0.604s] -- Using RMW implementation 'rmw_fastrtps_cpp' as default
[0.611s] -- Looking for pthread.h
[0.651s] -- Looking for pthread.h - found
[0.652s] -- Performing Test CMAKE_HAVE_LIBC_PTHREAD
[0.695s] -- Performing Test CMAKE_HAVE_LIBC_PTHREAD - Success
[0.695s] -- Found Threads: TRUE  
[0.735s] -- Found rclcpp_components: 16.0.11 (/opt/ros/humble/share/rclcpp_components/cmake)
[0.759s] -- Found pluginlib: 5.1.0 (/opt/ros/humble/share/pluginlib/cmake)
[0.771s] -- Found message_filters: 4.3.5 (/opt/ros/humble/share/message_filters/cmake)
[0.774s] -- Found mavros: 2.10.0 (/home/niraamay/isro_ros2_try/ros_ws/install/mavros/share/mavros/cmake)
[0.783s] -- Found libmavconn: 2.10.0 (/home/niraamay/isro_ros2_try/ros_ws/install/libmavconn/share/libmavconn/cmake)
[0.785s] -- Found Eigen3: TRUE (found version "3.4.0") 
[0.787s] -- Found yaml_cpp_vendor: 8.0.2 (/opt/ros/humble/share/yaml_cpp_vendor/cmake)
[0.791s] -- Found GeographicLib: /usr/lib/x86_64-linux-gnu  
[0.792s] -- Found angles: 1.15.0 (/opt/ros/humble/share/angles/cmake)
[0.794s] -- Found eigen_stl_containers: 1.1.0 (/opt/ros/humble/share/eigen_stl_containers/cmake)
[0.797s] -- Found tf2_eigen: 0.25.12 (/opt/ros/humble/share/tf2_eigen/cmake)
[0.873s] -- Found urdf: 2.6.1 (/opt/ros/humble/share/urdf/cmake)
[0.882s] -- Found diagnostic_msgs: 4.2.4 (/opt/ros/humble/share/diagnostic_msgs/cmake)
[0.893s] -- Found diagnostic_updater: 4.0.4 (/opt/ros/humble/share/diagnostic_updater/cmake)
[0.899s] -- Found geographic_msgs: 1.0.6 (/opt/ros/humble/share/geographic_msgs/cmake)
[0.914s] -- Found mavros_msgs: 2.10.0 (/home/niraamay/isro_ros2_try/ros_ws/install/mavros_msgs/share/mavros_msgs/cmake)
[0.948s] -- Found nav_msgs: 4.2.4 (/opt/ros/humble/share/nav_msgs/cmake)
[0.963s] -- Found std_srvs: 4.2.4 (/opt/ros/humble/share/std_srvs/cmake)
[0.973s] -- Found trajectory_msgs: 4.2.4 (/opt/ros/humble/share/trajectory_msgs/cmake)
[0.988s] -- Found visualization_msgs: 4.2.4 (/opt/ros/humble/share/visualization_msgs/cmake)
[1.013s] -- Found ament_cmake_gtest: 1.3.11 (/opt/ros/humble/share/ament_cmake_gtest/cmake)
[1.015s] -- Found ament_cmake_gmock: 1.3.11 (/opt/ros/humble/share/ament_cmake_gmock/cmake)
[1.017s] -- Found ament_lint_auto: 0.12.11 (/opt/ros/humble/share/ament_lint_auto/cmake)
[1.097s] -- Added test 'cppcheck' to perform static code analysis on C / C++ code
[1.097s] -- Configured cppcheck include dirs: $<BUILD_INTERFACE:/home/niraamay/isro_ros2_try/ros_ws/src/mavros/mavros_extras/include>
[1.097s] -- Configured cppcheck exclude dirs and/or files: 
[1.098s] -- Added test 'cpplint' to check C / C++ code against the Google style
[1.098s] -- Configured cpplint exclude dirs and/or files: 
[1.099s] -- Added test 'lint_cmake' to check CMake code style
[1.100s] -- Added test 'uncrustify' to check C / C++ code style
[1.100s] -- Configured uncrustify additional arguments: 
[1.101s] -- Added test 'xmllint' to check XML markup files
[1.103s] -- Configuring done
[1.125s] -- Generating done
[1.131s] -- Build files have been written to: /home/niraamay/isro_ros2_try/ros_ws/build/mavros_extras
[1.140s] Invoked command in '/home/niraamay/isro_ros2_try/ros_ws/build/mavros_extras' returned '0': AMENT_PREFIX_PATH=/home/niraamay/isro_ros2_try/ros_ws/install/mavros:/home/niraamay/isro_ros2_try/ros_ws/install/libmavconn:/home/niraamay/isro_ros2_try/ros_ws/install/mavros_msgs:${AMENT_PREFIX_PATH} CMAKE_PREFIX_PATH=/home/niraamay/isro_ros2_try/ros_ws/install/mavros:/home/niraamay/isro_ros2_try/ros_ws/install/libmavconn:/home/niraamay/isro_ros2_try/ros_ws/install/mavros_msgs:/home/niraamay/isro_ros2_try/ros_ws/install/mavlink:/home/niraamay/isro_ros2_try/ros_ws/install/orbslam_pub:/home/niraamay/isro_ros2_try/ros_ws/install/camera_feed_pub:/home/niraamay/isro_ros2_try/ros_ws/install/camera_pub:/opt/ros/humble LD_LIBRARY_PATH=/home/niraamay/isro_ros2_try/ros_ws/install/mavros/lib:/home/niraamay/isro_ros2_try/ros_ws/install/libmavconn/lib:/home/niraamay/isro_ros2_try/ros_ws/install/mavros_msgs/lib:${LD_LIBRARY_PATH} PKG_CONFIG_PATH=/home/niraamay/isro_ros2_try/ros_ws/install/mavlink/lib/x86_64-linux-gnu/pkgconfig:/home/niraamay/isro_ros2_try/ros_ws/install/mavlink/lib/pkgconfig PS1=\[\033[1;32m\]\u@\h\[\033[0m\]:\[\033[1;34m\]\w\[\033[1;33m\]$(parse_git_branch)\[\033[0m\]$ PYTHONPATH=/home/niraamay/isro_ros2_try/ros_ws/install/mavros/local/lib/python3.10/dist-packages:/home/niraamay/isro_ros2_try/ros_ws/install/mavros_msgs/local/lib/python3.10/dist-packages:${PYTHONPATH} /usr/bin/cmake /home/niraamay/isro_ros2_try/ros_ws/src/mavros/mavros_extras -DCMAKE_INSTALL_PREFIX=/home/niraamay/isro_ros2_try/ros_ws/install/mavros_extras
[1.142s] Invoking command in '/home/niraamay/isro_ros2_try/ros_ws/build/mavros_extras': AMENT_PREFIX_PATH=/home/niraamay/isro_ros2_try/ros_ws/install/mavros:/home/niraamay/isro_ros2_try/ros_ws/install/libmavconn:/home/niraamay/isro_ros2_try/ros_ws/install/mavros_msgs:${AMENT_PREFIX_PATH} CMAKE_PREFIX_PATH=/home/niraamay/isro_ros2_try/ros_ws/install/mavros:/home/niraamay/isro_ros2_try/ros_ws/install/libmavconn:/home/niraamay/isro_ros2_try/ros_ws/install/mavros_msgs:/home/niraamay/isro_ros2_try/ros_ws/install/mavlink:/home/niraamay/isro_ros2_try/ros_ws/install/orbslam_pub:/home/niraamay/isro_ros2_try/ros_ws/install/camera_feed_pub:/home/niraamay/isro_ros2_try/ros_ws/install/camera_pub:/opt/ros/humble LD_LIBRARY_PATH=/home/niraamay/isro_ros2_try/ros_ws/install/mavros/lib:/home/niraamay/isro_ros2_try/ros_ws/install/libmavconn/lib:/home/niraamay/isro_ros2_try/ros_ws/install/mavros_msgs/lib:${LD_LIBRARY_PATH} PKG_CONFIG_PATH=/home/niraamay/isro_ros2_try/ros_ws/install/mavlink/lib/x86_64-linux-gnu/pkgconfig:/home/niraamay/isro_ros2_try/ros_ws/install/mavlink/lib/pkgconfig PS1=\[\033[1;32m\]\u@\h\[\033[0m\]:\[\033[1;34m\]\w\[\033[1;33m\]$(parse_git_branch)\[\033[0m\]$ PYTHONPATH=/home/niraamay/isro_ros2_try/ros_ws/install/mavros/local/lib/python3.10/dist-packages:/home/niraamay/isro_ros2_try/ros_ws/install/mavros_msgs/local/lib/python3.10/dist-packages:${PYTHONPATH} /usr/bin/cmake --build /home/niraamay/isro_ros2_try/ros_ws/build/mavros_extras -- -j16 -l16
[1.172s] [  6%] [32mBuilding CXX object CMakeFiles/servo_state_publisher.dir/rclcpp_components/node_main_servo_state_publisher.cpp.o[0m
[1.173s] [  6%] [32mBuilding CXX object CMakeFiles/mavros_extras.dir/src/lib/servo_state_publisher.cpp.o[0m
[1.173s] [  6%] [32mBuilding CXX object CMakeFiles/mavros_extras_plugins.dir/src/plugins/adsb.cpp.o[0m
[1.173s] [ 11%] [32mBuilding CXX object CMakeFiles/mavros_extras_plugins.dir/src/plugins/3dr_radio.cpp.o[0m
[1.173s] [ 11%] [32mBuilding CXX object CMakeFiles/mavros_extras_plugins.dir/src/plugins/esc_status.cpp.o[0m
[1.173s] [ 13%] [32mBuilding CXX object CMakeFiles/mavros_extras_plugins.dir/src/plugins/camera.cpp.o[0m
[1.173s] [ 18%] [32mBuilding CXX object CMakeFiles/mavros_extras_plugins.dir/src/plugins/cam_imu_sync.cpp.o[0m
[1.173s] [ 18%] [32mBuilding CXX object CMakeFiles/mavros_extras_plugins.dir/src/plugins/distance_sensor.cpp.o[0m
[1.173s] [ 20%] [32mBuilding CXX object CMakeFiles/mavros_extras_plugins.dir/src/plugins/fake_gps.cpp.o[0m
[1.173s] [ 25%] [32mBuilding CXX object CMakeFiles/mavros_extras_plugins.dir/src/plugins/debug_value.cpp.o[0m
[1.173s] [ 25%] [32mBuilding CXX object CMakeFiles/mavros_extras_plugins.dir/src/plugins/cellular_status.cpp.o[0m
[1.174s] [ 27%] [32mBuilding CXX object CMakeFiles/mavros_extras_plugins.dir/src/plugins/gimbal_control.cpp.o[0m
[1.174s] [ 30%] [32mBuilding CXX object CMakeFiles/mavros_extras_plugins.dir/src/plugins/companion_process_status.cpp.o[0m
[1.174s] [ 32%] [32mBuilding CXX object CMakeFiles/mavros_extras_plugins.dir/src/plugins/esc_telemetry.cpp.o[0m
[1.181s] [ 34%] [32mBuilding CXX object CMakeFiles/mavros_extras_plugins.dir/src/plugins/gps_input.cpp.o[0m
[2.198s] [ 37%] [32mBuilding CXX object CMakeFiles/mavros_extras_plugins.dir/src/plugins/gps_rtk.cpp.o[0m
[7.832s] [ 39%] [32m[1mLinking CXX executable servo_state_publisher[0m
[8.127s] [ 39%] Built target servo_state_publisher
[8.139s] [ 41%] [32mBuilding CXX object CMakeFiles/mavros_extras_plugins.dir/src/plugins/gps_status.cpp.o[0m
[19.973s] [ 44%] [32mBuilding CXX object CMakeFiles/mavros_extras_plugins.dir/src/plugins/guided_target.cpp.o[0m
[21.799s] [ 46%] [32mBuilding CXX object CMakeFiles/mavros_extras_plugins.dir/src/plugins/hil.cpp.o[0m
[21.887s] [ 48%] [32mBuilding CXX object CMakeFiles/mavros_extras_plugins.dir/src/plugins/landing_target.cpp.o[0m
[27.776s] [ 51%] [32m[1mLinking CXX shared library libmavros_extras.so[0m
[30.390s] [ 51%] Built target mavros_extras
[37.524s] [ 53%] [32mBuilding CXX object CMakeFiles/mavros_extras_plugins.dir/src/plugins/play_tune.cpp.o[0m
[37.525s] [ 55%] [32mBuilding CXX object CMakeFiles/mavros_extras_plugins.dir/src/plugins/px4flow.cpp.o[0m
[38.542s] [ 58%] [32mBuilding CXX object CMakeFiles/mavros_extras_plugins.dir/src/plugins/optical_flow.cpp.o[0m
[39.554s] [ 60%] [32mBuilding CXX object CMakeFiles/mavros_extras_plugins.dir/src/plugins/open_drone_id.cpp.o[0m
[39.708s] [ 62%] [32mBuilding CXX object CMakeFiles/mavros_extras_plugins.dir/src/plugins/onboard_computer_status.cpp.o[0m
[40.719s] [ 65%] [32mBuilding CXX object CMakeFiles/mavros_extras_plugins.dir/src/plugins/rangefinder.cpp.o[0m
[41.730s] [ 67%] [32mBuilding CXX object CMakeFiles/mavros_extras_plugins.dir/src/plugins/odom.cpp.o[0m
[42.531s] [ 69%] [32mBuilding CXX object CMakeFiles/mavros_extras_plugins.dir/src/plugins/mount_control.cpp.o[0m
[42.532s] [ 72%] [32mBuilding CXX object CMakeFiles/mavros_extras_plugins.dir/src/plugins/mocap_pose_estimate.cpp.o[0m
[42.534s] [ 74%] [32mBuilding CXX object CMakeFiles/mavros_extras_plugins.dir/src/plugins/obstacle_distance.cpp.o[0m
[42.680s] [ 76%] [32mBuilding CXX object CMakeFiles/mavros_extras_plugins.dir/src/plugins/terrain.cpp.o[0m
[43.694s] [ 79%] [32mBuilding CXX object CMakeFiles/mavros_extras_plugins.dir/src/plugins/trajectory.cpp.o[0m
[43.695s] [ 81%] [32mBuilding CXX object CMakeFiles/mavros_extras_plugins.dir/src/plugins/mag_calibration_status.cpp.o[0m
[44.708s] [ 83%] [32mBuilding CXX object CMakeFiles/mavros_extras_plugins.dir/src/plugins/log_transfer.cpp.o[0m
[57.213s] [ 86%] [32mBuilding CXX object CMakeFiles/mavros_extras_plugins.dir/src/plugins/tunnel.cpp.o[0m
[539.543s] [ 88%] [32mBuilding CXX object CMakeFiles/mavros_extras_plugins.dir/src/plugins/wheel_odometry.cpp.o[0m
[549.538s] [ 90%] [32mBuilding CXX object CMakeFiles/mavros_extras_plugins.dir/src/plugins/vision_speed_estimate.cpp.o[0m
[561.877s] [ 93%] [32mBuilding CXX object CMakeFiles/mavros_extras_plugins.dir/src/plugins/vision_pose_estimate.cpp.o[0m
[574.050s] [ 95%] [32mBuilding CXX object CMakeFiles/mavros_extras_plugins.dir/src/plugins/vibration.cpp.o[0m
[580.708s] [ 97%] [32mBuilding CXX object CMakeFiles/mavros_extras_plugins.dir/src/plugins/vfr_hud.cpp.o[0m
[587.172s] [100%] [32m[1mLinking CXX shared library libmavros_extras_plugins.so[0m
[601.193s] [100%] Built target mavros_extras_plugins
[601.205s] Invoked command in '/home/niraamay/isro_ros2_try/ros_ws/build/mavros_extras' returned '0': AMENT_PREFIX_PATH=/home/niraamay/isro_ros2_try/ros_ws/install/mavros:/home/niraamay/isro_ros2_try/ros_ws/install/libmavconn:/home/niraamay/isro_ros2_try/ros_ws/install/mavros_msgs:${AMENT_PREFIX_PATH} CMAKE_PREFIX_PATH=/home/niraamay/isro_ros2_try/ros_ws/install/mavros:/home/niraamay/isro_ros2_try/ros_ws/install/libmavconn:/home/niraamay/isro_ros2_try/ros_ws/install/mavros_msgs:/home/niraamay/isro_ros2_try/ros_ws/install/mavlink:/home/niraamay/isro_ros2_try/ros_ws/install/orbslam_pub:/home/niraamay/isro_ros2_try/ros_ws/install/camera_feed_pub:/home/niraamay/isro_ros2_try/ros_ws/install/camera_pub:/opt/ros/humble LD_LIBRARY_PATH=/home/niraamay/isro_ros2_try/ros_ws/install/mavros/lib:/home/niraamay/isro_ros2_try/ros_ws/install/libmavconn/lib:/home/niraamay/isro_ros2_try/ros_ws/install/mavros_msgs/lib:${LD_LIBRARY_PATH} PKG_CONFIG_PATH=/home/niraamay/isro_ros2_try/ros_ws/install/mavlink/lib/x86_64-linux-gnu/pkgconfig:/home/niraamay/isro_ros2_try/ros_ws/install/mavlink/lib/pkgconfig PS1=\[\033[1;32m\]\u@\h\[\033[0m\]:\[\033[1;34m\]\w\[\033[1;33m\]$(parse_git_branch)\[\033[0m\]$ PYTHONPATH=/home/niraamay/isro_ros2_try/ros_ws/install/mavros/local/lib/python3.10/dist-packages:/home/niraamay/isro_ros2_try/ros_ws/install/mavros_msgs/local/lib/python3.10/dist-packages:${PYTHONPATH} /usr/bin/cmake --build /home/niraamay/isro_ros2_try/ros_ws/build/mavros_extras -- -j16 -l16
[601.207s] Invoking command in '/home/niraamay/isro_ros2_try/ros_ws/build/mavros_extras': AMENT_PREFIX_PATH=/home/niraamay/isro_ros2_try/ros_ws/install/mavros:/home/niraamay/isro_ros2_try/ros_ws/install/libmavconn:/home/niraamay/isro_ros2_try/ros_ws/install/mavros_msgs:${AMENT_PREFIX_PATH} CMAKE_PREFIX_PATH=/home/niraamay/isro_ros2_try/ros_ws/install/mavros:/home/niraamay/isro_ros2_try/ros_ws/install/libmavconn:/home/niraamay/isro_ros2_try/ros_ws/install/mavros_msgs:/home/niraamay/isro_ros2_try/ros_ws/install/mavlink:/home/niraamay/isro_ros2_try/ros_ws/install/orbslam_pub:/home/niraamay/isro_ros2_try/ros_ws/install/camera_feed_pub:/home/niraamay/isro_ros2_try/ros_ws/install/camera_pub:/opt/ros/humble LD_LIBRARY_PATH=/home/niraamay/isro_ros2_try/ros_ws/install/mavros/lib:/home/niraamay/isro_ros2_try/ros_ws/install/libmavconn/lib:/home/niraamay/isro_ros2_try/ros_ws/install/mavros_msgs/lib:${LD_LIBRARY_PATH} PKG_CONFIG_PATH=/home/niraamay/isro_ros2_try/ros_ws/install/mavlink/lib/x86_64-linux-gnu/pkgconfig:/home/niraamay/isro_ros2_try/ros_ws/install/mavlink/lib/pkgconfig PS1=\[\033[1;32m\]\u@\h\[\033[0m\]:\[\033[1;34m\]\w\[\033[1;33m\]$(parse_git_branch)\[\033[0m\]$ PYTHONPATH=/home/niraamay/isro_ros2_try/ros_ws/install/mavros/local/lib/python3.10/dist-packages:/home/niraamay/isro_ros2_try/ros_ws/install/mavros_msgs/local/lib/python3.10/dist-packages:${PYTHONPATH} /usr/bin/cmake --install /home/niraamay/isro_ros2_try/ros_ws/build/mavros_extras
[601.214s] -- Install configuration: ""
[601.214s] -- Installing: /home/niraamay/isro_ros2_try/ros_ws/install/mavros_extras/share/mavros_extras/mavros_plugins.xml
[601.215s] -- Installing: /home/niraamay/isro_ros2_try/ros_ws/install/mavros_extras/lib/mavros_extras/servo_state_publisher
[601.216s] -- Set runtime path of "/home/niraamay/isro_ros2_try/ros_ws/install/mavros_extras/lib/mavros_extras/servo_state_publisher" to ""
[601.216s] -- Installing: /home/niraamay/isro_ros2_try/ros_ws/install/mavros_extras/lib/libmavros_extras.so
[601.226s] -- Set runtime path of "/home/niraamay/isro_ros2_try/ros_ws/install/mavros_extras/lib/libmavros_extras.so" to ""
[601.226s] -- Installing: /home/niraamay/isro_ros2_try/ros_ws/install/mavros_extras/lib/libmavros_extras_plugins.so
[601.355s] -- Set runtime path of "/home/niraamay/isro_ros2_try/ros_ws/install/mavros_extras/lib/libmavros_extras_plugins.so" to ""
[601.355s] -- Installing: /home/niraamay/isro_ros2_try/ros_ws/install/mavros_extras/include
[601.355s] -- Installing: /home/niraamay/isro_ros2_try/ros_ws/install/mavros_extras/include/mavros_extras
[601.355s] -- Installing: /home/niraamay/isro_ros2_try/ros_ws/install/mavros_extras/include/mavros_extras/servo_state_publisher.hpp
[601.355s] -- Installing: /home/niraamay/isro_ros2_try/ros_ws/install/mavros_extras/share/mavros_extras/launch
[601.355s] -- Installing: /home/niraamay/isro_ros2_try/ros_ws/install/mavros_extras/share/mavros_extras/launch/px4flow_pluginlists.yaml
[601.355s] -- Installing: /home/niraamay/isro_ros2_try/ros_ws/install/mavros_extras/share/mavros_extras/launch/servo_state_publisher.yaml
[601.355s] -- Installing: /home/niraamay/isro_ros2_try/ros_ws/install/mavros_extras/share/mavros_extras/launch/px4flow_config.yaml
[601.356s] -- Installing: /home/niraamay/isro_ros2_try/ros_ws/install/mavros_extras/share/mavros_extras/launch/px4flow.launch
[601.356s] -- Installing: /home/niraamay/isro_ros2_try/ros_ws/install/mavros_extras/share/mavros_extras/environment/library_path.sh
[601.356s] -- Installing: /home/niraamay/isro_ros2_try/ros_ws/install/mavros_extras/share/mavros_extras/environment/library_path.dsv
[601.357s] -- Installing: /home/niraamay/isro_ros2_try/ros_ws/install/mavros_extras/share/ament_index/resource_index/package_run_dependencies/mavros_extras
[601.357s] -- Installing: /home/niraamay/isro_ros2_try/ros_ws/install/mavros_extras/share/ament_index/resource_index/parent_prefix_path/mavros_extras
[601.358s] -- Installing: /home/niraamay/isro_ros2_try/ros_ws/install/mavros_extras/share/mavros_extras/environment/ament_prefix_path.sh
[601.358s] -- Installing: /home/niraamay/isro_ros2_try/ros_ws/install/mavros_extras/share/mavros_extras/environment/ament_prefix_path.dsv
[601.358s] -- Installing: /home/niraamay/isro_ros2_try/ros_ws/install/mavros_extras/share/mavros_extras/environment/path.sh
[601.358s] -- Installing: /home/niraamay/isro_ros2_try/ros_ws/install/mavros_extras/share/mavros_extras/environment/path.dsv
[601.358s] -- Installing: /home/niraamay/isro_ros2_try/ros_ws/install/mavros_extras/share/mavros_extras/local_setup.bash
[601.359s] -- Installing: /home/niraamay/isro_ros2_try/ros_ws/install/mavros_extras/share/mavros_extras/local_setup.sh
[601.359s] -- Installing: /home/niraamay/isro_ros2_try/ros_ws/install/mavros_extras/share/mavros_extras/local_setup.zsh
[601.359s] -- Installing: /home/niraamay/isro_ros2_try/ros_ws/install/mavros_extras/share/mavros_extras/local_setup.dsv
[601.359s] -- Installing: /home/niraamay/isro_ros2_try/ros_ws/install/mavros_extras/share/mavros_extras/package.dsv
[601.359s] -- Installing: /home/niraamay/isro_ros2_try/ros_ws/install/mavros_extras/share/ament_index/resource_index/packages/mavros_extras
[601.359s] -- Installing: /home/niraamay/isro_ros2_try/ros_ws/install/mavros_extras/share/ament_index/resource_index/mavros__pluginlib__plugin/mavros_extras
[601.360s] -- Installing: /home/niraamay/isro_ros2_try/ros_ws/install/mavros_extras/share/ament_index/resource_index/rclcpp_components/mavros_extras
[601.360s] -- Installing: /home/niraamay/isro_ros2_try/ros_ws/install/mavros_extras/share/mavros_extras/cmake/ament_cmake_export_include_directories-extras.cmake
[601.360s] -- Installing: /home/niraamay/isro_ros2_try/ros_ws/install/mavros_extras/share/mavros_extras/cmake/ament_cmake_export_libraries-extras.cmake
[601.360s] -- Installing: /home/niraamay/isro_ros2_try/ros_ws/install/mavros_extras/share/mavros_extras/cmake/ament_cmake_export_dependencies-extras.cmake
[601.361s] -- Installing: /home/niraamay/isro_ros2_try/ros_ws/install/mavros_extras/share/mavros_extras/cmake/mavros_extrasConfig.cmake
[601.361s] -- Installing: /home/niraamay/isro_ros2_try/ros_ws/install/mavros_extras/share/mavros_extras/cmake/mavros_extrasConfig-version.cmake
[601.361s] -- Installing: /home/niraamay/isro_ros2_try/ros_ws/install/mavros_extras/share/mavros_extras/package.xml
[601.364s] Invoked command in '/home/niraamay/isro_ros2_try/ros_ws/build/mavros_extras' returned '0': AMENT_PREFIX_PATH=/home/niraamay/isro_ros2_try/ros_ws/install/mavros:/home/niraamay/isro_ros2_try/ros_ws/install/libmavconn:/home/niraamay/isro_ros2_try/ros_ws/install/mavros_msgs:${AMENT_PREFIX_PATH} CMAKE_PREFIX_PATH=/home/niraamay/isro_ros2_try/ros_ws/install/mavros:/home/niraamay/isro_ros2_try/ros_ws/install/libmavconn:/home/niraamay/isro_ros2_try/ros_ws/install/mavros_msgs:/home/niraamay/isro_ros2_try/ros_ws/install/mavlink:/home/niraamay/isro_ros2_try/ros_ws/install/orbslam_pub:/home/niraamay/isro_ros2_try/ros_ws/install/camera_feed_pub:/home/niraamay/isro_ros2_try/ros_ws/install/camera_pub:/opt/ros/humble LD_LIBRARY_PATH=/home/niraamay/isro_ros2_try/ros_ws/install/mavros/lib:/home/niraamay/isro_ros2_try/ros_ws/install/libmavconn/lib:/home/niraamay/isro_ros2_try/ros_ws/install/mavros_msgs/lib:${LD_LIBRARY_PATH} PKG_CONFIG_PATH=/home/niraamay/isro_ros2_try/ros_ws/install/mavlink/lib/x86_64-linux-gnu/pkgconfig:/home/niraamay/isro_ros2_try/ros_ws/install/mavlink/lib/pkgconfig PS1=\[\033[1;32m\]\u@\h\[\033[0m\]:\[\033[1;34m\]\w\[\033[1;33m\]$(parse_git_branch)\[\033[0m\]$ PYTHONPATH=/home/niraamay/isro_ros2_try/ros_ws/install/mavros/local/lib/python3.10/dist-packages:/home/niraamay/isro_ros2_try/ros_ws/install/mavros_msgs/local/lib/python3.10/dist-packages:${PYTHONPATH} /usr/bin/cmake --install /home/niraamay/isro_ros2_try/ros_ws/build/mavros_extras
