[0.011s] Invoking command in '/home/niraamay/isro_ros2_try/ros_ws/build/camera_feed_pub': CMAKE_PREFIX_PATH=/opt/ros/humble /usr/bin/cmake /home/niraamay/isro_ros2_try/ros_ws/src/camera_feed_pub -DCMAKE_INSTALL_PREFIX=/home/niraamay/isro_ros2_try/ros_ws/install/camera_feed_pub
[0.114s] -- The C compiler identification is GNU 11.4.0
[0.222s] -- The CXX compiler identification is GNU 11.4.0
[0.234s] -- Detecting C compiler ABI info
[0.318s] -- Detecting C compiler ABI info - done
[0.329s] -- Check for working C compiler: /usr/bin/cc - skipped
[0.330s] -- Detecting C compile features
[0.331s] -- Detecting C compile features - done
[0.337s] -- Detecting CXX compiler ABI info
[0.441s] -- Detecting CXX compiler ABI info - done
[0.453s] -- Check for working CXX compiler: /usr/bin/c++ - skipped
[0.454s] -- Detecting CXX compile features
[0.455s] -- Detecting CXX compile features - done
[0.459s] -- Found ament_cmake: 1.3.11 (/opt/ros/humble/share/ament_cmake/cmake)
[0.624s] -- Found Python3: /usr/bin/python3 (found version "3.10.12") found components: Interpreter 
[0.741s] -- Found rclcpp: 16.0.11 (/opt/ros/humble/share/rclcpp/cmake)
[0.799s] -- Found rosidl_generator_c: 3.1.6 (/opt/ros/humble/share/rosidl_generator_c/cmake)
[0.805s] -- Found rosidl_adapter: 3.1.6 (/opt/ros/humble/share/rosidl_adapter/cmake)
[0.815s] -- Found rosidl_generator_cpp: 3.1.6 (/opt/ros/humble/share/rosidl_generator_cpp/cmake)
[0.837s] -- Using all available rosidl_typesupport_c: rosidl_typesupport_fastrtps_c;rosidl_typesupport_introspection_c
[0.869s] -- Using all available rosidl_typesupport_cpp: rosidl_typesupport_fastrtps_cpp;rosidl_typesupport_introspection_cpp
[0.924s] -- Found rmw_implementation_cmake: 6.1.2 (/opt/ros/humble/share/rmw_implementation_cmake/cmake)
[0.927s] -- Found rmw_fastrtps_cpp: 6.2.7 (/opt/ros/humble/share/rmw_fastrtps_cpp/cmake)
[1.022s] -- Found OpenSSL: /usr/lib/x86_64-linux-gnu/libcrypto.so (found version "3.0.2")  
[1.067s] -- Found FastRTPS: /opt/ros/humble/include  
[1.118s] -- Using RMW implementation 'rmw_fastrtps_cpp' as default
[1.127s] -- Looking for pthread.h
[1.215s] -- Looking for pthread.h - found
[1.216s] -- Performing Test CMAKE_HAVE_LIBC_PTHREAD
[1.308s] -- Performing Test CMAKE_HAVE_LIBC_PTHREAD - Success
[1.310s] -- Found Threads: TRUE  
[1.374s] -- Found image_transport: 3.1.11 (/opt/ros/humble/share/image_transport/cmake)
[1.452s] -- Found OpenCV: /usr (found version "4.5.4") 
[1.453s] -- Found cv_bridge: 3.2.1 (/opt/ros/humble/share/cv_bridge/cmake)
[1.526s] -- Configuring done
[1.540s] -- Generating done
[1.544s] -- Build files have been written to: /home/niraamay/isro_ros2_try/ros_ws/build/camera_feed_pub
[1.556s] Invoked command in '/home/niraamay/isro_ros2_try/ros_ws/build/camera_feed_pub' returned '0': CMAKE_PREFIX_PATH=/opt/ros/humble /usr/bin/cmake /home/niraamay/isro_ros2_try/ros_ws/src/camera_feed_pub -DCMAKE_INSTALL_PREFIX=/home/niraamay/isro_ros2_try/ros_ws/install/camera_feed_pub
[1.557s] Invoking command in '/home/niraamay/isro_ros2_try/ros_ws/build/camera_feed_pub': CMAKE_PREFIX_PATH=/opt/ros/humble /usr/bin/cmake --build /home/niraamay/isro_ros2_try/ros_ws/build/camera_feed_pub -- -j16 -l16
[1.597s] [ 50%] [32mBuilding CXX object CMakeFiles/camera_feed_pub.dir/src/camera_feed_pub.cpp.o[0m
[6.032s] [100%] [32m[1mLinking CXX executable camera_feed_pub[0m
[6.571s] [100%] Built target camera_feed_pub
[6.582s] Invoked command in '/home/niraamay/isro_ros2_try/ros_ws/build/camera_feed_pub' returned '0': CMAKE_PREFIX_PATH=/opt/ros/humble /usr/bin/cmake --build /home/niraamay/isro_ros2_try/ros_ws/build/camera_feed_pub -- -j16 -l16
[6.591s] Invoking command in '/home/niraamay/isro_ros2_try/ros_ws/build/camera_feed_pub': CMAKE_PREFIX_PATH=/opt/ros/humble /usr/bin/cmake --install /home/niraamay/isro_ros2_try/ros_ws/build/camera_feed_pub
[6.597s] -- Install configuration: ""
[6.597s] -- Installing: /home/niraamay/isro_ros2_try/ros_ws/install/camera_feed_pub/lib/camera_feed_pub/camera_feed_pub
[6.598s] -- Set runtime path of "/home/niraamay/isro_ros2_try/ros_ws/install/camera_feed_pub/lib/camera_feed_pub/camera_feed_pub" to ""
[6.598s] -- Installing: /home/niraamay/isro_ros2_try/ros_ws/install/camera_feed_pub/share/ament_index/resource_index/package_run_dependencies/camera_feed_pub
[6.598s] -- Installing: /home/niraamay/isro_ros2_try/ros_ws/install/camera_feed_pub/share/ament_index/resource_index/parent_prefix_path/camera_feed_pub
[6.598s] -- Up-to-date: /home/niraamay/isro_ros2_try/ros_ws/install/camera_feed_pub/share/camera_feed_pub/environment/ament_prefix_path.sh
[6.598s] -- Installing: /home/niraamay/isro_ros2_try/ros_ws/install/camera_feed_pub/share/camera_feed_pub/environment/ament_prefix_path.dsv
[6.598s] -- Up-to-date: /home/niraamay/isro_ros2_try/ros_ws/install/camera_feed_pub/share/camera_feed_pub/environment/path.sh
[6.598s] -- Installing: /home/niraamay/isro_ros2_try/ros_ws/install/camera_feed_pub/share/camera_feed_pub/environment/path.dsv
[6.598s] -- Installing: /home/niraamay/isro_ros2_try/ros_ws/install/camera_feed_pub/share/camera_feed_pub/local_setup.bash
[6.598s] -- Installing: /home/niraamay/isro_ros2_try/ros_ws/install/camera_feed_pub/share/camera_feed_pub/local_setup.sh
[6.599s] -- Installing: /home/niraamay/isro_ros2_try/ros_ws/install/camera_feed_pub/share/camera_feed_pub/local_setup.zsh
[6.599s] -- Installing: /home/niraamay/isro_ros2_try/ros_ws/install/camera_feed_pub/share/camera_feed_pub/local_setup.dsv
[6.599s] -- Installing: /home/niraamay/isro_ros2_try/ros_ws/install/camera_feed_pub/share/camera_feed_pub/package.dsv
[6.599s] -- Installing: /home/niraamay/isro_ros2_try/ros_ws/install/camera_feed_pub/share/ament_index/resource_index/packages/camera_feed_pub
[6.599s] -- Installing: /home/niraamay/isro_ros2_try/ros_ws/install/camera_feed_pub/share/camera_feed_pub/cmake/camera_feed_pubConfig.cmake
[6.599s] -- Installing: /home/niraamay/isro_ros2_try/ros_ws/install/camera_feed_pub/share/camera_feed_pub/cmake/camera_feed_pubConfig-version.cmake
[6.599s] -- Up-to-date: /home/niraamay/isro_ros2_try/ros_ws/install/camera_feed_pub/share/camera_feed_pub/package.xml
[6.601s] Invoked command in '/home/niraamay/isro_ros2_try/ros_ws/build/camera_feed_pub' returned '0': CMAKE_PREFIX_PATH=/opt/ros/humble /usr/bin/cmake --install /home/niraamay/isro_ros2_try/ros_ws/build/camera_feed_pub
