[0.011s] Invoking command in '/home/niraamay/isro_ros2_try/ros_ws/build/orbslam_pub': CMAKE_PREFIX_PATH=${CMAKE_PREFIX_PATH}:/home/niraamay/isro_ros2_try/ros_ws/install/py_img_sub:/home/niraamay/isro_ros2_try/ros_ws/install/drone_control_pkg:/home/niraamay/isro_ros2_try/ros_ws/src/install/py_img_sub:/opt/ros/humble PS1=\[\033[1;32m\]\u@\h\[\033[0m\]:\[\033[1;34m\]\w\[\033[1;33m\]$(parse_git_branch)\[\033[0m\]$ /usr/bin/cmake --build /home/niraamay/isro_ros2_try/ros_ws/build/orbslam_pub -- -j16 -l16
[0.058s] [35m[1mConsolidate compiler generated dependencies of target getpose[0m
[0.086s] [ 50%] [32mBuilding CXX object CMakeFiles/getpose.dir/src/orbslam_getpose.cpp.o[0m
[10.972s] [100%] [32m[1mLinking CXX executable getpose[0m
[11.521s] [100%] Built target getpose
[11.532s] Invoked command in '/home/niraamay/isro_ros2_try/ros_ws/build/orbslam_pub' returned '0': CMAKE_PREFIX_PATH=${CMAKE_PREFIX_PATH}:/home/niraamay/isro_ros2_try/ros_ws/install/py_img_sub:/home/niraamay/isro_ros2_try/ros_ws/install/drone_control_pkg:/home/niraamay/isro_ros2_try/ros_ws/src/install/py_img_sub:/opt/ros/humble PS1=\[\033[1;32m\]\u@\h\[\033[0m\]:\[\033[1;34m\]\w\[\033[1;33m\]$(parse_git_branch)\[\033[0m\]$ /usr/bin/cmake --build /home/niraamay/isro_ros2_try/ros_ws/build/orbslam_pub -- -j16 -l16
[11.537s] Invoking command in '/home/niraamay/isro_ros2_try/ros_ws/build/orbslam_pub': CMAKE_PREFIX_PATH=${CMAKE_PREFIX_PATH}:/home/niraamay/isro_ros2_try/ros_ws/install/py_img_sub:/home/niraamay/isro_ros2_try/ros_ws/install/drone_control_pkg:/home/niraamay/isro_ros2_try/ros_ws/src/install/py_img_sub:/opt/ros/humble PS1=\[\033[1;32m\]\u@\h\[\033[0m\]:\[\033[1;34m\]\w\[\033[1;33m\]$(parse_git_branch)\[\033[0m\]$ /usr/bin/cmake --install /home/niraamay/isro_ros2_try/ros_ws/build/orbslam_pub
[11.541s] -- Install configuration: ""
[11.541s] -- Installing: /home/niraamay/isro_ros2_try/ros_ws/install/orbslam_pub/lib/orbslam_pub/getpose
[11.543s] -- Up-to-date: /home/niraamay/isro_ros2_try/ros_ws/install/orbslam_pub/share/ament_index/resource_index/package_run_dependencies/orbslam_pub
[11.543s] -- Installing: /home/niraamay/isro_ros2_try/ros_ws/install/orbslam_pub/share/ament_index/resource_index/parent_prefix_path/orbslam_pub
[11.543s] -- Up-to-date: /home/niraamay/isro_ros2_try/ros_ws/install/orbslam_pub/share/orbslam_pub/environment/ament_prefix_path.sh
[11.543s] -- Installing: /home/niraamay/isro_ros2_try/ros_ws/install/orbslam_pub/share/orbslam_pub/environment/ament_prefix_path.dsv
[11.543s] -- Up-to-date: /home/niraamay/isro_ros2_try/ros_ws/install/orbslam_pub/share/orbslam_pub/environment/path.sh
[11.543s] -- Installing: /home/niraamay/isro_ros2_try/ros_ws/install/orbslam_pub/share/orbslam_pub/environment/path.dsv
[11.543s] -- Up-to-date: /home/niraamay/isro_ros2_try/ros_ws/install/orbslam_pub/share/orbslam_pub/local_setup.bash
[11.543s] -- Up-to-date: /home/niraamay/isro_ros2_try/ros_ws/install/orbslam_pub/share/orbslam_pub/local_setup.sh
[11.543s] -- Up-to-date: /home/niraamay/isro_ros2_try/ros_ws/install/orbslam_pub/share/orbslam_pub/local_setup.zsh
[11.543s] -- Installing: /home/niraamay/isro_ros2_try/ros_ws/install/orbslam_pub/share/orbslam_pub/local_setup.dsv
[11.544s] -- Installing: /home/niraamay/isro_ros2_try/ros_ws/install/orbslam_pub/share/orbslam_pub/package.dsv
[11.544s] -- Up-to-date: /home/niraamay/isro_ros2_try/ros_ws/install/orbslam_pub/share/ament_index/resource_index/packages/orbslam_pub
[11.544s] -- Up-to-date: /home/niraamay/isro_ros2_try/ros_ws/install/orbslam_pub/share/orbslam_pub/cmake/orbslam_pubConfig.cmake
[11.544s] -- Up-to-date: /home/niraamay/isro_ros2_try/ros_ws/install/orbslam_pub/share/orbslam_pub/cmake/orbslam_pubConfig-version.cmake
[11.545s] -- Installing: /home/niraamay/isro_ros2_try/ros_ws/install/orbslam_pub/share/orbslam_pub/package.xml
[11.545s] Invoked command in '/home/niraamay/isro_ros2_try/ros_ws/build/orbslam_pub' returned '0': CMAKE_PREFIX_PATH=${CMAKE_PREFIX_PATH}:/home/niraamay/isro_ros2_try/ros_ws/install/py_img_sub:/home/niraamay/isro_ros2_try/ros_ws/install/drone_control_pkg:/home/niraamay/isro_ros2_try/ros_ws/src/install/py_img_sub:/opt/ros/humble PS1=\[\033[1;32m\]\u@\h\[\033[0m\]:\[\033[1;34m\]\w\[\033[1;33m\]$(parse_git_branch)\[\033[0m\]$ /usr/bin/cmake --install /home/niraamay/isro_ros2_try/ros_ws/build/orbslam_pub
