[0.104s] DEBUG:colcon:Command line arguments: ['/usr/bin/colcon', 'build']
[0.105s] DEBUG:colcon:Parsed command line arguments: Namespace(log_base=None, log_level=None, verb_name='build', build_base='build', install_base='install', merge_install=False, symlink_install=False, test_result_base=None, continue_on_error=False, executor='parallel', parallel_workers=16, event_handlers=None, ignore_user_meta=False, metas=['./colcon.meta'], base_paths=['.'], packages_ignore=None, packages_ignore_regex=None, paths=None, packages_up_to=None, packages_up_to_regex=None, packages_above=None, packages_above_and_dependencies=None, packages_above_depth=None, packages_select_by_dep=None, packages_skip_by_dep=None, packages_skip_up_to=None, packages_select_build_failed=False, packages_skip_build_finished=False, packages_select_test_failures=False, packages_skip_test_passed=False, packages_select=None, packages_skip=None, packages_select_regex=None, packages_skip_regex=None, packages_start=None, packages_end=None, allow_overriding=[], cmake_args=None, cmake_target=None, cmake_target_skip_unavailable=False, cmake_clean_cache=False, cmake_clean_first=False, cmake_force_configure=False, ament_cmake_args=None, catkin_cmake_args=None, catkin_skip_building_tests=False, verb_parser=<colcon_defaults.argument_parser.defaults.DefaultArgumentsDecorator object at 0x7f0d4389da20>, verb_extension=<colcon_core.verb.build.BuildVerb object at 0x7f0d4389d5d0>, main=<bound method BuildVerb.main of <colcon_core.verb.build.BuildVerb object at 0x7f0d4389d5d0>>)
[0.277s] Level 1:colcon.colcon_core.package_discovery:discover_packages(colcon_meta) check parameters
[0.277s] Level 1:colcon.colcon_core.package_discovery:discover_packages(recursive) check parameters
[0.277s] Level 1:colcon.colcon_core.package_discovery:discover_packages(ignore) check parameters
[0.277s] Level 1:colcon.colcon_core.package_discovery:discover_packages(path) check parameters
[0.277s] Level 1:colcon.colcon_core.package_discovery:discover_packages(colcon_meta) discover
[0.277s] Level 1:colcon.colcon_core.package_discovery:discover_packages(recursive) discover
[0.277s] INFO:colcon.colcon_core.package_discovery:Crawling recursively for packages in '/home/niraamay/isro_ros2_try/ros_ws'
[0.278s] Level 1:colcon.colcon_core.package_identification:_identify(.) by extensions ['ignore', 'ignore_ament_install']
[0.278s] Level 1:colcon.colcon_core.package_identification:_identify(.) by extension 'ignore'
[0.278s] Level 1:colcon.colcon_core.package_identification:_identify(.) by extension 'ignore_ament_install'
[0.278s] Level 1:colcon.colcon_core.package_identification:_identify(.) by extensions ['colcon_pkg']
[0.278s] Level 1:colcon.colcon_core.package_identification:_identify(.) by extension 'colcon_pkg'
[0.278s] Level 1:colcon.colcon_core.package_identification:_identify(.) by extensions ['colcon_meta']
[0.278s] Level 1:colcon.colcon_core.package_identification:_identify(.) by extension 'colcon_meta'
[0.278s] Level 1:colcon.colcon_core.package_identification:_identify(.) by extensions ['ros']
[0.278s] Level 1:colcon.colcon_core.package_identification:_identify(.) by extension 'ros'
[0.289s] Level 1:colcon.colcon_core.package_identification:_identify(.) by extensions ['cmake', 'python']
[0.289s] Level 1:colcon.colcon_core.package_identification:_identify(.) by extension 'cmake'
[0.289s] Level 1:colcon.colcon_core.package_identification:_identify(.) by extension 'python'
[0.289s] Level 1:colcon.colcon_core.package_identification:_identify(.) by extensions ['python_setup_py']
[0.289s] Level 1:colcon.colcon_core.package_identification:_identify(.) by extension 'python_setup_py'
[0.289s] Level 1:colcon.colcon_core.package_identification:_identify(build) by extensions ['ignore', 'ignore_ament_install']
[0.290s] Level 1:colcon.colcon_core.package_identification:_identify(build) by extension 'ignore'
[0.290s] Level 1:colcon.colcon_core.package_identification:_identify(build) ignored
[0.290s] Level 1:colcon.colcon_core.package_identification:_identify(install) by extensions ['ignore', 'ignore_ament_install']
[0.290s] Level 1:colcon.colcon_core.package_identification:_identify(install) by extension 'ignore'
[0.290s] Level 1:colcon.colcon_core.package_identification:_identify(install) ignored
[0.290s] Level 1:colcon.colcon_core.package_identification:_identify(log) by extensions ['ignore', 'ignore_ament_install']
[0.290s] Level 1:colcon.colcon_core.package_identification:_identify(log) by extension 'ignore'
[0.290s] Level 1:colcon.colcon_core.package_identification:_identify(log) ignored
[0.290s] Level 1:colcon.colcon_core.package_identification:_identify(src) by extensions ['ignore', 'ignore_ament_install']
[0.290s] Level 1:colcon.colcon_core.package_identification:_identify(src) by extension 'ignore'
[0.290s] Level 1:colcon.colcon_core.package_identification:_identify(src) by extension 'ignore_ament_install'
[0.290s] Level 1:colcon.colcon_core.package_identification:_identify(src) by extensions ['colcon_pkg']
[0.290s] Level 1:colcon.colcon_core.package_identification:_identify(src) by extension 'colcon_pkg'
[0.290s] Level 1:colcon.colcon_core.package_identification:_identify(src) by extensions ['colcon_meta']
[0.290s] Level 1:colcon.colcon_core.package_identification:_identify(src) by extension 'colcon_meta'
[0.290s] Level 1:colcon.colcon_core.package_identification:_identify(src) by extensions ['ros']
[0.290s] Level 1:colcon.colcon_core.package_identification:_identify(src) by extension 'ros'
[0.291s] Level 1:colcon.colcon_core.package_identification:_identify(src) by extensions ['cmake', 'python']
[0.291s] Level 1:colcon.colcon_core.package_identification:_identify(src) by extension 'cmake'
[0.291s] Level 1:colcon.colcon_core.package_identification:_identify(src) by extension 'python'
[0.291s] Level 1:colcon.colcon_core.package_identification:_identify(src) by extensions ['python_setup_py']
[0.291s] Level 1:colcon.colcon_core.package_identification:_identify(src) by extension 'python_setup_py'
[0.291s] Level 1:colcon.colcon_core.package_identification:_identify(src/build) by extensions ['ignore', 'ignore_ament_install']
[0.291s] Level 1:colcon.colcon_core.package_identification:_identify(src/build) by extension 'ignore'
[0.291s] Level 1:colcon.colcon_core.package_identification:_identify(src/build) ignored
[0.291s] Level 1:colcon.colcon_core.package_identification:_identify(src/camera_feed_pub) by extensions ['ignore', 'ignore_ament_install']
[0.291s] Level 1:colcon.colcon_core.package_identification:_identify(src/camera_feed_pub) by extension 'ignore'
[0.291s] Level 1:colcon.colcon_core.package_identification:_identify(src/camera_feed_pub) by extension 'ignore_ament_install'
[0.291s] Level 1:colcon.colcon_core.package_identification:_identify(src/camera_feed_pub) by extensions ['colcon_pkg']
[0.291s] Level 1:colcon.colcon_core.package_identification:_identify(src/camera_feed_pub) by extension 'colcon_pkg'
[0.291s] Level 1:colcon.colcon_core.package_identification:_identify(src/camera_feed_pub) by extensions ['colcon_meta']
[0.291s] Level 1:colcon.colcon_core.package_identification:_identify(src/camera_feed_pub) by extension 'colcon_meta'
[0.291s] Level 1:colcon.colcon_core.package_identification:_identify(src/camera_feed_pub) by extensions ['ros']
[0.291s] Level 1:colcon.colcon_core.package_identification:_identify(src/camera_feed_pub) by extension 'ros'
[0.294s] DEBUG:colcon.colcon_core.package_identification:Package 'src/camera_feed_pub' with type 'ros.ament_cmake' and name 'camera_feed_pub'
[0.294s] Level 1:colcon.colcon_core.package_identification:_identify(src/drone_control_pkg) by extensions ['ignore', 'ignore_ament_install']
[0.294s] Level 1:colcon.colcon_core.package_identification:_identify(src/drone_control_pkg) by extension 'ignore'
[0.294s] Level 1:colcon.colcon_core.package_identification:_identify(src/drone_control_pkg) by extension 'ignore_ament_install'
[0.294s] Level 1:colcon.colcon_core.package_identification:_identify(src/drone_control_pkg) by extensions ['colcon_pkg']
[0.294s] Level 1:colcon.colcon_core.package_identification:_identify(src/drone_control_pkg) by extension 'colcon_pkg'
[0.294s] Level 1:colcon.colcon_core.package_identification:_identify(src/drone_control_pkg) by extensions ['colcon_meta']
[0.294s] Level 1:colcon.colcon_core.package_identification:_identify(src/drone_control_pkg) by extension 'colcon_meta'
[0.294s] Level 1:colcon.colcon_core.package_identification:_identify(src/drone_control_pkg) by extensions ['ros']
[0.294s] Level 1:colcon.colcon_core.package_identification:_identify(src/drone_control_pkg) by extension 'ros'
[0.295s] DEBUG:colcon.colcon_core.package_identification:Package 'src/drone_control_pkg' with type 'ros.ament_python' and name 'drone_control_pkg'
[0.295s] Level 1:colcon.colcon_core.package_identification:_identify(src/install) by extensions ['ignore', 'ignore_ament_install']
[0.295s] Level 1:colcon.colcon_core.package_identification:_identify(src/install) by extension 'ignore'
[0.295s] Level 1:colcon.colcon_core.package_identification:_identify(src/install) ignored
[0.295s] Level 1:colcon.colcon_core.package_identification:_identify(src/log) by extensions ['ignore', 'ignore_ament_install']
[0.295s] Level 1:colcon.colcon_core.package_identification:_identify(src/log) by extension 'ignore'
[0.296s] Level 1:colcon.colcon_core.package_identification:_identify(src/log) ignored
[0.296s] Level 1:colcon.colcon_core.package_identification:_identify(src/mavlink) by extensions ['ignore', 'ignore_ament_install']
[0.296s] Level 1:colcon.colcon_core.package_identification:_identify(src/mavlink) by extension 'ignore'
[0.296s] Level 1:colcon.colcon_core.package_identification:_identify(src/mavlink) by extension 'ignore_ament_install'
[0.296s] Level 1:colcon.colcon_core.package_identification:_identify(src/mavlink) by extensions ['colcon_pkg']
[0.296s] Level 1:colcon.colcon_core.package_identification:_identify(src/mavlink) by extension 'colcon_pkg'
[0.296s] Level 1:colcon.colcon_core.package_identification:_identify(src/mavlink) by extensions ['colcon_meta']
[0.296s] Level 1:colcon.colcon_core.package_identification:_identify(src/mavlink) by extension 'colcon_meta'
[0.296s] Level 1:colcon.colcon_core.package_identification:_identify(src/mavlink) by extensions ['ros']
[0.296s] Level 1:colcon.colcon_core.package_identification:_identify(src/mavlink) by extension 'ros'
[0.296s] Level 1:colcon.colcon_core.package_identification:_identify(src/mavlink) by extensions ['cmake', 'python']
[0.296s] Level 1:colcon.colcon_core.package_identification:_identify(src/mavlink) by extension 'cmake'
[0.296s] Level 1:colcon.colcon_core.package_identification:_identify(src/mavlink) by extension 'python'
[0.296s] Level 1:colcon.colcon_core.package_identification:_identify(src/mavlink) by extensions ['python_setup_py']
[0.296s] Level 1:colcon.colcon_core.package_identification:_identify(src/mavlink) by extension 'python_setup_py'
[0.296s] Level 1:colcon.colcon_core.package_identification:_identify(src/mavros) by extensions ['ignore', 'ignore_ament_install']
[0.296s] Level 1:colcon.colcon_core.package_identification:_identify(src/mavros) by extension 'ignore'
[0.296s] Level 1:colcon.colcon_core.package_identification:_identify(src/mavros) by extension 'ignore_ament_install'
[0.296s] Level 1:colcon.colcon_core.package_identification:_identify(src/mavros) by extensions ['colcon_pkg']
[0.296s] Level 1:colcon.colcon_core.package_identification:_identify(src/mavros) by extension 'colcon_pkg'
[0.296s] Level 1:colcon.colcon_core.package_identification:_identify(src/mavros) by extensions ['colcon_meta']
[0.296s] Level 1:colcon.colcon_core.package_identification:_identify(src/mavros) by extension 'colcon_meta'
[0.296s] Level 1:colcon.colcon_core.package_identification:_identify(src/mavros) by extensions ['ros']
[0.296s] Level 1:colcon.colcon_core.package_identification:_identify(src/mavros) by extension 'ros'
[0.297s] Level 1:colcon.colcon_core.package_identification:_identify(src/mavros) by extensions ['cmake', 'python']
[0.297s] Level 1:colcon.colcon_core.package_identification:_identify(src/mavros) by extension 'cmake'
[0.297s] Level 1:colcon.colcon_core.package_identification:_identify(src/mavros) by extension 'python'
[0.297s] Level 1:colcon.colcon_core.package_identification:_identify(src/mavros) by extensions ['python_setup_py']
[0.297s] Level 1:colcon.colcon_core.package_identification:_identify(src/mavros) by extension 'python_setup_py'
[0.297s] Level 1:colcon.colcon_core.package_identification:_identify(src/orbslam_pub) by extensions ['ignore', 'ignore_ament_install']
[0.297s] Level 1:colcon.colcon_core.package_identification:_identify(src/orbslam_pub) by extension 'ignore'
[0.297s] Level 1:colcon.colcon_core.package_identification:_identify(src/orbslam_pub) by extension 'ignore_ament_install'
[0.297s] Level 1:colcon.colcon_core.package_identification:_identify(src/orbslam_pub) by extensions ['colcon_pkg']
[0.297s] Level 1:colcon.colcon_core.package_identification:_identify(src/orbslam_pub) by extension 'colcon_pkg'
[0.297s] Level 1:colcon.colcon_core.package_identification:_identify(src/orbslam_pub) by extensions ['colcon_meta']
[0.297s] Level 1:colcon.colcon_core.package_identification:_identify(src/orbslam_pub) by extension 'colcon_meta'
[0.297s] Level 1:colcon.colcon_core.package_identification:_identify(src/orbslam_pub) by extensions ['ros']
[0.297s] Level 1:colcon.colcon_core.package_identification:_identify(src/orbslam_pub) by extension 'ros'
[0.298s] DEBUG:colcon.colcon_core.package_identification:Package 'src/orbslam_pub' with type 'ros.ament_cmake' and name 'orbslam_pub'
[0.298s] Level 1:colcon.colcon_core.package_identification:_identify(src/py_img_sub) by extensions ['ignore', 'ignore_ament_install']
[0.298s] Level 1:colcon.colcon_core.package_identification:_identify(src/py_img_sub) by extension 'ignore'
[0.298s] Level 1:colcon.colcon_core.package_identification:_identify(src/py_img_sub) by extension 'ignore_ament_install'
[0.298s] Level 1:colcon.colcon_core.package_identification:_identify(src/py_img_sub) by extensions ['colcon_pkg']
[0.298s] Level 1:colcon.colcon_core.package_identification:_identify(src/py_img_sub) by extension 'colcon_pkg'
[0.298s] Level 1:colcon.colcon_core.package_identification:_identify(src/py_img_sub) by extensions ['colcon_meta']
[0.298s] Level 1:colcon.colcon_core.package_identification:_identify(src/py_img_sub) by extension 'colcon_meta'
[0.298s] Level 1:colcon.colcon_core.package_identification:_identify(src/py_img_sub) by extensions ['ros']
[0.298s] Level 1:colcon.colcon_core.package_identification:_identify(src/py_img_sub) by extension 'ros'
[0.299s] DEBUG:colcon.colcon_core.package_identification:Package 'src/py_img_sub' with type 'ros.ament_python' and name 'py_img_sub'
[0.299s] Level 1:colcon.colcon_core.package_discovery:discover_packages(recursive) using defaults
[0.299s] Level 1:colcon.colcon_core.package_discovery:discover_packages(ignore) discover
[0.299s] Level 1:colcon.colcon_core.package_discovery:discover_packages(ignore) using defaults
[0.299s] Level 1:colcon.colcon_core.package_discovery:discover_packages(path) discover
[0.299s] Level 1:colcon.colcon_core.package_discovery:discover_packages(path) using defaults
[0.328s] Level 1:colcon.colcon_core.package_discovery:discover_packages(prefix_path) check parameters
[0.328s] Level 1:colcon.colcon_core.package_discovery:discover_packages(prefix_path) discover
[0.338s] DEBUG:colcon.colcon_installed_package_information.package_discovery:Found 1 installed packages in /home/niraamay/isro_ros2_try/ros_ws/src/install
[0.339s] DEBUG:colcon.colcon_installed_package_information.package_discovery:Found 316 installed packages in /opt/ros/humble
[0.340s] Level 1:colcon.colcon_core.package_discovery:discover_packages(prefix_path) using defaults
[0.378s] Level 5:colcon.colcon_core.verb:set package 'camera_feed_pub' build argument 'cmake_args' from command line to 'None'
[0.378s] Level 5:colcon.colcon_core.verb:set package 'camera_feed_pub' build argument 'cmake_target' from command line to 'None'
[0.378s] Level 5:colcon.colcon_core.verb:set package 'camera_feed_pub' build argument 'cmake_target_skip_unavailable' from command line to 'False'
[0.378s] Level 5:colcon.colcon_core.verb:set package 'camera_feed_pub' build argument 'cmake_clean_cache' from command line to 'False'
[0.378s] Level 5:colcon.colcon_core.verb:set package 'camera_feed_pub' build argument 'cmake_clean_first' from command line to 'False'
[0.378s] Level 5:colcon.colcon_core.verb:set package 'camera_feed_pub' build argument 'cmake_force_configure' from command line to 'False'
[0.378s] Level 5:colcon.colcon_core.verb:set package 'camera_feed_pub' build argument 'ament_cmake_args' from command line to 'None'
[0.378s] Level 5:colcon.colcon_core.verb:set package 'camera_feed_pub' build argument 'catkin_cmake_args' from command line to 'None'
[0.378s] Level 5:colcon.colcon_core.verb:set package 'camera_feed_pub' build argument 'catkin_skip_building_tests' from command line to 'False'
[0.378s] DEBUG:colcon.colcon_core.verb:Building package 'camera_feed_pub' with the following arguments: {'ament_cmake_args': None, 'build_base': '/home/niraamay/isro_ros2_try/ros_ws/build/camera_feed_pub', 'catkin_cmake_args': None, 'catkin_skip_building_tests': False, 'cmake_args': None, 'cmake_clean_cache': False, 'cmake_clean_first': False, 'cmake_force_configure': False, 'cmake_target': None, 'cmake_target_skip_unavailable': False, 'install_base': '/home/niraamay/isro_ros2_try/ros_ws/install/camera_feed_pub', 'merge_install': False, 'path': '/home/niraamay/isro_ros2_try/ros_ws/src/camera_feed_pub', 'symlink_install': False, 'test_result_base': None}
[0.379s] Level 5:colcon.colcon_core.verb:set package 'drone_control_pkg' build argument 'cmake_args' from command line to 'None'
[0.379s] Level 5:colcon.colcon_core.verb:set package 'drone_control_pkg' build argument 'cmake_target' from command line to 'None'
[0.379s] Level 5:colcon.colcon_core.verb:set package 'drone_control_pkg' build argument 'cmake_target_skip_unavailable' from command line to 'False'
[0.379s] Level 5:colcon.colcon_core.verb:set package 'drone_control_pkg' build argument 'cmake_clean_cache' from command line to 'False'
[0.379s] Level 5:colcon.colcon_core.verb:set package 'drone_control_pkg' build argument 'cmake_clean_first' from command line to 'False'
[0.379s] Level 5:colcon.colcon_core.verb:set package 'drone_control_pkg' build argument 'cmake_force_configure' from command line to 'False'
[0.379s] Level 5:colcon.colcon_core.verb:set package 'drone_control_pkg' build argument 'ament_cmake_args' from command line to 'None'
[0.379s] Level 5:colcon.colcon_core.verb:set package 'drone_control_pkg' build argument 'catkin_cmake_args' from command line to 'None'
[0.379s] Level 5:colcon.colcon_core.verb:set package 'drone_control_pkg' build argument 'catkin_skip_building_tests' from command line to 'False'
[0.379s] DEBUG:colcon.colcon_core.verb:Building package 'drone_control_pkg' with the following arguments: {'ament_cmake_args': None, 'build_base': '/home/niraamay/isro_ros2_try/ros_ws/build/drone_control_pkg', 'catkin_cmake_args': None, 'catkin_skip_building_tests': False, 'cmake_args': None, 'cmake_clean_cache': False, 'cmake_clean_first': False, 'cmake_force_configure': False, 'cmake_target': None, 'cmake_target_skip_unavailable': False, 'install_base': '/home/niraamay/isro_ros2_try/ros_ws/install/drone_control_pkg', 'merge_install': False, 'path': '/home/niraamay/isro_ros2_try/ros_ws/src/drone_control_pkg', 'symlink_install': False, 'test_result_base': None}
[0.379s] Level 5:colcon.colcon_core.verb:set package 'orbslam_pub' build argument 'cmake_args' from command line to 'None'
[0.379s] Level 5:colcon.colcon_core.verb:set package 'orbslam_pub' build argument 'cmake_target' from command line to 'None'
[0.379s] Level 5:colcon.colcon_core.verb:set package 'orbslam_pub' build argument 'cmake_target_skip_unavailable' from command line to 'False'
[0.379s] Level 5:colcon.colcon_core.verb:set package 'orbslam_pub' build argument 'cmake_clean_cache' from command line to 'False'
[0.379s] Level 5:colcon.colcon_core.verb:set package 'orbslam_pub' build argument 'cmake_clean_first' from command line to 'False'
[0.379s] Level 5:colcon.colcon_core.verb:set package 'orbslam_pub' build argument 'cmake_force_configure' from command line to 'False'
[0.380s] Level 5:colcon.colcon_core.verb:set package 'orbslam_pub' build argument 'ament_cmake_args' from command line to 'None'
[0.380s] Level 5:colcon.colcon_core.verb:set package 'orbslam_pub' build argument 'catkin_cmake_args' from command line to 'None'
[0.380s] Level 5:colcon.colcon_core.verb:set package 'orbslam_pub' build argument 'catkin_skip_building_tests' from command line to 'False'
[0.380s] DEBUG:colcon.colcon_core.verb:Building package 'orbslam_pub' with the following arguments: {'ament_cmake_args': None, 'build_base': '/home/niraamay/isro_ros2_try/ros_ws/build/orbslam_pub', 'catkin_cmake_args': None, 'catkin_skip_building_tests': False, 'cmake_args': None, 'cmake_clean_cache': False, 'cmake_clean_first': False, 'cmake_force_configure': False, 'cmake_target': None, 'cmake_target_skip_unavailable': False, 'install_base': '/home/niraamay/isro_ros2_try/ros_ws/install/orbslam_pub', 'merge_install': False, 'path': '/home/niraamay/isro_ros2_try/ros_ws/src/orbslam_pub', 'symlink_install': False, 'test_result_base': None}
[0.380s] Level 5:colcon.colcon_core.verb:set package 'py_img_sub' build argument 'cmake_args' from command line to 'None'
[0.380s] Level 5:colcon.colcon_core.verb:set package 'py_img_sub' build argument 'cmake_target' from command line to 'None'
[0.380s] Level 5:colcon.colcon_core.verb:set package 'py_img_sub' build argument 'cmake_target_skip_unavailable' from command line to 'False'
[0.380s] Level 5:colcon.colcon_core.verb:set package 'py_img_sub' build argument 'cmake_clean_cache' from command line to 'False'
[0.380s] Level 5:colcon.colcon_core.verb:set package 'py_img_sub' build argument 'cmake_clean_first' from command line to 'False'
[0.380s] Level 5:colcon.colcon_core.verb:set package 'py_img_sub' build argument 'cmake_force_configure' from command line to 'False'
[0.380s] Level 5:colcon.colcon_core.verb:set package 'py_img_sub' build argument 'ament_cmake_args' from command line to 'None'
[0.380s] Level 5:colcon.colcon_core.verb:set package 'py_img_sub' build argument 'catkin_cmake_args' from command line to 'None'
[0.380s] Level 5:colcon.colcon_core.verb:set package 'py_img_sub' build argument 'catkin_skip_building_tests' from command line to 'False'
[0.380s] DEBUG:colcon.colcon_core.verb:Building package 'py_img_sub' with the following arguments: {'ament_cmake_args': None, 'build_base': '/home/niraamay/isro_ros2_try/ros_ws/build/py_img_sub', 'catkin_cmake_args': None, 'catkin_skip_building_tests': False, 'cmake_args': None, 'cmake_clean_cache': False, 'cmake_clean_first': False, 'cmake_force_configure': False, 'cmake_target': None, 'cmake_target_skip_unavailable': False, 'install_base': '/home/niraamay/isro_ros2_try/ros_ws/install/py_img_sub', 'merge_install': False, 'path': '/home/niraamay/isro_ros2_try/ros_ws/src/py_img_sub', 'symlink_install': False, 'test_result_base': None}
[0.380s] INFO:colcon.colcon_core.executor:Executing jobs using 'parallel' executor
[0.381s] DEBUG:colcon.colcon_parallel_executor.executor.parallel:run_until_complete
[0.381s] INFO:colcon.colcon_ros.task.ament_cmake.build:Building ROS package in '/home/niraamay/isro_ros2_try/ros_ws/src/camera_feed_pub' with build type 'ament_cmake'
[0.382s] INFO:colcon.colcon_cmake.task.cmake.build:Building CMake package in '/home/niraamay/isro_ros2_try/ros_ws/src/camera_feed_pub'
[0.383s] INFO:colcon.colcon_core.plugin_system:Skipping extension 'colcon_core.shell.bat': Not used on non-Windows systems
[0.384s] INFO:colcon.colcon_core.shell:Skip shell extension 'powershell' for command environment: Not usable outside of PowerShell
[0.384s] DEBUG:colcon.colcon_core.shell:Skip shell extension 'dsv' for command environment
[0.387s] INFO:colcon.colcon_ros.task.ament_python.build:Building ROS package in '/home/niraamay/isro_ros2_try/ros_ws/src/drone_control_pkg' with build type 'ament_python'
[0.387s] Level 1:colcon.colcon_core.shell:create_environment_hook('drone_control_pkg', 'ament_prefix_path')
[0.387s] INFO:colcon.colcon_core.shell:Creating environment hook '/home/niraamay/isro_ros2_try/ros_ws/install/drone_control_pkg/share/drone_control_pkg/hook/ament_prefix_path.ps1'
[0.388s] INFO:colcon.colcon_core.shell:Creating environment descriptor '/home/niraamay/isro_ros2_try/ros_ws/install/drone_control_pkg/share/drone_control_pkg/hook/ament_prefix_path.dsv'
[0.388s] INFO:colcon.colcon_core.shell:Creating environment hook '/home/niraamay/isro_ros2_try/ros_ws/install/drone_control_pkg/share/drone_control_pkg/hook/ament_prefix_path.sh'
[0.389s] INFO:colcon.colcon_core.shell:Skip shell extension 'powershell' for command environment: Not usable outside of PowerShell
[0.389s] DEBUG:colcon.colcon_core.shell:Skip shell extension 'dsv' for command environment
[0.392s] INFO:colcon.colcon_ros.task.ament_cmake.build:Building ROS package in '/home/niraamay/isro_ros2_try/ros_ws/src/orbslam_pub' with build type 'ament_cmake'
[0.392s] INFO:colcon.colcon_cmake.task.cmake.build:Building CMake package in '/home/niraamay/isro_ros2_try/ros_ws/src/orbslam_pub'
[0.392s] INFO:colcon.colcon_core.shell:Skip shell extension 'powershell' for command environment: Not usable outside of PowerShell
[0.392s] DEBUG:colcon.colcon_core.shell:Skip shell extension 'dsv' for command environment
[0.395s] INFO:colcon.colcon_ros.task.ament_python.build:Building ROS package in '/home/niraamay/isro_ros2_try/ros_ws/src/py_img_sub' with build type 'ament_python'
[0.395s] Level 1:colcon.colcon_core.shell:create_environment_hook('py_img_sub', 'ament_prefix_path')
[0.395s] INFO:colcon.colcon_core.shell:Creating environment hook '/home/niraamay/isro_ros2_try/ros_ws/install/py_img_sub/share/py_img_sub/hook/ament_prefix_path.ps1'
[0.395s] INFO:colcon.colcon_core.shell:Creating environment descriptor '/home/niraamay/isro_ros2_try/ros_ws/install/py_img_sub/share/py_img_sub/hook/ament_prefix_path.dsv'
[0.396s] INFO:colcon.colcon_core.shell:Creating environment hook '/home/niraamay/isro_ros2_try/ros_ws/install/py_img_sub/share/py_img_sub/hook/ament_prefix_path.sh'
[0.396s] INFO:colcon.colcon_core.shell:Skip shell extension 'powershell' for command environment: Not usable outside of PowerShell
[0.396s] DEBUG:colcon.colcon_core.shell:Skip shell extension 'dsv' for command environment
[0.402s] DEBUG:colcon.colcon_core.event_handler.log_command:Invoking command in '/home/niraamay/isro_ros2_try/ros_ws/build/camera_feed_pub': CMAKE_PREFIX_PATH=/home/niraamay/isro_ros2_try/ros_ws/src/install/py_img_sub:/opt/ros/humble PS1=\[\033[1;32m\]\u@\h\[\033[0m\]:\[\033[1;34m\]\w\[\033[1;33m\]$(parse_git_branch)\[\033[0m\]$ /usr/bin/cmake /home/niraamay/isro_ros2_try/ros_ws/src/camera_feed_pub -DCMAKE_INSTALL_PREFIX=/home/niraamay/isro_ros2_try/ros_ws/install/camera_feed_pub
[0.665s] INFO:colcon.colcon_core.task.python.build:Building Python package in '/home/niraamay/isro_ros2_try/ros_ws/src/drone_control_pkg'
[0.665s] INFO:colcon.colcon_core.shell:Skip shell extension 'powershell' for command environment: Not usable outside of PowerShell
[0.666s] DEBUG:colcon.colcon_core.shell:Skip shell extension 'dsv' for command environment
[0.671s] DEBUG:colcon.colcon_core.event_handler.log_command:Invoking command in '/home/niraamay/isro_ros2_try/ros_ws/build/orbslam_pub': CMAKE_PREFIX_PATH=/home/niraamay/isro_ros2_try/ros_ws/src/install/py_img_sub:/opt/ros/humble PS1=\[\033[1;32m\]\u@\h\[\033[0m\]:\[\033[1;34m\]\w\[\033[1;33m\]$(parse_git_branch)\[\033[0m\]$ /usr/bin/cmake /home/niraamay/isro_ros2_try/ros_ws/src/orbslam_pub -DCMAKE_INSTALL_PREFIX=/home/niraamay/isro_ros2_try/ros_ws/install/orbslam_pub
[0.939s] INFO:colcon.colcon_core.task.python.build:Building Python package in '/home/niraamay/isro_ros2_try/ros_ws/src/py_img_sub'
[0.939s] INFO:colcon.colcon_core.shell:Skip shell extension 'powershell' for command environment: Not usable outside of PowerShell
[0.939s] DEBUG:colcon.colcon_core.shell:Skip shell extension 'dsv' for command environment
[1.310s] DEBUG:colcon.colcon_core.event_handler.log_command:Invoking command in '/home/niraamay/isro_ros2_try/ros_ws/src/drone_control_pkg': PS1=\[\033[1;32m\]\u@\h\[\033[0m\]:\[\033[1;34m\]\w\[\033[1;33m\]$(parse_git_branch)\[\033[0m\]$ PYTHONPATH=/home/niraamay/isro_ros2_try/ros_ws/build/drone_control_pkg/prefix_override:/usr/lib/python3/dist-packages/colcon_core/task/python/colcon_distutils_commands:/home/niraamay/isro_ros2_try/ros_ws/install/drone_control_pkg/lib/python3.10/site-packages:${PYTHONPATH} /usr/bin/python3 -W ignore:setup.py install is deprecated -W ignore:easy_install command is deprecated setup.py egg_info --egg-base ../../build/drone_control_pkg build --build-base /home/niraamay/isro_ros2_try/ros_ws/build/drone_control_pkg/build install --record /home/niraamay/isro_ros2_try/ros_ws/build/drone_control_pkg/install.log --single-version-externally-managed install_data
[1.311s] DEBUG:colcon.colcon_core.event_handler.log_command:Invoking command in '/home/niraamay/isro_ros2_try/ros_ws/src/py_img_sub': PS1=\[\033[1;32m\]\u@\h\[\033[0m\]:\[\033[1;34m\]\w\[\033[1;33m\]$(parse_git_branch)\[\033[0m\]$ PYTHONPATH=/home/niraamay/isro_ros2_try/ros_ws/build/py_img_sub/prefix_override:/usr/lib/python3/dist-packages/colcon_core/task/python/colcon_distutils_commands:/home/niraamay/isro_ros2_try/ros_ws/install/py_img_sub/lib/python3.10/site-packages:${PYTHONPATH} /usr/bin/python3 -W ignore:setup.py install is deprecated -W ignore:easy_install command is deprecated setup.py egg_info --egg-base ../../build/py_img_sub build --build-base /home/niraamay/isro_ros2_try/ros_ws/build/py_img_sub/build install --record /home/niraamay/isro_ros2_try/ros_ws/build/py_img_sub/install.log --single-version-externally-managed install_data
[1.608s] DEBUG:colcon.colcon_core.event_handler.log_command:Invoked command in '/home/niraamay/isro_ros2_try/ros_ws/src/drone_control_pkg' returned '0': PS1=\[\033[1;32m\]\u@\h\[\033[0m\]:\[\033[1;34m\]\w\[\033[1;33m\]$(parse_git_branch)\[\033[0m\]$ PYTHONPATH=/home/niraamay/isro_ros2_try/ros_ws/build/drone_control_pkg/prefix_override:/usr/lib/python3/dist-packages/colcon_core/task/python/colcon_distutils_commands:/home/niraamay/isro_ros2_try/ros_ws/install/drone_control_pkg/lib/python3.10/site-packages:${PYTHONPATH} /usr/bin/python3 -W ignore:setup.py install is deprecated -W ignore:easy_install command is deprecated setup.py egg_info --egg-base ../../build/drone_control_pkg build --build-base /home/niraamay/isro_ros2_try/ros_ws/build/drone_control_pkg/build install --record /home/niraamay/isro_ros2_try/ros_ws/build/drone_control_pkg/install.log --single-version-externally-managed install_data
[1.610s] Level 1:colcon.colcon_core.environment:checking '/home/niraamay/isro_ros2_try/ros_ws/install/drone_control_pkg' for CMake module files
[1.611s] Level 1:colcon.colcon_core.environment:checking '/home/niraamay/isro_ros2_try/ros_ws/install/drone_control_pkg' for CMake config files
[1.611s] Level 1:colcon.colcon_core.environment:checking '/home/niraamay/isro_ros2_try/ros_ws/install/drone_control_pkg/lib'
[1.612s] Level 1:colcon.colcon_core.environment:checking '/home/niraamay/isro_ros2_try/ros_ws/install/drone_control_pkg/bin'
[1.612s] Level 1:colcon.colcon_core.environment:checking '/home/niraamay/isro_ros2_try/ros_ws/install/drone_control_pkg/lib/pkgconfig/drone_control_pkg.pc'
[1.612s] Level 1:colcon.colcon_core.environment:checking '/home/niraamay/isro_ros2_try/ros_ws/install/drone_control_pkg/lib/python3.10/site-packages'
[1.612s] Level 1:colcon.colcon_core.shell:create_environment_hook('drone_control_pkg', 'pythonpath')
[1.612s] INFO:colcon.colcon_core.shell:Creating environment hook '/home/niraamay/isro_ros2_try/ros_ws/install/drone_control_pkg/share/drone_control_pkg/hook/pythonpath.ps1'
[1.613s] INFO:colcon.colcon_core.shell:Creating environment descriptor '/home/niraamay/isro_ros2_try/ros_ws/install/drone_control_pkg/share/drone_control_pkg/hook/pythonpath.dsv'
[1.613s] INFO:colcon.colcon_core.shell:Creating environment hook '/home/niraamay/isro_ros2_try/ros_ws/install/drone_control_pkg/share/drone_control_pkg/hook/pythonpath.sh'
[1.613s] Level 1:colcon.colcon_core.environment:checking '/home/niraamay/isro_ros2_try/ros_ws/install/drone_control_pkg/bin'
[1.614s] Level 1:colcon.colcon_core.environment:create_environment_scripts_only(drone_control_pkg)
[1.614s] INFO:colcon.colcon_core.shell:Creating package script '/home/niraamay/isro_ros2_try/ros_ws/install/drone_control_pkg/share/drone_control_pkg/package.ps1'
[1.615s] INFO:colcon.colcon_core.shell:Creating package descriptor '/home/niraamay/isro_ros2_try/ros_ws/install/drone_control_pkg/share/drone_control_pkg/package.dsv'
[1.615s] INFO:colcon.colcon_core.shell:Creating package script '/home/niraamay/isro_ros2_try/ros_ws/install/drone_control_pkg/share/drone_control_pkg/package.sh'
[1.616s] INFO:colcon.colcon_core.shell:Creating package script '/home/niraamay/isro_ros2_try/ros_ws/install/drone_control_pkg/share/drone_control_pkg/package.bash'
[1.616s] INFO:colcon.colcon_core.shell:Creating package script '/home/niraamay/isro_ros2_try/ros_ws/install/drone_control_pkg/share/drone_control_pkg/package.zsh'
[1.617s] Level 1:colcon.colcon_core.environment:create_file_with_runtime_dependencies(/home/niraamay/isro_ros2_try/ros_ws/install/drone_control_pkg/share/colcon-core/packages/drone_control_pkg)
[1.618s] Level 1:colcon.colcon_core.environment:checking '/home/niraamay/isro_ros2_try/ros_ws/install/py_img_sub' for CMake module files
[1.619s] DEBUG:colcon.colcon_core.event_handler.log_command:Invoked command in '/home/niraamay/isro_ros2_try/ros_ws/src/py_img_sub' returned '0': PS1=\[\033[1;32m\]\u@\h\[\033[0m\]:\[\033[1;34m\]\w\[\033[1;33m\]$(parse_git_branch)\[\033[0m\]$ PYTHONPATH=/home/niraamay/isro_ros2_try/ros_ws/build/py_img_sub/prefix_override:/usr/lib/python3/dist-packages/colcon_core/task/python/colcon_distutils_commands:/home/niraamay/isro_ros2_try/ros_ws/install/py_img_sub/lib/python3.10/site-packages:${PYTHONPATH} /usr/bin/python3 -W ignore:setup.py install is deprecated -W ignore:easy_install command is deprecated setup.py egg_info --egg-base ../../build/py_img_sub build --build-base /home/niraamay/isro_ros2_try/ros_ws/build/py_img_sub/build install --record /home/niraamay/isro_ros2_try/ros_ws/build/py_img_sub/install.log --single-version-externally-managed install_data
[1.619s] Level 1:colcon.colcon_core.environment:checking '/home/niraamay/isro_ros2_try/ros_ws/install/py_img_sub' for CMake config files
[1.620s] Level 1:colcon.colcon_core.environment:checking '/home/niraamay/isro_ros2_try/ros_ws/install/py_img_sub/lib'
[1.620s] Level 1:colcon.colcon_core.environment:checking '/home/niraamay/isro_ros2_try/ros_ws/install/py_img_sub/bin'
[1.620s] Level 1:colcon.colcon_core.environment:checking '/home/niraamay/isro_ros2_try/ros_ws/install/py_img_sub/lib/pkgconfig/py_img_sub.pc'
[1.620s] Level 1:colcon.colcon_core.environment:checking '/home/niraamay/isro_ros2_try/ros_ws/install/py_img_sub/lib/python3.10/site-packages'
[1.620s] Level 1:colcon.colcon_core.shell:create_environment_hook('py_img_sub', 'pythonpath')
[1.620s] INFO:colcon.colcon_core.shell:Creating environment hook '/home/niraamay/isro_ros2_try/ros_ws/install/py_img_sub/share/py_img_sub/hook/pythonpath.ps1'
[1.621s] INFO:colcon.colcon_core.shell:Creating environment descriptor '/home/niraamay/isro_ros2_try/ros_ws/install/py_img_sub/share/py_img_sub/hook/pythonpath.dsv'
[1.621s] INFO:colcon.colcon_core.shell:Creating environment hook '/home/niraamay/isro_ros2_try/ros_ws/install/py_img_sub/share/py_img_sub/hook/pythonpath.sh'
[1.622s] Level 1:colcon.colcon_core.environment:checking '/home/niraamay/isro_ros2_try/ros_ws/install/py_img_sub/bin'
[1.622s] Level 1:colcon.colcon_core.environment:create_environment_scripts_only(py_img_sub)
[1.622s] INFO:colcon.colcon_core.shell:Creating package script '/home/niraamay/isro_ros2_try/ros_ws/install/py_img_sub/share/py_img_sub/package.ps1'
[1.622s] INFO:colcon.colcon_core.shell:Creating package descriptor '/home/niraamay/isro_ros2_try/ros_ws/install/py_img_sub/share/py_img_sub/package.dsv'
[1.623s] INFO:colcon.colcon_core.shell:Creating package script '/home/niraamay/isro_ros2_try/ros_ws/install/py_img_sub/share/py_img_sub/package.sh'
[1.623s] INFO:colcon.colcon_core.shell:Creating package script '/home/niraamay/isro_ros2_try/ros_ws/install/py_img_sub/share/py_img_sub/package.bash'
[1.623s] INFO:colcon.colcon_core.shell:Creating package script '/home/niraamay/isro_ros2_try/ros_ws/install/py_img_sub/share/py_img_sub/package.zsh'
[1.624s] Level 1:colcon.colcon_core.environment:create_file_with_runtime_dependencies(/home/niraamay/isro_ros2_try/ros_ws/install/py_img_sub/share/colcon-core/packages/py_img_sub)
[1.669s] DEBUG:colcon.colcon_core.event_handler.log_command:Invoked command in '/home/niraamay/isro_ros2_try/ros_ws/build/camera_feed_pub' returned '0': CMAKE_PREFIX_PATH=/home/niraamay/isro_ros2_try/ros_ws/src/install/py_img_sub:/opt/ros/humble PS1=\[\033[1;32m\]\u@\h\[\033[0m\]:\[\033[1;34m\]\w\[\033[1;33m\]$(parse_git_branch)\[\033[0m\]$ /usr/bin/cmake /home/niraamay/isro_ros2_try/ros_ws/src/camera_feed_pub -DCMAKE_INSTALL_PREFIX=/home/niraamay/isro_ros2_try/ros_ws/install/camera_feed_pub
[1.672s] DEBUG:colcon.colcon_core.event_handler.log_command:Invoking command in '/home/niraamay/isro_ros2_try/ros_ws/build/camera_feed_pub': CMAKE_PREFIX_PATH=/home/niraamay/isro_ros2_try/ros_ws/src/install/py_img_sub:/opt/ros/humble PS1=\[\033[1;32m\]\u@\h\[\033[0m\]:\[\033[1;34m\]\w\[\033[1;33m\]$(parse_git_branch)\[\033[0m\]$ /usr/bin/cmake --build /home/niraamay/isro_ros2_try/ros_ws/build/camera_feed_pub -- -j16 -l16
[1.867s] DEBUG:colcon.colcon_core.event_handler.log_command:Invoked command in '/home/niraamay/isro_ros2_try/ros_ws/build/orbslam_pub' returned '0': CMAKE_PREFIX_PATH=/home/niraamay/isro_ros2_try/ros_ws/src/install/py_img_sub:/opt/ros/humble PS1=\[\033[1;32m\]\u@\h\[\033[0m\]:\[\033[1;34m\]\w\[\033[1;33m\]$(parse_git_branch)\[\033[0m\]$ /usr/bin/cmake /home/niraamay/isro_ros2_try/ros_ws/src/orbslam_pub -DCMAKE_INSTALL_PREFIX=/home/niraamay/isro_ros2_try/ros_ws/install/orbslam_pub
[1.869s] DEBUG:colcon.colcon_core.event_handler.log_command:Invoking command in '/home/niraamay/isro_ros2_try/ros_ws/build/orbslam_pub': CMAKE_PREFIX_PATH=/home/niraamay/isro_ros2_try/ros_ws/src/install/py_img_sub:/opt/ros/humble PS1=\[\033[1;32m\]\u@\h\[\033[0m\]:\[\033[1;34m\]\w\[\033[1;33m\]$(parse_git_branch)\[\033[0m\]$ /usr/bin/cmake --build /home/niraamay/isro_ros2_try/ros_ws/build/orbslam_pub -- -j16 -l16
[5.222s] DEBUG:colcon.colcon_core.event_handler.log_command:Invoked command in '/home/niraamay/isro_ros2_try/ros_ws/build/camera_feed_pub' returned '0': CMAKE_PREFIX_PATH=/home/niraamay/isro_ros2_try/ros_ws/src/install/py_img_sub:/opt/ros/humble PS1=\[\033[1;32m\]\u@\h\[\033[0m\]:\[\033[1;34m\]\w\[\033[1;33m\]$(parse_git_branch)\[\033[0m\]$ /usr/bin/cmake --build /home/niraamay/isro_ros2_try/ros_ws/build/camera_feed_pub -- -j16 -l16
[5.228s] DEBUG:colcon.colcon_core.event_handler.log_command:Invoking command in '/home/niraamay/isro_ros2_try/ros_ws/build/camera_feed_pub': CMAKE_PREFIX_PATH=/home/niraamay/isro_ros2_try/ros_ws/src/install/py_img_sub:/opt/ros/humble PS1=\[\033[1;32m\]\u@\h\[\033[0m\]:\[\033[1;34m\]\w\[\033[1;33m\]$(parse_git_branch)\[\033[0m\]$ /usr/bin/cmake --install /home/niraamay/isro_ros2_try/ros_ws/build/camera_feed_pub
[5.234s] Level 1:colcon.colcon_core.environment:create_environment_scripts_only(camera_feed_pub)
[5.234s] Level 1:colcon.colcon_core.environment:checking '/home/niraamay/isro_ros2_try/ros_ws/install/camera_feed_pub' for CMake module files
[5.235s] DEBUG:colcon.colcon_core.event_handler.log_command:Invoked command in '/home/niraamay/isro_ros2_try/ros_ws/build/camera_feed_pub' returned '0': CMAKE_PREFIX_PATH=/home/niraamay/isro_ros2_try/ros_ws/src/install/py_img_sub:/opt/ros/humble PS1=\[\033[1;32m\]\u@\h\[\033[0m\]:\[\033[1;34m\]\w\[\033[1;33m\]$(parse_git_branch)\[\033[0m\]$ /usr/bin/cmake --install /home/niraamay/isro_ros2_try/ros_ws/build/camera_feed_pub
[5.235s] Level 1:colcon.colcon_core.environment:checking '/home/niraamay/isro_ros2_try/ros_ws/install/camera_feed_pub' for CMake config files
[5.235s] Level 1:colcon.colcon_core.shell:create_environment_hook('camera_feed_pub', 'cmake_prefix_path')
[5.235s] INFO:colcon.colcon_core.shell:Creating environment hook '/home/niraamay/isro_ros2_try/ros_ws/install/camera_feed_pub/share/camera_feed_pub/hook/cmake_prefix_path.ps1'
[5.235s] INFO:colcon.colcon_core.shell:Creating environment descriptor '/home/niraamay/isro_ros2_try/ros_ws/install/camera_feed_pub/share/camera_feed_pub/hook/cmake_prefix_path.dsv'
[5.235s] INFO:colcon.colcon_core.shell:Creating environment hook '/home/niraamay/isro_ros2_try/ros_ws/install/camera_feed_pub/share/camera_feed_pub/hook/cmake_prefix_path.sh'
[5.236s] Level 1:colcon.colcon_core.environment:checking '/home/niraamay/isro_ros2_try/ros_ws/install/camera_feed_pub/lib'
[5.236s] Level 1:colcon.colcon_core.environment:checking '/home/niraamay/isro_ros2_try/ros_ws/install/camera_feed_pub/bin'
[5.236s] Level 1:colcon.colcon_core.environment:checking '/home/niraamay/isro_ros2_try/ros_ws/install/camera_feed_pub/lib/pkgconfig/camera_feed_pub.pc'
[5.236s] Level 1:colcon.colcon_core.environment:checking '/home/niraamay/isro_ros2_try/ros_ws/install/camera_feed_pub/lib/python3.10/site-packages'
[5.236s] Level 1:colcon.colcon_core.environment:checking '/home/niraamay/isro_ros2_try/ros_ws/install/camera_feed_pub/bin'
[5.236s] INFO:colcon.colcon_core.shell:Creating package script '/home/niraamay/isro_ros2_try/ros_ws/install/camera_feed_pub/share/camera_feed_pub/package.ps1'
[5.236s] INFO:colcon.colcon_core.shell:Creating package descriptor '/home/niraamay/isro_ros2_try/ros_ws/install/camera_feed_pub/share/camera_feed_pub/package.dsv'
[5.237s] INFO:colcon.colcon_core.shell:Creating package script '/home/niraamay/isro_ros2_try/ros_ws/install/camera_feed_pub/share/camera_feed_pub/package.sh'
[5.237s] INFO:colcon.colcon_core.shell:Creating package script '/home/niraamay/isro_ros2_try/ros_ws/install/camera_feed_pub/share/camera_feed_pub/package.bash'
[5.237s] INFO:colcon.colcon_core.shell:Creating package script '/home/niraamay/isro_ros2_try/ros_ws/install/camera_feed_pub/share/camera_feed_pub/package.zsh'
[5.237s] Level 1:colcon.colcon_core.environment:create_file_with_runtime_dependencies(/home/niraamay/isro_ros2_try/ros_ws/install/camera_feed_pub/share/colcon-core/packages/camera_feed_pub)
[5.237s] Level 1:colcon.colcon_core.environment:create_environment_scripts_only(camera_feed_pub)
[5.238s] Level 1:colcon.colcon_core.environment:checking '/home/niraamay/isro_ros2_try/ros_ws/install/camera_feed_pub' for CMake module files
[5.238s] Level 1:colcon.colcon_core.environment:checking '/home/niraamay/isro_ros2_try/ros_ws/install/camera_feed_pub' for CMake config files
[5.238s] Level 1:colcon.colcon_core.shell:create_environment_hook('camera_feed_pub', 'cmake_prefix_path')
[5.238s] INFO:colcon.colcon_core.shell:Creating environment hook '/home/niraamay/isro_ros2_try/ros_ws/install/camera_feed_pub/share/camera_feed_pub/hook/cmake_prefix_path.ps1'
[5.238s] INFO:colcon.colcon_core.shell:Creating environment descriptor '/home/niraamay/isro_ros2_try/ros_ws/install/camera_feed_pub/share/camera_feed_pub/hook/cmake_prefix_path.dsv'
[5.238s] INFO:colcon.colcon_core.shell:Creating environment hook '/home/niraamay/isro_ros2_try/ros_ws/install/camera_feed_pub/share/camera_feed_pub/hook/cmake_prefix_path.sh'
[5.239s] Level 1:colcon.colcon_core.environment:checking '/home/niraamay/isro_ros2_try/ros_ws/install/camera_feed_pub/lib'
[5.239s] Level 1:colcon.colcon_core.environment:checking '/home/niraamay/isro_ros2_try/ros_ws/install/camera_feed_pub/bin'
[5.239s] Level 1:colcon.colcon_core.environment:checking '/home/niraamay/isro_ros2_try/ros_ws/install/camera_feed_pub/lib/pkgconfig/camera_feed_pub.pc'
[5.239s] Level 1:colcon.colcon_core.environment:checking '/home/niraamay/isro_ros2_try/ros_ws/install/camera_feed_pub/lib/python3.10/site-packages'
[5.239s] Level 1:colcon.colcon_core.environment:checking '/home/niraamay/isro_ros2_try/ros_ws/install/camera_feed_pub/bin'
[5.239s] INFO:colcon.colcon_core.shell:Creating package script '/home/niraamay/isro_ros2_try/ros_ws/install/camera_feed_pub/share/camera_feed_pub/package.ps1'
[5.239s] INFO:colcon.colcon_core.shell:Creating package descriptor '/home/niraamay/isro_ros2_try/ros_ws/install/camera_feed_pub/share/camera_feed_pub/package.dsv'
[5.240s] INFO:colcon.colcon_core.shell:Creating package script '/home/niraamay/isro_ros2_try/ros_ws/install/camera_feed_pub/share/camera_feed_pub/package.sh'
[5.240s] INFO:colcon.colcon_core.shell:Creating package script '/home/niraamay/isro_ros2_try/ros_ws/install/camera_feed_pub/share/camera_feed_pub/package.bash'
[5.240s] INFO:colcon.colcon_core.shell:Creating package script '/home/niraamay/isro_ros2_try/ros_ws/install/camera_feed_pub/share/camera_feed_pub/package.zsh'
[5.240s] Level 1:colcon.colcon_core.environment:create_file_with_runtime_dependencies(/home/niraamay/isro_ros2_try/ros_ws/install/camera_feed_pub/share/colcon-core/packages/camera_feed_pub)
[10.656s] DEBUG:colcon.colcon_core.event_handler.log_command:Invoked command in '/home/niraamay/isro_ros2_try/ros_ws/build/orbslam_pub' returned '0': CMAKE_PREFIX_PATH=/home/niraamay/isro_ros2_try/ros_ws/src/install/py_img_sub:/opt/ros/humble PS1=\[\033[1;32m\]\u@\h\[\033[0m\]:\[\033[1;34m\]\w\[\033[1;33m\]$(parse_git_branch)\[\033[0m\]$ /usr/bin/cmake --build /home/niraamay/isro_ros2_try/ros_ws/build/orbslam_pub -- -j16 -l16
[10.657s] DEBUG:colcon.colcon_core.event_handler.log_command:Invoking command in '/home/niraamay/isro_ros2_try/ros_ws/build/orbslam_pub': CMAKE_PREFIX_PATH=/home/niraamay/isro_ros2_try/ros_ws/src/install/py_img_sub:/opt/ros/humble PS1=\[\033[1;32m\]\u@\h\[\033[0m\]:\[\033[1;34m\]\w\[\033[1;33m\]$(parse_git_branch)\[\033[0m\]$ /usr/bin/cmake --install /home/niraamay/isro_ros2_try/ros_ws/build/orbslam_pub
[10.662s] Level 1:colcon.colcon_core.environment:create_environment_scripts_only(orbslam_pub)
[10.662s] Level 1:colcon.colcon_core.environment:checking '/home/niraamay/isro_ros2_try/ros_ws/install/orbslam_pub' for CMake module files
[10.662s] DEBUG:colcon.colcon_core.event_handler.log_command:Invoked command in '/home/niraamay/isro_ros2_try/ros_ws/build/orbslam_pub' returned '0': CMAKE_PREFIX_PATH=/home/niraamay/isro_ros2_try/ros_ws/src/install/py_img_sub:/opt/ros/humble PS1=\[\033[1;32m\]\u@\h\[\033[0m\]:\[\033[1;34m\]\w\[\033[1;33m\]$(parse_git_branch)\[\033[0m\]$ /usr/bin/cmake --install /home/niraamay/isro_ros2_try/ros_ws/build/orbslam_pub
[10.663s] Level 1:colcon.colcon_core.environment:checking '/home/niraamay/isro_ros2_try/ros_ws/install/orbslam_pub' for CMake config files
[10.663s] Level 1:colcon.colcon_core.shell:create_environment_hook('orbslam_pub', 'cmake_prefix_path')
[10.663s] INFO:colcon.colcon_core.shell:Creating environment hook '/home/niraamay/isro_ros2_try/ros_ws/install/orbslam_pub/share/orbslam_pub/hook/cmake_prefix_path.ps1'
[10.663s] INFO:colcon.colcon_core.shell:Creating environment descriptor '/home/niraamay/isro_ros2_try/ros_ws/install/orbslam_pub/share/orbslam_pub/hook/cmake_prefix_path.dsv'
[10.663s] INFO:colcon.colcon_core.shell:Creating environment hook '/home/niraamay/isro_ros2_try/ros_ws/install/orbslam_pub/share/orbslam_pub/hook/cmake_prefix_path.sh'
[10.664s] Level 1:colcon.colcon_core.environment:checking '/home/niraamay/isro_ros2_try/ros_ws/install/orbslam_pub/lib'
[10.664s] Level 1:colcon.colcon_core.environment:checking '/home/niraamay/isro_ros2_try/ros_ws/install/orbslam_pub/bin'
[10.664s] Level 1:colcon.colcon_core.environment:checking '/home/niraamay/isro_ros2_try/ros_ws/install/orbslam_pub/lib/pkgconfig/orbslam_pub.pc'
[10.664s] Level 1:colcon.colcon_core.environment:checking '/home/niraamay/isro_ros2_try/ros_ws/install/orbslam_pub/lib/python3.10/site-packages'
[10.664s] Level 1:colcon.colcon_core.environment:checking '/home/niraamay/isro_ros2_try/ros_ws/install/orbslam_pub/bin'
[10.664s] INFO:colcon.colcon_core.shell:Creating package script '/home/niraamay/isro_ros2_try/ros_ws/install/orbslam_pub/share/orbslam_pub/package.ps1'
[10.664s] INFO:colcon.colcon_core.shell:Creating package descriptor '/home/niraamay/isro_ros2_try/ros_ws/install/orbslam_pub/share/orbslam_pub/package.dsv'
[10.664s] INFO:colcon.colcon_core.shell:Creating package script '/home/niraamay/isro_ros2_try/ros_ws/install/orbslam_pub/share/orbslam_pub/package.sh'
[10.665s] INFO:colcon.colcon_core.shell:Creating package script '/home/niraamay/isro_ros2_try/ros_ws/install/orbslam_pub/share/orbslam_pub/package.bash'
[10.665s] INFO:colcon.colcon_core.shell:Creating package script '/home/niraamay/isro_ros2_try/ros_ws/install/orbslam_pub/share/orbslam_pub/package.zsh'
[10.665s] Level 1:colcon.colcon_core.environment:create_file_with_runtime_dependencies(/home/niraamay/isro_ros2_try/ros_ws/install/orbslam_pub/share/colcon-core/packages/orbslam_pub)
[10.665s] Level 1:colcon.colcon_core.environment:create_environment_scripts_only(orbslam_pub)
[10.665s] Level 1:colcon.colcon_core.environment:checking '/home/niraamay/isro_ros2_try/ros_ws/install/orbslam_pub' for CMake module files
[10.665s] Level 1:colcon.colcon_core.environment:checking '/home/niraamay/isro_ros2_try/ros_ws/install/orbslam_pub' for CMake config files
[10.666s] Level 1:colcon.colcon_core.shell:create_environment_hook('orbslam_pub', 'cmake_prefix_path')
[10.666s] INFO:colcon.colcon_core.shell:Creating environment hook '/home/niraamay/isro_ros2_try/ros_ws/install/orbslam_pub/share/orbslam_pub/hook/cmake_prefix_path.ps1'
[10.666s] INFO:colcon.colcon_core.shell:Creating environment descriptor '/home/niraamay/isro_ros2_try/ros_ws/install/orbslam_pub/share/orbslam_pub/hook/cmake_prefix_path.dsv'
[10.666s] INFO:colcon.colcon_core.shell:Creating environment hook '/home/niraamay/isro_ros2_try/ros_ws/install/orbslam_pub/share/orbslam_pub/hook/cmake_prefix_path.sh'
[10.666s] Level 1:colcon.colcon_core.environment:checking '/home/niraamay/isro_ros2_try/ros_ws/install/orbslam_pub/lib'
[10.666s] Level 1:colcon.colcon_core.environment:checking '/home/niraamay/isro_ros2_try/ros_ws/install/orbslam_pub/bin'
[10.666s] Level 1:colcon.colcon_core.environment:checking '/home/niraamay/isro_ros2_try/ros_ws/install/orbslam_pub/lib/pkgconfig/orbslam_pub.pc'
[10.666s] Level 1:colcon.colcon_core.environment:checking '/home/niraamay/isro_ros2_try/ros_ws/install/orbslam_pub/lib/python3.10/site-packages'
[10.667s] Level 1:colcon.colcon_core.environment:checking '/home/niraamay/isro_ros2_try/ros_ws/install/orbslam_pub/bin'
[10.667s] INFO:colcon.colcon_core.shell:Creating package script '/home/niraamay/isro_ros2_try/ros_ws/install/orbslam_pub/share/orbslam_pub/package.ps1'
[10.667s] INFO:colcon.colcon_core.shell:Creating package descriptor '/home/niraamay/isro_ros2_try/ros_ws/install/orbslam_pub/share/orbslam_pub/package.dsv'
[10.667s] INFO:colcon.colcon_core.shell:Creating package script '/home/niraamay/isro_ros2_try/ros_ws/install/orbslam_pub/share/orbslam_pub/package.sh'
[10.667s] INFO:colcon.colcon_core.shell:Creating package script '/home/niraamay/isro_ros2_try/ros_ws/install/orbslam_pub/share/orbslam_pub/package.bash'
[10.668s] INFO:colcon.colcon_core.shell:Creating package script '/home/niraamay/isro_ros2_try/ros_ws/install/orbslam_pub/share/orbslam_pub/package.zsh'
[10.668s] Level 1:colcon.colcon_core.environment:create_file_with_runtime_dependencies(/home/niraamay/isro_ros2_try/ros_ws/install/orbslam_pub/share/colcon-core/packages/orbslam_pub)
[10.668s] DEBUG:colcon.colcon_parallel_executor.executor.parallel:closing loop
[10.668s] DEBUG:colcon.colcon_parallel_executor.executor.parallel:loop closed
[10.668s] DEBUG:colcon.colcon_parallel_executor.executor.parallel:run_until_complete finished with '0'
[10.668s] DEBUG:colcon.colcon_core.event_reactor:joining thread
[10.671s] INFO:colcon.colcon_core.plugin_system:Skipping extension 'colcon_notification.desktop_notification.terminal_notifier': Not used on non-Darwin systems
[10.672s] INFO:colcon.colcon_core.plugin_system:Skipping extension 'colcon_notification.desktop_notification.win32': Not used on non-Windows systems
[10.672s] INFO:colcon.colcon_notification.desktop_notification:Sending desktop notification using 'notify2'
[10.674s] DEBUG:colcon.colcon_core.event_reactor:joined thread
[10.674s] INFO:colcon.colcon_core.shell:Creating prefix script '/home/niraamay/isro_ros2_try/ros_ws/install/local_setup.ps1'
[10.674s] INFO:colcon.colcon_core.shell:Creating prefix util module '/home/niraamay/isro_ros2_try/ros_ws/install/_local_setup_util_ps1.py'
[10.675s] INFO:colcon.colcon_core.shell:Creating prefix chain script '/home/niraamay/isro_ros2_try/ros_ws/install/setup.ps1'
[10.675s] INFO:colcon.colcon_core.shell:Creating prefix script '/home/niraamay/isro_ros2_try/ros_ws/install/local_setup.sh'
[10.676s] INFO:colcon.colcon_core.shell:Creating prefix util module '/home/niraamay/isro_ros2_try/ros_ws/install/_local_setup_util_sh.py'
[10.676s] INFO:colcon.colcon_core.shell:Creating prefix chain script '/home/niraamay/isro_ros2_try/ros_ws/install/setup.sh'
[10.676s] INFO:colcon.colcon_core.shell:Creating prefix script '/home/niraamay/isro_ros2_try/ros_ws/install/local_setup.bash'
[10.677s] INFO:colcon.colcon_core.shell:Creating prefix chain script '/home/niraamay/isro_ros2_try/ros_ws/install/setup.bash'
[10.677s] INFO:colcon.colcon_core.shell:Creating prefix script '/home/niraamay/isro_ros2_try/ros_ws/install/local_setup.zsh'
[10.677s] INFO:colcon.colcon_core.shell:Creating prefix chain script '/home/niraamay/isro_ros2_try/ros_ws/install/setup.zsh'
