[0.309s] Invoking command in '/home/niraamay/isro/ros2_try/isro_ws/build/orbslam_pub': CMAKE_PREFIX_PATH=${CMAKE_PREFIX_PATH}:/home/niraamay/isro/ros2_try/isro_ws/install/camera_pub:/opt/ros/humble /usr/bin/cmake --build /home/niraamay/isro/ros2_try/isro_ws/build/orbslam_pub -- -j16 -l16
[0.335s] -- Found ament_cmake: 1.3.11 (/opt/ros/humble/share/ament_cmake/cmake)
[0.465s] -- Found rclcpp: 16.0.11 (/opt/ros/humble/share/rclcpp/cmake)
[0.499s] -- Found rosidl_generator_c: 3.1.6 (/opt/ros/humble/share/rosidl_generator_c/cmake)
[0.502s] -- Found rosidl_adapter: 3.1.6 (/opt/ros/humble/share/rosidl_adapter/cmake)
[0.508s] -- Found rosidl_generator_cpp: 3.1.6 (/opt/ros/humble/share/rosidl_generator_cpp/cmake)
[0.521s] -- Using all available rosidl_typesupport_c: rosidl_typesupport_fastrtps_c;rosidl_typesupport_introspection_c
[0.537s] -- Using all available rosidl_typesupport_cpp: rosidl_typesupport_fastrtps_cpp;rosidl_typesupport_introspection_cpp
[0.571s] -- Found rmw_implementation_cmake: 6.1.2 (/opt/ros/humble/share/rmw_implementation_cmake/cmake)
[0.573s] -- Found rmw_fastrtps_cpp: 6.2.7 (/opt/ros/humble/share/rmw_fastrtps_cpp/cmake)
[0.651s] -- Using RMW implementation 'rmw_fastrtps_cpp' as default
[0.703s] -- Found sensor_msgs: 4.2.4 (/opt/ros/humble/share/sensor_msgs/cmake)
[0.731s] -- Found cv_bridge: 3.2.1 (/opt/ros/humble/share/cv_bridge/cmake)
[0.742s] -- Found image_transport: 3.1.11 (/opt/ros/humble/share/image_transport/cmake)
[0.822s] -- Configuring done
[0.833s] -- Generating done
[0.836s] -- Build files have been written to: /home/niraamay/isro/ros2_try/isro_ws/build/orbslam_pub
[0.854s] [35m[1mConsolidate compiler generated dependencies of target getpose[0m
[0.872s] [ 50%] [32mBuilding CXX object CMakeFiles/getpose.dir/src/orbslam_getpose.cpp.o[0m
[11.852s] [100%] [32m[1mLinking CXX executable getpose[0m
[12.578s] [100%] Built target getpose
[12.587s] Invoked command in '/home/niraamay/isro/ros2_try/isro_ws/build/orbslam_pub' returned '0': CMAKE_PREFIX_PATH=${CMAKE_PREFIX_PATH}:/home/niraamay/isro/ros2_try/isro_ws/install/camera_pub:/opt/ros/humble /usr/bin/cmake --build /home/niraamay/isro/ros2_try/isro_ws/build/orbslam_pub -- -j16 -l16
[12.589s] Invoking command in '/home/niraamay/isro/ros2_try/isro_ws/build/orbslam_pub': CMAKE_PREFIX_PATH=${CMAKE_PREFIX_PATH}:/home/niraamay/isro/ros2_try/isro_ws/install/camera_pub:/opt/ros/humble /usr/bin/cmake --install /home/niraamay/isro/ros2_try/isro_ws/build/orbslam_pub
[12.595s] -- Install configuration: ""
[12.595s] -- Installing: /home/niraamay/isro/ros2_try/isro_ws/install/orbslam_pub/lib/orbslam_pub/getpose
[12.596s] -- Up-to-date: /home/niraamay/isro/ros2_try/isro_ws/install/orbslam_pub/share/ament_index/resource_index/package_run_dependencies/orbslam_pub
[12.596s] -- Installing: /home/niraamay/isro/ros2_try/isro_ws/install/orbslam_pub/share/ament_index/resource_index/parent_prefix_path/orbslam_pub
[12.596s] -- Up-to-date: /home/niraamay/isro/ros2_try/isro_ws/install/orbslam_pub/share/orbslam_pub/environment/ament_prefix_path.sh
[12.596s] -- Installing: /home/niraamay/isro/ros2_try/isro_ws/install/orbslam_pub/share/orbslam_pub/environment/ament_prefix_path.dsv
[12.596s] -- Up-to-date: /home/niraamay/isro/ros2_try/isro_ws/install/orbslam_pub/share/orbslam_pub/environment/path.sh
[12.596s] -- Installing: /home/niraamay/isro/ros2_try/isro_ws/install/orbslam_pub/share/orbslam_pub/environment/path.dsv
[12.596s] -- Up-to-date: /home/niraamay/isro/ros2_try/isro_ws/install/orbslam_pub/share/orbslam_pub/local_setup.bash
[12.596s] -- Up-to-date: /home/niraamay/isro/ros2_try/isro_ws/install/orbslam_pub/share/orbslam_pub/local_setup.sh
[12.596s] -- Up-to-date: /home/niraamay/isro/ros2_try/isro_ws/install/orbslam_pub/share/orbslam_pub/local_setup.zsh
[12.596s] -- Installing: /home/niraamay/isro/ros2_try/isro_ws/install/orbslam_pub/share/orbslam_pub/local_setup.dsv
[12.596s] -- Installing: /home/niraamay/isro/ros2_try/isro_ws/install/orbslam_pub/share/orbslam_pub/package.dsv
[12.596s] -- Up-to-date: /home/niraamay/isro/ros2_try/isro_ws/install/orbslam_pub/share/ament_index/resource_index/packages/orbslam_pub
[12.596s] -- Up-to-date: /home/niraamay/isro/ros2_try/isro_ws/install/orbslam_pub/share/orbslam_pub/cmake/orbslam_pubConfig.cmake
[12.596s] -- Up-to-date: /home/niraamay/isro/ros2_try/isro_ws/install/orbslam_pub/share/orbslam_pub/cmake/orbslam_pubConfig-version.cmake
[12.597s] -- Up-to-date: /home/niraamay/isro/ros2_try/isro_ws/install/orbslam_pub/share/orbslam_pub/package.xml
[12.599s] Invoked command in '/home/niraamay/isro/ros2_try/isro_ws/build/orbslam_pub' returned '0': CMAKE_PREFIX_PATH=${CMAKE_PREFIX_PATH}:/home/niraamay/isro/ros2_try/isro_ws/install/camera_pub:/opt/ros/humble /usr/bin/cmake --install /home/niraamay/isro/ros2_try/isro_ws/build/orbslam_pub
