[0.612s] Invoking command in '/home/niraamay/isro_ros2_try/ros2_try/isro_ws/src/camera_pub': PYTHONPATH=/home/niraamay/isro_ros2_try/ros2_try/isro_ws/build/camera_pub/prefix_override:/usr/lib/python3/dist-packages/colcon_core/task/python/colcon_distutils_commands:/home/niraamay/isro_ros2_try/ros2_try/isro_ws/install/camera_pub/lib/python3.10/site-packages:${PYTHONPATH} /usr/bin/python3 -W ignore:setup.py install is deprecated -W ignore:easy_install command is deprecated setup.py egg_info --egg-base ../../build/camera_pub build --build-base /home/niraamay/isro_ros2_try/ros2_try/isro_ws/build/camera_pub/build install --record /home/niraamay/isro_ros2_try/ros2_try/isro_ws/build/camera_pub/install.log --single-version-externally-managed install_data
[0.850s] running egg_info
[0.850s] creating ../../build/camera_pub/camera_pub.egg-info
[0.850s] writing ../../build/camera_pub/camera_pub.egg-info/PKG-INFO
[0.850s] writing dependency_links to ../../build/camera_pub/camera_pub.egg-info/dependency_links.txt
[0.851s] writing entry points to ../../build/camera_pub/camera_pub.egg-info/entry_points.txt
[0.851s] writing requirements to ../../build/camera_pub/camera_pub.egg-info/requires.txt
[0.851s] writing top-level names to ../../build/camera_pub/camera_pub.egg-info/top_level.txt
[0.851s] writing manifest file '../../build/camera_pub/camera_pub.egg-info/SOURCES.txt'
[0.852s] reading manifest file '../../build/camera_pub/camera_pub.egg-info/SOURCES.txt'
[0.852s] adding license file 'LICENSE'
[0.853s] writing manifest file '../../build/camera_pub/camera_pub.egg-info/SOURCES.txt'
[0.853s] running build
[0.853s] running build_py
[0.853s] creating /home/niraamay/isro_ros2_try/ros2_try/isro_ws/build/camera_pub/build
[0.854s] creating /home/niraamay/isro_ros2_try/ros2_try/isro_ws/build/camera_pub/build/lib
[0.854s] creating /home/niraamay/isro_ros2_try/ros2_try/isro_ws/build/camera_pub/build/lib/camera_pub
[0.854s] copying camera_pub/__init__.py -> /home/niraamay/isro_ros2_try/ros2_try/isro_ws/build/camera_pub/build/lib/camera_pub
[0.854s] copying camera_pub/camera_pub.py -> /home/niraamay/isro_ros2_try/ros2_try/isro_ws/build/camera_pub/build/lib/camera_pub
[0.854s] running install
[0.854s] running install_lib
[0.855s] running install_data
[0.855s] running install_egg_info
[0.857s] removing '/home/niraamay/isro_ros2_try/ros2_try/isro_ws/install/camera_pub/lib/python3.10/site-packages/camera_pub-0.0.0-py3.10.egg-info' (and everything under it)
[0.857s] Copying ../../build/camera_pub/camera_pub.egg-info to /home/niraamay/isro_ros2_try/ros2_try/isro_ws/install/camera_pub/lib/python3.10/site-packages/camera_pub-0.0.0-py3.10.egg-info
[0.858s] running install_scripts
[0.878s] Installing camera script to /home/niraamay/isro_ros2_try/ros2_try/isro_ws/install/camera_pub/lib/camera_pub
[0.878s] writing list of installed files to '/home/niraamay/isro_ros2_try/ros2_try/isro_ws/build/camera_pub/install.log'
[0.902s] Invoked command in '/home/niraamay/isro_ros2_try/ros2_try/isro_ws/src/camera_pub' returned '0': PYTHONPATH=/home/niraamay/isro_ros2_try/ros2_try/isro_ws/build/camera_pub/prefix_override:/usr/lib/python3/dist-packages/colcon_core/task/python/colcon_distutils_commands:/home/niraamay/isro_ros2_try/ros2_try/isro_ws/install/camera_pub/lib/python3.10/site-packages:${PYTHONPATH} /usr/bin/python3 -W ignore:setup.py install is deprecated -W ignore:easy_install command is deprecated setup.py egg_info --egg-base ../../build/camera_pub build --build-base /home/niraamay/isro_ros2_try/ros2_try/isro_ws/build/camera_pub/build install --record /home/niraamay/isro_ros2_try/ros2_try/isro_ws/build/camera_pub/install.log --single-version-externally-managed install_data
