[0.012s] Invoking command in '/home/niraamay/isro/ros2_try/isro_ws/build/camera_feed_pub': CMAKE_PREFIX_PATH=${CMAKE_PREFIX_PATH}:/home/niraamay/isro/ros2_try/isro_ws/install/camera_pub:/opt/ros/humble /usr/bin/cmake --build /home/niraamay/isro/ros2_try/isro_ws/build/camera_feed_pub -- -j16 -l16
[0.062s] [35m[1mConsolidate compiler generated dependencies of target camera_feed_pub[0m
[0.095s] [ 50%] [32mBuilding CXX object CMakeFiles/camera_feed_pub.dir/src/camera_feed_pub.cpp.o[0m
[3.220s] [01m[K/home/niraamay/isro/ros2_try/isro_ws/src/camera_feed_pub/src/camera_feed_pub.cpp:[m[K In member function ‘[01m[Kvoid CameraFeedPublisher::init()[m[K’:
[3.221s] [01m[K/home/niraamay/isro/ros2_try/isro_ws/src/camera_feed_pub/src/camera_feed_pub.cpp:24:82:[m[K [01;31m[Kerror: [m[Kreference to ‘[01m[Kshared_from_this[m[K’ is ambiguous
[3.221s]    24 |             image_transport_ = std::make_shared<image_transport::ImageTransport>([01;31m[Kshared_from_this[m[K());
[3.221s]       |                                                                                  [01;31m[K^~~~~~~~~~~~~~~~[m[K
[3.221s] In file included from [01m[K/usr/include/c++/11/memory:77[m[K,
[3.221s]                  from [01m[K/opt/ros/humble/include/rclcpp/rclcpp/rclcpp.hpp:153[m[K,
[3.221s]                  from [01m[K/home/niraamay/isro/ros2_try/isro_ws/src/camera_feed_pub/src/camera_feed_pub.cpp:3[m[K:
[3.221s] [01m[K/usr/include/c++/11/bits/shared_ptr.h:811:7:[m[K [01;36m[Knote: [m[Kcandidates are: ‘[01m[Kstd::shared_ptr<const _Tp> std::enable_shared_from_this<_Tp>::shared_from_this() const [with _Tp = CameraFeedPublisher][m[K’
[3.221s]   811 |       [01;36m[Kshared_from_this[m[K() const
[3.221s]       |       [01;36m[K^~~~~~~~~~~~~~~~[m[K
[3.221s] [01m[K/usr/include/c++/11/bits/shared_ptr.h:807:7:[m[K [01;36m[Knote: [m[K                ‘[01m[Kstd::shared_ptr<_Tp> std::enable_shared_from_this<_Tp>::shared_from_this() [with _Tp = CameraFeedPublisher][m[K’
[3.221s]   807 |       [01;36m[Kshared_from_this[m[K()
[3.222s]       |       [01;36m[K^~~~~~~~~~~~~~~~[m[K
[3.222s] [01m[K/usr/include/c++/11/bits/shared_ptr.h:811:7:[m[K [01;36m[Knote: [m[K                ‘[01m[Kstd::shared_ptr<const _Tp> std::enable_shared_from_this<_Tp>::shared_from_this() const [with _Tp = rclcpp::Node][m[K’
[3.222s]   811 |       [01;36m[Kshared_from_this[m[K() const
[3.222s]       |       [01;36m[K^~~~~~~~~~~~~~~~[m[K
[3.222s] [01m[K/usr/include/c++/11/bits/shared_ptr.h:807:7:[m[K [01;36m[Knote: [m[K                ‘[01m[Kstd::shared_ptr<_Tp> std::enable_shared_from_this<_Tp>::shared_from_this() [with _Tp = rclcpp::Node][m[K’
[3.222s]   807 |       [01;36m[Kshared_from_this[m[K()
[3.222s]       |       [01;36m[K^~~~~~~~~~~~~~~~[m[K
[4.530s] gmake[2]: *** [CMakeFiles/camera_feed_pub.dir/build.make:76: CMakeFiles/camera_feed_pub.dir/src/camera_feed_pub.cpp.o] Error 1
[4.530s] gmake[1]: *** [CMakeFiles/Makefile2:137: CMakeFiles/camera_feed_pub.dir/all] Error 2
[4.530s] gmake: *** [Makefile:146: all] Error 2
[4.533s] Invoked command in '/home/niraamay/isro/ros2_try/isro_ws/build/camera_feed_pub' returned '2': CMAKE_PREFIX_PATH=${CMAKE_PREFIX_PATH}:/home/niraamay/isro/ros2_try/isro_ws/install/camera_pub:/opt/ros/humble /usr/bin/cmake --build /home/niraamay/isro/ros2_try/isro_ws/build/camera_feed_pub -- -j16 -l16
