[0.022s] Invoking command in '/home/niraamay/isro/ros2_try/isro_ws/build/camera_feed_pub': CMAKE_PREFIX_PATH=/opt/ros/humble /usr/bin/cmake --build /home/niraamay/isro/ros2_try/isro_ws/build/camera_feed_pub -- -j16 -l16
[0.299s] [35m[1mConsolidate compiler generated dependencies of target camera_feed_pub[0m
[0.300s] [ 50%] [32mBuilding CXX object CMakeFiles/camera_feed_pub.dir/src/camera_feed_pub.cpp.o[0m
[4.289s] [100%] [32m[1mLinking CXX executable camera_feed_pub[0m
[4.575s] [100%] Built target camera_feed_pub
[4.586s] Invoked command in '/home/niraamay/isro/ros2_try/isro_ws/build/camera_feed_pub' returned '0': CMAKE_PREFIX_PATH=/opt/ros/humble /usr/bin/cmake --build /home/niraamay/isro/ros2_try/isro_ws/build/camera_feed_pub -- -j16 -l16
[4.587s] Invoking command in '/home/niraamay/isro/ros2_try/isro_ws/build/camera_feed_pub': CMAKE_PREFIX_PATH=/opt/ros/humble /usr/bin/cmake --install /home/niraamay/isro/ros2_try/isro_ws/build/camera_feed_pub
[4.591s] -- Install configuration: ""
[4.591s] -- Installing: /home/niraamay/isro/ros2_try/isro_ws/install/camera_feed_pub/lib/camera_feed_pub/camera_feed_pub
[4.591s] -- Set runtime path of "/home/niraamay/isro/ros2_try/isro_ws/install/camera_feed_pub/lib/camera_feed_pub/camera_feed_pub" to ""
[4.591s] -- Up-to-date: /home/niraamay/isro/ros2_try/isro_ws/install/camera_feed_pub/share/ament_index/resource_index/package_run_dependencies/camera_feed_pub
[4.591s] -- Up-to-date: /home/niraamay/isro/ros2_try/isro_ws/install/camera_feed_pub/share/ament_index/resource_index/parent_prefix_path/camera_feed_pub
[4.591s] -- Up-to-date: /home/niraamay/isro/ros2_try/isro_ws/install/camera_feed_pub/share/camera_feed_pub/environment/ament_prefix_path.sh
[4.591s] -- Up-to-date: /home/niraamay/isro/ros2_try/isro_ws/install/camera_feed_pub/share/camera_feed_pub/environment/ament_prefix_path.dsv
[4.591s] -- Up-to-date: /home/niraamay/isro/ros2_try/isro_ws/install/camera_feed_pub/share/camera_feed_pub/environment/path.sh
[4.592s] -- Up-to-date: /home/niraamay/isro/ros2_try/isro_ws/install/camera_feed_pub/share/camera_feed_pub/environment/path.dsv
[4.592s] -- Up-to-date: /home/niraamay/isro/ros2_try/isro_ws/install/camera_feed_pub/share/camera_feed_pub/local_setup.bash
[4.592s] -- Up-to-date: /home/niraamay/isro/ros2_try/isro_ws/install/camera_feed_pub/share/camera_feed_pub/local_setup.sh
[4.592s] -- Up-to-date: /home/niraamay/isro/ros2_try/isro_ws/install/camera_feed_pub/share/camera_feed_pub/local_setup.zsh
[4.592s] -- Up-to-date: /home/niraamay/isro/ros2_try/isro_ws/install/camera_feed_pub/share/camera_feed_pub/local_setup.dsv
[4.592s] -- Installing: /home/niraamay/isro/ros2_try/isro_ws/install/camera_feed_pub/share/camera_feed_pub/package.dsv
[4.592s] -- Up-to-date: /home/niraamay/isro/ros2_try/isro_ws/install/camera_feed_pub/share/ament_index/resource_index/packages/camera_feed_pub
[4.592s] -- Up-to-date: /home/niraamay/isro/ros2_try/isro_ws/install/camera_feed_pub/share/camera_feed_pub/cmake/camera_feed_pubConfig.cmake
[4.592s] -- Up-to-date: /home/niraamay/isro/ros2_try/isro_ws/install/camera_feed_pub/share/camera_feed_pub/cmake/camera_feed_pubConfig-version.cmake
[4.592s] -- Up-to-date: /home/niraamay/isro/ros2_try/isro_ws/install/camera_feed_pub/share/camera_feed_pub/package.xml
[4.593s] Invoked command in '/home/niraamay/isro/ros2_try/isro_ws/build/camera_feed_pub' returned '0': CMAKE_PREFIX_PATH=/opt/ros/humble /usr/bin/cmake --install /home/niraamay/isro/ros2_try/isro_ws/build/camera_feed_pub
