[0.110s] DEBUG:colcon:Command line arguments: ['/usr/bin/colcon', 'build']
[0.110s] DEBUG:colcon:Parsed command line arguments: Namespace(log_base=None, log_level=None, verb_name='build', build_base='build', install_base='install', merge_install=False, symlink_install=False, test_result_base=None, continue_on_error=False, executor='parallel', parallel_workers=16, event_handlers=None, ignore_user_meta=False, metas=['./colcon.meta'], base_paths=['.'], packages_ignore=None, packages_ignore_regex=None, paths=None, packages_up_to=None, packages_up_to_regex=None, packages_above=None, packages_above_and_dependencies=None, packages_above_depth=None, packages_select_by_dep=None, packages_skip_by_dep=None, packages_skip_up_to=None, packages_select_build_failed=False, packages_skip_build_finished=False, packages_select_test_failures=False, packages_skip_test_passed=False, packages_select=None, packages_skip=None, packages_select_regex=None, packages_skip_regex=None, packages_start=None, packages_end=None, allow_overriding=[], cmake_args=None, cmake_target=None, cmake_target_skip_unavailable=False, cmake_clean_cache=False, cmake_clean_first=False, cmake_force_configure=False, ament_cmake_args=None, catkin_cmake_args=None, catkin_skip_building_tests=False, verb_parser=<colcon_defaults.argument_parser.defaults.DefaultArgumentsDecorator object at 0x7f2aeec64b80>, verb_extension=<colcon_core.verb.build.BuildVerb object at 0x7f2aeec64730>, main=<bound method BuildVerb.main of <colcon_core.verb.build.BuildVerb object at 0x7f2aeec64730>>)
[0.295s] Level 1:colcon.colcon_core.package_discovery:discover_packages(colcon_meta) check parameters
[0.295s] Level 1:colcon.colcon_core.package_discovery:discover_packages(recursive) check parameters
[0.295s] Level 1:colcon.colcon_core.package_discovery:discover_packages(ignore) check parameters
[0.296s] Level 1:colcon.colcon_core.package_discovery:discover_packages(path) check parameters
[0.296s] Level 1:colcon.colcon_core.package_discovery:discover_packages(colcon_meta) discover
[0.296s] Level 1:colcon.colcon_core.package_discovery:discover_packages(recursive) discover
[0.296s] INFO:colcon.colcon_core.package_discovery:Crawling recursively for packages in '/home/niraamay/isro/ros2_try/isro_ws'
[0.296s] Level 1:colcon.colcon_core.package_identification:_identify(.) by extensions ['ignore', 'ignore_ament_install']
[0.296s] Level 1:colcon.colcon_core.package_identification:_identify(.) by extension 'ignore'
[0.296s] Level 1:colcon.colcon_core.package_identification:_identify(.) by extension 'ignore_ament_install'
[0.296s] Level 1:colcon.colcon_core.package_identification:_identify(.) by extensions ['colcon_pkg']
[0.296s] Level 1:colcon.colcon_core.package_identification:_identify(.) by extension 'colcon_pkg'
[0.296s] Level 1:colcon.colcon_core.package_identification:_identify(.) by extensions ['colcon_meta']
[0.296s] Level 1:colcon.colcon_core.package_identification:_identify(.) by extension 'colcon_meta'
[0.296s] Level 1:colcon.colcon_core.package_identification:_identify(.) by extensions ['ros']
[0.296s] Level 1:colcon.colcon_core.package_identification:_identify(.) by extension 'ros'
[0.308s] Level 1:colcon.colcon_core.package_identification:_identify(.) by extensions ['cmake', 'python']
[0.308s] Level 1:colcon.colcon_core.package_identification:_identify(.) by extension 'cmake'
[0.308s] Level 1:colcon.colcon_core.package_identification:_identify(.) by extension 'python'
[0.308s] Level 1:colcon.colcon_core.package_identification:_identify(.) by extensions ['python_setup_py']
[0.308s] Level 1:colcon.colcon_core.package_identification:_identify(.) by extension 'python_setup_py'
[0.308s] Level 1:colcon.colcon_core.package_identification:_identify(build) by extensions ['ignore', 'ignore_ament_install']
[0.308s] Level 1:colcon.colcon_core.package_identification:_identify(build) by extension 'ignore'
[0.308s] Level 1:colcon.colcon_core.package_identification:_identify(build) ignored
[0.309s] Level 1:colcon.colcon_core.package_identification:_identify(install) by extensions ['ignore', 'ignore_ament_install']
[0.309s] Level 1:colcon.colcon_core.package_identification:_identify(install) by extension 'ignore'
[0.309s] Level 1:colcon.colcon_core.package_identification:_identify(install) ignored
[0.309s] Level 1:colcon.colcon_core.package_identification:_identify(log) by extensions ['ignore', 'ignore_ament_install']
[0.309s] Level 1:colcon.colcon_core.package_identification:_identify(log) by extension 'ignore'
[0.309s] Level 1:colcon.colcon_core.package_identification:_identify(log) ignored
[0.309s] Level 1:colcon.colcon_core.package_identification:_identify(src) by extensions ['ignore', 'ignore_ament_install']
[0.309s] Level 1:colcon.colcon_core.package_identification:_identify(src) by extension 'ignore'
[0.309s] Level 1:colcon.colcon_core.package_identification:_identify(src) by extension 'ignore_ament_install'
[0.309s] Level 1:colcon.colcon_core.package_identification:_identify(src) by extensions ['colcon_pkg']
[0.309s] Level 1:colcon.colcon_core.package_identification:_identify(src) by extension 'colcon_pkg'
[0.309s] Level 1:colcon.colcon_core.package_identification:_identify(src) by extensions ['colcon_meta']
[0.309s] Level 1:colcon.colcon_core.package_identification:_identify(src) by extension 'colcon_meta'
[0.309s] Level 1:colcon.colcon_core.package_identification:_identify(src) by extensions ['ros']
[0.309s] Level 1:colcon.colcon_core.package_identification:_identify(src) by extension 'ros'
[0.309s] Level 1:colcon.colcon_core.package_identification:_identify(src) by extensions ['cmake', 'python']
[0.309s] Level 1:colcon.colcon_core.package_identification:_identify(src) by extension 'cmake'
[0.309s] Level 1:colcon.colcon_core.package_identification:_identify(src) by extension 'python'
[0.310s] Level 1:colcon.colcon_core.package_identification:_identify(src) by extensions ['python_setup_py']
[0.310s] Level 1:colcon.colcon_core.package_identification:_identify(src) by extension 'python_setup_py'
[0.310s] Level 1:colcon.colcon_core.package_identification:_identify(src/camera_feed_pub) by extensions ['ignore', 'ignore_ament_install']
[0.310s] Level 1:colcon.colcon_core.package_identification:_identify(src/camera_feed_pub) by extension 'ignore'
[0.310s] Level 1:colcon.colcon_core.package_identification:_identify(src/camera_feed_pub) by extension 'ignore_ament_install'
[0.310s] Level 1:colcon.colcon_core.package_identification:_identify(src/camera_feed_pub) by extensions ['colcon_pkg']
[0.310s] Level 1:colcon.colcon_core.package_identification:_identify(src/camera_feed_pub) by extension 'colcon_pkg'
[0.310s] Level 1:colcon.colcon_core.package_identification:_identify(src/camera_feed_pub) by extensions ['colcon_meta']
[0.310s] Level 1:colcon.colcon_core.package_identification:_identify(src/camera_feed_pub) by extension 'colcon_meta'
[0.310s] Level 1:colcon.colcon_core.package_identification:_identify(src/camera_feed_pub) by extensions ['ros']
[0.310s] Level 1:colcon.colcon_core.package_identification:_identify(src/camera_feed_pub) by extension 'ros'
[0.313s] DEBUG:colcon.colcon_core.package_identification:Package 'src/camera_feed_pub' with type 'ros.ament_cmake' and name 'camera_feed_pub'
[0.313s] Level 1:colcon.colcon_core.package_identification:_identify(src/camera_pub) by extensions ['ignore', 'ignore_ament_install']
[0.313s] Level 1:colcon.colcon_core.package_identification:_identify(src/camera_pub) by extension 'ignore'
[0.313s] Level 1:colcon.colcon_core.package_identification:_identify(src/camera_pub) by extension 'ignore_ament_install'
[0.313s] Level 1:colcon.colcon_core.package_identification:_identify(src/camera_pub) by extensions ['colcon_pkg']
[0.313s] Level 1:colcon.colcon_core.package_identification:_identify(src/camera_pub) by extension 'colcon_pkg'
[0.313s] Level 1:colcon.colcon_core.package_identification:_identify(src/camera_pub) by extensions ['colcon_meta']
[0.313s] Level 1:colcon.colcon_core.package_identification:_identify(src/camera_pub) by extension 'colcon_meta'
[0.313s] Level 1:colcon.colcon_core.package_identification:_identify(src/camera_pub) by extensions ['ros']
[0.313s] Level 1:colcon.colcon_core.package_identification:_identify(src/camera_pub) by extension 'ros'
[0.314s] DEBUG:colcon.colcon_core.package_identification:Package 'src/camera_pub' with type 'ros.ament_python' and name 'camera_pub'
[0.314s] Level 1:colcon.colcon_core.package_identification:_identify(src/orbslam_pub) by extensions ['ignore', 'ignore_ament_install']
[0.314s] Level 1:colcon.colcon_core.package_identification:_identify(src/orbslam_pub) by extension 'ignore'
[0.314s] Level 1:colcon.colcon_core.package_identification:_identify(src/orbslam_pub) by extension 'ignore_ament_install'
[0.314s] Level 1:colcon.colcon_core.package_identification:_identify(src/orbslam_pub) by extensions ['colcon_pkg']
[0.314s] Level 1:colcon.colcon_core.package_identification:_identify(src/orbslam_pub) by extension 'colcon_pkg'
[0.314s] Level 1:colcon.colcon_core.package_identification:_identify(src/orbslam_pub) by extensions ['colcon_meta']
[0.314s] Level 1:colcon.colcon_core.package_identification:_identify(src/orbslam_pub) by extension 'colcon_meta'
[0.314s] Level 1:colcon.colcon_core.package_identification:_identify(src/orbslam_pub) by extensions ['ros']
[0.314s] Level 1:colcon.colcon_core.package_identification:_identify(src/orbslam_pub) by extension 'ros'
[0.315s] DEBUG:colcon.colcon_core.package_identification:Package 'src/orbslam_pub' with type 'ros.ament_cmake' and name 'orbslam_pub'
[0.315s] Level 1:colcon.colcon_core.package_discovery:discover_packages(recursive) using defaults
[0.315s] Level 1:colcon.colcon_core.package_discovery:discover_packages(ignore) discover
[0.315s] Level 1:colcon.colcon_core.package_discovery:discover_packages(ignore) using defaults
[0.315s] Level 1:colcon.colcon_core.package_discovery:discover_packages(path) discover
[0.315s] Level 1:colcon.colcon_core.package_discovery:discover_packages(path) using defaults
[0.347s] Level 1:colcon.colcon_core.package_discovery:discover_packages(prefix_path) check parameters
[0.347s] Level 1:colcon.colcon_core.package_discovery:discover_packages(prefix_path) discover
[0.349s] DEBUG:colcon.colcon_installed_package_information.package_discovery:Found 3 installed packages in /home/niraamay/isro/ros2_try/isro_ws/install
[0.350s] DEBUG:colcon.colcon_installed_package_information.package_discovery:Found 276 installed packages in /opt/ros/humble
[0.352s] Level 1:colcon.colcon_core.package_discovery:discover_packages(prefix_path) using defaults
[0.397s] Level 5:colcon.colcon_core.verb:set package 'camera_feed_pub' build argument 'cmake_args' from command line to 'None'
[0.397s] Level 5:colcon.colcon_core.verb:set package 'camera_feed_pub' build argument 'cmake_target' from command line to 'None'
[0.397s] Level 5:colcon.colcon_core.verb:set package 'camera_feed_pub' build argument 'cmake_target_skip_unavailable' from command line to 'False'
[0.397s] Level 5:colcon.colcon_core.verb:set package 'camera_feed_pub' build argument 'cmake_clean_cache' from command line to 'False'
[0.397s] Level 5:colcon.colcon_core.verb:set package 'camera_feed_pub' build argument 'cmake_clean_first' from command line to 'False'
[0.397s] Level 5:colcon.colcon_core.verb:set package 'camera_feed_pub' build argument 'cmake_force_configure' from command line to 'False'
[0.397s] Level 5:colcon.colcon_core.verb:set package 'camera_feed_pub' build argument 'ament_cmake_args' from command line to 'None'
[0.397s] Level 5:colcon.colcon_core.verb:set package 'camera_feed_pub' build argument 'catkin_cmake_args' from command line to 'None'
[0.397s] Level 5:colcon.colcon_core.verb:set package 'camera_feed_pub' build argument 'catkin_skip_building_tests' from command line to 'False'
[0.397s] DEBUG:colcon.colcon_core.verb:Building package 'camera_feed_pub' with the following arguments: {'ament_cmake_args': None, 'build_base': '/home/niraamay/isro/ros2_try/isro_ws/build/camera_feed_pub', 'catkin_cmake_args': None, 'catkin_skip_building_tests': False, 'cmake_args': None, 'cmake_clean_cache': False, 'cmake_clean_first': False, 'cmake_force_configure': False, 'cmake_target': None, 'cmake_target_skip_unavailable': False, 'install_base': '/home/niraamay/isro/ros2_try/isro_ws/install/camera_feed_pub', 'merge_install': False, 'path': '/home/niraamay/isro/ros2_try/isro_ws/src/camera_feed_pub', 'symlink_install': False, 'test_result_base': None}
[0.398s] Level 5:colcon.colcon_core.verb:set package 'camera_pub' build argument 'cmake_args' from command line to 'None'
[0.398s] Level 5:colcon.colcon_core.verb:set package 'camera_pub' build argument 'cmake_target' from command line to 'None'
[0.398s] Level 5:colcon.colcon_core.verb:set package 'camera_pub' build argument 'cmake_target_skip_unavailable' from command line to 'False'
[0.398s] Level 5:colcon.colcon_core.verb:set package 'camera_pub' build argument 'cmake_clean_cache' from command line to 'False'
[0.398s] Level 5:colcon.colcon_core.verb:set package 'camera_pub' build argument 'cmake_clean_first' from command line to 'False'
[0.398s] Level 5:colcon.colcon_core.verb:set package 'camera_pub' build argument 'cmake_force_configure' from command line to 'False'
[0.398s] Level 5:colcon.colcon_core.verb:set package 'camera_pub' build argument 'ament_cmake_args' from command line to 'None'
[0.398s] Level 5:colcon.colcon_core.verb:set package 'camera_pub' build argument 'catkin_cmake_args' from command line to 'None'
[0.398s] Level 5:colcon.colcon_core.verb:set package 'camera_pub' build argument 'catkin_skip_building_tests' from command line to 'False'
[0.398s] DEBUG:colcon.colcon_core.verb:Building package 'camera_pub' with the following arguments: {'ament_cmake_args': None, 'build_base': '/home/niraamay/isro/ros2_try/isro_ws/build/camera_pub', 'catkin_cmake_args': None, 'catkin_skip_building_tests': False, 'cmake_args': None, 'cmake_clean_cache': False, 'cmake_clean_first': False, 'cmake_force_configure': False, 'cmake_target': None, 'cmake_target_skip_unavailable': False, 'install_base': '/home/niraamay/isro/ros2_try/isro_ws/install/camera_pub', 'merge_install': False, 'path': '/home/niraamay/isro/ros2_try/isro_ws/src/camera_pub', 'symlink_install': False, 'test_result_base': None}
[0.398s] Level 5:colcon.colcon_core.verb:set package 'orbslam_pub' build argument 'cmake_args' from command line to 'None'
[0.398s] Level 5:colcon.colcon_core.verb:set package 'orbslam_pub' build argument 'cmake_target' from command line to 'None'
[0.398s] Level 5:colcon.colcon_core.verb:set package 'orbslam_pub' build argument 'cmake_target_skip_unavailable' from command line to 'False'
[0.398s] Level 5:colcon.colcon_core.verb:set package 'orbslam_pub' build argument 'cmake_clean_cache' from command line to 'False'
[0.398s] Level 5:colcon.colcon_core.verb:set package 'orbslam_pub' build argument 'cmake_clean_first' from command line to 'False'
[0.398s] Level 5:colcon.colcon_core.verb:set package 'orbslam_pub' build argument 'cmake_force_configure' from command line to 'False'
[0.398s] Level 5:colcon.colcon_core.verb:set package 'orbslam_pub' build argument 'ament_cmake_args' from command line to 'None'
[0.399s] Level 5:colcon.colcon_core.verb:set package 'orbslam_pub' build argument 'catkin_cmake_args' from command line to 'None'
[0.399s] Level 5:colcon.colcon_core.verb:set package 'orbslam_pub' build argument 'catkin_skip_building_tests' from command line to 'False'
[0.399s] DEBUG:colcon.colcon_core.verb:Building package 'orbslam_pub' with the following arguments: {'ament_cmake_args': None, 'build_base': '/home/niraamay/isro/ros2_try/isro_ws/build/orbslam_pub', 'catkin_cmake_args': None, 'catkin_skip_building_tests': False, 'cmake_args': None, 'cmake_clean_cache': False, 'cmake_clean_first': False, 'cmake_force_configure': False, 'cmake_target': None, 'cmake_target_skip_unavailable': False, 'install_base': '/home/niraamay/isro/ros2_try/isro_ws/install/orbslam_pub', 'merge_install': False, 'path': '/home/niraamay/isro/ros2_try/isro_ws/src/orbslam_pub', 'symlink_install': False, 'test_result_base': None}
[0.399s] INFO:colcon.colcon_core.executor:Executing jobs using 'parallel' executor
[0.400s] DEBUG:colcon.colcon_parallel_executor.executor.parallel:run_until_complete
[0.400s] INFO:colcon.colcon_ros.task.ament_cmake.build:Building ROS package in '/home/niraamay/isro/ros2_try/isro_ws/src/camera_feed_pub' with build type 'ament_cmake'
[0.400s] INFO:colcon.colcon_cmake.task.cmake.build:Building CMake package in '/home/niraamay/isro/ros2_try/isro_ws/src/camera_feed_pub'
[0.402s] INFO:colcon.colcon_core.plugin_system:Skipping extension 'colcon_core.shell.bat': Not used on non-Windows systems
[0.403s] INFO:colcon.colcon_core.shell:Skip shell extension 'powershell' for command environment: Not usable outside of PowerShell
[0.403s] DEBUG:colcon.colcon_core.shell:Skip shell extension 'dsv' for command environment
[0.406s] INFO:colcon.colcon_ros.task.ament_python.build:Building ROS package in '/home/niraamay/isro/ros2_try/isro_ws/src/camera_pub' with build type 'ament_python'
[0.406s] Level 1:colcon.colcon_core.shell:create_environment_hook('camera_pub', 'ament_prefix_path')
[0.406s] INFO:colcon.colcon_core.shell:Creating environment hook '/home/niraamay/isro/ros2_try/isro_ws/install/camera_pub/share/camera_pub/hook/ament_prefix_path.ps1'
[0.407s] INFO:colcon.colcon_core.shell:Creating environment descriptor '/home/niraamay/isro/ros2_try/isro_ws/install/camera_pub/share/camera_pub/hook/ament_prefix_path.dsv'
[0.408s] INFO:colcon.colcon_core.shell:Creating environment hook '/home/niraamay/isro/ros2_try/isro_ws/install/camera_pub/share/camera_pub/hook/ament_prefix_path.sh'
[0.409s] INFO:colcon.colcon_core.shell:Skip shell extension 'powershell' for command environment: Not usable outside of PowerShell
[0.409s] DEBUG:colcon.colcon_core.shell:Skip shell extension 'dsv' for command environment
[0.412s] INFO:colcon.colcon_ros.task.ament_cmake.build:Building ROS package in '/home/niraamay/isro/ros2_try/isro_ws/src/orbslam_pub' with build type 'ament_cmake'
[0.412s] INFO:colcon.colcon_cmake.task.cmake.build:Building CMake package in '/home/niraamay/isro/ros2_try/isro_ws/src/orbslam_pub'
[0.412s] INFO:colcon.colcon_core.shell:Skip shell extension 'powershell' for command environment: Not usable outside of PowerShell
[0.412s] DEBUG:colcon.colcon_core.shell:Skip shell extension 'dsv' for command environment
[0.422s] DEBUG:colcon.colcon_core.event_handler.log_command:Invoking command in '/home/niraamay/isro/ros2_try/isro_ws/build/camera_feed_pub': CMAKE_PREFIX_PATH=${CMAKE_PREFIX_PATH}:/home/niraamay/isro/ros2_try/isro_ws/install/camera_pub:/opt/ros/humble /usr/bin/cmake --build /home/niraamay/isro/ros2_try/isro_ws/build/camera_feed_pub -- -j16 -l16
[0.706s] INFO:colcon.colcon_core.task.python.build:Building Python package in '/home/niraamay/isro/ros2_try/isro_ws/src/camera_pub'
[0.706s] INFO:colcon.colcon_core.shell:Skip shell extension 'powershell' for command environment: Not usable outside of PowerShell
[0.706s] DEBUG:colcon.colcon_core.shell:Skip shell extension 'dsv' for command environment
[0.716s] DEBUG:colcon.colcon_core.event_handler.log_command:Invoking command in '/home/niraamay/isro/ros2_try/isro_ws/build/orbslam_pub': CMAKE_PREFIX_PATH=${CMAKE_PREFIX_PATH}:/home/niraamay/isro/ros2_try/isro_ws/install/camera_pub:/opt/ros/humble /usr/bin/cmake --build /home/niraamay/isro/ros2_try/isro_ws/build/orbslam_pub -- -j16 -l16
[1.076s] DEBUG:colcon.colcon_core.event_handler.log_command:Invoking command in '/home/niraamay/isro/ros2_try/isro_ws/src/camera_pub': PYTHONPATH=/home/niraamay/isro/ros2_try/isro_ws/build/camera_pub/prefix_override:/usr/lib/python3/dist-packages/colcon_core/task/python/colcon_distutils_commands:/home/niraamay/isro/ros2_try/isro_ws/install/camera_pub/lib/python3.10/site-packages:${PYTHONPATH} /usr/bin/python3 -W ignore:setup.py install is deprecated -W ignore:easy_install command is deprecated setup.py egg_info --egg-base ../../build/camera_pub build --build-base /home/niraamay/isro/ros2_try/isro_ws/build/camera_pub/build install --record /home/niraamay/isro/ros2_try/isro_ws/build/camera_pub/install.log --single-version-externally-managed install_data
[1.390s] DEBUG:colcon.colcon_core.event_handler.log_command:Invoked command in '/home/niraamay/isro/ros2_try/isro_ws/src/camera_pub' returned '0': PYTHONPATH=/home/niraamay/isro/ros2_try/isro_ws/build/camera_pub/prefix_override:/usr/lib/python3/dist-packages/colcon_core/task/python/colcon_distutils_commands:/home/niraamay/isro/ros2_try/isro_ws/install/camera_pub/lib/python3.10/site-packages:${PYTHONPATH} /usr/bin/python3 -W ignore:setup.py install is deprecated -W ignore:easy_install command is deprecated setup.py egg_info --egg-base ../../build/camera_pub build --build-base /home/niraamay/isro/ros2_try/isro_ws/build/camera_pub/build install --record /home/niraamay/isro/ros2_try/isro_ws/build/camera_pub/install.log --single-version-externally-managed install_data
[1.392s] Level 1:colcon.colcon_core.environment:checking '/home/niraamay/isro/ros2_try/isro_ws/install/camera_pub' for CMake module files
[1.393s] Level 1:colcon.colcon_core.environment:checking '/home/niraamay/isro/ros2_try/isro_ws/install/camera_pub' for CMake config files
[1.394s] Level 1:colcon.colcon_core.environment:checking '/home/niraamay/isro/ros2_try/isro_ws/install/camera_pub/lib'
[1.394s] Level 1:colcon.colcon_core.environment:checking '/home/niraamay/isro/ros2_try/isro_ws/install/camera_pub/bin'
[1.394s] Level 1:colcon.colcon_core.environment:checking '/home/niraamay/isro/ros2_try/isro_ws/install/camera_pub/lib/pkgconfig/camera_pub.pc'
[1.394s] Level 1:colcon.colcon_core.environment:checking '/home/niraamay/isro/ros2_try/isro_ws/install/camera_pub/lib/python3.10/site-packages'
[1.394s] Level 1:colcon.colcon_core.shell:create_environment_hook('camera_pub', 'pythonpath')
[1.394s] INFO:colcon.colcon_core.shell:Creating environment hook '/home/niraamay/isro/ros2_try/isro_ws/install/camera_pub/share/camera_pub/hook/pythonpath.ps1'
[1.395s] INFO:colcon.colcon_core.shell:Creating environment descriptor '/home/niraamay/isro/ros2_try/isro_ws/install/camera_pub/share/camera_pub/hook/pythonpath.dsv'
[1.395s] INFO:colcon.colcon_core.shell:Creating environment hook '/home/niraamay/isro/ros2_try/isro_ws/install/camera_pub/share/camera_pub/hook/pythonpath.sh'
[1.396s] Level 1:colcon.colcon_core.environment:checking '/home/niraamay/isro/ros2_try/isro_ws/install/camera_pub/bin'
[1.396s] Level 1:colcon.colcon_core.environment:create_environment_scripts_only(camera_pub)
[1.396s] INFO:colcon.colcon_core.shell:Creating package script '/home/niraamay/isro/ros2_try/isro_ws/install/camera_pub/share/camera_pub/package.ps1'
[1.397s] INFO:colcon.colcon_core.shell:Creating package descriptor '/home/niraamay/isro/ros2_try/isro_ws/install/camera_pub/share/camera_pub/package.dsv'
[1.398s] INFO:colcon.colcon_core.shell:Creating package script '/home/niraamay/isro/ros2_try/isro_ws/install/camera_pub/share/camera_pub/package.sh'
[1.398s] INFO:colcon.colcon_core.shell:Creating package script '/home/niraamay/isro/ros2_try/isro_ws/install/camera_pub/share/camera_pub/package.bash'
[1.399s] INFO:colcon.colcon_core.shell:Creating package script '/home/niraamay/isro/ros2_try/isro_ws/install/camera_pub/share/camera_pub/package.zsh'
[1.400s] Level 1:colcon.colcon_core.environment:create_file_with_runtime_dependencies(/home/niraamay/isro/ros2_try/isro_ws/install/camera_pub/share/colcon-core/packages/camera_pub)
[5.642s] DEBUG:colcon.colcon_core.event_handler.log_command:Invoked command in '/home/niraamay/isro/ros2_try/isro_ws/build/camera_feed_pub' returned '0': CMAKE_PREFIX_PATH=${CMAKE_PREFIX_PATH}:/home/niraamay/isro/ros2_try/isro_ws/install/camera_pub:/opt/ros/humble /usr/bin/cmake --build /home/niraamay/isro/ros2_try/isro_ws/build/camera_feed_pub -- -j16 -l16
[5.651s] DEBUG:colcon.colcon_core.event_handler.log_command:Invoking command in '/home/niraamay/isro/ros2_try/isro_ws/build/camera_feed_pub': CMAKE_PREFIX_PATH=${CMAKE_PREFIX_PATH}:/home/niraamay/isro/ros2_try/isro_ws/install/camera_pub:/opt/ros/humble /usr/bin/cmake --install /home/niraamay/isro/ros2_try/isro_ws/build/camera_feed_pub
[5.659s] Level 1:colcon.colcon_core.environment:create_environment_scripts_only(camera_feed_pub)
[5.660s] Level 1:colcon.colcon_core.environment:checking '/home/niraamay/isro/ros2_try/isro_ws/install/camera_feed_pub' for CMake module files
[5.660s] DEBUG:colcon.colcon_core.event_handler.log_command:Invoked command in '/home/niraamay/isro/ros2_try/isro_ws/build/camera_feed_pub' returned '0': CMAKE_PREFIX_PATH=${CMAKE_PREFIX_PATH}:/home/niraamay/isro/ros2_try/isro_ws/install/camera_pub:/opt/ros/humble /usr/bin/cmake --install /home/niraamay/isro/ros2_try/isro_ws/build/camera_feed_pub
[5.661s] Level 1:colcon.colcon_core.environment:checking '/home/niraamay/isro/ros2_try/isro_ws/install/camera_feed_pub' for CMake config files
[5.661s] Level 1:colcon.colcon_core.shell:create_environment_hook('camera_feed_pub', 'cmake_prefix_path')
[5.661s] INFO:colcon.colcon_core.shell:Creating environment hook '/home/niraamay/isro/ros2_try/isro_ws/install/camera_feed_pub/share/camera_feed_pub/hook/cmake_prefix_path.ps1'
[5.662s] INFO:colcon.colcon_core.shell:Creating environment descriptor '/home/niraamay/isro/ros2_try/isro_ws/install/camera_feed_pub/share/camera_feed_pub/hook/cmake_prefix_path.dsv'
[5.662s] INFO:colcon.colcon_core.shell:Creating environment hook '/home/niraamay/isro/ros2_try/isro_ws/install/camera_feed_pub/share/camera_feed_pub/hook/cmake_prefix_path.sh'
[5.662s] Level 1:colcon.colcon_core.environment:checking '/home/niraamay/isro/ros2_try/isro_ws/install/camera_feed_pub/lib'
[5.663s] Level 1:colcon.colcon_core.environment:checking '/home/niraamay/isro/ros2_try/isro_ws/install/camera_feed_pub/bin'
[5.663s] Level 1:colcon.colcon_core.environment:checking '/home/niraamay/isro/ros2_try/isro_ws/install/camera_feed_pub/lib/pkgconfig/camera_feed_pub.pc'
[5.663s] Level 1:colcon.colcon_core.environment:checking '/home/niraamay/isro/ros2_try/isro_ws/install/camera_feed_pub/lib/python3.10/site-packages'
[5.663s] Level 1:colcon.colcon_core.environment:checking '/home/niraamay/isro/ros2_try/isro_ws/install/camera_feed_pub/bin'
[5.663s] INFO:colcon.colcon_core.shell:Creating package script '/home/niraamay/isro/ros2_try/isro_ws/install/camera_feed_pub/share/camera_feed_pub/package.ps1'
[5.664s] INFO:colcon.colcon_core.shell:Creating package descriptor '/home/niraamay/isro/ros2_try/isro_ws/install/camera_feed_pub/share/camera_feed_pub/package.dsv'
[5.664s] INFO:colcon.colcon_core.shell:Creating package script '/home/niraamay/isro/ros2_try/isro_ws/install/camera_feed_pub/share/camera_feed_pub/package.sh'
[5.665s] INFO:colcon.colcon_core.shell:Creating package script '/home/niraamay/isro/ros2_try/isro_ws/install/camera_feed_pub/share/camera_feed_pub/package.bash'
[5.665s] INFO:colcon.colcon_core.shell:Creating package script '/home/niraamay/isro/ros2_try/isro_ws/install/camera_feed_pub/share/camera_feed_pub/package.zsh'
[5.665s] Level 1:colcon.colcon_core.environment:create_file_with_runtime_dependencies(/home/niraamay/isro/ros2_try/isro_ws/install/camera_feed_pub/share/colcon-core/packages/camera_feed_pub)
[5.666s] Level 1:colcon.colcon_core.environment:create_environment_scripts_only(camera_feed_pub)
[5.666s] Level 1:colcon.colcon_core.environment:checking '/home/niraamay/isro/ros2_try/isro_ws/install/camera_feed_pub' for CMake module files
[5.666s] Level 1:colcon.colcon_core.environment:checking '/home/niraamay/isro/ros2_try/isro_ws/install/camera_feed_pub' for CMake config files
[5.666s] Level 1:colcon.colcon_core.shell:create_environment_hook('camera_feed_pub', 'cmake_prefix_path')
[5.667s] INFO:colcon.colcon_core.shell:Creating environment hook '/home/niraamay/isro/ros2_try/isro_ws/install/camera_feed_pub/share/camera_feed_pub/hook/cmake_prefix_path.ps1'
[5.667s] INFO:colcon.colcon_core.shell:Creating environment descriptor '/home/niraamay/isro/ros2_try/isro_ws/install/camera_feed_pub/share/camera_feed_pub/hook/cmake_prefix_path.dsv'
[5.667s] INFO:colcon.colcon_core.shell:Creating environment hook '/home/niraamay/isro/ros2_try/isro_ws/install/camera_feed_pub/share/camera_feed_pub/hook/cmake_prefix_path.sh'
[5.668s] Level 1:colcon.colcon_core.environment:checking '/home/niraamay/isro/ros2_try/isro_ws/install/camera_feed_pub/lib'
[5.668s] Level 1:colcon.colcon_core.environment:checking '/home/niraamay/isro/ros2_try/isro_ws/install/camera_feed_pub/bin'
[5.668s] Level 1:colcon.colcon_core.environment:checking '/home/niraamay/isro/ros2_try/isro_ws/install/camera_feed_pub/lib/pkgconfig/camera_feed_pub.pc'
[5.668s] Level 1:colcon.colcon_core.environment:checking '/home/niraamay/isro/ros2_try/isro_ws/install/camera_feed_pub/lib/python3.10/site-packages'
[5.668s] Level 1:colcon.colcon_core.environment:checking '/home/niraamay/isro/ros2_try/isro_ws/install/camera_feed_pub/bin'
[5.669s] INFO:colcon.colcon_core.shell:Creating package script '/home/niraamay/isro/ros2_try/isro_ws/install/camera_feed_pub/share/camera_feed_pub/package.ps1'
[5.669s] INFO:colcon.colcon_core.shell:Creating package descriptor '/home/niraamay/isro/ros2_try/isro_ws/install/camera_feed_pub/share/camera_feed_pub/package.dsv'
[5.670s] INFO:colcon.colcon_core.shell:Creating package script '/home/niraamay/isro/ros2_try/isro_ws/install/camera_feed_pub/share/camera_feed_pub/package.sh'
[5.670s] INFO:colcon.colcon_core.shell:Creating package script '/home/niraamay/isro/ros2_try/isro_ws/install/camera_feed_pub/share/camera_feed_pub/package.bash'
[5.670s] INFO:colcon.colcon_core.shell:Creating package script '/home/niraamay/isro/ros2_try/isro_ws/install/camera_feed_pub/share/camera_feed_pub/package.zsh'
[5.671s] Level 1:colcon.colcon_core.environment:create_file_with_runtime_dependencies(/home/niraamay/isro/ros2_try/isro_ws/install/camera_feed_pub/share/colcon-core/packages/camera_feed_pub)
[15.606s] DEBUG:colcon.colcon_core.event_handler.log_command:Invoked command in '/home/niraamay/isro/ros2_try/isro_ws/build/orbslam_pub' returned '0': CMAKE_PREFIX_PATH=${CMAKE_PREFIX_PATH}:/home/niraamay/isro/ros2_try/isro_ws/install/camera_pub:/opt/ros/humble /usr/bin/cmake --build /home/niraamay/isro/ros2_try/isro_ws/build/orbslam_pub -- -j16 -l16
[15.609s] DEBUG:colcon.colcon_core.event_handler.log_command:Invoking command in '/home/niraamay/isro/ros2_try/isro_ws/build/orbslam_pub': CMAKE_PREFIX_PATH=${CMAKE_PREFIX_PATH}:/home/niraamay/isro/ros2_try/isro_ws/install/camera_pub:/opt/ros/humble /usr/bin/cmake --install /home/niraamay/isro/ros2_try/isro_ws/build/orbslam_pub
[15.627s] Level 1:colcon.colcon_core.environment:create_environment_scripts_only(orbslam_pub)
[15.628s] Level 1:colcon.colcon_core.environment:checking '/home/niraamay/isro/ros2_try/isro_ws/install/orbslam_pub' for CMake module files
[15.629s] DEBUG:colcon.colcon_core.event_handler.log_command:Invoked command in '/home/niraamay/isro/ros2_try/isro_ws/build/orbslam_pub' returned '0': CMAKE_PREFIX_PATH=${CMAKE_PREFIX_PATH}:/home/niraamay/isro/ros2_try/isro_ws/install/camera_pub:/opt/ros/humble /usr/bin/cmake --install /home/niraamay/isro/ros2_try/isro_ws/build/orbslam_pub
[15.630s] Level 1:colcon.colcon_core.environment:checking '/home/niraamay/isro/ros2_try/isro_ws/install/orbslam_pub' for CMake config files
[15.630s] Level 1:colcon.colcon_core.shell:create_environment_hook('orbslam_pub', 'cmake_prefix_path')
[15.631s] INFO:colcon.colcon_core.shell:Creating environment hook '/home/niraamay/isro/ros2_try/isro_ws/install/orbslam_pub/share/orbslam_pub/hook/cmake_prefix_path.ps1'
[15.632s] INFO:colcon.colcon_core.shell:Creating environment descriptor '/home/niraamay/isro/ros2_try/isro_ws/install/orbslam_pub/share/orbslam_pub/hook/cmake_prefix_path.dsv'
[15.633s] INFO:colcon.colcon_core.shell:Creating environment hook '/home/niraamay/isro/ros2_try/isro_ws/install/orbslam_pub/share/orbslam_pub/hook/cmake_prefix_path.sh'
[15.634s] Level 1:colcon.colcon_core.environment:checking '/home/niraamay/isro/ros2_try/isro_ws/install/orbslam_pub/lib'
[15.635s] Level 1:colcon.colcon_core.environment:checking '/home/niraamay/isro/ros2_try/isro_ws/install/orbslam_pub/bin'
[15.635s] Level 1:colcon.colcon_core.environment:checking '/home/niraamay/isro/ros2_try/isro_ws/install/orbslam_pub/lib/pkgconfig/orbslam_pub.pc'
[15.635s] Level 1:colcon.colcon_core.environment:checking '/home/niraamay/isro/ros2_try/isro_ws/install/orbslam_pub/lib/python3.10/site-packages'
[15.636s] Level 1:colcon.colcon_core.environment:checking '/home/niraamay/isro/ros2_try/isro_ws/install/orbslam_pub/bin'
[15.637s] INFO:colcon.colcon_core.shell:Creating package script '/home/niraamay/isro/ros2_try/isro_ws/install/orbslam_pub/share/orbslam_pub/package.ps1'
[15.638s] INFO:colcon.colcon_core.shell:Creating package descriptor '/home/niraamay/isro/ros2_try/isro_ws/install/orbslam_pub/share/orbslam_pub/package.dsv'
[15.639s] INFO:colcon.colcon_core.shell:Creating package script '/home/niraamay/isro/ros2_try/isro_ws/install/orbslam_pub/share/orbslam_pub/package.sh'
[15.640s] INFO:colcon.colcon_core.shell:Creating package script '/home/niraamay/isro/ros2_try/isro_ws/install/orbslam_pub/share/orbslam_pub/package.bash'
[15.640s] INFO:colcon.colcon_core.shell:Creating package script '/home/niraamay/isro/ros2_try/isro_ws/install/orbslam_pub/share/orbslam_pub/package.zsh'
[15.641s] Level 1:colcon.colcon_core.environment:create_file_with_runtime_dependencies(/home/niraamay/isro/ros2_try/isro_ws/install/orbslam_pub/share/colcon-core/packages/orbslam_pub)
[15.643s] Level 1:colcon.colcon_core.environment:create_environment_scripts_only(orbslam_pub)
[15.643s] Level 1:colcon.colcon_core.environment:checking '/home/niraamay/isro/ros2_try/isro_ws/install/orbslam_pub' for CMake module files
[15.644s] Level 1:colcon.colcon_core.environment:checking '/home/niraamay/isro/ros2_try/isro_ws/install/orbslam_pub' for CMake config files
[15.645s] Level 1:colcon.colcon_core.shell:create_environment_hook('orbslam_pub', 'cmake_prefix_path')
[15.645s] INFO:colcon.colcon_core.shell:Creating environment hook '/home/niraamay/isro/ros2_try/isro_ws/install/orbslam_pub/share/orbslam_pub/hook/cmake_prefix_path.ps1'
[15.646s] INFO:colcon.colcon_core.shell:Creating environment descriptor '/home/niraamay/isro/ros2_try/isro_ws/install/orbslam_pub/share/orbslam_pub/hook/cmake_prefix_path.dsv'
[15.647s] INFO:colcon.colcon_core.shell:Creating environment hook '/home/niraamay/isro/ros2_try/isro_ws/install/orbslam_pub/share/orbslam_pub/hook/cmake_prefix_path.sh'
[15.648s] Level 1:colcon.colcon_core.environment:checking '/home/niraamay/isro/ros2_try/isro_ws/install/orbslam_pub/lib'
[15.648s] Level 1:colcon.colcon_core.environment:checking '/home/niraamay/isro/ros2_try/isro_ws/install/orbslam_pub/bin'
[15.649s] Level 1:colcon.colcon_core.environment:checking '/home/niraamay/isro/ros2_try/isro_ws/install/orbslam_pub/lib/pkgconfig/orbslam_pub.pc'
[15.649s] Level 1:colcon.colcon_core.environment:checking '/home/niraamay/isro/ros2_try/isro_ws/install/orbslam_pub/lib/python3.10/site-packages'
[15.650s] Level 1:colcon.colcon_core.environment:checking '/home/niraamay/isro/ros2_try/isro_ws/install/orbslam_pub/bin'
[15.650s] INFO:colcon.colcon_core.shell:Creating package script '/home/niraamay/isro/ros2_try/isro_ws/install/orbslam_pub/share/orbslam_pub/package.ps1'
[15.652s] INFO:colcon.colcon_core.shell:Creating package descriptor '/home/niraamay/isro/ros2_try/isro_ws/install/orbslam_pub/share/orbslam_pub/package.dsv'
[15.653s] INFO:colcon.colcon_core.shell:Creating package script '/home/niraamay/isro/ros2_try/isro_ws/install/orbslam_pub/share/orbslam_pub/package.sh'
[15.654s] INFO:colcon.colcon_core.shell:Creating package script '/home/niraamay/isro/ros2_try/isro_ws/install/orbslam_pub/share/orbslam_pub/package.bash'
[15.656s] INFO:colcon.colcon_core.shell:Creating package script '/home/niraamay/isro/ros2_try/isro_ws/install/orbslam_pub/share/orbslam_pub/package.zsh'
[15.657s] Level 1:colcon.colcon_core.environment:create_file_with_runtime_dependencies(/home/niraamay/isro/ros2_try/isro_ws/install/orbslam_pub/share/colcon-core/packages/orbslam_pub)
[15.658s] DEBUG:colcon.colcon_parallel_executor.executor.parallel:closing loop
[15.658s] DEBUG:colcon.colcon_parallel_executor.executor.parallel:loop closed
[15.658s] DEBUG:colcon.colcon_parallel_executor.executor.parallel:run_until_complete finished with '0'
[15.659s] DEBUG:colcon.colcon_core.event_reactor:joining thread
[15.688s] INFO:colcon.colcon_core.plugin_system:Skipping extension 'colcon_notification.desktop_notification.terminal_notifier': Not used on non-Darwin systems
[15.689s] INFO:colcon.colcon_core.plugin_system:Skipping extension 'colcon_notification.desktop_notification.win32': Not used on non-Windows systems
[15.689s] INFO:colcon.colcon_notification.desktop_notification:Sending desktop notification using 'notify2'
[15.697s] DEBUG:colcon.colcon_core.event_reactor:joined thread
[15.698s] INFO:colcon.colcon_core.shell:Creating prefix script '/home/niraamay/isro/ros2_try/isro_ws/install/local_setup.ps1'
[15.700s] INFO:colcon.colcon_core.shell:Creating prefix util module '/home/niraamay/isro/ros2_try/isro_ws/install/_local_setup_util_ps1.py'
[15.703s] INFO:colcon.colcon_core.shell:Creating prefix chain script '/home/niraamay/isro/ros2_try/isro_ws/install/setup.ps1'
[15.706s] INFO:colcon.colcon_core.shell:Creating prefix script '/home/niraamay/isro/ros2_try/isro_ws/install/local_setup.sh'
[15.708s] INFO:colcon.colcon_core.shell:Creating prefix util module '/home/niraamay/isro/ros2_try/isro_ws/install/_local_setup_util_sh.py'
[15.709s] INFO:colcon.colcon_core.shell:Creating prefix chain script '/home/niraamay/isro/ros2_try/isro_ws/install/setup.sh'
[15.712s] INFO:colcon.colcon_core.shell:Creating prefix script '/home/niraamay/isro/ros2_try/isro_ws/install/local_setup.bash'
[15.713s] INFO:colcon.colcon_core.shell:Creating prefix chain script '/home/niraamay/isro/ros2_try/isro_ws/install/setup.bash'
[15.716s] INFO:colcon.colcon_core.shell:Creating prefix script '/home/niraamay/isro/ros2_try/isro_ws/install/local_setup.zsh'
[15.717s] INFO:colcon.colcon_core.shell:Creating prefix chain script '/home/niraamay/isro/ros2_try/isro_ws/install/setup.zsh'
