[0.417s] Invoking command in '/home/niraamay/isro_ros2_try/ros_ws/src/py_img_sub': PS1=\[\033[1;32m\]\u@\h\[\033[0m\]:\[\033[1;34m\]\w\[\033[1;33m\]$(parse_git_branch)\[\033[0m\]$ PYTHONPATH=/home/niraamay/isro_ros2_try/ros_ws/src/build/py_img_sub/prefix_override:/usr/lib/python3/dist-packages/colcon_core/task/python/colcon_distutils_commands:/home/niraamay/isro_ros2_try/ros_ws/src/install/py_img_sub/lib/python3.10/site-packages:${PYTHONPATH} /usr/bin/python3 -W ignore:setup.py install is deprecated -W ignore:easy_install command is deprecated setup.py egg_info --egg-base ../build/py_img_sub build --build-base /home/niraamay/isro_ros2_try/ros_ws/src/build/py_img_sub/build install --record /home/niraamay/isro_ros2_try/ros_ws/src/build/py_img_sub/install.log --single-version-externally-managed install_data
[0.569s] running egg_info
[0.569s] creating ../build/py_img_sub/py_img_sub.egg-info
[0.569s] writing ../build/py_img_sub/py_img_sub.egg-info/PKG-INFO
[0.570s] writing dependency_links to ../build/py_img_sub/py_img_sub.egg-info/dependency_links.txt
[0.570s] writing entry points to ../build/py_img_sub/py_img_sub.egg-info/entry_points.txt
[0.570s] writing requirements to ../build/py_img_sub/py_img_sub.egg-info/requires.txt
[0.570s] writing top-level names to ../build/py_img_sub/py_img_sub.egg-info/top_level.txt
[0.570s] writing manifest file '../build/py_img_sub/py_img_sub.egg-info/SOURCES.txt'
[0.571s] reading manifest file '../build/py_img_sub/py_img_sub.egg-info/SOURCES.txt'
[0.571s] adding license file 'LICENSE'
[0.571s] writing manifest file '../build/py_img_sub/py_img_sub.egg-info/SOURCES.txt'
[0.571s] running build
[0.571s] running build_py
[0.571s] creating /home/niraamay/isro_ros2_try/ros_ws/src/build/py_img_sub/build
[0.571s] creating /home/niraamay/isro_ros2_try/ros_ws/src/build/py_img_sub/build/lib
[0.571s] creating /home/niraamay/isro_ros2_try/ros_ws/src/build/py_img_sub/build/lib/py_img_sub
[0.571s] copying py_img_sub/__init__.py -> /home/niraamay/isro_ros2_try/ros_ws/src/build/py_img_sub/build/lib/py_img_sub
[0.572s] copying py_img_sub/py_img_sub.py -> /home/niraamay/isro_ros2_try/ros_ws/src/build/py_img_sub/build/lib/py_img_sub
[0.572s] running install
[0.572s] running install_lib
[0.573s] creating /home/niraamay/isro_ros2_try/ros_ws/src/install/py_img_sub/lib/python3.10/site-packages/py_img_sub
[0.573s] copying /home/niraamay/isro_ros2_try/ros_ws/src/build/py_img_sub/build/lib/py_img_sub/__init__.py -> /home/niraamay/isro_ros2_try/ros_ws/src/install/py_img_sub/lib/python3.10/site-packages/py_img_sub
[0.573s] copying /home/niraamay/isro_ros2_try/ros_ws/src/build/py_img_sub/build/lib/py_img_sub/py_img_sub.py -> /home/niraamay/isro_ros2_try/ros_ws/src/install/py_img_sub/lib/python3.10/site-packages/py_img_sub
[0.573s] byte-compiling /home/niraamay/isro_ros2_try/ros_ws/src/install/py_img_sub/lib/python3.10/site-packages/py_img_sub/__init__.py to __init__.cpython-310.pyc
[0.573s] byte-compiling /home/niraamay/isro_ros2_try/ros_ws/src/install/py_img_sub/lib/python3.10/site-packages/py_img_sub/py_img_sub.py to py_img_sub.cpython-310.pyc
[0.574s] running install_data
[0.574s] creating /home/niraamay/isro_ros2_try/ros_ws/src/install/py_img_sub/share/ament_index
[0.574s] creating /home/niraamay/isro_ros2_try/ros_ws/src/install/py_img_sub/share/ament_index/resource_index
[0.574s] creating /home/niraamay/isro_ros2_try/ros_ws/src/install/py_img_sub/share/ament_index/resource_index/packages
[0.574s] copying resource/py_img_sub -> /home/niraamay/isro_ros2_try/ros_ws/src/install/py_img_sub/share/ament_index/resource_index/packages
[0.574s] copying package.xml -> /home/niraamay/isro_ros2_try/ros_ws/src/install/py_img_sub/share/py_img_sub
[0.574s] running install_egg_info
[0.576s] Copying ../build/py_img_sub/py_img_sub.egg-info to /home/niraamay/isro_ros2_try/ros_ws/src/install/py_img_sub/lib/python3.10/site-packages/py_img_sub-0.0.0-py3.10.egg-info
[0.577s] running install_scripts
[0.591s] Installing py_img_sub script to /home/niraamay/isro_ros2_try/ros_ws/src/install/py_img_sub/lib/py_img_sub
[0.591s] writing list of installed files to '/home/niraamay/isro_ros2_try/ros_ws/src/build/py_img_sub/install.log'
[0.605s] Invoked command in '/home/niraamay/isro_ros2_try/ros_ws/src/py_img_sub' returned '0': PS1=\[\033[1;32m\]\u@\h\[\033[0m\]:\[\033[1;34m\]\w\[\033[1;33m\]$(parse_git_branch)\[\033[0m\]$ PYTHONPATH=/home/niraamay/isro_ros2_try/ros_ws/src/build/py_img_sub/prefix_override:/usr/lib/python3/dist-packages/colcon_core/task/python/colcon_distutils_commands:/home/niraamay/isro_ros2_try/ros_ws/src/install/py_img_sub/lib/python3.10/site-packages:${PYTHONPATH} /usr/bin/python3 -W ignore:setup.py install is deprecated -W ignore:easy_install command is deprecated setup.py egg_info --egg-base ../build/py_img_sub build --build-base /home/niraamay/isro_ros2_try/ros_ws/src/build/py_img_sub/build install --record /home/niraamay/isro_ros2_try/ros_ws/src/build/py_img_sub/install.log --single-version-externally-managed install_data
